01:54:15 Loading Configuration...
01:54:15 Loading Configuration Selesai !
01:54:17 Inisiasi aplikasi...
01:54:17 Testing koneksi ke server...
01:54:20 OK FTP Connected
OK Remote system is UNIX Type: L8
OK Current directory is /api1/txt/input

01:54:20 Aplikasi siap digunakan...
01:54:20 Testing koneksi ke server Selesai 
01:54:20 Delay 1.0 detik..
01:54:21 Eksekusi Download & Upload FTP..
01:54:22 Delay 1.0 detik..
01:54:23 Eksekusi Download & Upload FTP..
01:54:24 Delay 1.0 detik..
01:54:25 Eksekusi Download & Upload FTP..
01:54:26 Delay 1.0 detik..
01:54:27 Eksekusi Download & Upload FTP..
01:54:28 Delay 1.0 detik..
01:54:29 Eksekusi Download & Upload FTP..
01:54:31 Delay 1.0 detik..
01:54:32 Eksekusi Download & Upload FTP..
01:54:33 Delay 1.0 detik..
01:54:34 Eksekusi Download & Upload FTP..
01:54:35 Delay 1.0 detik..
01:54:36 Eksekusi Download & Upload FTP..
01:54:38 Delay 1.0 detik..
01:54:39 Eksekusi Download & Upload FTP..
01:54:40 Delay 1.0 detik..
01:54:41 Eksekusi Download & Upload FTP..
01:54:42 Delay 1.0 detik..
01:54:43 Eksekusi Download & Upload FTP..
01:54:45 Delay 1.0 detik..
01:54:46 Eksekusi Download & Upload FTP..
01:54:47 Delay 1.0 detik..
01:54:48 Eksekusi Download & Upload FTP..
01:54:49 Delay 1.0 detik..
01:54:50 Eksekusi Download & Upload FTP..
01:54:51 Delay 1.0 detik..
01:54:52 Eksekusi Download & Upload FTP..
01:54:53 Delay 1.0 detik..
01:54:54 Eksekusi Download & Upload FTP..
01:54:56 Delay 1.0 detik..
01:54:57 Eksekusi Download & Upload FTP..
01:54:58 Delay 1.0 detik..
01:54:59 Eksekusi Download & Upload FTP..
01:55:00 Delay 1.0 detik..
01:55:01 Eksekusi Download & Upload FTP..
01:55:02 Delay 1.0 detik..
01:55:03 Eksekusi Download & Upload FTP..
01:55:05 Delay 1.0 detik..
01:55:06 Eksekusi Download & Upload FTP..
01:55:07 Delay 1.0 detik..
01:55:08 Eksekusi Download & Upload FTP..
01:55:10 Delay 1.0 detik..
01:55:11 Eksekusi Download & Upload FTP..
01:55:12 Delay 1.0 detik..
01:55:13 Eksekusi Download & Upload FTP..
01:55:14 Delay 1.0 detik..
01:55:15 Eksekusi Download & Upload FTP..
01:55:17 Delay 1.0 detik..
01:55:18 Eksekusi Download & Upload FTP..
01:55:19 Delay 1.0 detik..
01:55:20 Eksekusi Download & Upload FTP..
01:55:24 Delay 1.0 detik..
01:55:25 Eksekusi Download & Upload FTP..
01:55:27 Delay 1.0 detik..
01:55:28 Eksekusi Download & Upload FTP..
01:55:29 Delay 1.0 detik..
01:55:30 Eksekusi Download & Upload FTP..
01:55:31 Delay 1.0 detik..
01:55:32 Eksekusi Download & Upload FTP..
01:55:34 Delay 1.0 detik..
01:55:35 Eksekusi Download & Upload FTP..
01:55:36 Delay 1.0 detik..
01:55:37 Eksekusi Download & Upload FTP..
01:55:38 Delay 1.0 detik..
01:55:39 Eksekusi Download & Upload FTP..
01:55:41 Delay 1.0 detik..
01:55:42 Eksekusi Download & Upload FTP..
01:55:43 Delay 1.0 detik..
01:55:44 Eksekusi Download & Upload FTP..
01:55:45 Delay 1.0 detik..
01:55:46 Eksekusi Download & Upload FTP..
01:55:48 Delay 1.0 detik..
01:55:49 Eksekusi Download & Upload FTP..
01:55:50 Delay 1.0 detik..
01:55:51 Eksekusi Download & Upload FTP..
01:55:52 Delay 1.0 detik..
01:55:53 Eksekusi Download & Upload FTP..
01:55:55 Delay 1.0 detik..
01:55:56 Eksekusi Download & Upload FTP..
01:55:57 Delay 1.0 detik..
01:55:58 Eksekusi Download & Upload FTP..
01:56:00 Delay 1.0 detik..
01:56:01 Eksekusi Download & Upload FTP..
01:56:02 Delay 1.0 detik..
01:56:03 Eksekusi Download & Upload FTP..
01:56:05 Delay 1.0 detik..
01:56:06 Eksekusi Download & Upload FTP..
01:56:07 Delay 1.0 detik..
01:56:08 Eksekusi Download & Upload FTP..
01:56:10 Delay 1.0 detik..
01:56:11 Eksekusi Download & Upload FTP..
01:56:12 Delay 1.0 detik..
01:56:13 Eksekusi Download & Upload FTP..
01:56:14 Delay 1.0 detik..
01:56:15 Eksekusi Download & Upload FTP..
01:56:17 Delay 1.0 detik..
01:56:18 Eksekusi Download & Upload FTP..
01:56:19 Delay 1.0 detik..
01:56:20 Eksekusi Download & Upload FTP..
01:56:21 Delay 1.0 detik..
01:56:22 Eksekusi Download & Upload FTP..
01:56:24 Delay 1.0 detik..
01:56:25 Eksekusi Download & Upload FTP..
01:56:29 Delay 1.0 detik..
01:56:30 Eksekusi Download & Upload FTP..
01:56:32 Delay 1.0 detik..
01:56:33 Eksekusi Download & Upload FTP..
01:56:34 Delay 1.0 detik..
01:56:35 Eksekusi Download & Upload FTP..
01:56:36 Delay 1.0 detik..
01:56:37 Eksekusi Download & Upload FTP..
01:56:39 Delay 1.0 detik..
01:56:40 Eksekusi Download & Upload FTP..
01:56:41 Delay 1.0 detik..
01:56:42 Eksekusi Download & Upload FTP..
01:56:43 Delay 1.0 detik..
01:56:44 Eksekusi Download & Upload FTP..
01:56:46 Delay 1.0 detik..
01:56:47 Eksekusi Download & Upload FTP..
01:56:48 Delay 1.0 detik..
01:56:49 Eksekusi Download & Upload FTP..
01:56:50 Delay 1.0 detik..
01:56:51 Eksekusi Download & Upload FTP..
01:56:53 Delay 1.0 detik..
01:56:54 Eksekusi Download & Upload FTP..
01:56:55 Delay 1.0 detik..
01:56:56 Eksekusi Download & Upload FTP..
01:56:58 Delay 1.0 detik..
01:56:59 Eksekusi Download & Upload FTP..
01:57:00 Delay 1.0 detik..
01:57:01 Eksekusi Download & Upload FTP..
01:57:02 Delay 1.0 detik..
01:57:03 Eksekusi Download & Upload FTP..
01:57:05 Delay 1.0 detik..
01:57:06 Eksekusi Download & Upload FTP..
01:57:07 Delay 1.0 detik..
01:57:08 Eksekusi Download & Upload FTP..
01:57:09 Delay 1.0 detik..
01:57:10 Eksekusi Download & Upload FTP..
01:57:12 Delay 1.0 detik..
01:57:13 Eksekusi Download & Upload FTP..
01:57:14 Delay 1.0 detik..
01:57:15 Eksekusi Download & Upload FTP..
01:57:16 Delay 1.0 detik..
01:57:17 Eksekusi Download & Upload FTP..
01:57:18 Delay 1.0 detik..
01:57:19 Eksekusi Download & Upload FTP..
01:57:21 Delay 1.0 detik..
01:57:22 Eksekusi Download & Upload FTP..
01:57:25 Delay 1.0 detik..
01:57:26 Eksekusi Download & Upload FTP..
01:57:27 Delay 1.0 detik..
01:57:28 Eksekusi Download & Upload FTP..
01:57:29 Delay 1.0 detik..
01:57:30 Eksekusi Download & Upload FTP..
01:57:32 Delay 1.0 detik..
01:57:33 Eksekusi Download & Upload FTP..
01:57:34 Delay 1.0 detik..
01:57:35 Eksekusi Download & Upload FTP..
01:57:37 Delay 1.0 detik..
01:57:38 Eksekusi Download & Upload FTP..
01:57:39 Delay 1.0 detik..
01:57:40 Eksekusi Download & Upload FTP..
01:57:41 Delay 1.0 detik..
01:57:42 Eksekusi Download & Upload FTP..
01:57:44 Delay 1.0 detik..
01:57:45 Eksekusi Download & Upload FTP..
01:57:46 Delay 1.0 detik..
01:57:47 Eksekusi Download & Upload FTP..
01:57:48 Delay 1.0 detik..
01:57:49 Eksekusi Download & Upload FTP..
01:57:51 Delay 1.0 detik..
01:57:52 Eksekusi Download & Upload FTP..
01:57:53 Delay 1.0 detik..
01:57:54 Eksekusi Download & Upload FTP..
01:57:55 Delay 1.0 detik..
01:57:56 Eksekusi Download & Upload FTP..
01:57:57 Delay 1.0 detik..
01:57:58 Eksekusi Download & Upload FTP..
01:58:00 Delay 1.0 detik..
01:58:01 Eksekusi Download & Upload FTP..
01:58:02 Delay 1.0 detik..
01:58:03 Eksekusi Download & Upload FTP..
01:58:04 Delay 1.0 detik..
01:58:05 Eksekusi Download & Upload FTP..
01:58:07 Delay 1.0 detik..
01:58:08 Eksekusi Download & Upload FTP..
01:58:09 Delay 1.0 detik..
01:58:10 Eksekusi Download & Upload FTP..
01:58:12 Delay 1.0 detik..
01:58:13 Eksekusi Download & Upload FTP..
01:58:14 Delay 1.0 detik..
01:58:15 Eksekusi Download & Upload FTP..
01:58:17 Delay 1.0 detik..
01:58:18 Eksekusi Download & Upload FTP..
01:58:20 Delay 1.0 detik..
01:58:21 Eksekusi Download & Upload FTP..
01:58:23 Delay 1.0 detik..
01:58:24 Eksekusi Download & Upload FTP..
01:58:25 Delay 1.0 detik..
01:58:26 Eksekusi Download & Upload FTP..
01:58:27 Delay 1.0 detik..
01:58:28 Eksekusi Download & Upload FTP..
01:58:29 Delay 1.0 detik..
01:58:30 Eksekusi Download & Upload FTP..
01:58:32 Delay 1.0 detik..
01:58:33 Eksekusi Download & Upload FTP..
01:58:34 Delay 1.0 detik..
01:58:35 Eksekusi Download & Upload FTP..
01:58:36 Delay 1.0 detik..
01:58:37 Eksekusi Download & Upload FTP..
01:58:39 Delay 1.0 detik..
01:58:40 Eksekusi Download & Upload FTP..
01:58:41 Delay 1.0 detik..
01:58:42 Eksekusi Download & Upload FTP..
01:58:43 Delay 1.0 detik..
01:58:44 Eksekusi Download & Upload FTP..
01:58:46 Delay 1.0 detik..
01:58:47 Eksekusi Download & Upload FTP..
01:58:48 Delay 1.0 detik..
01:58:49 Eksekusi Download & Upload FTP..
01:58:51 Delay 1.0 detik..
01:58:52 Eksekusi Download & Upload FTP..
01:58:53 Delay 1.0 detik..
01:58:54 Eksekusi Download & Upload FTP..
01:58:56 Delay 1.0 detik..
01:58:57 Eksekusi Download & Upload FTP..
01:58:58 Delay 1.0 detik..
01:58:59 Eksekusi Download & Upload FTP..
01:59:00 Delay 1.0 detik..
01:59:01 Eksekusi Download & Upload FTP..
01:59:03 Delay 1.0 detik..
01:59:04 Eksekusi Download & Upload FTP..
01:59:05 Delay 1.0 detik..
01:59:06 Eksekusi Download & Upload FTP..
01:59:08 Delay 1.0 detik..
01:59:09 Eksekusi Download & Upload FTP..
01:59:10 Delay 1.0 detik..
01:59:11 Eksekusi Download & Upload FTP..
01:59:12 Delay 1.0 detik..
01:59:13 Eksekusi Download & Upload FTP..
01:59:15 Delay 1.0 detik..
01:59:16 Eksekusi Download & Upload FTP..
01:59:17 Delay 1.0 detik..
01:59:18 Eksekusi Download & Upload FTP..
01:59:20 Delay 1.0 detik..
01:59:21 Eksekusi Download & Upload FTP..
01:59:22 Delay 1.0 detik..
01:59:23 Eksekusi Download & Upload FTP..
01:59:24 Delay 1.0 detik..
01:59:25 Eksekusi Download & Upload FTP..
01:59:26 Delay 1.0 detik..
01:59:27 Eksekusi Download & Upload FTP..
01:59:28 Delay 1.0 detik..
01:59:29 Eksekusi Download & Upload FTP..
01:59:32 Delay 1.0 detik..
01:59:33 Eksekusi Download & Upload FTP..
01:59:34 Delay 1.0 detik..
01:59:35 Eksekusi Download & Upload FTP..
01:59:37 Delay 1.0 detik..
01:59:38 Eksekusi Download & Upload FTP..
01:59:39 Delay 1.0 detik..
01:59:40 Eksekusi Download & Upload FTP..
01:59:41 Delay 1.0 detik..
01:59:42 Eksekusi Download & Upload FTP..
01:59:44 Delay 1.0 detik..
01:59:45 Eksekusi Download & Upload FTP..
01:59:46 Delay 1.0 detik..
01:59:47 Eksekusi Download & Upload FTP..
01:59:48 Delay 1.0 detik..
01:59:49 Eksekusi Download & Upload FTP..
01:59:51 Delay 1.0 detik..
01:59:52 Eksekusi Download & Upload FTP..
01:59:53 Delay 1.0 detik..
01:59:54 Eksekusi Download & Upload FTP..
01:59:55 Delay 1.0 detik..
01:59:56 Eksekusi Download & Upload FTP..
01:59:58 Delay 1.0 detik..
01:59:59 Eksekusi Download & Upload FTP..
02:00:00 Delay 1.0 detik..
02:00:01 Eksekusi Download & Upload FTP..
02:00:02 Delay 1.0 detik..
02:00:03 Eksekusi Download & Upload FTP..
02:00:05 Delay 1.0 detik..
02:00:06 Eksekusi Download & Upload FTP..
02:00:07 Delay 1.0 detik..
02:00:08 Eksekusi Download & Upload FTP..
02:00:10 Delay 1.0 detik..
02:00:11 Eksekusi Download & Upload FTP..
02:00:12 Delay 1.0 detik..
02:00:13 Eksekusi Download & Upload FTP..
02:00:14 Delay 1.0 detik..
02:00:15 Eksekusi Download & Upload FTP..
02:00:17 Delay 1.0 detik..
02:00:18 Eksekusi Download & Upload FTP..
02:00:19 Delay 1.0 detik..
02:00:20 Eksekusi Download & Upload FTP..
02:00:21 Delay 1.0 detik..
02:00:22 Eksekusi Download & Upload FTP..
02:00:24 Delay 1.0 detik..
02:00:25 Eksekusi Download & Upload FTP..
02:00:26 Delay 1.0 detik..
02:00:27 Eksekusi Download & Upload FTP..
02:00:29 Delay 1.0 detik..
02:00:30 Eksekusi Download & Upload FTP..
02:00:31 Delay 1.0 detik..
02:00:32 Eksekusi Download & Upload FTP..
02:00:35 Delay 1.0 detik..
02:00:36 Eksekusi Download & Upload FTP..
02:00:37 Delay 1.0 detik..
02:00:38 Eksekusi Download & Upload FTP..
02:00:40 Delay 1.0 detik..
02:00:41 Eksekusi Download & Upload FTP..
02:00:42 Delay 1.0 detik..
02:00:43 Eksekusi Download & Upload FTP..
02:00:44 Delay 1.0 detik..
02:00:45 Eksekusi Download & Upload FTP..
02:00:47 Delay 1.0 detik..
02:00:48 Eksekusi Download & Upload FTP..
02:00:49 Delay 1.0 detik..
02:00:50 Eksekusi Download & Upload FTP..
02:00:51 Delay 1.0 detik..
02:00:52 Eksekusi Download & Upload FTP..
02:00:54 Delay 1.0 detik..
02:00:55 Eksekusi Download & Upload FTP..
02:00:56 Delay 1.0 detik..
02:00:57 Eksekusi Download & Upload FTP..
02:00:59 Delay 1.0 detik..
02:01:00 Eksekusi Download & Upload FTP..
02:01:01 Delay 1.0 detik..
02:01:02 Eksekusi Download & Upload FTP..
02:01:04 Delay 1.0 detik..
02:01:05 Eksekusi Download & Upload FTP..
02:01:06 Delay 1.0 detik..
02:01:07 Eksekusi Download & Upload FTP..
02:01:08 Delay 1.0 detik..
02:01:09 Eksekusi Download & Upload FTP..
02:01:11 Delay 1.0 detik..
02:01:12 Eksekusi Download & Upload FTP..
02:01:13 Delay 1.0 detik..
02:01:14 Eksekusi Download & Upload FTP..
02:01:15 Delay 1.0 detik..
02:01:16 Eksekusi Download & Upload FTP..
02:01:18 Delay 1.0 detik..
02:01:19 Eksekusi Download & Upload FTP..
02:01:20 Delay 1.0 detik..
02:01:21 Eksekusi Download & Upload FTP..
02:01:23 Delay 1.0 detik..
02:01:24 Eksekusi Download & Upload FTP..
02:01:25 Delay 1.0 detik..
02:01:26 Eksekusi Download & Upload FTP..
02:01:27 Delay 1.0 detik..
02:01:28 Eksekusi Download & Upload FTP..
02:01:30 Delay 1.0 detik..
02:01:31 Eksekusi Download & Upload FTP..
02:01:32 Delay 1.0 detik..
02:01:33 Eksekusi Download & Upload FTP..
02:01:36 Delay 1.0 detik..
02:01:37 Eksekusi Download & Upload FTP..
02:01:38 Delay 1.0 detik..
02:01:39 Eksekusi Download & Upload FTP..
02:01:41 Delay 1.0 detik..
02:01:42 Eksekusi Download & Upload FTP..
02:01:43 Delay 1.0 detik..
02:01:44 Eksekusi Download & Upload FTP..
02:01:46 Delay 1.0 detik..
02:01:47 Eksekusi Download & Upload FTP..
02:01:48 Delay 1.0 detik..
02:01:49 Eksekusi Download & Upload FTP..
02:01:50 Delay 1.0 detik..
02:01:51 Eksekusi Download & Upload FTP..
02:01:53 Delay 1.0 detik..
02:01:54 Eksekusi Download & Upload FTP..
02:01:55 Delay 1.0 detik..
02:01:56 Eksekusi Download & Upload FTP..
02:01:57 Delay 1.0 detik..
02:01:58 Eksekusi Download & Upload FTP..
02:02:00 Delay 1.0 detik..
02:02:01 Eksekusi Download & Upload FTP..
02:02:02 Delay 1.0 detik..
02:02:03 Eksekusi Download & Upload FTP..
02:02:04 Delay 1.0 detik..
02:02:05 Eksekusi Download & Upload FTP..
02:02:07 Delay 1.0 detik..
02:02:08 Eksekusi Download & Upload FTP..
02:02:09 Delay 1.0 detik..
02:02:10 Eksekusi Download & Upload FTP..
02:02:12 Delay 1.0 detik..
02:02:13 Eksekusi Download & Upload FTP..
02:02:14 Delay 1.0 detik..
02:02:15 Eksekusi Download & Upload FTP..
02:02:17 Delay 1.0 detik..
02:02:18 Eksekusi Download & Upload FTP..
02:02:19 Delay 1.0 detik..
02:02:20 Eksekusi Download & Upload FTP..
02:02:21 Delay 1.0 detik..
02:02:22 Eksekusi Download & Upload FTP..
02:02:23 Delay 1.0 detik..
02:02:24 Eksekusi Download & Upload FTP..
02:02:25 Delay 1.0 detik..
02:02:26 Eksekusi Download & Upload FTP..
02:02:28 Delay 1.0 detik..
02:02:29 Eksekusi Download & Upload FTP..
02:02:32 Delay 1.0 detik..
02:02:33 Eksekusi Download & Upload FTP..
02:02:34 Delay 1.0 detik..
02:02:35 Eksekusi Download & Upload FTP..
02:02:36 Delay 1.0 detik..
02:02:37 Eksekusi Download & Upload FTP..
02:02:40 Delay 1.0 detik..
02:02:41 Eksekusi Download & Upload FTP..
02:02:43 Delay 1.0 detik..
02:02:44 Eksekusi Download & Upload FTP..
02:02:45 Delay 1.0 detik..
02:02:46 Eksekusi Download & Upload FTP..
02:02:47 Delay 1.0 detik..
02:02:48 Eksekusi Download & Upload FTP..
02:02:50 Delay 1.0 detik..
02:02:51 Eksekusi Download & Upload FTP..
02:02:52 Delay 1.0 detik..
02:02:53 Eksekusi Download & Upload FTP..
02:02:54 Delay 1.0 detik..
02:02:55 Eksekusi Download & Upload FTP..
02:02:57 Delay 1.0 detik..
02:02:58 Eksekusi Download & Upload FTP..
02:02:59 Delay 1.0 detik..
02:03:00 Eksekusi Download & Upload FTP..
02:03:02 Delay 1.0 detik..
02:03:03 Eksekusi Download & Upload FTP..
02:03:04 Delay 1.0 detik..
02:03:05 Eksekusi Download & Upload FTP..
02:03:06 Delay 1.0 detik..
02:03:07 Eksekusi Download & Upload FTP..
02:03:09 Delay 1.0 detik..
02:03:10 Eksekusi Download & Upload FTP..
02:03:11 Delay 1.0 detik..
02:03:12 Eksekusi Download & Upload FTP..
02:03:13 Delay 1.0 detik..
02:03:14 Eksekusi Download & Upload FTP..
02:03:16 Delay 1.0 detik..
02:03:17 Eksekusi Download & Upload FTP..
02:03:18 Delay 1.0 detik..
02:03:19 Eksekusi Download & Upload FTP..
02:03:20 Delay 1.0 detik..
02:03:21 Eksekusi Download & Upload FTP..
02:03:23 Delay 1.0 detik..
02:03:24 Eksekusi Download & Upload FTP..
02:03:25 Delay 1.0 detik..
02:03:26 Eksekusi Download & Upload FTP..
02:03:28 Delay 1.0 detik..
02:03:29 Eksekusi Download & Upload FTP..
02:03:30 Delay 1.0 detik..
02:03:31 Eksekusi Download & Upload FTP..
02:03:34 Delay 1.0 detik..
02:03:35 Eksekusi Download & Upload FTP..
02:03:38 Delay 1.0 detik..
02:03:39 Eksekusi Download & Upload FTP..
02:03:40 Delay 1.0 detik..
02:03:41 Eksekusi Download & Upload FTP..
02:03:43 Delay 1.0 detik..
02:03:44 Eksekusi Download & Upload FTP..
02:03:45 Delay 1.0 detik..
02:03:46 Eksekusi Download & Upload FTP..
02:03:48 Delay 1.0 detik..
02:03:49 Eksekusi Download & Upload FTP..
02:03:50 Delay 1.0 detik..
02:03:51 Eksekusi Download & Upload FTP..
02:03:52 Delay 1.0 detik..
02:03:53 Eksekusi Download & Upload FTP..
02:03:55 Delay 1.0 detik..
02:03:56 Eksekusi Download & Upload FTP..
02:03:57 Delay 1.0 detik..
02:03:58 Eksekusi Download & Upload FTP..
02:04:00 Delay 1.0 detik..
02:04:01 Eksekusi Download & Upload FTP..
02:04:02 Delay 1.0 detik..
02:04:03 Eksekusi Download & Upload FTP..
02:04:04 Delay 1.0 detik..
02:04:05 Eksekusi Download & Upload FTP..
02:04:07 Delay 1.0 detik..
02:04:08 Eksekusi Download & Upload FTP..
02:04:09 Delay 1.0 detik..
02:04:10 Eksekusi Download & Upload FTP..
02:04:11 Delay 1.0 detik..
02:04:12 Eksekusi Download & Upload FTP..
02:04:14 Delay 1.0 detik..
02:04:15 Eksekusi Download & Upload FTP..
02:04:16 Delay 1.0 detik..
02:04:17 Eksekusi Download & Upload FTP..
02:04:18 Delay 1.0 detik..
02:04:19 Eksekusi Download & Upload FTP..
02:04:21 Delay 1.0 detik..
02:04:22 Eksekusi Download & Upload FTP..
02:04:23 Delay 1.0 detik..
02:04:24 Eksekusi Download & Upload FTP..
02:04:26 Delay 1.0 detik..
02:04:27 Eksekusi Download & Upload FTP..
02:04:28 Delay 1.0 detik..
02:04:29 Eksekusi Download & Upload FTP..
02:04:30 Delay 1.0 detik..
02:04:31 Eksekusi Download & Upload FTP..
02:04:32 Delay 1.0 detik..
02:04:33 Eksekusi Download & Upload FTP..
02:04:35 Delay 1.0 detik..
02:04:36 Eksekusi Download & Upload FTP..
02:04:42 Delay 1.0 detik..
02:04:43 Eksekusi Download & Upload FTP..
02:04:44 Delay 1.0 detik..
02:04:45 Eksekusi Download & Upload FTP..
02:04:47 Delay 1.0 detik..
02:04:48 Eksekusi Download & Upload FTP..
02:04:49 Delay 1.0 detik..
02:04:50 Eksekusi Download & Upload FTP..
02:04:52 Delay 1.0 detik..
02:04:53 Eksekusi Download & Upload FTP..
02:04:54 Delay 1.0 detik..
02:04:55 Eksekusi Download & Upload FTP..
02:04:56 Delay 1.0 detik..
02:04:57 Eksekusi Download & Upload FTP..
02:04:59 Delay 1.0 detik..
02:05:00 Eksekusi Download & Upload FTP..
02:05:01 Delay 1.0 detik..
02:05:02 Eksekusi Download & Upload FTP..
02:05:04 Delay 1.0 detik..
02:05:05 Eksekusi Download & Upload FTP..
02:05:06 Delay 1.0 detik..
02:05:07 Eksekusi Download & Upload FTP..
02:05:08 Delay 1.0 detik..
02:05:09 Eksekusi Download & Upload FTP..
02:05:11 Delay 1.0 detik..
02:05:12 Eksekusi Download & Upload FTP..
02:05:13 Delay 1.0 detik..
02:05:14 Eksekusi Download & Upload FTP..
02:05:15 Delay 1.0 detik..
02:05:16 Eksekusi Download & Upload FTP..
02:05:18 Delay 1.0 detik..
02:05:19 Eksekusi Download & Upload FTP..
02:05:21 Delay 1.0 detik..
02:05:22 Eksekusi Download & Upload FTP..
02:05:23 Delay 1.0 detik..
02:05:24 Eksekusi Download & Upload FTP..
02:05:25 Delay 1.0 detik..
02:05:26 Eksekusi Download & Upload FTP..
02:05:28 Delay 1.0 detik..
02:05:29 Eksekusi Download & Upload FTP..
02:05:30 Delay 1.0 detik..
02:05:31 Eksekusi Download & Upload FTP..
02:05:33 Delay 1.0 detik..
02:05:34 Eksekusi Download & Upload FTP..
02:05:35 Delay 1.0 detik..
02:05:36 Eksekusi Download & Upload FTP..
02:05:37 Delay 1.0 detik..
02:05:38 Eksekusi Download & Upload FTP..
02:05:44 Delay 1.0 detik..
02:05:45 Eksekusi Download & Upload FTP..
02:05:47 Delay 1.0 detik..
02:05:48 Eksekusi Download & Upload FTP..
02:05:49 Delay 1.0 detik..
02:05:50 Eksekusi Download & Upload FTP..
02:05:52 Delay 1.0 detik..
02:05:53 Eksekusi Download & Upload FTP..
02:05:54 Delay 1.0 detik..
02:05:55 Eksekusi Download & Upload FTP..
02:05:56 Delay 1.0 detik..
02:05:57 Eksekusi Download & Upload FTP..
02:05:59 Delay 1.0 detik..
02:06:00 Eksekusi Download & Upload FTP..
02:06:01 Delay 1.0 detik..
02:06:02 Eksekusi Download & Upload FTP..
02:06:04 Delay 1.0 detik..
02:06:05 Eksekusi Download & Upload FTP..
02:06:06 Delay 1.0 detik..
02:06:07 Eksekusi Download & Upload FTP..
02:06:08 Delay 1.0 detik..
02:06:09 Eksekusi Download & Upload FTP..
02:06:11 Delay 1.0 detik..
02:06:12 Eksekusi Download & Upload FTP..
02:06:13 Delay 1.0 detik..
02:06:14 Eksekusi Download & Upload FTP..
02:06:16 Delay 1.0 detik..
02:06:17 Eksekusi Download & Upload FTP..
02:06:18 Delay 1.0 detik..
02:06:19 Eksekusi Download & Upload FTP..
02:06:20 Delay 1.0 detik..
02:06:21 Eksekusi Download & Upload FTP..
02:06:22 Delay 1.0 detik..
02:06:23 Eksekusi Download & Upload FTP..
02:06:24 Delay 1.0 detik..
02:06:25 Eksekusi Download & Upload FTP..
02:06:27 Delay 1.0 detik..
02:06:28 Eksekusi Download & Upload FTP..
02:06:29 Delay 1.0 detik..
02:06:30 Eksekusi Download & Upload FTP..
02:06:32 Delay 1.0 detik..
02:06:33 Eksekusi Download & Upload FTP..
02:06:34 Delay 1.0 detik..
02:06:35 Eksekusi Download & Upload FTP..
02:06:36 Delay 1.0 detik..
02:06:37 Eksekusi Download & Upload FTP..
02:06:39 Delay 1.0 detik..
02:06:40 Eksekusi Download & Upload FTP..
02:06:41 Delay 1.0 detik..
02:06:42 Eksekusi Download & Upload FTP..
02:06:43 Delay 1.0 detik..
02:06:44 Eksekusi Download & Upload FTP..
02:06:48 Delay 1.0 detik..
02:06:49 Eksekusi Download & Upload FTP..
02:06:51 Delay 1.0 detik..
02:06:52 Eksekusi Download & Upload FTP..
02:06:54 Delay 1.0 detik..
02:06:55 Eksekusi Download & Upload FTP..
02:06:56 Delay 1.0 detik..
02:06:57 Eksekusi Download & Upload FTP..
02:06:59 Delay 1.0 detik..
02:07:00 Eksekusi Download & Upload FTP..
02:07:01 Delay 1.0 detik..
02:07:02 Eksekusi Download & Upload FTP..
02:07:03 Delay 1.0 detik..
02:07:04 Eksekusi Download & Upload FTP..
02:07:06 Delay 1.0 detik..
02:07:07 Eksekusi Download & Upload FTP..
02:07:08 Delay 1.0 detik..
02:07:09 Eksekusi Download & Upload FTP..
02:07:11 Delay 1.0 detik..
02:07:12 Eksekusi Download & Upload FTP..
02:07:13 Delay 1.0 detik..
02:07:14 Eksekusi Download & Upload FTP..
02:07:15 Delay 1.0 detik..
02:07:16 Eksekusi Download & Upload FTP..
02:07:18 Delay 1.0 detik..
02:07:19 Eksekusi Download & Upload FTP..
02:07:20 Delay 1.0 detik..
02:07:21 Eksekusi Download & Upload FTP..
02:07:23 Delay 1.0 detik..
02:07:24 Eksekusi Download & Upload FTP..
02:07:25 Delay 1.0 detik..
02:07:26 Eksekusi Download & Upload FTP..
02:07:27 Delay 1.0 detik..
02:07:28 Eksekusi Download & Upload FTP..
02:07:30 Delay 1.0 detik..
02:07:31 Eksekusi Download & Upload FTP..
02:07:32 Delay 1.0 detik..
02:07:33 Eksekusi Download & Upload FTP..
02:07:35 Delay 1.0 detik..
02:07:36 Eksekusi Download & Upload FTP..
02:07:37 Delay 1.0 detik..
02:07:38 Eksekusi Download & Upload FTP..
02:07:40 Delay 1.0 detik..
02:07:41 Eksekusi Download & Upload FTP..
02:07:42 Delay 1.0 detik..
02:07:43 Eksekusi Download & Upload FTP..
02:07:44 Delay 1.0 detik..
02:07:45 Eksekusi Download & Upload FTP..
02:07:48 Delay 1.0 detik..
02:07:49 Eksekusi Download & Upload FTP..
02:07:51 Delay 1.0 detik..
02:07:52 Eksekusi Download & Upload FTP..
02:07:53 Delay 1.0 detik..
02:07:54 Eksekusi Download & Upload FTP..
02:07:56 Delay 1.0 detik..
02:07:57 Eksekusi Download & Upload FTP..
02:07:58 Delay 1.0 detik..
02:07:59 Eksekusi Download & Upload FTP..
02:08:00 Delay 1.0 detik..
02:08:01 Eksekusi Download & Upload FTP..
02:08:03 Delay 1.0 detik..
02:08:04 Eksekusi Download & Upload FTP..
02:08:05 Delay 1.0 detik..
02:08:06 Eksekusi Download & Upload FTP..
02:08:07 Delay 1.0 detik..
02:08:08 Eksekusi Download & Upload FTP..
02:08:10 Delay 1.0 detik..
02:08:11 Eksekusi Download & Upload FTP..
02:08:12 Delay 1.0 detik..
02:08:13 Eksekusi Download & Upload FTP..
02:08:15 Delay 1.0 detik..
02:08:16 Eksekusi Download & Upload FTP..
02:08:17 Delay 1.0 detik..
02:08:18 Eksekusi Download & Upload FTP..
02:08:19 Delay 1.0 detik..
02:08:20 Eksekusi Download & Upload FTP..
02:08:22 Delay 1.0 detik..
02:08:23 Eksekusi Download & Upload FTP..
02:08:25 Delay 1.0 detik..
02:08:26 Eksekusi Download & Upload FTP..
02:08:27 Delay 1.0 detik..
02:08:28 Eksekusi Download & Upload FTP..
02:08:30 Delay 1.0 detik..
02:08:31 Eksekusi Download & Upload FTP..
02:08:32 Delay 1.0 detik..
02:08:33 Eksekusi Download & Upload FTP..
02:08:34 Delay 1.0 detik..
02:08:35 Eksekusi Download & Upload FTP..
02:08:36 Delay 1.0 detik..
02:08:37 Eksekusi Download & Upload FTP..
02:08:39 Delay 1.0 detik..
02:08:40 Eksekusi Download & Upload FTP..
02:08:41 Delay 1.0 detik..
02:08:42 Eksekusi Download & Upload FTP..
02:08:44 Delay 1.0 detik..
02:08:45 Eksekusi Download & Upload FTP..
02:08:46 Delay 1.0 detik..
02:08:47 Eksekusi Download & Upload FTP..
02:08:48 Delay 1.0 detik..
02:08:49 Eksekusi Download & Upload FTP..
02:08:51 Delay 1.0 detik..
02:08:52 Eksekusi Download & Upload FTP..
02:08:53 Delay 1.0 detik..
02:08:54 Eksekusi Download & Upload FTP..
02:08:56 Delay 1.0 detik..
02:08:57 Eksekusi Download & Upload FTP..
02:08:58 Delay 1.0 detik..
02:08:59 Eksekusi Download & Upload FTP..
02:09:00 Delay 1.0 detik..
02:09:01 Eksekusi Download & Upload FTP..
02:09:03 Delay 1.0 detik..
02:09:04 Eksekusi Download & Upload FTP..
02:09:05 Delay 1.0 detik..
02:09:06 Eksekusi Download & Upload FTP..
02:09:07 Delay 1.0 detik..
02:09:08 Eksekusi Download & Upload FTP..
02:09:10 Delay 1.0 detik..
02:09:11 Eksekusi Download & Upload FTP..
02:09:12 Delay 1.0 detik..
02:09:13 Eksekusi Download & Upload FTP..
02:09:14 Delay 1.0 detik..
02:09:15 Eksekusi Download & Upload FTP..
02:09:17 Delay 1.0 detik..
02:09:18 Eksekusi Download & Upload FTP..
02:09:19 Delay 1.0 detik..
02:09:20 Eksekusi Download & Upload FTP..
02:09:21 Delay 1.0 detik..
02:09:22 Eksekusi Download & Upload FTP..
02:09:24 Delay 1.0 detik..
02:09:25 Eksekusi Download & Upload FTP..
02:09:26 Delay 1.0 detik..
02:09:27 Eksekusi Download & Upload FTP..
02:09:28 Delay 1.0 detik..
02:09:29 Eksekusi Download & Upload FTP..
02:09:31 Delay 1.0 detik..
02:09:32 Eksekusi Download & Upload FTP..
02:09:33 Delay 1.0 detik..
02:09:34 Eksekusi Download & Upload FTP..
02:09:36 Delay 1.0 detik..
02:09:37 Eksekusi Download & Upload FTP..
02:09:38 Delay 1.0 detik..
02:09:39 Eksekusi Download & Upload FTP..
02:09:40 Delay 1.0 detik..
02:09:41 Eksekusi Download & Upload FTP..
02:09:43 Delay 1.0 detik..
02:09:44 Eksekusi Download & Upload FTP..
02:09:45 Delay 1.0 detik..
02:09:46 Eksekusi Download & Upload FTP..
02:09:49 Delay 1.0 detik..
02:09:50 Eksekusi Download & Upload FTP..
02:09:51 Delay 1.0 detik..
02:09:52 Eksekusi Download & Upload FTP..
02:09:54 Delay 1.0 detik..
02:09:55 Eksekusi Download & Upload FTP..
02:09:56 Delay 1.0 detik..
02:09:57 Eksekusi Download & Upload FTP..
02:09:59 Delay 1.0 detik..
02:10:00 Eksekusi Download & Upload FTP..
02:10:01 Delay 1.0 detik..
02:10:02 Eksekusi Download & Upload FTP..
02:10:03 Delay 1.0 detik..
02:10:04 Eksekusi Download & Upload FTP..
02:10:05 Delay 1.0 detik..
02:10:06 Eksekusi Download & Upload FTP..
02:10:07 Delay 1.0 detik..
02:10:08 Eksekusi Download & Upload FTP..
02:10:10 Delay 1.0 detik..
02:10:11 Eksekusi Download & Upload FTP..
02:10:12 Delay 1.0 detik..
02:10:13 Eksekusi Download & Upload FTP..
02:10:14 Delay 1.0 detik..
02:10:15 Eksekusi Download & Upload FTP..
02:10:16 Delay 1.0 detik..
02:10:17 Eksekusi Download & Upload FTP..
02:10:18 Delay 1.0 detik..
02:10:19 Eksekusi Download & Upload FTP..
02:10:21 Delay 1.0 detik..
02:10:22 Eksekusi Download & Upload FTP..
02:10:23 Delay 1.0 detik..
02:10:24 Eksekusi Download & Upload FTP..
02:10:26 Delay 1.0 detik..
02:10:27 Eksekusi Download & Upload FTP..
02:10:28 Delay 1.0 detik..
02:10:29 Eksekusi Download & Upload FTP..
02:10:30 Delay 1.0 detik..
02:10:31 Eksekusi Download & Upload FTP..
02:10:33 Delay 1.0 detik..
02:10:34 Eksekusi Download & Upload FTP..
02:10:35 Delay 1.0 detik..
02:10:36 Eksekusi Download & Upload FTP..
02:10:37 Delay 1.0 detik..
02:10:38 Eksekusi Download & Upload FTP..
02:10:39 Delay 1.0 detik..
02:10:40 Eksekusi Download & Upload FTP..
02:10:41 Delay 1.0 detik..
02:10:42 Eksekusi Download & Upload FTP..
02:10:43 Delay 1.0 detik..
02:10:44 Eksekusi Download & Upload FTP..
02:10:46 Delay 1.0 detik..
02:10:47 Eksekusi Download & Upload FTP..
02:10:48 Delay 1.0 detik..
02:10:49 Eksekusi Download & Upload FTP..
02:10:53 Delay 1.0 detik..
02:10:54 Eksekusi Download & Upload FTP..
02:10:56 Delay 1.0 detik..
02:10:57 Eksekusi Download & Upload FTP..
02:10:58 Delay 1.0 detik..
02:10:59 Eksekusi Download & Upload FTP..
02:11:01 Delay 1.0 detik..
02:11:02 Eksekusi Download & Upload FTP..
02:11:03 Delay 1.0 detik..
02:11:04 Eksekusi Download & Upload FTP..
02:11:05 Delay 1.0 detik..
02:11:06 Eksekusi Download & Upload FTP..
02:11:08 Delay 1.0 detik..
02:11:09 Eksekusi Download & Upload FTP..
02:11:10 Delay 1.0 detik..
02:11:11 Eksekusi Download & Upload FTP..
02:11:12 Delay 1.0 detik..
02:11:13 Eksekusi Download & Upload FTP..
02:11:15 Delay 1.0 detik..
02:11:16 Eksekusi Download & Upload FTP..
02:11:17 Delay 1.0 detik..
02:11:18 Eksekusi Download & Upload FTP..
02:11:20 Delay 1.0 detik..
02:11:21 Eksekusi Download & Upload FTP..
02:11:22 Delay 1.0 detik..
02:11:23 Eksekusi Download & Upload FTP..
02:11:24 Delay 1.0 detik..
02:11:25 Eksekusi Download & Upload FTP..
02:11:27 Delay 1.0 detik..
02:11:28 Eksekusi Download & Upload FTP..
02:11:30 Delay 1.0 detik..
02:11:31 Eksekusi Download & Upload FTP..
02:11:32 Delay 1.0 detik..
02:11:33 Eksekusi Download & Upload FTP..
02:11:35 Delay 1.0 detik..
02:11:36 Eksekusi Download & Upload FTP..
02:11:37 Delay 1.0 detik..
02:11:38 Eksekusi Download & Upload FTP..
02:11:40 Delay 1.0 detik..
02:11:41 Eksekusi Download & Upload FTP..
02:11:42 Delay 1.0 detik..
02:11:43 Eksekusi Download & Upload FTP..
02:11:44 Delay 1.0 detik..
02:11:45 Eksekusi Download & Upload FTP..
02:11:47 Delay 1.0 detik..
02:11:48 Eksekusi Download & Upload FTP..
02:11:49 Delay 1.0 detik..
02:11:50 Eksekusi Download & Upload FTP..
02:11:52 Delay 1.0 detik..
02:11:53 Eksekusi Download & Upload FTP..
02:11:54 Delay 1.0 detik..
02:11:55 Eksekusi Download & Upload FTP..
02:11:56 Delay 1.0 detik..
02:11:57 Eksekusi Download & Upload FTP..
02:11:59 Delay 1.0 detik..
02:12:00 Eksekusi Download & Upload FTP..
02:12:01 Delay 1.0 detik..
02:12:02 Eksekusi Download & Upload FTP..
02:12:04 Delay 1.0 detik..
02:12:05 Eksekusi Download & Upload FTP..
02:12:06 Delay 1.0 detik..
02:12:07 Eksekusi Download & Upload FTP..
02:12:09 Delay 1.0 detik..
02:12:10 Eksekusi Download & Upload FTP..
02:12:11 Delay 1.0 detik..
02:12:12 Eksekusi Download & Upload FTP..
02:12:13 Delay 1.0 detik..
02:12:14 Eksekusi Download & Upload FTP..
02:12:16 Delay 1.0 detik..
02:12:17 Eksekusi Download & Upload FTP..
02:12:18 Delay 1.0 detik..
02:12:19 Eksekusi Download & Upload FTP..
02:12:20 Delay 1.0 detik..
02:12:21 Eksekusi Download & Upload FTP..
02:12:22 Delay 1.0 detik..
02:12:23 Eksekusi Download & Upload FTP..
02:12:24 Delay 1.0 detik..
02:12:25 Eksekusi Download & Upload FTP..
02:12:27 Delay 1.0 detik..
02:12:28 Eksekusi Download & Upload FTP..
02:12:29 Delay 1.0 detik..
02:12:30 Eksekusi Download & Upload FTP..
02:12:31 Delay 1.0 detik..
02:12:32 Eksekusi Download & Upload FTP..
02:12:33 Delay 1.0 detik..
02:12:34 Eksekusi Download & Upload FTP..
02:12:36 Delay 1.0 detik..
02:12:37 Eksekusi Download & Upload FTP..
02:12:38 Delay 1.0 detik..
02:12:39 Eksekusi Download & Upload FTP..
02:12:40 Delay 1.0 detik..
02:12:41 Eksekusi Download & Upload FTP..
02:12:43 Delay 1.0 detik..
02:12:44 Eksekusi Download & Upload FTP..
02:12:45 Delay 1.0 detik..
02:12:46 Eksekusi Download & Upload FTP..
02:12:47 Delay 1.0 detik..
02:12:48 Eksekusi Download & Upload FTP..
02:12:50 Delay 1.0 detik..
02:12:51 Eksekusi Download & Upload FTP..
02:12:52 Delay 1.0 detik..
02:12:53 Eksekusi Download & Upload FTP..
02:12:55 Delay 1.0 detik..
02:12:56 Eksekusi Download & Upload FTP..
02:12:59 Delay 1.0 detik..
02:13:00 Eksekusi Download & Upload FTP..
02:13:01 Delay 1.0 detik..
02:13:02 Eksekusi Download & Upload FTP..
02:13:04 Delay 1.0 detik..
02:13:05 Eksekusi Download & Upload FTP..
02:13:06 Delay 1.0 detik..
02:13:07 Eksekusi Download & Upload FTP..
02:13:09 Delay 1.0 detik..
02:13:10 Eksekusi Download & Upload FTP..
02:13:11 Delay 1.0 detik..
02:13:12 Eksekusi Download & Upload FTP..
02:13:14 Delay 1.0 detik..
02:13:15 Eksekusi Download & Upload FTP..
02:13:16 Delay 1.0 detik..
02:13:17 Eksekusi Download & Upload FTP..
02:13:18 Delay 1.0 detik..
02:13:19 Eksekusi Download & Upload FTP..
02:13:20 Delay 1.0 detik..
02:13:21 Eksekusi Download & Upload FTP..
02:13:22 Delay 1.0 detik..
02:13:23 Eksekusi Download & Upload FTP..
02:13:25 Delay 1.0 detik..
02:13:26 Eksekusi Download & Upload FTP..
02:13:27 Delay 1.0 detik..
02:13:28 Eksekusi Download & Upload FTP..
02:13:29 Delay 1.0 detik..
02:13:30 Eksekusi Download & Upload FTP..
02:13:32 Delay 1.0 detik..
02:13:33 Eksekusi Download & Upload FTP..
02:13:34 Delay 1.0 detik..
02:13:35 Eksekusi Download & Upload FTP..
02:13:36 Delay 1.0 detik..
02:13:37 Eksekusi Download & Upload FTP..
02:13:39 Delay 1.0 detik..
02:13:40 Eksekusi Download & Upload FTP..
02:13:41 Delay 1.0 detik..
02:13:42 Eksekusi Download & Upload FTP..
02:13:43 Delay 1.0 detik..
02:13:44 Eksekusi Download & Upload FTP..
