07:38:18 Loading Configuration...
07:38:18 Loading Configuration Selesai !
07:38:20 Inisiasi aplikasi...
07:38:20 Testing koneksi ke server...
07:38:21 OK FTP Connected
OK Remote system is UNIX Type: L8
OK Current directory is /kps01/txt/input

07:38:21 Aplikasi siap digunakan...
07:38:21 Testing koneksi ke server Selesai 
07:38:21 Delay 1.0 detik..
07:38:22 Eksekusi Download & Upload FTP..
07:38:24 Delay 1.0 detik..
07:38:25 Eksekusi Download & Upload FTP..
07:38:27 Delay 1.0 detik..
07:38:28 Eksekusi Download & Upload FTP..
07:38:30 Delay 1.0 detik..
07:38:31 Eksekusi Download & Upload FTP..
07:38:32 Delay 1.0 detik..
07:38:33 Eksekusi Download & Upload FTP..
07:38:35 Delay 1.0 detik..
07:38:36 Eksekusi Download & Upload FTP..
07:38:38 Delay 1.0 detik..
07:38:39 Eksekusi Download & Upload FTP..
07:38:41 Delay 1.0 detik..
07:38:42 Eksekusi Download & Upload FTP..
07:38:44 Delay 1.0 detik..
07:38:45 Eksekusi Download & Upload FTP..
07:38:47 Delay 1.0 detik..
07:38:48 Eksekusi Download & Upload FTP..
07:38:49 Delay 1.0 detik..
07:38:50 Eksekusi Download & Upload FTP..
07:38:52 Delay 1.0 detik..
07:38:53 Eksekusi Download & Upload FTP..
07:38:54 Delay 1.0 detik..
07:38:55 Eksekusi Download & Upload FTP..
07:38:58 Delay 1.0 detik..
07:38:59 Eksekusi Download & Upload FTP..
07:39:00 Delay 1.0 detik..
07:39:01 Eksekusi Download & Upload FTP..
07:39:03 Delay 1.0 detik..
07:39:04 Eksekusi Download & Upload FTP..
07:39:06 Delay 1.0 detik..
07:39:07 Eksekusi Download & Upload FTP..
07:39:09 Delay 1.0 detik..
07:39:10 Eksekusi Download & Upload FTP..
07:39:12 Delay 1.0 detik..
07:39:13 Eksekusi Download & Upload FTP..
07:39:14 Delay 1.0 detik..
07:39:15 Eksekusi Download & Upload FTP..
07:39:17 Delay 1.0 detik..
07:39:18 Eksekusi Download & Upload FTP..
07:39:19 Delay 1.0 detik..
07:39:20 Eksekusi Download & Upload FTP..
07:39:22 Delay 1.0 detik..
07:39:23 Eksekusi Download & Upload FTP..
07:39:25 Delay 1.0 detik..
07:39:26 Eksekusi Download & Upload FTP..
07:39:28 Delay 1.0 detik..
07:39:29 Eksekusi Download & Upload FTP..
07:39:30 Delay 1.0 detik..
07:39:31 Eksekusi Download & Upload FTP..
07:39:33 Delay 1.0 detik..
07:39:34 Eksekusi Download & Upload FTP..
07:39:36 Delay 1.0 detik..
07:39:37 Eksekusi Download & Upload FTP..
07:39:38 Delay 1.0 detik..
07:39:39 Eksekusi Download & Upload FTP..
07:39:41 Delay 1.0 detik..
07:39:42 Eksekusi Download & Upload FTP..
07:39:44 Delay 1.0 detik..
07:39:45 Eksekusi Download & Upload FTP..
07:39:47 Delay 1.0 detik..
07:39:48 Eksekusi Download & Upload FTP..
07:39:50 Delay 1.0 detik..
07:39:51 Eksekusi Download & Upload FTP..
07:39:53 Delay 1.0 detik..
07:39:54 Eksekusi Download & Upload FTP..
07:39:55 Delay 1.0 detik..
07:39:56 Eksekusi Download & Upload FTP..
07:39:58 Delay 1.0 detik..
07:39:59 Eksekusi Download & Upload FTP..
07:40:01 Delay 1.0 detik..
07:40:02 Eksekusi Download & Upload FTP..
07:40:03 Delay 1.0 detik..
07:40:05 Eksekusi Download & Upload FTP..
07:40:06 Delay 1.0 detik..
07:40:07 Eksekusi Download & Upload FTP..
07:40:09 Delay 1.0 detik..
07:40:10 Eksekusi Download & Upload FTP..
07:40:12 Delay 1.0 detik..
07:40:13 Eksekusi Download & Upload FTP..
07:40:15 Delay 1.0 detik..
07:40:16 Eksekusi Download & Upload FTP..
07:40:17 Delay 1.0 detik..
07:40:18 Eksekusi Download & Upload FTP..
07:40:20 Delay 1.0 detik..
07:40:21 Eksekusi Download & Upload FTP..
07:40:23 Delay 1.0 detik..
07:40:24 Eksekusi Download & Upload FTP..
07:40:26 Delay 1.0 detik..
07:40:27 Eksekusi Download & Upload FTP..
07:40:29 Delay 1.0 detik..
07:40:30 Eksekusi Download & Upload FTP..
07:40:31 Delay 1.0 detik..
07:40:32 Eksekusi Download & Upload FTP..
07:40:34 Delay 1.0 detik..
07:40:35 Eksekusi Download & Upload FTP..
07:40:37 Delay 1.0 detik..
07:40:38 Eksekusi Download & Upload FTP..
07:40:40 Delay 1.0 detik..
07:40:41 Eksekusi Download & Upload FTP..
07:40:43 Delay 1.0 detik..
07:40:44 Eksekusi Download & Upload FTP..
07:40:45 Delay 1.0 detik..
07:40:46 Eksekusi Download & Upload FTP..
07:40:48 Delay 1.0 detik..
07:40:49 Eksekusi Download & Upload FTP..
07:40:51 Delay 1.0 detik..
07:40:52 Eksekusi Download & Upload FTP..
07:40:54 Delay 1.0 detik..
07:40:55 Eksekusi Download & Upload FTP..
07:40:56 Delay 1.0 detik..
07:40:57 Eksekusi Download & Upload FTP..
07:40:59 Delay 1.0 detik..
07:41:00 Eksekusi Download & Upload FTP..
07:41:02 Delay 1.0 detik..
07:41:03 Eksekusi Download & Upload FTP..
07:41:05 Delay 1.0 detik..
07:41:06 Eksekusi Download & Upload FTP..
07:41:07 Delay 1.0 detik..
07:41:08 Eksekusi Download & Upload FTP..
07:41:10 Delay 1.0 detik..
07:41:11 Eksekusi Download & Upload FTP..
07:41:13 Delay 1.0 detik..
07:41:14 Eksekusi Download & Upload FTP..
07:41:16 Delay 1.0 detik..
07:41:17 Eksekusi Download & Upload FTP..
07:41:18 Delay 1.0 detik..
07:41:19 Eksekusi Download & Upload FTP..
07:41:21 Delay 1.0 detik..
07:41:22 Eksekusi Download & Upload FTP..
07:41:24 Delay 1.0 detik..
07:41:25 Eksekusi Download & Upload FTP..
07:41:27 Delay 1.0 detik..
07:41:28 Eksekusi Download & Upload FTP..
07:41:30 Delay 1.0 detik..
07:41:31 Eksekusi Download & Upload FTP..
07:41:32 Delay 1.0 detik..
07:41:33 Eksekusi Download & Upload FTP..
07:41:35 Delay 1.0 detik..
07:41:36 Eksekusi Download & Upload FTP..
07:41:38 Delay 1.0 detik..
07:41:39 Eksekusi Download & Upload FTP..
07:41:41 Delay 1.0 detik..
07:41:42 Eksekusi Download & Upload FTP..
07:41:44 Delay 1.0 detik..
07:41:45 Eksekusi Download & Upload FTP..
07:41:47 Delay 1.0 detik..
07:41:48 Eksekusi Download & Upload FTP..
07:41:49 Delay 1.0 detik..
07:41:50 Eksekusi Download & Upload FTP..
07:41:52 Delay 1.0 detik..
07:41:53 Eksekusi Download & Upload FTP..
07:41:55 Delay 1.0 detik..
07:41:56 Eksekusi Download & Upload FTP..
07:41:58 Delay 1.0 detik..
07:41:59 Eksekusi Download & Upload FTP..
07:42:00 Delay 1.0 detik..
07:42:01 Eksekusi Download & Upload FTP..
07:42:03 Delay 1.0 detik..
07:42:04 Eksekusi Download & Upload FTP..
07:42:06 Delay 1.0 detik..
07:42:07 Eksekusi Download & Upload FTP..
07:42:09 Delay 1.0 detik..
07:42:10 Eksekusi Download & Upload FTP..
07:42:11 Delay 1.0 detik..
07:42:12 Eksekusi Download & Upload FTP..
07:42:14 Delay 1.0 detik..
07:42:15 Eksekusi Download & Upload FTP..
07:42:17 Delay 1.0 detik..
07:42:18 Eksekusi Download & Upload FTP..
07:42:20 Delay 1.0 detik..
07:42:21 Eksekusi Download & Upload FTP..
07:42:23 Delay 1.0 detik..
07:42:24 Eksekusi Download & Upload FTP..
07:42:26 Delay 1.0 detik..
07:42:27 Eksekusi Download & Upload FTP..
07:42:28 Delay 1.0 detik..
07:42:29 Eksekusi Download & Upload FTP..
07:42:31 Delay 1.0 detik..
07:42:32 Eksekusi Download & Upload FTP..
07:42:33 Delay 1.0 detik..
07:42:34 Eksekusi Download & Upload FTP..
07:42:36 Delay 1.0 detik..
07:42:37 Eksekusi Download & Upload FTP..
07:42:39 Delay 1.0 detik..
07:42:40 Eksekusi Download & Upload FTP..
07:42:42 Delay 1.0 detik..
07:42:43 Eksekusi Download & Upload FTP..
07:42:44 Delay 1.0 detik..
07:42:45 Eksekusi Download & Upload FTP..
07:42:47 Delay 1.0 detik..
07:42:48 Eksekusi Download & Upload FTP..
07:42:50 Delay 1.0 detik..
07:42:51 Eksekusi Download & Upload FTP..
07:42:52 Delay 1.0 detik..
07:42:53 Eksekusi Download & Upload FTP..
07:42:55 Delay 1.0 detik..
07:42:56 Eksekusi Download & Upload FTP..
07:42:58 Delay 1.0 detik..
07:42:59 Eksekusi Download & Upload FTP..
07:43:00 Delay 1.0 detik..
07:43:01 Eksekusi Download & Upload FTP..
07:43:03 Delay 1.0 detik..
07:43:04 Eksekusi Download & Upload FTP..
07:43:06 Delay 1.0 detik..
07:43:07 Eksekusi Download & Upload FTP..
07:43:08 Delay 1.0 detik..
07:43:09 Eksekusi Download & Upload FTP..
07:43:11 Delay 1.0 detik..
07:43:12 Eksekusi Download & Upload FTP..
07:43:14 Delay 1.0 detik..
07:43:15 Eksekusi Download & Upload FTP..
07:43:17 Delay 1.0 detik..
07:43:18 Eksekusi Download & Upload FTP..
07:43:19 Delay 1.0 detik..
07:43:20 Eksekusi Download & Upload FTP..
07:43:22 Delay 1.0 detik..
07:43:23 Eksekusi Download & Upload FTP..
07:43:25 Delay 1.0 detik..
07:43:26 Eksekusi Download & Upload FTP..
07:43:28 Delay 1.0 detik..
07:43:29 Eksekusi Download & Upload FTP..
07:43:31 Delay 1.0 detik..
07:43:32 Eksekusi Download & Upload FTP..
07:43:34 Delay 1.0 detik..
07:43:35 Eksekusi Download & Upload FTP..
07:43:36 Delay 1.0 detik..
07:43:37 Eksekusi Download & Upload FTP..
07:43:39 Delay 1.0 detik..
07:43:40 Eksekusi Download & Upload FTP..
07:43:42 Delay 1.0 detik..
07:43:43 Eksekusi Download & Upload FTP..
07:43:44 Delay 1.0 detik..
07:43:46 Eksekusi Download & Upload FTP..
07:43:47 Delay 1.0 detik..
07:43:48 Eksekusi Download & Upload FTP..
07:43:50 Delay 1.0 detik..
07:43:51 Eksekusi Download & Upload FTP..
07:43:52 Delay 1.0 detik..
07:43:53 Eksekusi Download & Upload FTP..
07:43:56 Delay 1.0 detik..
07:43:57 Eksekusi Download & Upload FTP..
07:43:58 Delay 1.0 detik..
07:43:59 Eksekusi Download & Upload FTP..
07:44:01 Delay 1.0 detik..
07:44:02 Eksekusi Download & Upload FTP..
07:44:04 Delay 1.0 detik..
07:44:05 Eksekusi Download & Upload FTP..
07:44:07 Delay 1.0 detik..
07:44:08 Eksekusi Download & Upload FTP..
07:44:10 Delay 1.0 detik..
07:44:11 Eksekusi Download & Upload FTP..
07:44:13 Delay 1.0 detik..
07:44:14 Eksekusi Download & Upload FTP..
07:44:15 Delay 1.0 detik..
07:44:16 Eksekusi Download & Upload FTP..
07:44:18 Delay 1.0 detik..
07:44:19 Eksekusi Download & Upload FTP..
07:44:21 Delay 1.0 detik..
07:44:22 Eksekusi Download & Upload FTP..
07:44:23 Delay 1.0 detik..
07:44:24 Eksekusi Download & Upload FTP..
07:44:26 Delay 1.0 detik..
07:44:27 Eksekusi Download & Upload FTP..
07:44:29 Delay 1.0 detik..
07:44:30 Eksekusi Download & Upload FTP..
07:44:32 Delay 1.0 detik..
07:44:33 Eksekusi Download & Upload FTP..
07:44:35 Delay 1.0 detik..
07:44:36 Eksekusi Download & Upload FTP..
07:44:38 Delay 1.0 detik..
07:44:39 Eksekusi Download & Upload FTP..
07:44:40 Delay 1.0 detik..
07:44:41 Eksekusi Download & Upload FTP..
07:44:43 Delay 1.0 detik..
07:44:44 Eksekusi Download & Upload FTP..
07:44:46 Delay 1.0 detik..
07:44:47 Eksekusi Download & Upload FTP..
07:44:49 Delay 1.0 detik..
07:44:50 Eksekusi Download & Upload FTP..
07:44:52 Delay 1.0 detik..
07:44:53 Eksekusi Download & Upload FTP..
07:44:55 Delay 1.0 detik..
07:44:56 Eksekusi Download & Upload FTP..
07:44:57 Delay 1.0 detik..
07:44:58 Eksekusi Download & Upload FTP..
07:45:00 Delay 1.0 detik..
07:45:01 Eksekusi Download & Upload FTP..
07:45:03 Delay 1.0 detik..
07:45:04 Eksekusi Download & Upload FTP..
07:45:06 Delay 1.0 detik..
07:45:07 Eksekusi Download & Upload FTP..
07:45:09 Delay 1.0 detik..
07:45:10 Eksekusi Download & Upload FTP..
07:45:12 Delay 1.0 detik..
07:45:13 Eksekusi Download & Upload FTP..
07:45:15 Delay 1.0 detik..
07:45:16 Eksekusi Download & Upload FTP..
07:45:18 Delay 1.0 detik..
07:45:19 Eksekusi Download & Upload FTP..
07:45:21 Delay 1.0 detik..
07:45:22 Eksekusi Download & Upload FTP..
07:45:23 Delay 1.0 detik..
07:45:24 Eksekusi Download & Upload FTP..
07:45:26 Delay 1.0 detik..
07:45:27 Eksekusi Download & Upload FTP..
07:45:29 Delay 1.0 detik..
07:45:30 Eksekusi Download & Upload FTP..
07:45:32 Delay 1.0 detik..
07:45:33 Eksekusi Download & Upload FTP..
07:45:35 Delay 1.0 detik..
07:45:36 Eksekusi Download & Upload FTP..
07:45:37 Delay 1.0 detik..
07:45:38 Eksekusi Download & Upload FTP..
07:45:40 Delay 1.0 detik..
07:45:41 Eksekusi Download & Upload FTP..
07:45:43 Delay 1.0 detik..
07:45:44 Eksekusi Download & Upload FTP..
07:45:45 Delay 1.0 detik..
07:45:46 Eksekusi Download & Upload FTP..
07:45:48 Delay 1.0 detik..
07:45:49 Eksekusi Download & Upload FTP..
07:45:51 Delay 1.0 detik..
07:45:52 Eksekusi Download & Upload FTP..
07:45:53 Delay 1.0 detik..
07:45:54 Eksekusi Download & Upload FTP..
07:45:56 Delay 1.0 detik..
07:45:57 Eksekusi Download & Upload FTP..
07:45:59 Delay 1.0 detik..
07:46:00 Eksekusi Download & Upload FTP..
07:46:02 Delay 1.0 detik..
07:46:03 Eksekusi Download & Upload FTP..
07:46:05 Delay 1.0 detik..
07:46:06 Eksekusi Download & Upload FTP..
07:46:08 Delay 1.0 detik..
07:46:09 Eksekusi Download & Upload FTP..
07:46:10 Delay 1.0 detik..
07:46:11 Eksekusi Download & Upload FTP..
07:46:14 Delay 1.0 detik..
07:46:15 Eksekusi Download & Upload FTP..
07:46:17 Delay 1.0 detik..
07:46:18 Eksekusi Download & Upload FTP..
07:46:20 Delay 1.0 detik..
07:46:21 Eksekusi Download & Upload FTP..
07:46:22 Delay 1.0 detik..
07:46:23 Eksekusi Download & Upload FTP..
07:46:25 Delay 1.0 detik..
07:46:26 Eksekusi Download & Upload FTP..
07:46:28 Delay 1.0 detik..
07:46:29 Eksekusi Download & Upload FTP..
07:46:31 Delay 1.0 detik..
07:46:32 Eksekusi Download & Upload FTP..
07:46:34 Delay 1.0 detik..
07:46:35 Eksekusi Download & Upload FTP..
07:46:36 Delay 1.0 detik..
07:46:37 Eksekusi Download & Upload FTP..
07:46:39 Delay 1.0 detik..
07:46:40 Eksekusi Download & Upload FTP..
07:46:42 Delay 1.0 detik..
07:46:43 Eksekusi Download & Upload FTP..
07:46:45 Delay 1.0 detik..
07:46:46 Eksekusi Download & Upload FTP..
07:46:48 Delay 1.0 detik..
07:46:49 Eksekusi Download & Upload FTP..
07:46:51 Delay 1.0 detik..
07:46:52 Eksekusi Download & Upload FTP..
07:46:53 Delay 1.0 detik..
07:46:54 Eksekusi Download & Upload FTP..
07:46:56 Delay 1.0 detik..
07:46:57 Eksekusi Download & Upload FTP..
07:46:59 Delay 1.0 detik..
07:47:00 Eksekusi Download & Upload FTP..
07:47:02 Delay 1.0 detik..
07:47:03 Eksekusi Download & Upload FTP..
07:47:05 Delay 1.0 detik..
07:47:06 Eksekusi Download & Upload FTP..
07:47:07 Delay 1.0 detik..
07:47:08 Eksekusi Download & Upload FTP..
07:47:10 Delay 1.0 detik..
07:47:11 Eksekusi Download & Upload FTP..
07:47:13 Delay 1.0 detik..
07:47:14 Eksekusi Download & Upload FTP..
07:47:16 Delay 1.0 detik..
07:47:17 Eksekusi Download & Upload FTP..
07:47:18 Delay 1.0 detik..
07:47:19 Eksekusi Download & Upload FTP..
07:47:21 Delay 1.0 detik..
07:47:22 Eksekusi Download & Upload FTP..
07:47:24 Delay 1.0 detik..
07:47:25 Eksekusi Download & Upload FTP..
07:47:26 Delay 1.0 detik..
07:47:27 Eksekusi Download & Upload FTP..
07:47:29 Delay 1.0 detik..
07:47:30 Eksekusi Download & Upload FTP..
07:47:31 Delay 1.0 detik..
07:47:32 Eksekusi Download & Upload FTP..
07:47:34 Delay 1.0 detik..
07:47:35 Eksekusi Download & Upload FTP..
07:47:37 Delay 1.0 detik..
07:47:38 Eksekusi Download & Upload FTP..
07:47:39 Delay 1.0 detik..
07:47:40 Eksekusi Download & Upload FTP..
07:47:42 Delay 1.0 detik..
07:47:43 Eksekusi Download & Upload FTP..
07:47:45 Delay 1.0 detik..
07:47:46 Eksekusi Download & Upload FTP..
07:47:47 Delay 1.0 detik..
07:47:48 Eksekusi Download & Upload FTP..
07:47:50 Delay 1.0 detik..
07:47:51 Eksekusi Download & Upload FTP..
07:47:53 Delay 1.0 detik..
07:47:54 Eksekusi Download & Upload FTP..
07:47:56 Delay 1.0 detik..
07:47:57 Eksekusi Download & Upload FTP..
07:47:58 Delay 1.0 detik..
07:47:59 Eksekusi Download & Upload FTP..
07:48:01 Delay 1.0 detik..
07:48:02 Eksekusi Download & Upload FTP..
07:48:04 Delay 1.0 detik..
07:48:05 Eksekusi Download & Upload FTP..
07:48:06 Delay 1.0 detik..
07:48:07 Eksekusi Download & Upload FTP..
07:48:09 Delay 1.0 detik..
07:48:10 Eksekusi Download & Upload FTP..
07:48:12 Delay 1.0 detik..
07:48:13 Eksekusi Download & Upload FTP..
07:48:14 Delay 1.0 detik..
07:48:15 Eksekusi Download & Upload FTP..
07:48:17 Delay 1.0 detik..
07:48:18 Eksekusi Download & Upload FTP..
07:48:20 Delay 1.0 detik..
07:48:21 Eksekusi Download & Upload FTP..
07:48:22 Delay 1.0 detik..
07:48:23 Eksekusi Download & Upload FTP..
07:48:25 Delay 1.0 detik..
07:48:26 Eksekusi Download & Upload FTP..
07:48:28 Delay 1.0 detik..
07:48:29 Eksekusi Download & Upload FTP..
07:48:31 Delay 1.0 detik..
07:48:32 Eksekusi Download & Upload FTP..
07:48:33 Delay 1.0 detik..
07:48:34 Eksekusi Download & Upload FTP..
07:48:36 Delay 1.0 detik..
07:48:37 Eksekusi Download & Upload FTP..
07:48:39 Delay 1.0 detik..
07:48:40 Eksekusi Download & Upload FTP..
07:48:42 Delay 1.0 detik..
07:48:43 Eksekusi Download & Upload FTP..
07:48:45 Delay 1.0 detik..
07:48:46 Eksekusi Download & Upload FTP..
07:48:47 Delay 1.0 detik..
07:48:48 Eksekusi Download & Upload FTP..
07:48:50 Delay 1.0 detik..
07:48:51 Eksekusi Download & Upload FTP..
07:48:53 Delay 1.0 detik..
07:48:54 Eksekusi Download & Upload FTP..
07:48:56 Delay 1.0 detik..
07:48:57 Eksekusi Download & Upload FTP..
07:48:58 Delay 1.0 detik..
07:48:59 Eksekusi Download & Upload FTP..
07:49:01 Delay 1.0 detik..
07:49:02 Eksekusi Download & Upload FTP..
07:49:04 Delay 1.0 detik..
07:49:05 Eksekusi Download & Upload FTP..
07:49:07 Delay 1.0 detik..
07:49:08 Eksekusi Download & Upload FTP..
07:49:10 Delay 1.0 detik..
07:49:11 Eksekusi Download & Upload FTP..
07:49:12 Delay 1.0 detik..
07:49:13 Eksekusi Download & Upload FTP..
07:49:15 Delay 1.0 detik..
07:49:16 Eksekusi Download & Upload FTP..
07:49:18 Delay 1.0 detik..
07:49:19 Eksekusi Download & Upload FTP..
07:49:20 Delay 1.0 detik..
07:49:21 Eksekusi Download & Upload FTP..
07:49:23 Delay 1.0 detik..
07:49:24 Eksekusi Download & Upload FTP..
07:49:26 Delay 1.0 detik..
07:49:27 Eksekusi Download & Upload FTP..
07:49:28 Delay 1.0 detik..
07:49:29 Eksekusi Download & Upload FTP..
07:49:31 Delay 1.0 detik..
07:49:32 Eksekusi Download & Upload FTP..
07:49:34 Delay 1.0 detik..
07:49:35 Eksekusi Download & Upload FTP..
07:49:37 Delay 1.0 detik..
07:49:38 Eksekusi Download & Upload FTP..
07:49:40 Delay 1.0 detik..
07:49:41 Eksekusi Download & Upload FTP..
07:49:43 Delay 1.0 detik..
07:49:44 Eksekusi Download & Upload FTP..
07:49:46 Delay 1.0 detik..
07:49:47 Eksekusi Download & Upload FTP..
07:49:48 Delay 1.0 detik..
07:49:49 Eksekusi Download & Upload FTP..
07:49:51 Delay 1.0 detik..
07:49:52 Eksekusi Download & Upload FTP..
07:49:54 Delay 1.0 detik..
07:49:55 Eksekusi Download & Upload FTP..
07:49:56 Delay 1.0 detik..
07:49:57 Eksekusi Download & Upload FTP..
07:49:59 Delay 1.0 detik..
07:50:00 Eksekusi Download & Upload FTP..
07:50:02 Delay 1.0 detik..
07:50:03 Eksekusi Download & Upload FTP..
07:50:05 Delay 1.0 detik..
07:50:06 Eksekusi Download & Upload FTP..
07:50:07 Delay 1.0 detik..
07:50:08 Eksekusi Download & Upload FTP..
07:50:10 Delay 1.0 detik..
07:50:11 Eksekusi Download & Upload FTP..
07:50:13 Delay 1.0 detik..
07:50:14 Eksekusi Download & Upload FTP..
07:50:16 Delay 1.0 detik..
07:50:17 Eksekusi Download & Upload FTP..
07:50:18 Delay 1.0 detik..
07:50:19 Eksekusi Download & Upload FTP..
07:50:21 Delay 1.0 detik..
07:50:22 Eksekusi Download & Upload FTP..
07:50:24 Delay 1.0 detik..
07:50:25 Eksekusi Download & Upload FTP..
07:50:26 Delay 1.0 detik..
07:50:27 Eksekusi Download & Upload FTP..
07:50:29 Delay 1.0 detik..
07:50:30 Eksekusi Download & Upload FTP..
07:50:32 Delay 1.0 detik..
07:50:33 Eksekusi Download & Upload FTP..
07:50:34 Delay 1.0 detik..
07:50:35 Eksekusi Download & Upload FTP..
07:50:37 Delay 1.0 detik..
07:50:38 Eksekusi Download & Upload FTP..
07:50:40 Delay 1.0 detik..
07:50:41 Eksekusi Download & Upload FTP..
07:50:42 Delay 1.0 detik..
07:50:43 Eksekusi Download & Upload FTP..
07:50:45 Delay 1.0 detik..
07:50:46 Eksekusi Download & Upload FTP..
07:50:48 Delay 1.0 detik..
07:50:49 Eksekusi Download & Upload FTP..
07:50:50 Delay 1.0 detik..
07:50:51 Eksekusi Download & Upload FTP..
07:50:53 Delay 1.0 detik..
07:50:54 Eksekusi Download & Upload FTP..
07:50:56 Delay 1.0 detik..
07:50:57 Eksekusi Download & Upload FTP..
07:50:59 Delay 1.0 detik..
07:51:00 Eksekusi Download & Upload FTP..
07:51:01 Delay 1.0 detik..
07:51:02 Eksekusi Download & Upload FTP..
07:51:04 Delay 1.0 detik..
07:51:05 Eksekusi Download & Upload FTP..
07:51:07 Delay 1.0 detik..
07:51:08 Eksekusi Download & Upload FTP..
07:51:10 Delay 1.0 detik..
07:51:11 Eksekusi Download & Upload FTP..
07:51:13 Delay 1.0 detik..
07:51:14 Eksekusi Download & Upload FTP..
07:51:15 Delay 1.0 detik..
07:51:16 Eksekusi Download & Upload FTP..
07:51:18 Delay 1.0 detik..
07:51:19 Eksekusi Download & Upload FTP..
07:51:21 Delay 1.0 detik..
07:51:22 Eksekusi Download & Upload FTP..
07:51:24 Delay 1.0 detik..
07:51:25 Eksekusi Download & Upload FTP..
07:51:26 Delay 1.0 detik..
07:51:27 Eksekusi Download & Upload FTP..
07:51:29 Delay 1.0 detik..
07:51:30 Eksekusi Download & Upload FTP..
07:51:32 Delay 1.0 detik..
07:51:33 Eksekusi Download & Upload FTP..
07:51:35 Delay 1.0 detik..
07:51:36 Eksekusi Download & Upload FTP..
07:51:37 Delay 1.0 detik..
07:51:38 Eksekusi Download & Upload FTP..
07:51:40 Delay 1.0 detik..
07:51:41 Eksekusi Download & Upload FTP..
07:51:43 Delay 1.0 detik..
07:51:44 Eksekusi Download & Upload FTP..
07:51:46 Delay 1.0 detik..
07:51:47 Eksekusi Download & Upload FTP..
07:51:48 Delay 1.0 detik..
07:51:49 Eksekusi Download & Upload FTP..
07:51:51 Delay 1.0 detik..
07:51:52 Eksekusi Download & Upload FTP..
07:51:53 Delay 1.0 detik..
07:51:54 Eksekusi Download & Upload FTP..
07:51:56 Delay 1.0 detik..
07:51:57 Eksekusi Download & Upload FTP..
07:51:59 Delay 1.0 detik..
07:52:00 Eksekusi Download & Upload FTP..
07:52:02 Delay 1.0 detik..
07:52:03 Eksekusi Download & Upload FTP..
07:52:05 Delay 1.0 detik..
07:52:06 Eksekusi Download & Upload FTP..
07:52:07 Delay 1.0 detik..
07:52:08 Eksekusi Download & Upload FTP..
07:52:10 Delay 1.0 detik..
07:52:11 Eksekusi Download & Upload FTP..
07:52:13 Delay 1.0 detik..
07:52:14 Eksekusi Download & Upload FTP..
07:52:15 Delay 1.0 detik..
07:52:16 Eksekusi Download & Upload FTP..
07:52:18 Delay 1.0 detik..
07:52:19 Eksekusi Download & Upload FTP..
07:52:20 Delay 1.0 detik..
07:52:21 Eksekusi Download & Upload FTP..
07:52:23 Delay 1.0 detik..
07:52:24 Eksekusi Download & Upload FTP..
07:52:26 Delay 1.0 detik..
07:52:27 Eksekusi Download & Upload FTP..
07:52:29 Delay 1.0 detik..
07:52:30 Eksekusi Download & Upload FTP..
07:52:31 Delay 1.0 detik..
07:52:32 Eksekusi Download & Upload FTP..
07:52:34 Delay 1.0 detik..
07:52:35 Eksekusi Download & Upload FTP..
07:52:36 Delay 1.0 detik..
07:52:37 Eksekusi Download & Upload FTP..
07:52:39 Delay 1.0 detik..
07:52:40 Eksekusi Download & Upload FTP..
07:52:42 Delay 1.0 detik..
07:52:43 Eksekusi Download & Upload FTP..
07:52:45 Delay 1.0 detik..
07:52:46 Eksekusi Download & Upload FTP..
07:52:47 Delay 1.0 detik..
07:52:48 Eksekusi Download & Upload FTP..
07:52:50 Delay 1.0 detik..
07:52:51 Eksekusi Download & Upload FTP..
07:52:53 Delay 1.0 detik..
07:52:54 Eksekusi Download & Upload FTP..
07:52:56 Delay 1.0 detik..
07:52:57 Eksekusi Download & Upload FTP..
07:52:59 Delay 1.0 detik..
07:53:00 Eksekusi Download & Upload FTP..
07:53:01 Delay 1.0 detik..
07:53:02 Eksekusi Download & Upload FTP..
07:53:04 Delay 1.0 detik..
07:53:05 Eksekusi Download & Upload FTP..
07:53:07 Delay 1.0 detik..
07:53:08 Eksekusi Download & Upload FTP..
07:53:10 Delay 1.0 detik..
07:53:11 Eksekusi Download & Upload FTP..
07:53:12 Delay 1.0 detik..
07:53:13 Eksekusi Download & Upload FTP..
07:53:15 Delay 1.0 detik..
07:53:16 Eksekusi Download & Upload FTP..
07:53:18 Delay 1.0 detik..
07:53:19 Eksekusi Download & Upload FTP..
07:53:20 Delay 1.0 detik..
07:53:21 Eksekusi Download & Upload FTP..
07:53:23 Delay 1.0 detik..
07:53:24 Eksekusi Download & Upload FTP..
07:53:26 Delay 1.0 detik..
07:53:27 Eksekusi Download & Upload FTP..
07:53:29 Delay 1.0 detik..
07:53:30 Eksekusi Download & Upload FTP..
07:53:31 Delay 1.0 detik..
07:53:32 Eksekusi Download & Upload FTP..
07:53:34 Delay 1.0 detik..
07:53:35 Eksekusi Download & Upload FTP..
07:53:37 Delay 1.0 detik..
07:53:38 Eksekusi Download & Upload FTP..
07:53:40 Delay 1.0 detik..
07:53:41 Eksekusi Download & Upload FTP..
07:53:42 Delay 1.0 detik..
07:53:43 Eksekusi Download & Upload FTP..
07:53:45 Delay 1.0 detik..
07:53:46 Eksekusi Download & Upload FTP..
07:53:48 Delay 1.0 detik..
07:53:49 Eksekusi Download & Upload FTP..
07:53:50 Delay 1.0 detik..
07:53:51 Eksekusi Download & Upload FTP..
07:53:53 Delay 1.0 detik..
07:53:54 Eksekusi Download & Upload FTP..
07:53:56 Delay 1.0 detik..
07:53:57 Eksekusi Download & Upload FTP..
07:53:58 Delay 1.0 detik..
07:53:59 Eksekusi Download & Upload FTP..
07:54:01 Delay 1.0 detik..
07:54:02 Eksekusi Download & Upload FTP..
07:54:04 Delay 1.0 detik..
07:54:05 Eksekusi Download & Upload FTP..
07:54:06 Delay 1.0 detik..
07:54:07 Eksekusi Download & Upload FTP..
07:54:09 Delay 1.0 detik..
07:54:10 Eksekusi Download & Upload FTP..
07:54:12 Delay 1.0 detik..
07:54:13 Eksekusi Download & Upload FTP..
07:54:15 Delay 1.0 detik..
07:54:16 Eksekusi Download & Upload FTP..
07:54:17 Delay 1.0 detik..
07:54:18 Eksekusi Download & Upload FTP..
07:54:20 Delay 1.0 detik..
07:54:21 Eksekusi Download & Upload FTP..
07:54:23 Delay 1.0 detik..
07:54:24 Eksekusi Download & Upload FTP..
07:54:25 Delay 1.0 detik..
07:54:26 Eksekusi Download & Upload FTP..
07:54:28 Delay 1.0 detik..
07:54:29 Eksekusi Download & Upload FTP..
07:54:30 Delay 1.0 detik..
07:54:31 Eksekusi Download & Upload FTP..
07:54:33 Delay 1.0 detik..
07:54:34 Eksekusi Download & Upload FTP..
07:54:36 Delay 1.0 detik..
07:54:37 Eksekusi Download & Upload FTP..
07:54:38 Delay 1.0 detik..
07:54:39 Eksekusi Download & Upload FTP..
07:54:41 Delay 1.0 detik..
07:54:42 Eksekusi Download & Upload FTP..
07:54:44 Delay 1.0 detik..
07:54:45 Eksekusi Download & Upload FTP..
07:54:46 Delay 1.0 detik..
07:54:47 Eksekusi Download & Upload FTP..
07:54:49 Delay 1.0 detik..
07:54:50 Eksekusi Download & Upload FTP..
07:54:52 Delay 1.0 detik..
07:54:53 Eksekusi Download & Upload FTP..
07:54:54 Delay 1.0 detik..
07:54:55 Eksekusi Download & Upload FTP..
07:54:57 Delay 1.0 detik..
07:54:58 Eksekusi Download & Upload FTP..
07:55:00 Delay 1.0 detik..
07:55:01 Eksekusi Download & Upload FTP..
07:55:03 Delay 1.0 detik..
07:55:04 Eksekusi Download & Upload FTP..
07:55:06 Delay 1.0 detik..
07:55:07 Eksekusi Download & Upload FTP..
07:55:08 Delay 1.0 detik..
07:55:09 Eksekusi Download & Upload FTP..
07:55:11 Delay 1.0 detik..
07:55:12 Eksekusi Download & Upload FTP..
07:55:14 Delay 1.0 detik..
07:55:15 Eksekusi Download & Upload FTP..
07:55:17 Delay 1.0 detik..
07:55:18 Eksekusi Download & Upload FTP..
07:55:20 Delay 1.0 detik..
07:55:21 Eksekusi Download & Upload FTP..
07:55:22 Delay 1.0 detik..
07:55:23 Eksekusi Download & Upload FTP..
07:55:25 Delay 1.0 detik..
07:55:26 Eksekusi Download & Upload FTP..
07:55:28 Delay 1.0 detik..
07:55:29 Eksekusi Download & Upload FTP..
07:55:31 Delay 1.0 detik..
07:55:32 Eksekusi Download & Upload FTP..
07:55:33 Delay 1.0 detik..
07:55:34 Eksekusi Download & Upload FTP..
07:55:36 Delay 1.0 detik..
07:55:37 Eksekusi Download & Upload FTP..
07:55:39 Delay 1.0 detik..
07:55:40 Eksekusi Download & Upload FTP..
07:55:41 Delay 1.0 detik..
07:55:42 Eksekusi Download & Upload FTP..
07:55:44 Delay 1.0 detik..
07:55:45 Eksekusi Download & Upload FTP..
07:55:47 Delay 1.0 detik..
07:55:48 Eksekusi Download & Upload FTP..
07:55:50 Delay 1.0 detik..
07:55:51 Eksekusi Download & Upload FTP..
07:55:53 Delay 1.0 detik..
07:55:54 Eksekusi Download & Upload FTP..
07:55:56 Delay 1.0 detik..
07:55:57 Eksekusi Download & Upload FTP..
07:55:59 Delay 1.0 detik..
07:56:00 Eksekusi Download & Upload FTP..
07:56:01 Delay 1.0 detik..
07:56:02 Eksekusi Download & Upload FTP..
07:56:05 Delay 1.0 detik..
07:56:06 Eksekusi Download & Upload FTP..
07:56:07 Delay 1.0 detik..
07:56:08 Eksekusi Download & Upload FTP..
07:56:10 Delay 1.0 detik..
07:56:11 Eksekusi Download & Upload FTP..
07:56:13 Delay 1.0 detik..
07:56:14 Eksekusi Download & Upload FTP..
07:56:15 Delay 1.0 detik..
07:56:16 Eksekusi Download & Upload FTP..
07:56:18 Delay 1.0 detik..
07:56:19 Eksekusi Download & Upload FTP..
07:56:21 Delay 1.0 detik..
07:56:22 Eksekusi Download & Upload FTP..
07:56:23 Delay 1.0 detik..
07:56:24 Eksekusi Download & Upload FTP..
07:56:26 Delay 1.0 detik..
07:56:27 Eksekusi Download & Upload FTP..
07:56:29 Delay 1.0 detik..
07:56:30 Eksekusi Download & Upload FTP..
07:56:32 Delay 1.0 detik..
07:56:33 Eksekusi Download & Upload FTP..
07:56:34 Delay 1.0 detik..
07:56:35 Eksekusi Download & Upload FTP..
07:56:37 Delay 1.0 detik..
07:56:38 Eksekusi Download & Upload FTP..
07:56:40 Delay 1.0 detik..
07:56:41 Eksekusi Download & Upload FTP..
07:56:43 Delay 1.0 detik..
07:56:44 Eksekusi Download & Upload FTP..
07:56:45 Delay 1.0 detik..
07:56:46 Eksekusi Download & Upload FTP..
07:56:48 Delay 1.0 detik..
07:56:49 Eksekusi Download & Upload FTP..
07:56:50 Delay 1.0 detik..
07:56:51 Eksekusi Download & Upload FTP..
07:56:53 Delay 1.0 detik..
07:56:54 Eksekusi Download & Upload FTP..
07:56:56 Delay 1.0 detik..
07:56:57 Eksekusi Download & Upload FTP..
07:56:59 Delay 1.0 detik..
07:57:00 Eksekusi Download & Upload FTP..
07:57:02 Delay 1.0 detik..
07:57:03 Eksekusi Download & Upload FTP..
07:57:04 Delay 1.0 detik..
07:57:05 Eksekusi Download & Upload FTP..
07:57:07 Delay 1.0 detik..
07:57:08 Eksekusi Download & Upload FTP..
07:57:09 Delay 1.0 detik..
07:57:10 Eksekusi Download & Upload FTP..
07:57:12 Delay 1.0 detik..
07:57:13 Eksekusi Download & Upload FTP..
07:57:15 Delay 1.0 detik..
07:57:16 Eksekusi Download & Upload FTP..
07:57:18 Delay 1.0 detik..
07:57:19 Eksekusi Download & Upload FTP..
07:57:20 Delay 1.0 detik..
07:57:21 Eksekusi Download & Upload FTP..
07:57:23 Delay 1.0 detik..
07:57:24 Eksekusi Download & Upload FTP..
07:57:26 Delay 1.0 detik..
07:57:27 Eksekusi Download & Upload FTP..
07:57:29 Delay 1.0 detik..
07:57:30 Eksekusi Download & Upload FTP..
07:57:31 Delay 1.0 detik..
07:57:32 Eksekusi Download & Upload FTP..
07:57:34 Delay 1.0 detik..
07:57:35 Eksekusi Download & Upload FTP..
07:57:37 Delay 1.0 detik..
07:57:38 Eksekusi Download & Upload FTP..
07:57:40 Delay 1.0 detik..
07:57:41 Eksekusi Download & Upload FTP..
07:57:42 Delay 1.0 detik..
07:57:43 Eksekusi Download & Upload FTP..
07:57:45 Delay 1.0 detik..
07:57:46 Eksekusi Download & Upload FTP..
07:57:48 Delay 1.0 detik..
07:57:49 Eksekusi Download & Upload FTP..
07:57:51 Delay 1.0 detik..
07:57:52 Eksekusi Download & Upload FTP..
07:57:54 Delay 1.0 detik..
07:57:55 Eksekusi Download & Upload FTP..
07:57:56 Delay 1.0 detik..
07:57:57 Eksekusi Download & Upload FTP..
07:57:59 Delay 1.0 detik..
07:58:00 Eksekusi Download & Upload FTP..
07:58:01 Delay 1.0 detik..
07:58:02 Eksekusi Download & Upload FTP..
07:58:04 Delay 1.0 detik..
07:58:05 Eksekusi Download & Upload FTP..
07:58:07 Delay 1.0 detik..
07:58:08 Eksekusi Download & Upload FTP..
07:58:09 Delay 1.0 detik..
07:58:10 Eksekusi Download & Upload FTP..
07:58:12 Delay 1.0 detik..
07:58:13 Eksekusi Download & Upload FTP..
07:58:15 Delay 1.0 detik..
07:58:16 Eksekusi Download & Upload FTP..
07:58:17 Delay 1.0 detik..
07:58:18 Eksekusi Download & Upload FTP..
07:58:20 Delay 1.0 detik..
07:58:21 Eksekusi Download & Upload FTP..
07:58:22 Delay 1.0 detik..
07:58:23 Eksekusi Download & Upload FTP..
07:58:25 Delay 1.0 detik..
07:58:26 Eksekusi Download & Upload FTP..
07:58:27 Delay 1.0 detik..
07:58:28 Eksekusi Download & Upload FTP..
07:58:30 Delay 1.0 detik..
07:58:31 Eksekusi Download & Upload FTP..
07:58:32 Delay 1.0 detik..
07:58:33 Eksekusi Download & Upload FTP..
07:58:35 Delay 1.0 detik..
07:58:36 Eksekusi Download & Upload FTP..
07:58:38 Delay 1.0 detik..
07:58:39 Eksekusi Download & Upload FTP..
07:58:40 Delay 1.0 detik..
07:58:41 Eksekusi Download & Upload FTP..
07:58:43 Delay 1.0 detik..
07:58:44 Eksekusi Download & Upload FTP..
07:58:45 Delay 1.0 detik..
07:58:46 Eksekusi Download & Upload FTP..
07:58:48 Delay 1.0 detik..
07:58:49 Eksekusi Download & Upload FTP..
07:58:50 Delay 1.0 detik..
07:58:51 Eksekusi Download & Upload FTP..
07:58:53 Delay 1.0 detik..
07:58:54 Eksekusi Download & Upload FTP..
07:58:56 Delay 1.0 detik..
07:58:57 Eksekusi Download & Upload FTP..
07:58:58 Delay 1.0 detik..
07:58:59 Eksekusi Download & Upload FTP..
07:59:01 Delay 1.0 detik..
07:59:02 Eksekusi Download & Upload FTP..
07:59:03 Delay 1.0 detik..
07:59:04 Eksekusi Download & Upload FTP..
07:59:06 Delay 1.0 detik..
07:59:07 Eksekusi Download & Upload FTP..
07:59:09 Delay 1.0 detik..
07:59:10 Eksekusi Download & Upload FTP..
07:59:12 Delay 1.0 detik..
07:59:13 Eksekusi Download & Upload FTP..
07:59:15 Delay 1.0 detik..
07:59:16 Eksekusi Download & Upload FTP..
07:59:17 Delay 1.0 detik..
07:59:18 Eksekusi Download & Upload FTP..
07:59:20 Delay 1.0 detik..
07:59:21 Eksekusi Download & Upload FTP..
07:59:23 Delay 1.0 detik..
07:59:24 Eksekusi Download & Upload FTP..
07:59:25 Delay 1.0 detik..
07:59:26 Eksekusi Download & Upload FTP..
07:59:28 Delay 1.0 detik..
07:59:29 Eksekusi Download & Upload FTP..
07:59:31 Delay 1.0 detik..
07:59:32 Eksekusi Download & Upload FTP..
07:59:34 Delay 1.0 detik..
07:59:35 Eksekusi Download & Upload FTP..
07:59:37 Delay 1.0 detik..
07:59:38 Eksekusi Download & Upload FTP..
07:59:40 Delay 1.0 detik..
07:59:41 Eksekusi Download & Upload FTP..
07:59:42 Delay 1.0 detik..
07:59:43 Eksekusi Download & Upload FTP..
07:59:45 Delay 1.0 detik..
07:59:46 Eksekusi Download & Upload FTP..
07:59:48 Delay 1.0 detik..
07:59:49 Eksekusi Download & Upload FTP..
07:59:50 Delay 1.0 detik..
07:59:51 Eksekusi Download & Upload FTP..
07:59:53 Delay 1.0 detik..
07:59:54 Eksekusi Download & Upload FTP..
07:59:56 Delay 1.0 detik..
07:59:57 Eksekusi Download & Upload FTP..
07:59:58 Delay 1.0 detik..
07:59:59 Eksekusi Download & Upload FTP..
08:00:01 Delay 1.0 detik..
08:00:02 Eksekusi Download & Upload FTP..
08:00:04 Delay 1.0 detik..
08:00:05 Eksekusi Download & Upload FTP..
08:00:06 Delay 1.0 detik..
08:00:07 Eksekusi Download & Upload FTP..
08:00:09 Delay 1.0 detik..
08:00:10 Eksekusi Download & Upload FTP..
08:00:12 Delay 1.0 detik..
08:00:13 Eksekusi Download & Upload FTP..
08:00:14 Delay 1.0 detik..
08:00:15 Eksekusi Download & Upload FTP..
08:00:17 Delay 1.0 detik..
08:00:18 Eksekusi Download & Upload FTP..
08:00:21 Delay 1.0 detik..
08:00:22 Eksekusi Download & Upload FTP..
08:00:23 Delay 1.0 detik..
08:00:24 Eksekusi Download & Upload FTP..
08:00:26 Delay 1.0 detik..
08:00:27 Eksekusi Download & Upload FTP..
08:00:28 Delay 1.0 detik..
08:00:29 Eksekusi Download & Upload FTP..
08:00:31 Delay 1.0 detik..
08:00:32 Eksekusi Download & Upload FTP..
08:00:34 Delay 1.0 detik..
08:00:35 Eksekusi Download & Upload FTP..
08:00:37 Delay 1.0 detik..
08:00:38 Eksekusi Download & Upload FTP..
08:00:39 Delay 1.0 detik..
08:00:40 Eksekusi Download & Upload FTP..
08:00:42 Delay 1.0 detik..
08:00:43 Eksekusi Download & Upload FTP..
08:00:45 Delay 1.0 detik..
08:00:46 Eksekusi Download & Upload FTP..
08:00:48 Delay 1.0 detik..
08:00:49 Eksekusi Download & Upload FTP..
08:00:50 Delay 1.0 detik..
08:00:51 Eksekusi Download & Upload FTP..
08:00:53 Delay 1.0 detik..
08:00:54 Eksekusi Download & Upload FTP..
08:00:56 Delay 1.0 detik..
08:00:57 Eksekusi Download & Upload FTP..
08:00:59 Delay 1.0 detik..
08:01:00 Eksekusi Download & Upload FTP..
08:01:02 Delay 1.0 detik..
08:01:03 Eksekusi Download & Upload FTP..
08:01:04 Delay 1.0 detik..
08:01:05 Eksekusi Download & Upload FTP..
08:01:07 Delay 1.0 detik..
08:01:08 Eksekusi Download & Upload FTP..
08:01:10 Delay 1.0 detik..
08:01:11 Eksekusi Download & Upload FTP..
08:01:13 Delay 1.0 detik..
08:01:14 Eksekusi Download & Upload FTP..
08:01:15 Delay 1.0 detik..
08:01:16 Eksekusi Download & Upload FTP..
08:01:18 Delay 1.0 detik..
08:01:19 Eksekusi Download & Upload FTP..
08:01:21 Delay 1.0 detik..
08:01:22 Eksekusi Download & Upload FTP..
08:01:23 Delay 1.0 detik..
08:01:24 Eksekusi Download & Upload FTP..
08:01:26 Delay 1.0 detik..
08:01:27 Eksekusi Download & Upload FTP..
08:01:29 Delay 1.0 detik..
08:01:30 Eksekusi Download & Upload FTP..
08:01:32 Delay 1.0 detik..
08:01:33 Eksekusi Download & Upload FTP..
08:01:34 Delay 1.0 detik..
08:01:35 Eksekusi Download & Upload FTP..
08:01:37 Delay 1.0 detik..
08:01:38 Eksekusi Download & Upload FTP..
08:01:40 Delay 1.0 detik..
08:01:41 Eksekusi Download & Upload FTP..
08:01:43 Delay 1.0 detik..
08:01:44 Eksekusi Download & Upload FTP..
08:01:46 Delay 1.0 detik..
08:01:47 Eksekusi Download & Upload FTP..
08:01:48 Delay 1.0 detik..
08:01:49 Eksekusi Download & Upload FTP..
08:01:51 Delay 1.0 detik..
08:01:52 Eksekusi Download & Upload FTP..
08:01:54 Delay 1.0 detik..
08:01:55 Eksekusi Download & Upload FTP..
08:01:56 Delay 1.0 detik..
08:01:57 Eksekusi Download & Upload FTP..
08:01:59 Delay 1.0 detik..
08:02:00 Eksekusi Download & Upload FTP..
08:02:02 Delay 1.0 detik..
08:02:03 Eksekusi Download & Upload FTP..
08:02:05 Delay 1.0 detik..
08:02:06 Eksekusi Download & Upload FTP..
08:02:08 Delay 1.0 detik..
08:02:09 Eksekusi Download & Upload FTP..
08:02:10 Delay 1.0 detik..
08:02:11 Eksekusi Download & Upload FTP..
08:02:13 Delay 1.0 detik..
08:02:14 Eksekusi Download & Upload FTP..
08:02:16 Delay 1.0 detik..
08:02:17 Eksekusi Download & Upload FTP..
08:02:19 Delay 1.0 detik..
08:02:20 Eksekusi Download & Upload FTP..
08:02:22 Delay 1.0 detik..
08:02:23 Eksekusi Download & Upload FTP..
08:02:24 Delay 1.0 detik..
08:02:25 Eksekusi Download & Upload FTP..
08:02:27 Delay 1.0 detik..
08:02:28 Eksekusi Download & Upload FTP..
08:02:30 Delay 1.0 detik..
08:02:31 Eksekusi Download & Upload FTP..
08:02:33 Delay 1.0 detik..
08:02:34 Eksekusi Download & Upload FTP..
08:02:35 Delay 1.0 detik..
08:02:36 Eksekusi Download & Upload FTP..
08:02:39 Delay 1.0 detik..
08:02:40 Eksekusi Download & Upload FTP..
08:02:42 Delay 1.0 detik..
08:02:43 Eksekusi Download & Upload FTP..
08:02:44 Delay 1.0 detik..
08:02:45 Eksekusi Download & Upload FTP..
08:02:47 Delay 1.0 detik..
08:02:48 Eksekusi Download & Upload FTP..
08:02:50 Delay 1.0 detik..
08:02:51 Eksekusi Download & Upload FTP..
08:02:52 Delay 1.0 detik..
08:02:53 Eksekusi Download & Upload FTP..
08:02:55 Delay 1.0 detik..
08:02:56 Eksekusi Download & Upload FTP..
08:02:58 Delay 1.0 detik..
08:02:59 Eksekusi Download & Upload FTP..
08:03:01 Delay 1.0 detik..
08:03:02 Eksekusi Download & Upload FTP..
08:03:03 Delay 1.0 detik..
08:03:04 Eksekusi Download & Upload FTP..
08:03:06 Delay 1.0 detik..
08:03:07 Eksekusi Download & Upload FTP..
08:03:09 Delay 1.0 detik..
08:03:10 Eksekusi Download & Upload FTP..
08:03:11 Delay 1.0 detik..
08:03:12 Eksekusi Download & Upload FTP..
08:03:14 Delay 1.0 detik..
08:03:15 Eksekusi Download & Upload FTP..
08:03:17 Delay 1.0 detik..
08:03:18 Eksekusi Download & Upload FTP..
08:03:20 Delay 1.0 detik..
08:03:21 Eksekusi Download & Upload FTP..
08:03:22 Delay 1.0 detik..
08:03:23 Eksekusi Download & Upload FTP..
08:03:25 Delay 1.0 detik..
08:03:26 Eksekusi Download & Upload FTP..
08:03:28 Delay 1.0 detik..
08:03:29 Eksekusi Download & Upload FTP..
08:03:30 Delay 1.0 detik..
08:03:31 Eksekusi Download & Upload FTP..
08:03:33 Delay 1.0 detik..
08:03:34 Eksekusi Download & Upload FTP..
08:03:36 Delay 1.0 detik..
08:03:37 Eksekusi Download & Upload FTP..
08:03:38 Delay 1.0 detik..
08:03:39 Eksekusi Download & Upload FTP..
08:03:41 Delay 1.0 detik..
08:03:42 Eksekusi Download & Upload FTP..
08:03:44 Delay 1.0 detik..
08:03:45 Eksekusi Download & Upload FTP..
08:03:47 Delay 1.0 detik..
08:03:48 Eksekusi Download & Upload FTP..
08:03:50 Delay 1.0 detik..
08:03:51 Eksekusi Download & Upload FTP..
08:03:53 Delay 1.0 detik..
08:03:54 Eksekusi Download & Upload FTP..
08:03:55 Delay 1.0 detik..
08:03:56 Eksekusi Download & Upload FTP..
08:03:58 Delay 1.0 detik..
08:03:59 Eksekusi Download & Upload FTP..
08:04:01 Delay 1.0 detik..
08:04:02 Eksekusi Download & Upload FTP..
08:04:04 Delay 1.0 detik..
08:04:05 Eksekusi Download & Upload FTP..
08:04:06 Delay 1.0 detik..
08:04:07 Eksekusi Download & Upload FTP..
08:04:09 Delay 1.0 detik..
08:04:10 Eksekusi Download & Upload FTP..
08:04:12 Delay 1.0 detik..
08:04:13 Eksekusi Download & Upload FTP..
08:04:15 Delay 1.0 detik..
08:04:16 Eksekusi Download & Upload FTP..
08:04:18 Delay 1.0 detik..
08:04:19 Eksekusi Download & Upload FTP..
08:04:20 Delay 1.0 detik..
08:04:21 Eksekusi Download & Upload FTP..
08:04:23 Delay 1.0 detik..
08:04:24 Eksekusi Download & Upload FTP..
08:04:26 Delay 1.0 detik..
08:04:27 Eksekusi Download & Upload FTP..
08:04:29 Delay 1.0 detik..
08:04:30 Eksekusi Download & Upload FTP..
08:04:31 Delay 1.0 detik..
08:04:32 Eksekusi Download & Upload FTP..
08:04:34 Delay 1.0 detik..
08:04:35 Eksekusi Download & Upload FTP..
08:04:37 Delay 1.0 detik..
08:04:38 Eksekusi Download & Upload FTP..
08:04:39 Delay 1.0 detik..
08:04:40 Eksekusi Download & Upload FTP..
08:04:42 Delay 1.0 detik..
08:04:43 Eksekusi Download & Upload FTP..
08:04:45 Delay 1.0 detik..
08:04:46 Eksekusi Download & Upload FTP..
08:04:47 Delay 1.0 detik..
08:04:48 Eksekusi Download & Upload FTP..
08:04:50 Delay 1.0 detik..
08:04:51 Eksekusi Download & Upload FTP..
08:04:53 Delay 1.0 detik..
08:04:54 Eksekusi Download & Upload FTP..
08:04:56 Delay 1.0 detik..
08:04:57 Eksekusi Download & Upload FTP..
08:04:58 Delay 1.0 detik..
08:04:59 Eksekusi Download & Upload FTP..
08:05:01 Delay 1.0 detik..
08:05:02 Eksekusi Download & Upload FTP..
08:05:04 Delay 1.0 detik..
08:05:05 Eksekusi Download & Upload FTP..
08:05:06 Delay 1.0 detik..
08:05:07 Eksekusi Download & Upload FTP..
08:05:09 Delay 1.0 detik..
08:05:10 Eksekusi Download & Upload FTP..
08:05:12 Delay 1.0 detik..
08:05:13 Eksekusi Download & Upload FTP..
08:05:14 Delay 1.0 detik..
08:05:15 Eksekusi Download & Upload FTP..
08:05:17 Delay 1.0 detik..
08:05:18 Eksekusi Download & Upload FTP..
08:05:20 Delay 1.0 detik..
08:05:21 Eksekusi Download & Upload FTP..
08:05:23 Delay 1.0 detik..
08:05:24 Eksekusi Download & Upload FTP..
08:05:27 Delay 1.0 detik..
08:05:28 Eksekusi Download & Upload FTP..
08:05:29 Delay 1.0 detik..
08:05:30 Eksekusi Download & Upload FTP..
08:05:32 Delay 1.0 detik..
08:05:33 Eksekusi Download & Upload FTP..
08:05:35 Delay 1.0 detik..
08:05:36 Eksekusi Download & Upload FTP..
08:05:37 Delay 1.0 detik..
08:05:38 Eksekusi Download & Upload FTP..
08:05:40 Delay 1.0 detik..
08:05:41 Eksekusi Download & Upload FTP..
08:05:43 Delay 1.0 detik..
08:05:44 Eksekusi Download & Upload FTP..
08:05:46 Delay 1.0 detik..
08:05:47 Eksekusi Download & Upload FTP..
08:05:48 Delay 1.0 detik..
08:05:49 Eksekusi Download & Upload FTP..
08:05:51 Delay 1.0 detik..
08:05:52 Eksekusi Download & Upload FTP..
08:05:54 Delay 1.0 detik..
08:05:55 Eksekusi Download & Upload FTP..
08:05:56 Delay 1.0 detik..
08:05:57 Eksekusi Download & Upload FTP..
08:05:59 Delay 1.0 detik..
08:06:00 Eksekusi Download & Upload FTP..
08:06:03 Delay 1.0 detik..
08:06:04 Eksekusi Download & Upload FTP..
08:06:05 Delay 1.0 detik..
08:06:06 Eksekusi Download & Upload FTP..
08:06:08 Delay 1.0 detik..
08:06:09 Eksekusi Download & Upload FTP..
08:06:10 Delay 1.0 detik..
08:06:11 Eksekusi Download & Upload FTP..
08:06:13 Delay 1.0 detik..
08:06:14 Eksekusi Download & Upload FTP..
08:06:17 Delay 1.0 detik..
08:06:18 Eksekusi Download & Upload FTP..
08:06:19 Delay 1.0 detik..
08:06:20 Eksekusi Download & Upload FTP..
08:06:22 Delay 1.0 detik..
08:06:23 Eksekusi Download & Upload FTP..
08:06:25 Delay 1.0 detik..
08:06:26 Eksekusi Download & Upload FTP..
08:06:28 Delay 1.0 detik..
08:06:29 Eksekusi Download & Upload FTP..
08:06:31 Delay 1.0 detik..
08:06:32 Eksekusi Download & Upload FTP..
08:06:33 Delay 1.0 detik..
08:06:34 Eksekusi Download & Upload FTP..
08:06:36 Delay 1.0 detik..
08:06:37 Eksekusi Download & Upload FTP..
08:06:38 Delay 1.0 detik..
08:06:39 Eksekusi Download & Upload FTP..
08:06:41 Delay 1.0 detik..
08:06:42 Eksekusi Download & Upload FTP..
08:06:44 Delay 1.0 detik..
08:06:45 Eksekusi Download & Upload FTP..
08:06:47 Delay 1.0 detik..
08:06:48 Eksekusi Download & Upload FTP..
08:06:49 Delay 1.0 detik..
08:06:50 Eksekusi Download & Upload FTP..
08:06:52 Delay 1.0 detik..
08:06:53 Eksekusi Download & Upload FTP..
08:06:55 Delay 1.0 detik..
08:06:56 Eksekusi Download & Upload FTP..
08:06:57 Downloading File 309.txt from FTP Server --> 178.128.125.105/kps01/txt/input/309.txt
08:06:57 Success File downloaded into api/txt/input/309.txt
08:06:57 Deleting File 309.txt from FTP Server --> 178.128.125.105/kps01/txt/input/309.txt
08:06:57 Success File deleted from FTP Server --> 178.128.125.105/kps01/txt/input/309.txt
08:06:58 Uploading File 309.TXT from lokal Server --> api/txt/output/309.TXT
08:06:58 Success File uploaded into FTP Server --> 178.128.125.105/kps01/txt/output/309.TXT
08:06:58 Deleting File 309.TXT from local DIR --> api/txt/output/309.TXT
08:06:58 Success File deleted from local DIR --> api/txt/output/309.TXT
08:06:58 Delay 1.0 detik..
08:06:59 Eksekusi Download & Upload FTP..
08:07:01 Delay 1.0 detik..
08:07:02 Eksekusi Download & Upload FTP..
08:07:03 Delay 1.0 detik..
08:07:04 Eksekusi Download & Upload FTP..
08:07:06 Delay 1.0 detik..
08:07:07 Eksekusi Download & Upload FTP..
08:07:09 Delay 1.0 detik..
08:07:10 Eksekusi Download & Upload FTP..
08:07:12 Delay 1.0 detik..
08:07:13 Eksekusi Download & Upload FTP..
08:07:14 Delay 1.0 detik..
08:07:15 Eksekusi Download & Upload FTP..
08:07:17 Delay 1.0 detik..
08:07:18 Eksekusi Download & Upload FTP..
08:07:20 Delay 1.0 detik..
08:07:21 Eksekusi Download & Upload FTP..
08:07:22 Delay 1.0 detik..
08:07:23 Eksekusi Download & Upload FTP..
08:07:25 Delay 1.0 detik..
08:07:26 Eksekusi Download & Upload FTP..
08:07:28 Delay 1.0 detik..
08:07:29 Eksekusi Download & Upload FTP..
08:07:30 Delay 1.0 detik..
08:07:31 Eksekusi Download & Upload FTP..
08:07:34 Delay 1.0 detik..
08:07:35 Eksekusi Download & Upload FTP..
08:07:40 Delay 1.0 detik..
08:07:41 Eksekusi Download & Upload FTP..
08:07:43 Delay 1.0 detik..
08:07:44 Eksekusi Download & Upload FTP..
08:07:45 Delay 1.0 detik..
08:07:46 Eksekusi Download & Upload FTP..
08:07:48 Delay 1.0 detik..
08:07:49 Eksekusi Download & Upload FTP..
08:07:51 Delay 1.0 detik..
08:07:52 Eksekusi Download & Upload FTP..
08:07:53 Delay 1.0 detik..
08:07:54 Eksekusi Download & Upload FTP..
08:07:56 Delay 1.0 detik..
08:07:57 Eksekusi Download & Upload FTP..
08:07:58 Downloading File 310.txt from FTP Server --> 178.128.125.105/kps01/txt/input/310.txt
08:07:58 Success File downloaded into api/txt/input/310.txt
08:07:58 Deleting File 310.txt from FTP Server --> 178.128.125.105/kps01/txt/input/310.txt
08:07:58 Success File deleted from FTP Server --> 178.128.125.105/kps01/txt/input/310.txt
08:07:59 Uploading File 310.TXT from lokal Server --> api/txt/output/310.TXT
08:07:59 Success File uploaded into FTP Server --> 178.128.125.105/kps01/txt/output/310.TXT
08:07:59 Deleting File 310.TXT from local DIR --> api/txt/output/310.TXT
08:07:59 Success File deleted from local DIR --> api/txt/output/310.TXT
08:07:59 Delay 1.0 detik..
08:08:00 Eksekusi Download & Upload FTP..
08:08:02 Delay 1.0 detik..
08:08:03 Eksekusi Download & Upload FTP..
08:08:04 Delay 1.0 detik..
08:08:05 Eksekusi Download & Upload FTP..
08:08:07 Delay 1.0 detik..
08:08:08 Eksekusi Download & Upload FTP..
08:08:10 Delay 1.0 detik..
08:08:11 Eksekusi Download & Upload FTP..
08:08:12 Delay 1.0 detik..
08:08:14 Eksekusi Download & Upload FTP..
08:08:16 Delay 1.0 detik..
08:08:17 Eksekusi Download & Upload FTP..
08:08:18 Delay 1.0 detik..
08:08:19 Eksekusi Download & Upload FTP..
08:08:21 Delay 1.0 detik..
08:08:22 Eksekusi Download & Upload FTP..
08:08:24 Delay 1.0 detik..
08:08:25 Eksekusi Download & Upload FTP..
08:08:26 Delay 1.0 detik..
08:08:27 Eksekusi Download & Upload FTP..
08:08:29 Delay 1.0 detik..
08:08:30 Eksekusi Download & Upload FTP..
08:08:31 Downloading File 311.txt from FTP Server --> 178.128.125.105/kps01/txt/input/311.txt
08:08:31 Success File downloaded into api/txt/input/311.txt
08:08:31 Deleting File 311.txt from FTP Server --> 178.128.125.105/kps01/txt/input/311.txt
08:08:31 Success File deleted from FTP Server --> 178.128.125.105/kps01/txt/input/311.txt
08:08:32 Delay 1.0 detik..
08:08:33 Eksekusi Download & Upload FTP..
08:08:35 Delay 1.0 detik..
08:08:36 Eksekusi Download & Upload FTP..
08:08:41 Delay 1.0 detik..
08:08:42 Eksekusi Download & Upload FTP..
08:08:44 Delay 1.0 detik..
08:08:45 Eksekusi Download & Upload FTP..
08:08:47 Delay 1.0 detik..
08:08:48 Eksekusi Download & Upload FTP..
08:08:49 Delay 1.0 detik..
08:08:50 Eksekusi Download & Upload FTP..
08:08:52 Delay 1.0 detik..
08:08:53 Eksekusi Download & Upload FTP..
08:08:54 Delay 1.0 detik..
08:08:55 Eksekusi Download & Upload FTP..
08:08:57 Delay 1.0 detik..
08:08:58 Eksekusi Download & Upload FTP..
08:09:00 Delay 1.0 detik..
08:09:01 Eksekusi Download & Upload FTP..
08:09:03 Delay 1.0 detik..
08:09:04 Eksekusi Download & Upload FTP..
08:09:06 Delay 1.0 detik..
08:09:07 Eksekusi Download & Upload FTP..
08:09:08 Delay 1.0 detik..
08:09:09 Eksekusi Download & Upload FTP..
08:09:11 Delay 1.0 detik..
08:09:12 Eksekusi Download & Upload FTP..
08:09:14 Delay 1.0 detik..
08:09:15 Eksekusi Download & Upload FTP..
08:09:17 Delay 1.0 detik..
08:09:18 Eksekusi Download & Upload FTP..
08:09:20 Delay 1.0 detik..
08:09:21 Eksekusi Download & Upload FTP..
08:09:23 Delay 1.0 detik..
08:09:24 Eksekusi Download & Upload FTP..
08:09:25 Delay 1.0 detik..
08:09:26 Eksekusi Download & Upload FTP..
08:09:28 Delay 1.0 detik..
08:09:29 Eksekusi Download & Upload FTP..
08:09:31 Delay 1.0 detik..
08:09:32 Eksekusi Download & Upload FTP..
08:09:34 Delay 1.0 detik..
08:09:35 Eksekusi Download & Upload FTP..
08:09:37 Delay 1.0 detik..
08:09:38 Eksekusi Download & Upload FTP..
08:09:40 Delay 1.0 detik..
08:09:41 Eksekusi Download & Upload FTP..
08:09:43 Delay 1.0 detik..
08:09:44 Eksekusi Download & Upload FTP..
08:09:45 Delay 1.0 detik..
08:09:46 Eksekusi Download & Upload FTP..
08:09:48 Delay 1.0 detik..
08:09:49 Eksekusi Download & Upload FTP..
08:09:51 Delay 1.0 detik..
08:09:52 Eksekusi Download & Upload FTP..
08:09:53 Delay 1.0 detik..
08:09:54 Eksekusi Download & Upload FTP..
08:09:57 Delay 1.0 detik..
08:09:58 Eksekusi Download & Upload FTP..
08:10:00 Delay 1.0 detik..
08:10:01 Eksekusi Download & Upload FTP..
08:10:03 Delay 1.0 detik..
08:10:04 Eksekusi Download & Upload FTP..
08:10:06 Delay 1.0 detik..
08:10:07 Eksekusi Download & Upload FTP..
08:10:08 Delay 1.0 detik..
08:10:09 Eksekusi Download & Upload FTP..
08:10:11 Delay 1.0 detik..
08:10:12 Eksekusi Download & Upload FTP..
08:10:13 Downloading File 312.txt from FTP Server --> 178.128.125.105/kps01/txt/input/312.txt
08:10:13 Success File downloaded into api/txt/input/312.txt
08:10:13 Deleting File 312.txt from FTP Server --> 178.128.125.105/kps01/txt/input/312.txt
08:10:14 Success File deleted from FTP Server --> 178.128.125.105/kps01/txt/input/312.txt
08:10:14 Uploading File 312.TXT from lokal Server --> api/txt/output/312.TXT
08:10:15 Success File uploaded into FTP Server --> 178.128.125.105/kps01/txt/output/312.TXT
08:10:15 Deleting File 312.TXT from local DIR --> api/txt/output/312.TXT
08:10:15 Success File deleted from local DIR --> api/txt/output/312.TXT
08:10:15 Delay 1.0 detik..
08:10:16 Eksekusi Download & Upload FTP..
08:10:18 Delay 1.0 detik..
08:10:19 Eksekusi Download & Upload FTP..
08:10:20 Delay 1.0 detik..
08:10:21 Eksekusi Download & Upload FTP..
08:10:24 Delay 1.0 detik..
08:10:25 Eksekusi Download & Upload FTP..
08:10:26 Delay 1.0 detik..
08:10:27 Eksekusi Download & Upload FTP..
08:10:29 Delay 1.0 detik..
08:10:30 Eksekusi Download & Upload FTP..
08:10:31 Delay 1.0 detik..
08:10:32 Eksekusi Download & Upload FTP..
08:10:34 Delay 1.0 detik..
08:10:35 Eksekusi Download & Upload FTP..
08:10:37 Delay 1.0 detik..
08:10:38 Eksekusi Download & Upload FTP..
08:10:39 Delay 1.0 detik..
08:10:40 Eksekusi Download & Upload FTP..
08:10:42 Delay 1.0 detik..
08:10:43 Eksekusi Download & Upload FTP..
08:10:44 Downloading File 313.txt from FTP Server --> 178.128.125.105/kps01/txt/input/313.txt
08:10:44 Success File downloaded into api/txt/input/313.txt
08:10:44 Deleting File 313.txt from FTP Server --> 178.128.125.105/kps01/txt/input/313.txt
08:10:45 Success File deleted from FTP Server --> 178.128.125.105/kps01/txt/input/313.txt
08:10:46 Delay 1.0 detik..
08:10:47 Eksekusi Download & Upload FTP..
08:10:52 Delay 1.0 detik..
08:10:53 Eksekusi Download & Upload FTP..
08:10:55 Delay 1.0 detik..
08:10:56 Eksekusi Download & Upload FTP..
08:10:58 Delay 1.0 detik..
08:10:59 Eksekusi Download & Upload FTP..
08:11:00 Delay 1.0 detik..
08:11:01 Eksekusi Download & Upload FTP..
08:11:03 Delay 1.0 detik..
08:11:04 Eksekusi Download & Upload FTP..
08:11:06 Delay 1.0 detik..
08:11:07 Eksekusi Download & Upload FTP..
08:11:08 Delay 1.0 detik..
08:11:09 Eksekusi Download & Upload FTP..
08:11:11 Delay 1.0 detik..
08:11:12 Eksekusi Download & Upload FTP..
08:11:14 Delay 1.0 detik..
08:11:15 Eksekusi Download & Upload FTP..
08:11:16 Delay 1.0 detik..
08:11:17 Eksekusi Download & Upload FTP..
08:11:19 Delay 1.0 detik..
08:11:20 Eksekusi Download & Upload FTP..
08:11:22 Delay 1.0 detik..
08:11:23 Eksekusi Download & Upload FTP..
08:11:24 Delay 1.0 detik..
08:11:25 Eksekusi Download & Upload FTP..
08:11:27 Delay 1.0 detik..
08:11:28 Eksekusi Download & Upload FTP..
08:11:30 Delay 1.0 detik..
08:11:31 Eksekusi Download & Upload FTP..
08:11:32 Delay 1.0 detik..
08:11:33 Eksekusi Download & Upload FTP..
08:11:35 Delay 1.0 detik..
08:11:36 Eksekusi Download & Upload FTP..
08:11:38 Delay 1.0 detik..
08:11:39 Eksekusi Download & Upload FTP..
08:11:40 Delay 1.0 detik..
08:11:41 Eksekusi Download & Upload FTP..
08:11:43 Delay 1.0 detik..
08:11:44 Eksekusi Download & Upload FTP..
08:11:46 Delay 1.0 detik..
08:11:47 Eksekusi Download & Upload FTP..
08:11:48 Delay 1.0 detik..
08:11:49 Eksekusi Download & Upload FTP..
08:11:51 Delay 1.0 detik..
08:11:52 Eksekusi Download & Upload FTP..
08:11:54 Delay 1.0 detik..
08:11:55 Eksekusi Download & Upload FTP..
08:11:56 Delay 1.0 detik..
08:11:57 Eksekusi Download & Upload FTP..
08:11:59 Delay 1.0 detik..
08:12:00 Eksekusi Download & Upload FTP..
08:12:01 Delay 1.0 detik..
08:12:02 Eksekusi Download & Upload FTP..
08:12:04 Delay 1.0 detik..
08:12:05 Eksekusi Download & Upload FTP..
08:12:07 Delay 1.0 detik..
08:12:08 Eksekusi Download & Upload FTP..
08:12:10 Delay 1.0 detik..
08:12:11 Eksekusi Download & Upload FTP..
08:12:12 Delay 1.0 detik..
08:12:13 Eksekusi Download & Upload FTP..
08:12:15 Delay 1.0 detik..
08:12:16 Eksekusi Download & Upload FTP..
08:12:18 Delay 1.0 detik..
08:12:19 Eksekusi Download & Upload FTP..
08:12:20 Delay 1.0 detik..
08:12:21 Eksekusi Download & Upload FTP..
08:12:23 Delay 1.0 detik..
08:12:24 Eksekusi Download & Upload FTP..
08:12:26 Delay 1.0 detik..
08:12:27 Eksekusi Download & Upload FTP..
08:12:28 Delay 1.0 detik..
08:12:29 Eksekusi Download & Upload FTP..
08:12:31 Delay 1.0 detik..
08:12:32 Eksekusi Download & Upload FTP..
08:12:33 Delay 1.0 detik..
08:12:34 Eksekusi Download & Upload FTP..
08:12:36 Delay 1.0 detik..
08:12:37 Eksekusi Download & Upload FTP..
08:12:39 Delay 1.0 detik..
08:12:40 Eksekusi Download & Upload FTP..
08:12:41 Delay 1.0 detik..
08:12:42 Eksekusi Download & Upload FTP..
08:12:44 Delay 1.0 detik..
08:12:45 Eksekusi Download & Upload FTP..
08:12:47 Delay 1.0 detik..
08:12:48 Eksekusi Download & Upload FTP..
08:12:50 Delay 1.0 detik..
08:12:51 Eksekusi Download & Upload FTP..
08:12:52 Delay 1.0 detik..
08:12:53 Eksekusi Download & Upload FTP..
08:12:55 Delay 1.0 detik..
08:12:56 Eksekusi Download & Upload FTP..
08:12:58 Delay 1.0 detik..
08:12:59 Eksekusi Download & Upload FTP..
08:13:00 Delay 1.0 detik..
08:13:01 Eksekusi Download & Upload FTP..
08:13:03 Delay 1.0 detik..
08:13:04 Eksekusi Download & Upload FTP..
08:13:06 Delay 1.0 detik..
08:13:07 Eksekusi Download & Upload FTP..
08:13:08 Delay 1.0 detik..
08:13:09 Eksekusi Download & Upload FTP..
08:13:11 Delay 1.0 detik..
08:13:12 Eksekusi Download & Upload FTP..
08:13:15 Delay 1.0 detik..
08:13:16 Eksekusi Download & Upload FTP..
08:13:18 Delay 1.0 detik..
08:13:19 Eksekusi Download & Upload FTP..
08:13:20 Delay 1.0 detik..
08:13:21 Eksekusi Download & Upload FTP..
08:13:23 Delay 1.0 detik..
08:13:24 Eksekusi Download & Upload FTP..
08:13:25 Delay 1.0 detik..
08:13:26 Eksekusi Download & Upload FTP..
08:13:28 Delay 1.0 detik..
08:13:29 Eksekusi Download & Upload FTP..
08:13:31 Delay 1.0 detik..
08:13:32 Eksekusi Download & Upload FTP..
08:13:34 Delay 1.0 detik..
08:13:35 Eksekusi Download & Upload FTP..
08:13:36 Delay 1.0 detik..
08:13:37 Eksekusi Download & Upload FTP..
08:13:39 Delay 1.0 detik..
08:13:40 Eksekusi Download & Upload FTP..
08:13:41 Delay 1.0 detik..
08:13:42 Eksekusi Download & Upload FTP..
08:13:44 Delay 1.0 detik..
08:13:45 Eksekusi Download & Upload FTP..
08:13:47 Delay 1.0 detik..
08:13:48 Eksekusi Download & Upload FTP..
08:13:50 Delay 1.0 detik..
08:13:51 Eksekusi Download & Upload FTP..
08:13:52 Delay 1.0 detik..
08:13:53 Eksekusi Download & Upload FTP..
08:13:55 Delay 1.0 detik..
08:13:56 Eksekusi Download & Upload FTP..
08:13:58 Delay 1.0 detik..
08:13:59 Eksekusi Download & Upload FTP..
08:14:00 Delay 1.0 detik..
08:14:01 Eksekusi Download & Upload FTP..
08:14:03 Delay 1.0 detik..
08:14:04 Eksekusi Download & Upload FTP..
08:14:06 Delay 1.0 detik..
08:14:07 Eksekusi Download & Upload FTP..
08:14:08 Delay 1.0 detik..
08:14:09 Eksekusi Download & Upload FTP..
08:14:11 Delay 1.0 detik..
08:14:12 Eksekusi Download & Upload FTP..
08:14:13 Delay 1.0 detik..
08:14:14 Eksekusi Download & Upload FTP..
08:14:16 Delay 1.0 detik..
08:14:17 Eksekusi Download & Upload FTP..
08:14:20 Delay 1.0 detik..
08:14:21 Eksekusi Download & Upload FTP..
08:14:22 Delay 1.0 detik..
08:14:23 Eksekusi Download & Upload FTP..
08:14:25 Delay 1.0 detik..
08:14:26 Eksekusi Download & Upload FTP..
08:14:28 Delay 1.0 detik..
08:14:29 Eksekusi Download & Upload FTP..
08:14:31 Delay 1.0 detik..
08:14:32 Eksekusi Download & Upload FTP..
08:14:34 Delay 1.0 detik..
08:14:35 Eksekusi Download & Upload FTP..
08:14:36 Delay 1.0 detik..
08:14:37 Eksekusi Download & Upload FTP..
08:14:39 Delay 1.0 detik..
08:14:40 Eksekusi Download & Upload FTP..
08:14:42 Delay 1.0 detik..
08:14:43 Eksekusi Download & Upload FTP..
08:14:45 Delay 1.0 detik..
08:14:46 Eksekusi Download & Upload FTP..
08:14:48 Delay 1.0 detik..
08:14:49 Eksekusi Download & Upload FTP..
08:14:50 Delay 1.0 detik..
08:14:51 Eksekusi Download & Upload FTP..
08:14:53 Delay 1.0 detik..
08:14:54 Eksekusi Download & Upload FTP..
08:14:57 Delay 1.0 detik..
08:14:58 Eksekusi Download & Upload FTP..
08:15:00 Delay 1.0 detik..
08:15:01 Eksekusi Download & Upload FTP..
08:15:02 Delay 1.0 detik..
08:15:03 Eksekusi Download & Upload FTP..
08:15:05 Delay 1.0 detik..
08:15:06 Eksekusi Download & Upload FTP..
08:15:08 Delay 1.0 detik..
08:15:09 Eksekusi Download & Upload FTP..
08:15:11 Delay 1.0 detik..
08:15:12 Eksekusi Download & Upload FTP..
08:15:13 Delay 1.0 detik..
08:15:14 Eksekusi Download & Upload FTP..
08:15:16 Delay 1.0 detik..
08:15:17 Eksekusi Download & Upload FTP..
08:15:19 Delay 1.0 detik..
08:15:20 Eksekusi Download & Upload FTP..
08:15:22 Delay 1.0 detik..
08:15:23 Eksekusi Download & Upload FTP..
08:15:25 Delay 1.0 detik..
08:15:26 Eksekusi Download & Upload FTP..
08:15:28 Delay 1.0 detik..
08:15:29 Eksekusi Download & Upload FTP..
08:15:30 Delay 1.0 detik..
08:15:31 Eksekusi Download & Upload FTP..
08:15:33 Delay 1.0 detik..
08:15:34 Eksekusi Download & Upload FTP..
08:15:36 Delay 1.0 detik..
08:15:37 Eksekusi Download & Upload FTP..
08:15:39 Delay 1.0 detik..
08:15:40 Eksekusi Download & Upload FTP..
08:15:41 Delay 1.0 detik..
08:15:42 Eksekusi Download & Upload FTP..
08:15:44 Delay 1.0 detik..
08:15:45 Eksekusi Download & Upload FTP..
08:15:47 Delay 1.0 detik..
08:15:48 Eksekusi Download & Upload FTP..
08:15:49 Delay 1.0 detik..
08:15:50 Eksekusi Download & Upload FTP..
08:15:52 Delay 1.0 detik..
08:15:53 Eksekusi Download & Upload FTP..
08:15:55 Delay 1.0 detik..
08:15:56 Eksekusi Download & Upload FTP..
08:15:57 Delay 1.0 detik..
08:15:58 Eksekusi Download & Upload FTP..
08:16:00 Delay 1.0 detik..
08:16:01 Eksekusi Download & Upload FTP..
08:16:03 Delay 1.0 detik..
08:16:04 Eksekusi Download & Upload FTP..
08:16:06 Delay 1.0 detik..
08:16:07 Eksekusi Download & Upload FTP..
08:16:09 Delay 1.0 detik..
08:16:10 Eksekusi Download & Upload FTP..
08:16:11 Delay 1.0 detik..
08:16:12 Eksekusi Download & Upload FTP..
08:16:14 Delay 1.0 detik..
08:16:15 Eksekusi Download & Upload FTP..
08:16:17 Delay 1.0 detik..
08:16:18 Eksekusi Download & Upload FTP..
08:16:19 Delay 1.0 detik..
08:16:20 Eksekusi Download & Upload FTP..
08:16:23 Delay 1.0 detik..
08:16:24 Eksekusi Download & Upload FTP..
08:16:25 Delay 1.0 detik..
08:16:26 Eksekusi Download & Upload FTP..
08:16:28 Delay 1.0 detik..
08:16:29 Eksekusi Download & Upload FTP..
08:16:31 Delay 1.0 detik..
08:16:32 Eksekusi Download & Upload FTP..
08:16:34 Delay 1.0 detik..
08:16:35 Eksekusi Download & Upload FTP..
08:16:37 Delay 1.0 detik..
08:16:38 Eksekusi Download & Upload FTP..
08:16:39 Delay 1.0 detik..
08:16:40 Eksekusi Download & Upload FTP..
08:16:43 Delay 1.0 detik..
08:16:44 Eksekusi Download & Upload FTP..
08:16:45 Delay 1.0 detik..
08:16:46 Eksekusi Download & Upload FTP..
08:16:48 Delay 1.0 detik..
08:16:49 Eksekusi Download & Upload FTP..
08:16:50 Delay 1.0 detik..
08:16:51 Eksekusi Download & Upload FTP..
08:16:53 Delay 1.0 detik..
08:16:54 Eksekusi Download & Upload FTP..
08:16:56 Delay 1.0 detik..
08:16:57 Eksekusi Download & Upload FTP..
08:16:58 Delay 1.0 detik..
08:16:59 Eksekusi Download & Upload FTP..
08:17:01 Delay 1.0 detik..
08:17:02 Eksekusi Download & Upload FTP..
08:17:04 Delay 1.0 detik..
08:17:05 Eksekusi Download & Upload FTP..
08:17:07 Delay 1.0 detik..
08:17:08 Eksekusi Download & Upload FTP..
08:17:09 Delay 1.0 detik..
08:17:10 Eksekusi Download & Upload FTP..
08:17:12 Delay 1.0 detik..
08:17:13 Eksekusi Download & Upload FTP..
08:17:15 Delay 1.0 detik..
08:17:16 Eksekusi Download & Upload FTP..
08:17:17 Delay 1.0 detik..
08:17:18 Eksekusi Download & Upload FTP..
08:17:20 Delay 1.0 detik..
08:17:21 Eksekusi Download & Upload FTP..
08:17:23 Delay 1.0 detik..
08:17:24 Eksekusi Download & Upload FTP..
08:17:26 Delay 1.0 detik..
08:17:27 Eksekusi Download & Upload FTP..
08:17:29 Delay 1.0 detik..
08:17:30 Eksekusi Download & Upload FTP..
08:17:31 Delay 1.0 detik..
08:17:32 Eksekusi Download & Upload FTP..
08:17:34 Delay 1.0 detik..
08:17:35 Eksekusi Download & Upload FTP..
08:17:37 Delay 1.0 detik..
08:17:38 Eksekusi Download & Upload FTP..
08:17:39 Delay 1.0 detik..
08:17:40 Eksekusi Download & Upload FTP..
08:17:42 Delay 1.0 detik..
08:17:43 Eksekusi Download & Upload FTP..
08:17:45 Delay 1.0 detik..
08:17:46 Eksekusi Download & Upload FTP..
08:17:48 Delay 1.0 detik..
08:17:49 Eksekusi Download & Upload FTP..
08:17:51 Delay 1.0 detik..
08:17:52 Eksekusi Download & Upload FTP..
08:17:54 Delay 1.0 detik..
08:17:55 Eksekusi Download & Upload FTP..
08:17:57 Delay 1.0 detik..
08:17:58 Eksekusi Download & Upload FTP..
08:17:59 Downloading File 314.txt from FTP Server --> 178.128.125.105/kps01/txt/input/314.txt
08:17:59 Success File downloaded into api/txt/input/314.txt
08:17:59 Deleting File 314.txt from FTP Server --> 178.128.125.105/kps01/txt/input/314.txt
08:17:59 Success File deleted from FTP Server --> 178.128.125.105/kps01/txt/input/314.txt
08:18:00 Uploading File 314.TXT from lokal Server --> api/txt/output/314.TXT
08:18:00 Success File uploaded into FTP Server --> 178.128.125.105/kps01/txt/output/314.TXT
08:18:00 Deleting File 314.TXT from local DIR --> api/txt/output/314.TXT
08:18:00 Success File deleted from local DIR --> api/txt/output/314.TXT
08:18:00 Delay 1.0 detik..
08:18:01 Eksekusi Download & Upload FTP..
08:18:03 Delay 1.0 detik..
08:18:04 Eksekusi Download & Upload FTP..
08:18:06 Delay 1.0 detik..
08:18:07 Eksekusi Download & Upload FTP..
08:18:08 Delay 1.0 detik..
08:18:09 Eksekusi Download & Upload FTP..
08:18:11 Delay 1.0 detik..
08:18:12 Eksekusi Download & Upload FTP..
08:18:14 Delay 1.0 detik..
08:18:15 Eksekusi Download & Upload FTP..
08:18:16 Delay 1.0 detik..
08:18:17 Eksekusi Download & Upload FTP..
08:18:19 Delay 1.0 detik..
08:18:20 Eksekusi Download & Upload FTP..
08:18:22 Delay 1.0 detik..
08:18:23 Eksekusi Download & Upload FTP..
08:18:25 Delay 1.0 detik..
08:18:26 Eksekusi Download & Upload FTP..
08:18:27 Delay 1.0 detik..
08:18:28 Eksekusi Download & Upload FTP..
08:18:30 Delay 1.0 detik..
08:18:31 Eksekusi Download & Upload FTP..
08:18:33 Delay 1.0 detik..
08:18:34 Eksekusi Download & Upload FTP..
08:18:35 Delay 1.0 detik..
08:18:36 Eksekusi Download & Upload FTP..
08:18:38 Delay 1.0 detik..
08:18:39 Eksekusi Download & Upload FTP..
08:18:40 Delay 1.0 detik..
08:18:41 Eksekusi Download & Upload FTP..
08:18:43 Delay 1.0 detik..
08:18:44 Eksekusi Download & Upload FTP..
08:18:46 Delay 1.0 detik..
08:18:47 Eksekusi Download & Upload FTP..
08:18:48 Delay 1.0 detik..
08:18:49 Eksekusi Download & Upload FTP..
08:18:51 Delay 1.0 detik..
08:18:52 Eksekusi Download & Upload FTP..
08:18:54 Delay 1.0 detik..
08:18:55 Eksekusi Download & Upload FTP..
08:18:57 Delay 1.0 detik..
08:18:58 Eksekusi Download & Upload FTP..
08:18:59 Delay 1.0 detik..
08:19:00 Eksekusi Download & Upload FTP..
08:19:02 Delay 1.0 detik..
08:19:03 Eksekusi Download & Upload FTP..
08:19:05 Delay 1.0 detik..
08:19:06 Eksekusi Download & Upload FTP..
08:19:08 Delay 1.0 detik..
08:19:09 Eksekusi Download & Upload FTP..
08:19:11 Delay 1.0 detik..
08:19:12 Eksekusi Download & Upload FTP..
08:19:13 Delay 1.0 detik..
08:19:14 Eksekusi Download & Upload FTP..
08:19:15 Downloading File 315.txt from FTP Server --> 178.128.125.105/kps01/txt/input/315.txt
08:19:16 Success File downloaded into api/txt/input/315.txt
08:19:16 Deleting File 315.txt from FTP Server --> 178.128.125.105/kps01/txt/input/315.txt
08:19:16 Success File deleted from FTP Server --> 178.128.125.105/kps01/txt/input/315.txt
08:19:17 Delay 1.0 detik..
08:19:18 Eksekusi Download & Upload FTP..
08:19:19 Delay 1.0 detik..
08:19:20 Eksekusi Download & Upload FTP..
08:19:22 Delay 1.0 detik..
08:19:23 Eksekusi Download & Upload FTP..
08:19:27 Delay 1.0 detik..
08:19:28 Eksekusi Download & Upload FTP..
08:19:30 Delay 1.0 detik..
08:19:31 Eksekusi Download & Upload FTP..
08:19:33 Delay 1.0 detik..
08:19:34 Eksekusi Download & Upload FTP..
08:19:36 Delay 1.0 detik..
08:19:37 Eksekusi Download & Upload FTP..
08:19:38 Delay 1.0 detik..
08:19:39 Eksekusi Download & Upload FTP..
08:19:42 Delay 1.0 detik..
08:19:43 Eksekusi Download & Upload FTP..
08:19:44 Delay 1.0 detik..
08:19:45 Eksekusi Download & Upload FTP..
08:19:47 Delay 1.0 detik..
08:19:48 Eksekusi Download & Upload FTP..
08:19:50 Delay 1.0 detik..
08:19:51 Eksekusi Download & Upload FTP..
08:19:53 Delay 1.0 detik..
08:19:54 Eksekusi Download & Upload FTP..
08:19:56 Delay 1.0 detik..
08:19:57 Eksekusi Download & Upload FTP..
08:19:58 Delay 1.0 detik..
08:19:59 Eksekusi Download & Upload FTP..
08:20:01 Delay 1.0 detik..
08:20:02 Eksekusi Download & Upload FTP..
08:20:04 Delay 1.0 detik..
08:20:05 Eksekusi Download & Upload FTP..
08:20:06 Delay 1.0 detik..
08:20:07 Eksekusi Download & Upload FTP..
08:20:09 Delay 1.0 detik..
08:20:10 Eksekusi Download & Upload FTP..
08:20:12 Delay 1.0 detik..
08:20:13 Eksekusi Download & Upload FTP..
08:20:14 Delay 1.0 detik..
08:20:15 Eksekusi Download & Upload FTP..
08:20:17 Delay 1.0 detik..
08:20:18 Eksekusi Download & Upload FTP..
08:20:19 Delay 1.0 detik..
08:20:20 Eksekusi Download & Upload FTP..
08:20:22 Delay 1.0 detik..
08:20:23 Eksekusi Download & Upload FTP..
08:20:25 Delay 1.0 detik..
08:20:26 Eksekusi Download & Upload FTP..
08:20:27 Delay 1.0 detik..
08:20:28 Eksekusi Download & Upload FTP..
08:20:30 Delay 1.0 detik..
08:20:31 Eksekusi Download & Upload FTP..
08:20:33 Delay 1.0 detik..
08:20:34 Eksekusi Download & Upload FTP..
08:20:35 Delay 1.0 detik..
08:20:36 Eksekusi Download & Upload FTP..
08:20:38 Delay 1.0 detik..
08:20:39 Eksekusi Download & Upload FTP..
08:20:40 Delay 1.0 detik..
08:20:41 Eksekusi Download & Upload FTP..
08:20:43 Delay 1.0 detik..
08:20:44 Eksekusi Download & Upload FTP..
08:20:46 Delay 1.0 detik..
08:20:47 Eksekusi Download & Upload FTP..
08:20:48 Delay 1.0 detik..
08:20:49 Eksekusi Download & Upload FTP..
08:20:51 Delay 1.0 detik..
08:20:52 Eksekusi Download & Upload FTP..
08:20:54 Delay 1.0 detik..
08:20:55 Eksekusi Download & Upload FTP..
08:20:57 Delay 1.0 detik..
08:20:58 Eksekusi Download & Upload FTP..
08:20:59 Delay 1.0 detik..
08:21:00 Eksekusi Download & Upload FTP..
08:21:02 Delay 1.0 detik..
08:21:03 Eksekusi Download & Upload FTP..
08:21:05 Delay 1.0 detik..
08:21:06 Eksekusi Download & Upload FTP..
08:21:07 Delay 1.0 detik..
08:21:08 Eksekusi Download & Upload FTP..
08:21:10 Delay 1.0 detik..
08:21:11 Eksekusi Download & Upload FTP..
08:21:13 Delay 1.0 detik..
08:21:14 Eksekusi Download & Upload FTP..
08:21:15 Delay 1.0 detik..
08:21:16 Eksekusi Download & Upload FTP..
08:21:18 Delay 1.0 detik..
08:21:19 Eksekusi Download & Upload FTP..
08:21:21 Delay 1.0 detik..
08:21:22 Eksekusi Download & Upload FTP..
08:21:24 Delay 1.0 detik..
08:21:25 Eksekusi Download & Upload FTP..
08:21:26 Delay 1.0 detik..
08:21:27 Eksekusi Download & Upload FTP..
08:21:29 Delay 1.0 detik..
08:21:30 Eksekusi Download & Upload FTP..
08:21:32 Delay 1.0 detik..
08:21:33 Eksekusi Download & Upload FTP..
08:21:35 Delay 1.0 detik..
08:21:36 Eksekusi Download & Upload FTP..
08:21:38 Delay 1.0 detik..
08:21:39 Eksekusi Download & Upload FTP..
08:21:41 Delay 1.0 detik..
08:21:42 Eksekusi Download & Upload FTP..
08:21:44 Delay 1.0 detik..
08:21:45 Eksekusi Download & Upload FTP..
08:21:46 Delay 1.0 detik..
08:21:47 Eksekusi Download & Upload FTP..
08:21:49 Delay 1.0 detik..
08:21:50 Eksekusi Download & Upload FTP..
08:21:52 Delay 1.0 detik..
08:21:53 Eksekusi Download & Upload FTP..
08:21:54 Delay 1.0 detik..
08:21:56 Eksekusi Download & Upload FTP..
08:21:57 Delay 1.0 detik..
08:21:58 Eksekusi Download & Upload FTP..
08:22:00 Delay 1.0 detik..
08:22:01 Eksekusi Download & Upload FTP..
08:22:03 Delay 1.0 detik..
08:22:04 Eksekusi Download & Upload FTP..
08:22:06 Delay 1.0 detik..
08:22:07 Eksekusi Download & Upload FTP..
08:22:08 Delay 1.0 detik..
08:22:09 Eksekusi Download & Upload FTP..
08:22:11 Delay 1.0 detik..
08:22:12 Eksekusi Download & Upload FTP..
08:22:14 Delay 1.0 detik..
08:22:15 Eksekusi Download & Upload FTP..
08:22:16 Delay 1.0 detik..
08:22:17 Eksekusi Download & Upload FTP..
08:22:19 Delay 1.0 detik..
08:22:20 Eksekusi Download & Upload FTP..
08:22:22 Delay 1.0 detik..
08:22:23 Eksekusi Download & Upload FTP..
08:22:25 Delay 1.0 detik..
08:22:26 Eksekusi Download & Upload FTP..
08:22:27 Delay 1.0 detik..
08:22:28 Eksekusi Download & Upload FTP..
08:22:30 Delay 1.0 detik..
08:22:31 Eksekusi Download & Upload FTP..
08:22:33 Delay 1.0 detik..
08:22:34 Eksekusi Download & Upload FTP..
08:22:36 Delay 1.0 detik..
08:22:37 Eksekusi Download & Upload FTP..
08:22:39 Delay 1.0 detik..
08:22:40 Eksekusi Download & Upload FTP..
08:22:42 Delay 1.0 detik..
08:22:43 Eksekusi Download & Upload FTP..
08:22:44 Delay 1.0 detik..
08:22:45 Eksekusi Download & Upload FTP..
08:22:47 Delay 1.0 detik..
08:22:48 Eksekusi Download & Upload FTP..
08:22:50 Delay 1.0 detik..
08:22:51 Eksekusi Download & Upload FTP..
08:22:52 Delay 1.0 detik..
08:22:53 Eksekusi Download & Upload FTP..
08:22:55 Delay 1.0 detik..
08:22:56 Eksekusi Download & Upload FTP..
08:22:57 Delay 1.0 detik..
08:22:58 Eksekusi Download & Upload FTP..
08:23:00 Delay 1.0 detik..
08:23:01 Eksekusi Download & Upload FTP..
08:23:03 Delay 1.0 detik..
08:23:04 Eksekusi Download & Upload FTP..
08:23:05 Downloading File 316.txt from FTP Server --> 178.128.125.105/kps01/txt/input/316.txt
08:23:05 Success File downloaded into api/txt/input/316.txt
08:23:05 Deleting File 316.txt from FTP Server --> 178.128.125.105/kps01/txt/input/316.txt
08:23:05 Success File deleted from FTP Server --> 178.128.125.105/kps01/txt/input/316.txt
08:23:06 Uploading File 316.TXT from lokal Server --> api/txt/output/316.TXT
08:23:06 Success File uploaded into FTP Server --> 178.128.125.105/kps01/txt/output/316.TXT
08:23:06 Deleting File 316.TXT from local DIR --> api/txt/output/316.TXT
08:23:06 Success File deleted from local DIR --> api/txt/output/316.TXT
08:23:06 Delay 1.0 detik..
08:23:07 Eksekusi Download & Upload FTP..
08:23:09 Delay 1.0 detik..
08:23:10 Eksekusi Download & Upload FTP..
08:23:11 Delay 1.0 detik..
08:23:12 Eksekusi Download & Upload FTP..
08:23:14 Delay 1.0 detik..
08:23:15 Eksekusi Download & Upload FTP..
08:23:17 Delay 1.0 detik..
08:23:18 Eksekusi Download & Upload FTP..
08:23:20 Delay 1.0 detik..
08:23:21 Eksekusi Download & Upload FTP..
08:23:22 Delay 1.0 detik..
08:23:23 Eksekusi Download & Upload FTP..
08:23:25 Delay 1.0 detik..
08:23:26 Eksekusi Download & Upload FTP..
08:23:28 Delay 1.0 detik..
08:23:29 Eksekusi Download & Upload FTP..
08:23:30 Delay 1.0 detik..
08:23:31 Eksekusi Download & Upload FTP..
08:23:33 Delay 1.0 detik..
08:23:34 Eksekusi Download & Upload FTP..
08:23:35 Delay 1.0 detik..
08:23:36 Eksekusi Download & Upload FTP..
08:23:38 Delay 1.0 detik..
08:23:39 Eksekusi Download & Upload FTP..
08:23:41 Delay 1.0 detik..
08:23:42 Eksekusi Download & Upload FTP..
08:23:43 Delay 1.0 detik..
08:23:44 Eksekusi Download & Upload FTP..
08:23:46 Delay 1.0 detik..
08:23:47 Eksekusi Download & Upload FTP..
08:23:49 Delay 1.0 detik..
08:23:50 Eksekusi Download & Upload FTP..
08:23:52 Delay 1.0 detik..
08:23:53 Eksekusi Download & Upload FTP..
08:23:54 Delay 1.0 detik..
08:23:55 Eksekusi Download & Upload FTP..
08:23:57 Delay 1.0 detik..
08:23:58 Eksekusi Download & Upload FTP..
08:24:00 Delay 1.0 detik..
08:24:01 Eksekusi Download & Upload FTP..
08:24:02 Delay 1.0 detik..
08:24:03 Eksekusi Download & Upload FTP..
08:24:05 Delay 1.0 detik..
08:24:06 Eksekusi Download & Upload FTP..
08:24:07 Delay 1.0 detik..
08:24:09 Eksekusi Download & Upload FTP..
08:24:10 Delay 1.0 detik..
08:24:11 Eksekusi Download & Upload FTP..
08:24:13 Delay 1.0 detik..
08:24:14 Eksekusi Download & Upload FTP..
08:24:16 Delay 1.0 detik..
08:24:17 Eksekusi Download & Upload FTP..
08:24:19 Delay 1.0 detik..
08:24:20 Eksekusi Download & Upload FTP..
08:24:21 Delay 1.0 detik..
08:24:22 Eksekusi Download & Upload FTP..
08:24:24 Delay 1.0 detik..
08:24:25 Eksekusi Download & Upload FTP..
08:24:27 Delay 1.0 detik..
08:24:28 Eksekusi Download & Upload FTP..
08:24:30 Delay 1.0 detik..
08:24:31 Eksekusi Download & Upload FTP..
08:24:33 Delay 1.0 detik..
08:24:34 Eksekusi Download & Upload FTP..
08:24:35 Delay 1.0 detik..
08:24:36 Eksekusi Download & Upload FTP..
08:24:38 Delay 1.0 detik..
08:24:39 Eksekusi Download & Upload FTP..
08:24:41 Delay 1.0 detik..
08:24:42 Eksekusi Download & Upload FTP..
08:24:43 Delay 1.0 detik..
08:24:44 Eksekusi Download & Upload FTP..
08:24:46 Delay 1.0 detik..
08:24:47 Eksekusi Download & Upload FTP..
08:24:49 Delay 1.0 detik..
08:24:50 Eksekusi Download & Upload FTP..
08:24:51 Delay 1.0 detik..
08:24:52 Eksekusi Download & Upload FTP..
08:24:54 Delay 1.0 detik..
08:24:55 Eksekusi Download & Upload FTP..
08:24:58 Delay 1.0 detik..
08:24:59 Eksekusi Download & Upload FTP..
08:25:01 Delay 1.0 detik..
08:25:02 Eksekusi Download & Upload FTP..
08:25:04 Delay 1.0 detik..
08:25:05 Eksekusi Download & Upload FTP..
08:25:06 Delay 1.0 detik..
08:25:07 Eksekusi Download & Upload FTP..
08:25:09 Delay 1.0 detik..
08:25:10 Eksekusi Download & Upload FTP..
08:25:12 Delay 1.0 detik..
08:25:13 Eksekusi Download & Upload FTP..
08:25:14 Delay 1.0 detik..
08:25:15 Eksekusi Download & Upload FTP..
08:25:17 Delay 1.0 detik..
08:25:18 Eksekusi Download & Upload FTP..
08:25:20 Delay 1.0 detik..
08:25:21 Eksekusi Download & Upload FTP..
08:25:23 Delay 1.0 detik..
08:25:24 Eksekusi Download & Upload FTP..
08:25:25 Delay 1.0 detik..
08:25:26 Eksekusi Download & Upload FTP..
08:25:29 Delay 1.0 detik..
08:25:30 Eksekusi Download & Upload FTP..
08:25:32 Delay 1.0 detik..
08:25:33 Eksekusi Download & Upload FTP..
08:25:35 Delay 1.0 detik..
08:25:36 Eksekusi Download & Upload FTP..
08:25:37 Delay 1.0 detik..
08:25:38 Eksekusi Download & Upload FTP..
08:25:41 Delay 1.0 detik..
08:25:42 Eksekusi Download & Upload FTP..
08:25:44 Delay 1.0 detik..
08:25:45 Eksekusi Download & Upload FTP..
08:25:46 Delay 1.0 detik..
08:25:47 Eksekusi Download & Upload FTP..
08:25:49 Delay 1.0 detik..
08:25:50 Eksekusi Download & Upload FTP..
08:25:52 Delay 1.0 detik..
08:25:53 Eksekusi Download & Upload FTP..
08:25:55 Delay 1.0 detik..
08:25:56 Eksekusi Download & Upload FTP..
08:25:57 Delay 1.0 detik..
08:25:58 Eksekusi Download & Upload FTP..
08:26:00 Delay 1.0 detik..
08:26:01 Eksekusi Download & Upload FTP..
08:26:03 Delay 1.0 detik..
08:26:04 Eksekusi Download & Upload FTP..
08:26:06 Delay 1.0 detik..
08:26:07 Eksekusi Download & Upload FTP..
08:26:08 Delay 1.0 detik..
08:26:09 Eksekusi Download & Upload FTP..
08:26:11 Delay 1.0 detik..
08:26:12 Eksekusi Download & Upload FTP..
08:26:14 Delay 1.0 detik..
08:26:15 Eksekusi Download & Upload FTP..
08:26:16 Delay 1.0 detik..
08:26:17 Eksekusi Download & Upload FTP..
08:26:19 Delay 1.0 detik..
08:26:20 Eksekusi Download & Upload FTP..
08:26:22 Delay 1.0 detik..
08:26:23 Eksekusi Download & Upload FTP..
08:26:25 Delay 1.0 detik..
08:26:26 Eksekusi Download & Upload FTP..
08:26:27 Delay 1.0 detik..
08:26:28 Eksekusi Download & Upload FTP..
08:26:30 Delay 1.0 detik..
08:26:31 Eksekusi Download & Upload FTP..
08:26:33 Delay 1.0 detik..
08:26:34 Eksekusi Download & Upload FTP..
08:26:36 Delay 1.0 detik..
08:26:37 Eksekusi Download & Upload FTP..
08:26:39 Delay 1.0 detik..
08:26:40 Eksekusi Download & Upload FTP..
08:26:41 Delay 1.0 detik..
08:26:42 Eksekusi Download & Upload FTP..
08:26:44 Delay 1.0 detik..
08:26:45 Eksekusi Download & Upload FTP..
08:26:47 Delay 1.0 detik..
08:26:48 Eksekusi Download & Upload FTP..
08:26:50 Delay 1.0 detik..
08:26:51 Eksekusi Download & Upload FTP..
08:26:52 Delay 1.0 detik..
08:26:53 Eksekusi Download & Upload FTP..
08:26:55 Delay 1.0 detik..
08:26:56 Eksekusi Download & Upload FTP..
08:26:58 Delay 1.0 detik..
08:26:59 Eksekusi Download & Upload FTP..
08:27:01 Delay 1.0 detik..
08:27:02 Eksekusi Download & Upload FTP..
08:27:03 Delay 1.0 detik..
08:27:04 Eksekusi Download & Upload FTP..
08:27:06 Delay 1.0 detik..
08:27:07 Eksekusi Download & Upload FTP..
08:27:08 Delay 1.0 detik..
08:27:09 Eksekusi Download & Upload FTP..
08:27:11 Delay 1.0 detik..
08:27:12 Eksekusi Download & Upload FTP..
08:27:14 Delay 1.0 detik..
08:27:15 Eksekusi Download & Upload FTP..
08:27:16 Delay 1.0 detik..
08:27:17 Eksekusi Download & Upload FTP..
08:27:19 Delay 1.0 detik..
08:27:20 Eksekusi Download & Upload FTP..
08:27:22 Delay 1.0 detik..
08:27:23 Eksekusi Download & Upload FTP..
08:27:24 Delay 1.0 detik..
08:27:25 Eksekusi Download & Upload FTP..
08:27:27 Delay 1.0 detik..
08:27:28 Eksekusi Download & Upload FTP..
08:27:30 Delay 1.0 detik..
08:27:31 Eksekusi Download & Upload FTP..
08:27:32 Delay 1.0 detik..
08:27:33 Eksekusi Download & Upload FTP..
08:27:35 Delay 1.0 detik..
08:27:36 Eksekusi Download & Upload FTP..
08:27:38 Delay 1.0 detik..
08:27:39 Eksekusi Download & Upload FTP..
08:27:41 Delay 1.0 detik..
08:27:42 Eksekusi Download & Upload FTP..
08:27:44 Delay 1.0 detik..
08:27:45 Eksekusi Download & Upload FTP..
08:27:46 Delay 1.0 detik..
08:27:47 Eksekusi Download & Upload FTP..
08:27:49 Delay 1.0 detik..
08:27:50 Eksekusi Download & Upload FTP..
08:27:51 Delay 1.0 detik..
08:27:52 Eksekusi Download & Upload FTP..
08:27:54 Delay 1.0 detik..
08:27:55 Eksekusi Download & Upload FTP..
08:27:57 Delay 1.0 detik..
08:27:58 Eksekusi Download & Upload FTP..
08:27:59 Downloading File 317.txt from FTP Server --> 178.128.125.105/kps01/txt/input/317.txt
08:27:59 Success File downloaded into api/txt/input/317.txt
08:27:59 Deleting File 317.txt from FTP Server --> 178.128.125.105/kps01/txt/input/317.txt
08:27:59 Success File deleted from FTP Server --> 178.128.125.105/kps01/txt/input/317.txt
08:28:00 Uploading File 317.TXT from lokal Server --> api/txt/output/317.TXT
08:28:00 Success File uploaded into FTP Server --> 178.128.125.105/kps01/txt/output/317.TXT
08:28:00 Deleting File 317.TXT from local DIR --> api/txt/output/317.TXT
08:28:00 Success File deleted from local DIR --> api/txt/output/317.TXT
08:28:00 Delay 1.0 detik..
08:28:01 Eksekusi Download & Upload FTP..
08:28:03 Delay 1.0 detik..
08:28:04 Eksekusi Download & Upload FTP..
08:28:05 Delay 1.0 detik..
08:28:06 Eksekusi Download & Upload FTP..
08:28:08 Delay 1.0 detik..
08:28:09 Eksekusi Download & Upload FTP..
08:28:11 Delay 1.0 detik..
08:28:12 Eksekusi Download & Upload FTP..
08:28:13 Delay 1.0 detik..
08:28:14 Eksekusi Download & Upload FTP..
08:28:16 Delay 1.0 detik..
08:28:17 Eksekusi Download & Upload FTP..
08:28:19 Delay 1.0 detik..
08:28:20 Eksekusi Download & Upload FTP..
08:28:22 Delay 1.0 detik..
08:28:23 Eksekusi Download & Upload FTP..
08:28:26 Delay 1.0 detik..
08:28:27 Eksekusi Download & Upload FTP..
08:28:29 Delay 1.0 detik..
08:28:30 Eksekusi Download & Upload FTP..
08:28:31 Delay 1.0 detik..
08:28:32 Eksekusi Download & Upload FTP..
08:28:33 Downloading File 318.txt from FTP Server --> 178.128.125.105/kps01/txt/input/318.txt
08:28:34 Success File downloaded into api/txt/input/318.txt
08:28:34 Deleting File 318.txt from FTP Server --> 178.128.125.105/kps01/txt/input/318.txt
08:28:34 Success File deleted from FTP Server --> 178.128.125.105/kps01/txt/input/318.txt
08:28:34 Uploading File 318.TXT from lokal Server --> api/txt/output/318.TXT
08:28:35 Success File uploaded into FTP Server --> 178.128.125.105/kps01/txt/output/318.TXT
08:28:35 Deleting File 318.TXT from local DIR --> api/txt/output/318.TXT
08:28:35 Success File deleted from local DIR --> api/txt/output/318.TXT
08:28:35 Delay 1.0 detik..
08:28:36 Eksekusi Download & Upload FTP..
08:28:37 Delay 1.0 detik..
08:28:38 Eksekusi Download & Upload FTP..
08:28:40 Delay 1.0 detik..
08:28:41 Eksekusi Download & Upload FTP..
08:28:43 Delay 1.0 detik..
08:28:44 Eksekusi Download & Upload FTP..
08:28:45 Delay 1.0 detik..
08:28:46 Eksekusi Download & Upload FTP..
08:28:48 Delay 1.0 detik..
08:28:49 Eksekusi Download & Upload FTP..
08:28:51 Delay 1.0 detik..
08:28:52 Eksekusi Download & Upload FTP..
08:28:54 Delay 1.0 detik..
08:28:55 Eksekusi Download & Upload FTP..
08:28:57 Delay 1.0 detik..
08:28:58 Eksekusi Download & Upload FTP..
08:28:59 Delay 1.0 detik..
08:29:00 Eksekusi Download & Upload FTP..
08:29:02 Delay 1.0 detik..
08:29:03 Eksekusi Download & Upload FTP..
08:29:05 Delay 1.0 detik..
08:29:06 Eksekusi Download & Upload FTP..
08:29:07 Downloading File 319.txt from FTP Server --> 178.128.125.105/kps01/txt/input/319.txt
08:29:07 Success File downloaded into api/txt/input/319.txt
08:29:07 Deleting File 319.txt from FTP Server --> 178.128.125.105/kps01/txt/input/319.txt
08:29:07 Success File deleted from FTP Server --> 178.128.125.105/kps01/txt/input/319.txt
08:29:08 Delay 1.0 detik..
08:29:09 Eksekusi Download & Upload FTP..
08:29:11 Delay 1.0 detik..
08:29:12 Eksekusi Download & Upload FTP..
08:29:17 Delay 1.0 detik..
08:29:18 Eksekusi Download & Upload FTP..
08:29:20 Delay 1.0 detik..
08:29:21 Eksekusi Download & Upload FTP..
08:29:22 Delay 1.0 detik..
08:29:23 Eksekusi Download & Upload FTP..
08:29:25 Delay 1.0 detik..
08:29:26 Eksekusi Download & Upload FTP..
08:29:28 Delay 1.0 detik..
08:29:29 Eksekusi Download & Upload FTP..
08:29:30 Delay 1.0 detik..
08:29:31 Eksekusi Download & Upload FTP..
08:29:33 Delay 1.0 detik..
08:29:34 Eksekusi Download & Upload FTP..
08:29:36 Delay 1.0 detik..
08:29:37 Eksekusi Download & Upload FTP..
08:29:39 Delay 1.0 detik..
08:29:40 Eksekusi Download & Upload FTP..
08:29:41 Delay 1.0 detik..
08:29:42 Eksekusi Download & Upload FTP..
08:29:44 Delay 1.0 detik..
08:29:45 Eksekusi Download & Upload FTP..
08:29:47 Delay 1.0 detik..
08:29:48 Eksekusi Download & Upload FTP..
08:29:50 Delay 1.0 detik..
08:29:51 Eksekusi Download & Upload FTP..
08:29:52 Delay 1.0 detik..
08:29:53 Eksekusi Download & Upload FTP..
08:29:55 Delay 1.0 detik..
08:29:56 Eksekusi Download & Upload FTP..
08:29:58 Delay 1.0 detik..
08:29:59 Eksekusi Download & Upload FTP..
08:30:00 Delay 1.0 detik..
08:30:01 Eksekusi Download & Upload FTP..
08:30:03 Delay 1.0 detik..
08:30:04 Eksekusi Download & Upload FTP..
08:30:06 Delay 1.0 detik..
08:30:07 Eksekusi Download & Upload FTP..
08:30:08 Delay 1.0 detik..
08:30:09 Eksekusi Download & Upload FTP..
08:30:11 Delay 1.0 detik..
08:30:12 Eksekusi Download & Upload FTP..
08:30:13 Delay 1.0 detik..
08:30:14 Eksekusi Download & Upload FTP..
08:30:16 Delay 1.0 detik..
08:30:17 Eksekusi Download & Upload FTP..
08:30:19 Delay 1.0 detik..
08:30:20 Eksekusi Download & Upload FTP..
08:30:22 Delay 1.0 detik..
08:30:23 Eksekusi Download & Upload FTP..
08:30:25 Delay 1.0 detik..
08:30:26 Eksekusi Download & Upload FTP..
08:30:27 Delay 1.0 detik..
08:30:28 Eksekusi Download & Upload FTP..
08:30:30 Delay 1.0 detik..
08:30:31 Eksekusi Download & Upload FTP..
08:30:33 Delay 1.0 detik..
08:30:34 Eksekusi Download & Upload FTP..
08:30:36 Delay 1.0 detik..
08:30:37 Eksekusi Download & Upload FTP..
08:30:38 Delay 1.0 detik..
08:30:39 Eksekusi Download & Upload FTP..
08:30:41 Delay 1.0 detik..
08:30:42 Eksekusi Download & Upload FTP..
08:30:44 Delay 1.0 detik..
08:30:45 Eksekusi Download & Upload FTP..
08:30:47 Delay 1.0 detik..
08:30:48 Eksekusi Download & Upload FTP..
08:30:49 Delay 1.0 detik..
08:30:50 Eksekusi Download & Upload FTP..
08:30:52 Delay 1.0 detik..
08:30:53 Eksekusi Download & Upload FTP..
08:30:54 Delay 1.0 detik..
08:30:55 Eksekusi Download & Upload FTP..
08:30:57 Delay 1.0 detik..
08:30:58 Eksekusi Download & Upload FTP..
08:31:00 Delay 1.0 detik..
08:31:01 Eksekusi Download & Upload FTP..
08:31:03 Delay 1.0 detik..
08:31:04 Eksekusi Download & Upload FTP..
08:31:05 Delay 1.0 detik..
08:31:06 Eksekusi Download & Upload FTP..
08:31:08 Delay 1.0 detik..
08:31:09 Eksekusi Download & Upload FTP..
08:31:10 Delay 1.0 detik..
08:31:11 Eksekusi Download & Upload FTP..
08:31:13 Delay 1.0 detik..
08:31:14 Eksekusi Download & Upload FTP..
08:31:16 Delay 1.0 detik..
08:31:17 Eksekusi Download & Upload FTP..
08:31:18 Delay 1.0 detik..
08:31:19 Eksekusi Download & Upload FTP..
08:31:21 Delay 1.0 detik..
08:31:22 Eksekusi Download & Upload FTP..
08:31:23 Delay 1.0 detik..
08:31:24 Eksekusi Download & Upload FTP..
08:31:26 Delay 1.0 detik..
08:31:27 Eksekusi Download & Upload FTP..
08:31:29 Delay 1.0 detik..
08:31:30 Eksekusi Download & Upload FTP..
08:31:32 Delay 1.0 detik..
08:31:33 Eksekusi Download & Upload FTP..
08:31:34 Delay 1.0 detik..
08:31:35 Eksekusi Download & Upload FTP..
08:31:37 Delay 1.0 detik..
08:38:50 Loading Configuration...
08:38:50 Loading Configuration Selesai !
08:39:02 Inisiasi aplikasi...
08:39:02 Testing koneksi ke server...
08:39:23 ERROR dwonloading from kps01/txt/input
Connection timed out: connect

08:39:23 Testing koneksi ke server Selesai 
08:39:23 Delay 1.0 detik..
08:39:24 Eksekusi Download & Upload FTP..
08:39:32 Loading Configuration...
08:39:32 Loading Configuration Selesai !
08:39:37 Inisiasi aplikasi...
08:39:37 Testing koneksi ke server...
08:39:58 ERROR dwonloading from kps01/txt/input
Connection timed out: connect

08:39:58 Testing koneksi ke server Selesai 
08:39:58 Delay 1.0 detik..
08:39:59 Eksekusi Download & Upload FTP..
08:40:20 Error dwonloading File from kps01/txt/input
Connection timed out: connect
08:40:30 Loading Configuration...
08:40:30 Loading Configuration Selesai !
08:40:46 Inisiasi aplikasi...
08:40:46 Testing koneksi ke server...
08:41:07 ERROR dwonloading from kps01/txt/input
Connection timed out: connect

08:41:07 Testing koneksi ke server Selesai 
08:41:07 Delay 1.0 detik..
08:41:08 Eksekusi Download & Upload FTP..
08:41:12 Aplikasi berhenti.
08:41:13 Inisiasi aplikasi...
08:41:13 Testing koneksi ke server...
08:41:25 Loading Configuration...
08:41:25 Loading Configuration Selesai !
08:41:27 Inisiasi aplikasi...
08:41:27 Testing koneksi ke server...
08:41:29 Error dwonloading File from kps01/txt/input
Connection timed out: connect
08:41:34 ERROR dwonloading from kps01/txt/input
Connection timed out: connect

08:41:34 Testing koneksi ke server Selesai 
08:41:34 Delay 1.0 detik..
08:41:48 ERROR dwonloading from kps01/txt/input
Connection timed out: connect

08:41:48 Testing koneksi ke server Selesai 
08:41:48 Delay 1.0 detik..
08:41:49 Eksekusi Download & Upload FTP..
08:41:57 Error File uploading File from kps01/txt/output
Connection reset
08:41:57 Delay 1.0 detik..
08:41:58 Eksekusi Download & Upload FTP..
08:41:59 Delay 1.0 detik..
08:42:00 Eksekusi Download & Upload FTP..
08:42:02 Delay 1.0 detik..
08:42:03 Eksekusi Download & Upload FTP..
08:42:04 Delay 1.0 detik..
08:42:05 Eksekusi Download & Upload FTP..
08:42:06 Delay 1.0 detik..
08:42:07 Eksekusi Download & Upload FTP..
08:42:08 Delay 1.0 detik..
08:42:09 Eksekusi Download & Upload FTP..
08:42:11 Delay 1.0 detik..
08:42:12 Eksekusi Download & Upload FTP..
08:42:13 Delay 1.0 detik..
