11:02:04 Loading Configuration...
11:02:04 Loading Configuration Selesai !
11:02:09 Inisiasi aplikasi...
11:02:09 Testing koneksi ke server...
11:02:30 ERROR dwonloading from api1/txt/input
Connection timed out: connect

11:02:30 Testing koneksi ke server Selesai 
11:02:30 Delay 1.0 detik..
11:02:31 Eksekusi Download & Upload FTP..
11:02:52 Loading Configuration...
11:02:52 Loading Configuration Selesai !
11:02:53 Inisiasi aplikasi...
11:02:53 Testing koneksi ke server...
11:03:14 ERROR dwonloading from api1/txt/input
Connection timed out: connect

11:03:14 Testing koneksi ke server Selesai 
11:03:14 Delay 1.0 detik..
11:03:15 Eksekusi Download & Upload FTP..
11:03:36 Error dwonloading File from api1/txt/input
Connection timed out: connect
11:03:57 Error File uploading File from api1/txt/output
Connection timed out: connect
11:03:58 Delay 1.0 detik..
11:03:59 Eksekusi Download & Upload FTP..
11:04:20 Error dwonloading File from api1/txt/input
Connection timed out: connect
11:04:41 Error File uploading File from api1/txt/output
Connection timed out: connect
11:04:41 Delay 1.0 detik..
11:04:42 Eksekusi Download & Upload FTP..
11:05:03 Error dwonloading File from api1/txt/input
Connection timed out: connect
11:05:24 Error File uploading File from api1/txt/output
Connection timed out: connect
11:05:24 Delay 1.0 detik..
11:05:25 Eksekusi Download & Upload FTP..
11:05:46 Error dwonloading File from api1/txt/input
Connection timed out: connect
11:06:07 Error File uploading File from api1/txt/output
Connection timed out: connect
11:06:07 Delay 1.0 detik..
11:06:08 Eksekusi Download & Upload FTP..
11:06:29 Error dwonloading File from api1/txt/input
Connection timed out: connect
11:06:50 Error File uploading File from api1/txt/output
Connection timed out: connect
11:06:50 Delay 1.0 detik..
11:06:51 Eksekusi Download & Upload FTP..
11:07:12 Error dwonloading File from api1/txt/input
Connection timed out: connect
11:07:33 Error File uploading File from api1/txt/output
Connection timed out: connect
11:07:33 Delay 1.0 detik..
11:07:34 Eksekusi Download & Upload FTP..
11:07:55 Error dwonloading File from api1/txt/input
Connection timed out: connect
11:08:16 Error File uploading File from api1/txt/output
Connection timed out: connect
11:08:16 Delay 1.0 detik..
11:08:17 Eksekusi Download & Upload FTP..
11:08:38 Error dwonloading File from api1/txt/input
Connection timed out: connect
11:08:59 Error File uploading File from api1/txt/output
Connection timed out: connect
11:08:59 Delay 1.0 detik..
11:09:00 Eksekusi Download & Upload FTP..
11:09:21 Error dwonloading File from api1/txt/input
Connection timed out: connect
11:09:42 Error File uploading File from api1/txt/output
Connection timed out: connect
11:09:42 Delay 1.0 detik..
11:09:43 Eksekusi Download & Upload FTP..
11:10:04 Error dwonloading File from api1/txt/input
Connection timed out: connect
11:10:25 Error File uploading File from api1/txt/output
Connection timed out: connect
11:10:25 Delay 1.0 detik..
11:10:26 Eksekusi Download & Upload FTP..
11:10:47 Error dwonloading File from api1/txt/input
Connection timed out: connect
11:11:08 Error File uploading File from api1/txt/output
Connection timed out: connect
11:11:08 Delay 1.0 detik..
11:11:09 Eksekusi Download & Upload FTP..
11:11:30 Error dwonloading File from api1/txt/input
Connection timed out: connect
11:11:51 Error File uploading File from api1/txt/output
Connection timed out: connect
11:11:51 Delay 1.0 detik..
11:11:52 Eksekusi Download & Upload FTP..
11:12:13 Error dwonloading File from api1/txt/input
Connection timed out: connect
11:12:34 Error File uploading File from api1/txt/output
Connection timed out: connect
11:12:34 Delay 1.0 detik..
11:12:35 Eksekusi Download & Upload FTP..
11:12:56 Error dwonloading File from api1/txt/input
Connection timed out: connect
11:13:17 Error File uploading File from api1/txt/output
Connection timed out: connect
11:13:17 Delay 1.0 detik..
11:13:18 Eksekusi Download & Upload FTP..
11:13:39 Error dwonloading File from api1/txt/input
Connection timed out: connect
11:14:00 Error File uploading File from api1/txt/output
Connection timed out: connect
11:14:00 Delay 1.0 detik..
11:14:01 Eksekusi Download & Upload FTP..
11:14:22 Error dwonloading File from api1/txt/input
Connection timed out: connect
11:14:43 Error File uploading File from api1/txt/output
Connection timed out: connect
11:14:43 Delay 1.0 detik..
11:14:44 Eksekusi Download & Upload FTP..
11:15:05 Error dwonloading File from api1/txt/input
Connection timed out: connect
11:15:26 Error File uploading File from api1/txt/output
Connection timed out: connect
11:15:26 Delay 1.0 detik..
11:15:27 Eksekusi Download & Upload FTP..
11:15:41 Loading Configuration...
11:15:41 Loading Configuration Selesai !
11:16:20 Inisiasi aplikasi...
11:16:20 Testing koneksi ke server...
11:16:42 ERROR dwonloading from api1/txt/input
Connection timed out: connect

11:16:42 Testing koneksi ke server Selesai 
11:16:42 Delay 1.0 detik..
11:16:43 Eksekusi Download & Upload FTP..
11:17:04 Error dwonloading File from api1/txt/input
Connection timed out: connect
11:17:25 Error File uploading File from api1/txt/output
Connection timed out: connect
11:17:25 Delay 1.0 detik..
11:17:26 Eksekusi Download & Upload FTP..
11:17:36 Loading Configuration...
11:17:36 Loading Configuration Selesai !
11:17:38 Inisiasi aplikasi...
11:17:38 Testing koneksi ke server...
11:17:59 ERROR dwonloading from api1/txt/input
Connection timed out: connect

11:17:59 Testing koneksi ke server Selesai 
11:17:59 Delay 1.0 detik..
11:18:00 Eksekusi Download & Upload FTP..
11:18:21 Error dwonloading File from api1/txt/input
Connection timed out: connect
11:18:42 Error File uploading File from api1/txt/output
Connection timed out: connect
11:18:42 Delay 1.0 detik..
11:18:43 Eksekusi Download & Upload FTP..
11:19:04 Error dwonloading File from api1/txt/input
Connection timed out: connect
11:19:25 Error File uploading File from api1/txt/output
Connection timed out: connect
11:19:25 Delay 1.0 detik..
11:19:26 Eksekusi Download & Upload FTP..
11:19:48 Error dwonloading File from api1/txt/input
Connection timed out: connect
11:20:09 Error File uploading File from api1/txt/output
Connection timed out: connect
11:20:09 Delay 1.0 detik..
11:20:10 Eksekusi Download & Upload FTP..
11:20:31 Error dwonloading File from api1/txt/input
Connection timed out: connect
11:20:52 Error File uploading File from api1/txt/output
Connection timed out: connect
11:20:52 Delay 1.0 detik..
11:20:53 Eksekusi Download & Upload FTP..
11:21:14 Error dwonloading File from api1/txt/input
Connection timed out: connect
11:21:35 Error File uploading File from api1/txt/output
Connection timed out: connect
11:21:35 Delay 1.0 detik..
11:21:36 Eksekusi Download & Upload FTP..
11:21:36 Error dwonloading File from api1/txt/input
Connection reset
11:21:36 Error File uploading File from api1/txt/output
Connection reset
11:21:36 Delay 1.0 detik..
11:21:37 Eksekusi Download & Upload FTP..
11:21:37 Error dwonloading File from api1/txt/input
Connection reset
11:21:37 Error File uploading File from api1/txt/output
Connection reset
11:21:37 Delay 1.0 detik..
11:21:38 Eksekusi Download & Upload FTP..
11:21:38 Error dwonloading File from api1/txt/input
Connection reset
11:21:39 Error File uploading File from api1/txt/output
Connection reset
11:21:39 Delay 1.0 detik..
11:21:40 Eksekusi Download & Upload FTP..
11:21:40 Error dwonloading File from api1/txt/input
Connection reset
11:21:40 Error File uploading File from api1/txt/output
Connection reset
11:21:40 Delay 1.0 detik..
11:21:41 Eksekusi Download & Upload FTP..
11:21:41 Error dwonloading File from api1/txt/input
Connection reset
11:21:41 Error File uploading File from api1/txt/output
Connection reset
11:21:41 Delay 1.0 detik..
11:21:42 Eksekusi Download & Upload FTP..
11:21:42 Error dwonloading File from api1/txt/input
Connection reset
11:21:42 Error File uploading File from api1/txt/output
Connection reset
11:21:42 Delay 1.0 detik..
11:21:43 Eksekusi Download & Upload FTP..
11:21:43 Error dwonloading File from api1/txt/input
Connection reset
11:21:44 Error File uploading File from api1/txt/output
Connection reset
11:21:44 Delay 1.0 detik..
11:21:45 Eksekusi Download & Upload FTP..
11:21:45 Error dwonloading File from api1/txt/input
Connection reset
11:21:45 Error File uploading File from api1/txt/output
Connection reset
11:21:45 Delay 1.0 detik..
11:21:46 Eksekusi Download & Upload FTP..
11:21:46 Error dwonloading File from api1/txt/input
Connection reset
11:21:46 Error File uploading File from api1/txt/output
Connection reset
11:21:46 Delay 1.0 detik..
11:21:47 Eksekusi Download & Upload FTP..
11:21:47 Error dwonloading File from api1/txt/input
Connection reset
11:21:47 Error File uploading File from api1/txt/output
Connection reset
11:21:47 Delay 1.0 detik..
11:21:48 Eksekusi Download & Upload FTP..
11:21:48 Error dwonloading File from api1/txt/input
Connection reset
11:21:49 Error File uploading File from api1/txt/output
Connection reset
11:21:49 Delay 1.0 detik..
11:21:50 Eksekusi Download & Upload FTP..
11:21:50 Error dwonloading File from api1/txt/input
Connection reset
11:21:50 Error File uploading File from api1/txt/output
Connection reset
11:21:50 Delay 1.0 detik..
11:21:51 Eksekusi Download & Upload FTP..
11:21:51 Error dwonloading File from api1/txt/input
Connection reset
11:21:51 Error File uploading File from api1/txt/output
Connection reset
11:21:51 Delay 1.0 detik..
11:21:52 Eksekusi Download & Upload FTP..
11:21:52 Error dwonloading File from api1/txt/input
Connection reset
11:21:52 Error File uploading File from api1/txt/output
Connection reset
11:21:52 Delay 1.0 detik..
11:21:53 Eksekusi Download & Upload FTP..
11:21:54 Error dwonloading File from api1/txt/input
Connection reset
11:21:54 Error File uploading File from api1/txt/output
Connection reset
11:21:54 Delay 1.0 detik..
11:21:55 Eksekusi Download & Upload FTP..
11:21:55 Error dwonloading File from api1/txt/input
Connection reset
11:21:55 Error File uploading File from api1/txt/output
Connection reset
11:21:55 Delay 1.0 detik..
11:21:56 Eksekusi Download & Upload FTP..
11:21:56 Error dwonloading File from api1/txt/input
Connection reset
11:21:56 Error File uploading File from api1/txt/output
Connection reset
11:21:56 Delay 1.0 detik..
11:21:57 Eksekusi Download & Upload FTP..
11:21:57 Error dwonloading File from api1/txt/input
Connection reset
11:21:57 Error File uploading File from api1/txt/output
Connection reset
11:21:57 Delay 1.0 detik..
11:21:58 Eksekusi Download & Upload FTP..
11:21:59 Error dwonloading File from api1/txt/input
Connection reset
11:21:59 Error File uploading File from api1/txt/output
Connection reset
11:21:59 Delay 1.0 detik..
11:22:00 Eksekusi Download & Upload FTP..
11:22:00 Error dwonloading File from api1/txt/input
Connection reset
11:22:00 Error File uploading File from api1/txt/output
Connection reset
11:22:00 Delay 1.0 detik..
11:22:01 Eksekusi Download & Upload FTP..
11:22:01 Error dwonloading File from api1/txt/input
Connection reset
11:22:01 Error File uploading File from api1/txt/output
Connection reset
11:22:01 Delay 1.0 detik..
11:22:02 Eksekusi Download & Upload FTP..
11:22:02 Error dwonloading File from api1/txt/input
Connection reset
11:22:02 Error File uploading File from api1/txt/output
Connection reset
11:22:02 Delay 1.0 detik..
11:22:03 Eksekusi Download & Upload FTP..
11:22:04 Error dwonloading File from api1/txt/input
Connection reset
11:22:04 Error File uploading File from api1/txt/output
Connection reset
11:22:04 Delay 1.0 detik..
11:22:05 Eksekusi Download & Upload FTP..
11:22:05 Error dwonloading File from api1/txt/input
Connection reset
11:22:05 Error File uploading File from api1/txt/output
Connection reset
11:22:05 Delay 1.0 detik..
11:22:06 Eksekusi Download & Upload FTP..
11:22:06 Error dwonloading File from api1/txt/input
Connection reset
11:22:06 Error File uploading File from api1/txt/output
Connection reset
11:22:06 Delay 1.0 detik..
11:22:07 Eksekusi Download & Upload FTP..
11:22:07 Error dwonloading File from api1/txt/input
Connection reset
11:22:08 Error File uploading File from api1/txt/output
Connection reset
11:22:08 Delay 1.0 detik..
11:22:09 Eksekusi Download & Upload FTP..
11:22:09 Error dwonloading File from api1/txt/input
Connection reset
11:22:09 Error File uploading File from api1/txt/output
Connection reset
11:22:09 Delay 1.0 detik..
11:22:10 Eksekusi Download & Upload FTP..
11:22:10 Error dwonloading File from api1/txt/input
Connection reset
11:22:10 Error File uploading File from api1/txt/output
Connection reset
11:22:10 Delay 1.0 detik..
11:22:11 Eksekusi Download & Upload FTP..
11:22:11 Error dwonloading File from api1/txt/input
Connection reset
11:22:11 Error File uploading File from api1/txt/output
Connection reset
11:22:11 Delay 1.0 detik..
11:22:12 Eksekusi Download & Upload FTP..
11:22:12 Error dwonloading File from api1/txt/input
Connection reset
11:22:13 Error File uploading File from api1/txt/output
Connection reset
11:22:13 Delay 1.0 detik..
11:22:14 Eksekusi Download & Upload FTP..
11:22:14 Error dwonloading File from api1/txt/input
Connection reset
11:22:14 Error File uploading File from api1/txt/output
Connection reset
11:22:14 Delay 1.0 detik..
11:22:15 Eksekusi Download & Upload FTP..
11:22:15 Error dwonloading File from api1/txt/input
Connection reset
11:22:15 Error File uploading File from api1/txt/output
Connection reset
11:22:15 Delay 1.0 detik..
11:22:16 Eksekusi Download & Upload FTP..
11:22:16 Error dwonloading File from api1/txt/input
Connection reset
11:22:16 Error File uploading File from api1/txt/output
Connection reset
11:22:16 Delay 1.0 detik..
11:22:17 Eksekusi Download & Upload FTP..
11:22:17 Error dwonloading File from api1/txt/input
Connection reset
11:22:18 Error File uploading File from api1/txt/output
Connection reset
11:22:18 Delay 1.0 detik..
11:22:19 Eksekusi Download & Upload FTP..
11:22:19 Error dwonloading File from api1/txt/input
Connection reset
11:22:19 Error File uploading File from api1/txt/output
Connection reset
11:22:19 Delay 1.0 detik..
11:22:20 Eksekusi Download & Upload FTP..
11:22:20 Error dwonloading File from api1/txt/input
Connection reset
11:22:20 Error File uploading File from api1/txt/output
Connection reset
11:22:20 Delay 1.0 detik..
11:22:21 Eksekusi Download & Upload FTP..
11:22:21 Error dwonloading File from api1/txt/input
Connection reset
11:22:21 Error File uploading File from api1/txt/output
Connection reset
11:22:21 Delay 1.0 detik..
11:22:22 Eksekusi Download & Upload FTP..
11:22:22 Error dwonloading File from api1/txt/input
Connection reset
11:22:23 Error File uploading File from api1/txt/output
Connection reset
11:22:23 Delay 1.0 detik..
11:22:24 Eksekusi Download & Upload FTP..
11:22:24 Error dwonloading File from api1/txt/input
Connection reset
11:22:24 Error File uploading File from api1/txt/output
Connection reset
11:22:24 Delay 1.0 detik..
11:22:25 Eksekusi Download & Upload FTP..
11:22:25 Error dwonloading File from api1/txt/input
Connection reset
11:22:25 Error File uploading File from api1/txt/output
Connection reset
11:22:25 Delay 1.0 detik..
11:22:26 Eksekusi Download & Upload FTP..
11:22:26 Error dwonloading File from api1/txt/input
Connection reset
11:22:26 Error File uploading File from api1/txt/output
Connection reset
11:22:26 Delay 1.0 detik..
11:22:27 Eksekusi Download & Upload FTP..
11:22:28 Error dwonloading File from api1/txt/input
Connection reset
11:22:28 Error File uploading File from api1/txt/output
Connection reset
11:22:28 Delay 1.0 detik..
11:22:29 Eksekusi Download & Upload FTP..
11:22:29 Error dwonloading File from api1/txt/input
Connection reset
11:22:29 Error File uploading File from api1/txt/output
Connection reset
11:22:29 Delay 1.0 detik..
11:22:30 Eksekusi Download & Upload FTP..
11:22:30 Error dwonloading File from api1/txt/input
Connection reset
11:22:30 Error File uploading File from api1/txt/output
Connection reset
11:22:30 Delay 1.0 detik..
11:22:31 Eksekusi Download & Upload FTP..
11:22:31 Error dwonloading File from api1/txt/input
Connection reset
11:22:31 Error File uploading File from api1/txt/output
Connection reset
11:22:31 Delay 1.0 detik..
11:22:32 Eksekusi Download & Upload FTP..
11:22:32 Error dwonloading File from api1/txt/input
Connection reset
11:22:33 Error File uploading File from api1/txt/output
Connection reset
11:22:33 Delay 1.0 detik..
11:22:34 Eksekusi Download & Upload FTP..
11:22:34 Error dwonloading File from api1/txt/input
Connection reset
11:22:34 Error File uploading File from api1/txt/output
Connection reset
11:22:34 Delay 1.0 detik..
11:22:35 Eksekusi Download & Upload FTP..
11:22:35 Error dwonloading File from api1/txt/input
Connection reset
11:22:35 Error File uploading File from api1/txt/output
Connection reset
11:22:35 Delay 1.0 detik..
11:22:36 Eksekusi Download & Upload FTP..
11:22:36 Error dwonloading File from api1/txt/input
Connection reset
11:22:36 Error File uploading File from api1/txt/output
Connection reset
11:22:36 Delay 1.0 detik..
11:22:37 Eksekusi Download & Upload FTP..
11:22:37 Error dwonloading File from api1/txt/input
Connection reset
11:22:38 Error File uploading File from api1/txt/output
Connection reset
11:22:38 Delay 1.0 detik..
11:22:39 Eksekusi Download & Upload FTP..
11:22:39 Error dwonloading File from api1/txt/input
Connection reset
11:22:39 Error File uploading File from api1/txt/output
Connection reset
11:22:39 Delay 1.0 detik..
11:22:40 Eksekusi Download & Upload FTP..
11:22:40 Error dwonloading File from api1/txt/input
Connection reset
11:22:40 Error File uploading File from api1/txt/output
Connection reset
11:22:40 Delay 1.0 detik..
11:22:41 Eksekusi Download & Upload FTP..
11:22:41 Error dwonloading File from api1/txt/input
Connection reset
11:22:41 Error File uploading File from api1/txt/output
Connection reset
11:22:41 Delay 1.0 detik..
11:22:42 Eksekusi Download & Upload FTP..
11:22:42 Error dwonloading File from api1/txt/input
Connection reset
11:22:42 Error File uploading File from api1/txt/output
Connection reset
11:22:42 Delay 1.0 detik..
11:22:43 Eksekusi Download & Upload FTP..
11:22:44 Error dwonloading File from api1/txt/input
Connection reset
11:22:45 Error File uploading File from api1/txt/output
Connection reset
11:22:45 Delay 1.0 detik..
11:22:46 Eksekusi Download & Upload FTP..
11:22:46 Error dwonloading File from api1/txt/input
Connection reset
11:22:46 Error File uploading File from api1/txt/output
Connection reset
11:22:46 Delay 1.0 detik..
11:22:47 Eksekusi Download & Upload FTP..
11:22:47 Error dwonloading File from api1/txt/input
Connection reset
11:22:47 Error File uploading File from api1/txt/output
Connection reset
11:22:47 Delay 1.0 detik..
11:22:48 Eksekusi Download & Upload FTP..
11:22:48 Error dwonloading File from api1/txt/input
Connection reset
11:22:50 Error File uploading File from api1/txt/output
Connection reset
11:22:50 Delay 1.0 detik..
11:22:51 Eksekusi Download & Upload FTP..
11:22:51 Error dwonloading File from api1/txt/input
Connection reset
11:22:51 Error File uploading File from api1/txt/output
Connection reset
11:22:51 Delay 1.0 detik..
11:22:52 Eksekusi Download & Upload FTP..
11:22:52 Error dwonloading File from api1/txt/input
Connection reset
11:22:52 Error File uploading File from api1/txt/output
Connection reset
11:22:52 Delay 1.0 detik..
11:22:53 Eksekusi Download & Upload FTP..
11:22:53 Error dwonloading File from api1/txt/input
Connection reset
11:22:54 Error File uploading File from api1/txt/output
Connection reset
11:22:54 Delay 1.0 detik..
11:22:55 Eksekusi Download & Upload FTP..
11:22:55 Error dwonloading File from api1/txt/input
Connection reset
11:22:55 Error File uploading File from api1/txt/output
Connection reset
11:22:55 Delay 1.0 detik..
11:22:56 Eksekusi Download & Upload FTP..
11:22:56 Error dwonloading File from api1/txt/input
Connection reset
11:22:56 Error File uploading File from api1/txt/output
Connection reset
11:22:56 Delay 1.0 detik..
11:22:57 Eksekusi Download & Upload FTP..
11:22:57 Error dwonloading File from api1/txt/input
Connection reset
11:22:57 Error File uploading File from api1/txt/output
Connection reset
11:22:57 Delay 1.0 detik..
11:22:58 Eksekusi Download & Upload FTP..
11:22:58 Error dwonloading File from api1/txt/input
Connection reset
11:22:59 Error File uploading File from api1/txt/output
Connection reset
11:22:59 Delay 1.0 detik..
11:23:00 Eksekusi Download & Upload FTP..
11:23:00 Error dwonloading File from api1/txt/input
Connection reset
11:23:00 Error File uploading File from api1/txt/output
Connection reset
11:23:00 Delay 1.0 detik..
11:23:01 Eksekusi Download & Upload FTP..
11:23:01 Error dwonloading File from api1/txt/input
Connection reset
11:23:01 Error File uploading File from api1/txt/output
Connection reset
11:23:01 Delay 1.0 detik..
11:23:02 Eksekusi Download & Upload FTP..
11:23:02 Error dwonloading File from api1/txt/input
Connection reset
11:23:02 Error File uploading File from api1/txt/output
Connection reset
11:23:02 Delay 1.0 detik..
11:23:03 Eksekusi Download & Upload FTP..
11:23:03 Error dwonloading File from api1/txt/input
Connection reset
11:23:04 Error File uploading File from api1/txt/output
Connection reset
11:23:04 Delay 1.0 detik..
11:23:05 Eksekusi Download & Upload FTP..
11:23:05 Error dwonloading File from api1/txt/input
Connection reset
11:23:05 Error File uploading File from api1/txt/output
Connection reset
11:23:05 Delay 1.0 detik..
11:23:06 Eksekusi Download & Upload FTP..
11:23:06 Error dwonloading File from api1/txt/input
Connection reset
11:23:06 Error File uploading File from api1/txt/output
Connection reset
11:23:06 Delay 1.0 detik..
11:23:07 Eksekusi Download & Upload FTP..
11:23:07 Error dwonloading File from api1/txt/input
Connection reset
11:23:07 Error File uploading File from api1/txt/output
Connection reset
11:23:07 Delay 1.0 detik..
11:23:08 Eksekusi Download & Upload FTP..
11:23:08 Error dwonloading File from api1/txt/input
Connection reset
11:23:08 Error File uploading File from api1/txt/output
Connection reset
11:23:08 Delay 1.0 detik..
11:23:09 Eksekusi Download & Upload FTP..
11:23:10 Error dwonloading File from api1/txt/input
Connection reset
11:23:10 Error File uploading File from api1/txt/output
Connection reset
11:23:10 Delay 1.0 detik..
11:23:11 Eksekusi Download & Upload FTP..
11:23:11 Error dwonloading File from api1/txt/input
Connection reset
11:23:11 Error File uploading File from api1/txt/output
Connection reset
11:23:11 Delay 1.0 detik..
11:23:12 Eksekusi Download & Upload FTP..
11:23:12 Error dwonloading File from api1/txt/input
Connection reset
11:23:33 Error File uploading File from api1/txt/output
Connection timed out: connect
11:23:33 Delay 1.0 detik..
11:23:34 Eksekusi Download & Upload FTP..
11:23:55 Error dwonloading File from api1/txt/input
Connection timed out: connect
11:24:16 Error File uploading File from api1/txt/output
Connection timed out: connect
11:24:16 Delay 1.0 detik..
11:24:17 Eksekusi Download & Upload FTP..
11:24:38 Error dwonloading File from api1/txt/input
Connection timed out: connect
11:24:59 Error File uploading File from api1/txt/output
Connection timed out: connect
11:24:59 Delay 1.0 detik..
11:25:00 Eksekusi Download & Upload FTP..
11:25:21 Error dwonloading File from api1/txt/input
Connection timed out: connect
11:25:42 Error File uploading File from api1/txt/output
Connection timed out: connect
11:25:42 Delay 1.0 detik..
11:25:43 Eksekusi Download & Upload FTP..
11:26:04 Error dwonloading File from api1/txt/input
Connection timed out: connect
11:26:25 Error File uploading File from api1/txt/output
Connection timed out: connect
11:26:25 Delay 1.0 detik..
11:26:26 Eksekusi Download & Upload FTP..
11:26:47 Error dwonloading File from api1/txt/input
Connection timed out: connect
11:27:08 Error File uploading File from api1/txt/output
Connection timed out: connect
11:27:08 Delay 1.0 detik..
11:27:09 Eksekusi Download & Upload FTP..
11:27:30 Error dwonloading File from api1/txt/input
Connection timed out: connect
11:27:49 Loading Configuration...
11:27:49 Loading Configuration Selesai !
11:28:07 Inisiasi aplikasi...
11:28:07 Testing koneksi ke server...
11:28:07 OK FTP Connected
OK Remote system is UNIX Type: L8
OK Current directory is /api1/txt/input

11:28:07 Aplikasi siap digunakan...
11:28:07 Testing koneksi ke server Selesai 
11:28:08 Delay 1.0 detik..
11:28:09 Eksekusi Download & Upload FTP..
11:30:50 Loading Configuration...
11:30:50 Loading Configuration Selesai !
11:30:51 Inisiasi aplikasi...
11:30:51 Testing koneksi ke server...
11:30:53 OK FTP Connected
OK Remote system is UNIX Type: L8
OK Current directory is /api1/txt/input

11:30:53 Aplikasi siap digunakan...
11:30:53 Testing koneksi ke server Selesai 
11:30:53 Delay 1.0 detik..
11:30:54 Eksekusi Download & Upload FTP..
11:31:05 Delay 1.0 detik..
11:31:06 Eksekusi Download & Upload FTP..
11:31:08 Delay 1.0 detik..
11:31:09 Eksekusi Download & Upload FTP..
11:31:10 Delay 1.0 detik..
11:31:11 Eksekusi Download & Upload FTP..
11:31:13 Delay 1.0 detik..
11:31:14 Eksekusi Download & Upload FTP..
11:31:16 Delay 1.0 detik..
11:31:17 Eksekusi Download & Upload FTP..
11:31:20 Delay 1.0 detik..
11:31:21 Eksekusi Download & Upload FTP..
11:31:22 Delay 1.0 detik..
11:31:23 Eksekusi Download & Upload FTP..
11:31:25 Delay 1.0 detik..
11:31:26 Eksekusi Download & Upload FTP..
11:31:28 Delay 1.0 detik..
11:31:29 Eksekusi Download & Upload FTP..
11:31:31 Delay 1.0 detik..
11:31:32 Eksekusi Download & Upload FTP..
11:31:33 Delay 1.0 detik..
11:31:34 Eksekusi Download & Upload FTP..
11:31:37 Delay 1.0 detik..
11:31:38 Eksekusi Download & Upload FTP..
11:31:40 Delay 1.0 detik..
11:31:41 Eksekusi Download & Upload FTP..
11:31:43 Delay 1.0 detik..
11:31:44 Eksekusi Download & Upload FTP..
11:31:47 Delay 1.0 detik..
11:31:48 Eksekusi Download & Upload FTP..
11:31:49 Delay 1.0 detik..
11:31:50 Eksekusi Download & Upload FTP..
11:31:56 Delay 1.0 detik..
11:31:57 Eksekusi Download & Upload FTP..
11:31:59 Delay 1.0 detik..
11:32:00 Eksekusi Download & Upload FTP..
11:32:04 Delay 1.0 detik..
11:32:05 Eksekusi Download & Upload FTP..
11:32:08 Delay 1.0 detik..
11:32:09 Eksekusi Download & Upload FTP..
11:32:14 Delay 1.0 detik..
11:32:15 Eksekusi Download & Upload FTP..
11:32:17 Downloading File 159.txt from FTP Server --> 178.128.125.105/api1/txt/input/159.txt
11:32:17 Success File downloaded into api/txt/input/159.txt
11:32:17 Deleting File 159.txt from FTP Server --> 178.128.125.105/api1/txt/input/159.txt
11:32:17 Success File deleted from FTP Server --> 178.128.125.105/api1/txt/input/159.txt
11:32:17 Uploading File 159.TXT from lokal Server --> api/txt/output/159.TXT
11:32:18 Success File uploaded into FTP Server --> 178.128.125.105/api1/txt/output/159.TXT
11:32:18 Deleting File 159.TXT from local DIR --> api/txt/output/159.TXT
11:32:18 Success File deleted from local DIR --> api/txt/output/159.TXT
11:32:18 Delay 1.0 detik..
11:32:19 Eksekusi Download & Upload FTP..
11:32:22 Delay 1.0 detik..
11:32:23 Eksekusi Download & Upload FTP..
11:32:25 Delay 1.0 detik..
11:32:26 Eksekusi Download & Upload FTP..
11:32:28 Delay 1.0 detik..
11:32:29 Eksekusi Download & Upload FTP..
11:32:30 Delay 1.0 detik..
11:32:31 Eksekusi Download & Upload FTP..
11:32:33 Delay 1.0 detik..
11:32:34 Eksekusi Download & Upload FTP..
11:32:37 Delay 1.0 detik..
11:32:38 Eksekusi Download & Upload FTP..
11:32:40 Delay 1.0 detik..
11:32:41 Eksekusi Download & Upload FTP..
11:32:44 Delay 1.0 detik..
11:32:45 Eksekusi Download & Upload FTP..
11:32:48 Delay 1.0 detik..
11:32:49 Eksekusi Download & Upload FTP..
11:32:52 Delay 1.0 detik..
11:32:53 Eksekusi Download & Upload FTP..
11:33:03 Delay 1.0 detik..
11:33:04 Eksekusi Download & Upload FTP..
11:33:07 Delay 1.0 detik..
11:33:08 Eksekusi Download & Upload FTP..
11:33:20 Delay 1.0 detik..
11:33:21 Eksekusi Download & Upload FTP..
11:33:23 Delay 1.0 detik..
11:33:24 Eksekusi Download & Upload FTP..
11:33:26 Delay 1.0 detik..
11:33:27 Eksekusi Download & Upload FTP..
11:33:28 Delay 1.0 detik..
11:33:29 Eksekusi Download & Upload FTP..
11:33:33 Delay 1.0 detik..
11:33:34 Eksekusi Download & Upload FTP..
11:33:35 Delay 1.0 detik..
11:33:36 Eksekusi Download & Upload FTP..
11:33:38 Downloading File 160.txt from FTP Server --> 178.128.125.105/api1/txt/input/160.txt
11:33:38 Success File downloaded into api/txt/input/160.txt
11:33:38 Deleting File 160.txt from FTP Server --> 178.128.125.105/api1/txt/input/160.txt
11:33:39 Success File deleted from FTP Server --> 178.128.125.105/api1/txt/input/160.txt
11:33:42 Uploading File 160.TXT from lokal Server --> api/txt/output/160.TXT
11:33:43 Success File uploaded into FTP Server --> 178.128.125.105/api1/txt/output/160.TXT
11:33:43 Deleting File 160.TXT from local DIR --> api/txt/output/160.TXT
11:33:43 Success File deleted from local DIR --> api/txt/output/160.TXT
11:33:43 Delay 1.0 detik..
11:33:44 Eksekusi Download & Upload FTP..
11:33:48 Delay 1.0 detik..
11:33:49 Eksekusi Download & Upload FTP..
11:33:51 Delay 1.0 detik..
11:33:52 Eksekusi Download & Upload FTP..
11:33:55 Delay 1.0 detik..
11:33:56 Eksekusi Download & Upload FTP..
11:34:00 Delay 1.0 detik..
11:34:01 Eksekusi Download & Upload FTP..
11:34:07 Delay 1.0 detik..
11:34:08 Eksekusi Download & Upload FTP..
11:34:29 Error dwonloading File from api1/txt/input
Connection timed out: connect
11:34:50 Error File uploading File from api1/txt/output
Connection timed out: connect
11:34:50 Delay 1.0 detik..
11:34:51 Eksekusi Download & Upload FTP..
11:35:12 Error dwonloading File from api1/txt/input
Connection timed out: connect
11:35:33 Error File uploading File from api1/txt/output
Connection timed out: connect
11:35:33 Delay 1.0 detik..
11:35:34 Eksekusi Download & Upload FTP..
11:35:55 Error dwonloading File from api1/txt/input
Connection timed out: connect
11:36:16 Error File uploading File from api1/txt/output
Connection timed out: connect
11:36:16 Delay 1.0 detik..
11:36:17 Eksekusi Download & Upload FTP..
11:36:38 Error dwonloading File from api1/txt/input
Connection timed out: connect
11:36:59 Error File uploading File from api1/txt/output
Connection timed out: connect
11:36:59 Delay 1.0 detik..
11:37:00 Eksekusi Download & Upload FTP..
11:37:21 Error dwonloading File from api1/txt/input
Connection timed out: connect
11:37:42 Error File uploading File from api1/txt/output
Connection timed out: connect
11:37:42 Delay 1.0 detik..
11:37:43 Eksekusi Download & Upload FTP..
11:38:04 Error dwonloading File from api1/txt/input
Connection timed out: connect
11:38:29 Loading Configuration...
11:38:29 Loading Configuration Selesai !
11:38:31 Inisiasi aplikasi...
11:38:31 Testing koneksi ke server...
11:38:52 ERROR dwonloading from api1/txt/input
Connection timed out: connect

11:38:52 Testing koneksi ke server Selesai 
11:38:52 Delay 1.0 detik..
11:38:53 Eksekusi Download & Upload FTP..
11:39:07 Aplikasi berhenti.
11:39:08 Inisiasi aplikasi...
11:39:08 Testing koneksi ke server...
11:39:08 ERROR dwonloading from api1/txt/input
Connection reset

11:39:08 Testing koneksi ke server Selesai 
11:39:08 Delay 1.0 detik..
11:39:09 Eksekusi Download & Upload FTP..
11:39:18 Loading Configuration...
11:39:18 Loading Configuration Selesai !
11:39:21 Inisiasi aplikasi...
11:39:21 Testing koneksi ke server...
11:39:42 ERROR dwonloading from api1/txt/input
Connection timed out: connect

11:39:42 Testing koneksi ke server Selesai 
11:39:42 Delay 1.0 detik..
11:39:48 Loading Configuration...
11:39:48 Loading Configuration Selesai !
11:39:50 Inisiasi aplikasi...
11:39:50 Testing koneksi ke server...
11:39:52 OK FTP Connected
OK Remote system is UNIX Type: L8
OK Current directory is /api1/txt/input

11:39:52 Aplikasi siap digunakan...
11:39:52 Testing koneksi ke server Selesai 
11:39:52 Delay 1.0 detik..
11:39:53 Eksekusi Download & Upload FTP..
11:39:53 Downloading File 161.txt from FTP Server --> 178.128.125.105/api1/txt/input/161.txt
11:39:53 Success File downloaded into api/txt/input/161.txt
11:39:53 Deleting File 161.txt from FTP Server --> 178.128.125.105/api1/txt/input/161.txt
11:39:54 Success File deleted from FTP Server --> 178.128.125.105/api1/txt/input/161.txt
11:39:54 Downloading File 162.txt from FTP Server --> 178.128.125.105/api1/txt/input/162.txt
11:39:54 Success File downloaded into api/txt/input/162.txt
11:39:54 Deleting File 162.txt from FTP Server --> 178.128.125.105/api1/txt/input/162.txt
11:39:54 Success File deleted from FTP Server --> 178.128.125.105/api1/txt/input/162.txt
11:39:54 Uploading File 161.TXT from lokal Server --> api/txt/output/161.TXT
11:39:55 Success File uploaded into FTP Server --> 178.128.125.105/api1/txt/output/161.TXT
11:39:55 Deleting File 161.TXT from local DIR --> api/txt/output/161.TXT
11:39:55 Success File deleted from local DIR --> api/txt/output/161.TXT
11:39:55 Uploading File 162.TXT from lokal Server --> api/txt/output/162.TXT
11:39:55 Success File uploaded into FTP Server --> 178.128.125.105/api1/txt/output/162.TXT
11:39:55 Deleting File 162.TXT from local DIR --> api/txt/output/162.TXT
11:39:55 Success File deleted from local DIR --> api/txt/output/162.TXT
11:39:55 Delay 1.0 detik..
11:39:56 Eksekusi Download & Upload FTP..
11:39:57 Delay 1.0 detik..
11:39:58 Eksekusi Download & Upload FTP..
11:39:59 Delay 1.0 detik..
11:40:00 Eksekusi Download & Upload FTP..
11:40:01 Downloading File 163.txt from FTP Server --> 178.128.125.105/api1/txt/input/163.txt
11:40:01 Success File downloaded into api/txt/input/163.txt
11:40:01 Deleting File 163.txt from FTP Server --> 178.128.125.105/api1/txt/input/163.txt
11:40:01 Success File deleted from FTP Server --> 178.128.125.105/api1/txt/input/163.txt
11:40:02 Uploading File 163.TXT from lokal Server --> api/txt/output/163.TXT
11:40:02 Success File uploaded into FTP Server --> 178.128.125.105/api1/txt/output/163.TXT
11:40:02 Deleting File 163.TXT from local DIR --> api/txt/output/163.TXT
11:40:02 Success File deleted from local DIR --> api/txt/output/163.TXT
11:40:02 Delay 1.0 detik..
11:40:03 Eksekusi Download & Upload FTP..
11:40:04 Delay 1.0 detik..
11:40:05 Eksekusi Download & Upload FTP..
11:40:06 Delay 1.0 detik..
11:40:07 Eksekusi Download & Upload FTP..
11:40:08 Delay 1.0 detik..
11:40:09 Eksekusi Download & Upload FTP..
11:40:11 Delay 1.0 detik..
11:40:12 Eksekusi Download & Upload FTP..
11:40:13 Delay 1.0 detik..
11:40:14 Eksekusi Download & Upload FTP..
11:40:15 Delay 1.0 detik..
11:40:16 Eksekusi Download & Upload FTP..
11:40:17 Delay 1.0 detik..
11:40:18 Eksekusi Download & Upload FTP..
11:40:20 Delay 1.0 detik..
11:40:21 Eksekusi Download & Upload FTP..
11:40:22 Delay 1.0 detik..
11:40:23 Eksekusi Download & Upload FTP..
11:40:24 Delay 1.0 detik..
11:40:25 Eksekusi Download & Upload FTP..
11:40:26 Delay 1.0 detik..
11:40:27 Eksekusi Download & Upload FTP..
11:40:28 Delay 1.0 detik..
11:40:29 Eksekusi Download & Upload FTP..
11:40:51 Error File uploading File from api1/txt/output
Connection timed out: connect
11:40:51 Delay 1.0 detik..
11:40:52 Eksekusi Download & Upload FTP..
11:41:13 Error dwonloading File from api1/txt/input
Connection timed out: connect
11:41:34 Error File uploading File from api1/txt/output
Connection timed out: connect
11:41:34 Delay 1.0 detik..
11:41:35 Eksekusi Download & Upload FTP..
11:41:56 Error dwonloading File from api1/txt/input
Connection timed out: connect
11:42:17 Error File uploading File from api1/txt/output
Connection timed out: connect
11:42:17 Delay 1.0 detik..
11:42:18 Eksekusi Download & Upload FTP..
11:42:39 Error dwonloading File from api1/txt/input
Connection timed out: connect
11:42:48 Loading Configuration...
11:42:48 Loading Configuration Selesai !
11:42:50 Inisiasi aplikasi...
11:42:50 Testing koneksi ke server...
11:43:11 ERROR dwonloading from api1/txt/input
Connection timed out: connect

11:43:11 Testing koneksi ke server Selesai 
11:43:11 Aplikasi berhenti.
11:43:11 Inisiasi aplikasi...
11:43:11 Testing koneksi ke server...
11:43:22 Loading Configuration...
11:43:22 Loading Configuration Selesai !
11:43:25 Inisiasi aplikasi...
11:43:25 Testing koneksi ke server...
11:43:32 ERROR dwonloading from api1/txt/input
Connection timed out: connect

11:43:32 Testing koneksi ke server Selesai 
11:43:32 Aplikasi berhenti.
11:43:32 Inisiasi aplikasi...
11:43:32 Testing koneksi ke server...
11:43:46 ERROR dwonloading from api1/txt/input
Connection timed out: connect

11:43:46 Testing koneksi ke server Selesai 
11:43:46 Delay 1.0 detik..
11:43:53 ERROR dwonloading from api1/txt/input
Connection timed out: connect

11:43:53 Testing koneksi ke server Selesai 
11:43:53 Aplikasi berhenti.
11:43:53 Delay 1.0 detik..
11:43:53 Loading Configuration...
11:43:53 Loading Configuration Selesai !
11:43:56 Inisiasi aplikasi...
11:43:56 Testing koneksi ke server...
11:44:17 ERROR dwonloading from api1/txt/input
Connection timed out: connect

11:44:17 Testing koneksi ke server Selesai 
11:44:17 Aplikasi berhenti.
11:44:17 Inisiasi aplikasi...
11:44:17 Testing koneksi ke server...
11:44:17 Delay 1.0 detik..
11:44:18 Eksekusi Download & Upload FTP..
11:44:29 Loading Configuration...
11:44:29 Loading Configuration Selesai !
11:44:38 Inisiasi aplikasi...
11:44:38 Testing koneksi ke server...
11:44:38 ERROR dwonloading from api1/txt/input
Connection timed out: connect

11:44:38 Testing koneksi ke server Selesai 
11:44:38 Delay 1.0 detik..
11:44:42 OK FTP Connected
OK Remote system is UNIX Type: L8
OK Current directory is /api1/txt/input

11:44:42 Aplikasi siap digunakan...
11:44:42 Testing koneksi ke server Selesai 
11:44:42 Delay 1.0 detik..
11:44:43 Eksekusi Download & Upload FTP..
11:45:04 Error dwonloading File from api1/txt/input
Connection timed out: connect
11:45:25 Error File uploading File from api1/txt/output
Connection timed out: connect
11:45:25 Delay 1.0 detik..
11:45:28 Loading Configuration...
11:45:28 Loading Configuration Selesai !
11:45:30 Inisiasi aplikasi...
11:45:30 Testing koneksi ke server...
11:45:51 ERROR dwonloading from api1/txt/input
Connection timed out: connect

11:45:51 Testing koneksi ke server Selesai 
11:45:51 Delay 1.0 detik..
11:45:52 Eksekusi Download & Upload FTP..
11:46:13 Error dwonloading File from api1/txt/input
Connection timed out: connect
11:46:28 Loading Configuration...
11:46:28 Loading Configuration Selesai !
11:46:31 Inisiasi aplikasi...
11:46:31 Testing koneksi ke server...
11:46:52 ERROR dwonloading from api1/txt/input
Connection timed out: connect

11:46:52 Testing koneksi ke server Selesai 
11:46:52 Delay 1.0 detik..
11:46:52 Aplikasi berhenti.
11:46:55 Loading Configuration...
11:46:55 Loading Configuration Selesai !
11:46:57 Inisiasi aplikasi...
11:46:57 Testing koneksi ke server...
11:47:18 ERROR dwonloading from api1/txt/input
Connection timed out: connect

11:47:18 Testing koneksi ke server Selesai 
11:47:18 Delay 1.0 detik..
11:47:19 Eksekusi Download & Upload FTP..
11:47:42 Loading Configuration...
11:47:42 Loading Configuration Selesai !
11:47:44 Inisiasi aplikasi...
11:47:44 Testing koneksi ke server...
11:48:05 Loading Configuration...
11:48:05 Loading Configuration Selesai !
11:48:05 ERROR dwonloading from api1/txt/input
Connection timed out: connect

11:48:05 Testing koneksi ke server Selesai 
11:48:05 Delay 1.0 detik..
11:48:05 Aplikasi berhenti.
11:48:05 Inisiasi aplikasi...
11:48:05 Testing koneksi ke server...
11:48:06 Eksekusi Download & Upload FTP..
11:48:08 Inisiasi aplikasi...
11:48:08 Testing koneksi ke server...
11:48:26 ERROR dwonloading from api1/txt/input
Connection timed out: connect

11:48:26 Testing koneksi ke server Selesai 
11:48:26 Delay 1.0 detik..
11:48:29 ERROR dwonloading from api1/txt/input
Connection timed out: connect

11:48:29 Testing koneksi ke server Selesai 
11:48:29 Delay 1.0 detik..
11:48:30 Eksekusi Download & Upload FTP..
11:48:34 Loading Configuration...
11:48:34 Loading Configuration Selesai !
11:48:40 Inisiasi aplikasi...
11:48:40 Testing koneksi ke server...
11:49:01 ERROR dwonloading from api1/txt/input
Connection timed out: connect

11:49:01 Testing koneksi ke server Selesai 
11:49:01 Delay 1.0 detik..
11:49:02 Eksekusi Download & Upload FTP..
11:49:23 Error dwonloading File from api1/txt/input
Connection timed out: connect
11:49:43 Loading Configuration...
11:49:43 Loading Configuration Selesai !
11:49:45 Inisiasi aplikasi...
11:49:45 Testing koneksi ke server...
11:50:05 Loading Configuration...
11:50:05 Loading Configuration Selesai !
11:50:06 ERROR dwonloading from api1/txt/input
Connection timed out: connect

11:50:06 Testing koneksi ke server Selesai 
11:50:06 Delay 1.0 detik..
11:50:07 Inisiasi aplikasi...
11:50:07 Testing koneksi ke server...
11:50:08 ERROR dwonloading from api1/txt/input
Connection reset

11:50:08 Testing koneksi ke server Selesai 
11:50:08 Delay 1.0 detik..
11:50:09 Eksekusi Download & Upload FTP..
11:50:09 Error dwonloading File from api1/txt/input
Connection reset
11:50:09 Error File uploading File from api1/txt/output
Connection reset
11:50:09 Delay 1.0 detik..
11:50:10 Eksekusi Download & Upload FTP..
11:50:10 Error dwonloading File from api1/txt/input
Connection reset
11:50:10 Error File uploading File from api1/txt/output
Connection reset
11:50:10 Delay 1.0 detik..
11:50:11 Eksekusi Download & Upload FTP..
11:50:11 Error dwonloading File from api1/txt/input
Connection reset
11:50:11 Error File uploading File from api1/txt/output
Connection reset
11:50:11 Delay 1.0 detik..
11:50:12 Eksekusi Download & Upload FTP..
11:50:12 Error dwonloading File from api1/txt/input
Connection reset
11:50:13 Error File uploading File from api1/txt/output
Connection reset
11:50:13 Delay 1.0 detik..
11:50:14 Eksekusi Download & Upload FTP..
11:50:14 Error dwonloading File from api1/txt/input
Connection reset
11:50:14 Error File uploading File from api1/txt/output
Connection reset
11:50:14 Delay 1.0 detik..
11:50:15 Eksekusi Download & Upload FTP..
11:50:15 Error dwonloading File from api1/txt/input
Connection reset
11:50:15 Error File uploading File from api1/txt/output
Connection reset
11:50:15 Delay 1.0 detik..
11:50:16 Eksekusi Download & Upload FTP..
11:50:16 Error dwonloading File from api1/txt/input
Connection reset
11:50:16 Error File uploading File from api1/txt/output
Connection reset
11:50:16 Delay 1.0 detik..
11:50:17 Eksekusi Download & Upload FTP..
11:50:17 Error dwonloading File from api1/txt/input
Connection reset
11:50:18 Error File uploading File from api1/txt/output
Connection reset
11:50:18 Delay 1.0 detik..
11:50:19 Eksekusi Download & Upload FTP..
11:50:19 Error dwonloading File from api1/txt/input
Connection reset
11:50:19 Error File uploading File from api1/txt/output
Connection reset
11:50:19 Delay 1.0 detik..
11:50:20 Eksekusi Download & Upload FTP..
11:50:20 Error dwonloading File from api1/txt/input
Connection reset
11:50:20 Error File uploading File from api1/txt/output
Connection reset
11:50:20 Delay 1.0 detik..
11:50:21 Eksekusi Download & Upload FTP..
11:50:21 Error dwonloading File from api1/txt/input
Connection reset
11:50:42 Error File uploading File from api1/txt/output
Connection timed out: connect
11:50:42 Delay 1.0 detik..
11:50:43 Eksekusi Download & Upload FTP..
11:51:04 Error dwonloading File from api1/txt/input
Connection timed out: connect
11:51:25 Loading Configuration...
11:51:25 Loading Configuration Selesai !
11:51:29 Inisiasi aplikasi...
11:51:29 Testing koneksi ke server...
11:51:50 ERROR dwonloading from api1/txt/input
Connection timed out: connect

11:51:50 Testing koneksi ke server Selesai 
11:51:50 Delay 1.0 detik..
11:51:51 Eksekusi Download & Upload FTP..
11:51:51 Aplikasi berhenti.
