09:02:12 Loading Configuration...
09:02:12 Loading Configuration Selesai !
09:02:15 Inisiasi aplikasi...
09:02:15 Testing koneksi ke server...
09:02:36 ERROR dwonloading from api1/txt/input
Connection timed out: connect

09:02:36 Testing koneksi ke server Selesai 
09:02:36 Delay 1.0 detik..
09:02:37 Eksekusi Download & Upload FTP..
09:02:58 Error dwonloading File from api1/txt/input
Connection timed out: connect
09:03:21 Delay 1.0 detik..
09:03:22 Eksekusi Download & Upload FTP..
09:03:27 Error dwonloading File from api1/txt/input
Permission denied: recv failed
09:03:41 Delay 1.0 detik..
09:03:42 Eksekusi Download & Upload FTP..
09:03:50 Error dwonloading File from api1/txt/input
Permission denied: recv failed
09:04:28 Delay 1.0 detik..
09:04:29 Eksekusi Download & Upload FTP..
09:04:55 Error dwonloading File from api1/txt/input
Permission denied: recv failed
09:05:03 Delay 1.0 detik..
09:05:04 Eksekusi Download & Upload FTP..
09:05:14 Error dwonloading File from api1/txt/input
Permission denied: recv failed
09:05:19 Delay 1.0 detik..
09:05:20 Eksekusi Download & Upload FTP..
09:05:26 Error dwonloading File from api1/txt/input
Permission denied: recv failed
09:06:10 Loading Configuration...
09:06:10 Loading Configuration Selesai !
09:10:22 Inisiasi aplikasi...
09:10:22 Testing koneksi ke server...
09:10:40 OK FTP Connected
OK Remote system is UNIX Type: L8
OK Current directory is /api1/txt/input

09:10:40 Aplikasi siap digunakan...
09:10:40 Testing koneksi ke server Selesai 
09:10:40 Delay 1.0 detik..
09:10:41 Eksekusi Download & Upload FTP..
09:10:45 Downloading File 89.txt from FTP Server --> 178.128.125.105/api1/txt/input/89.txt
09:10:45 Success File downloaded into api/txt/input/89.txt
09:10:45 Deleting File 89.txt from FTP Server --> 178.128.125.105/api1/txt/input/89.txt
09:10:50 Success File deleted from FTP Server --> 178.128.125.105/api1/txt/input/89.txt
09:10:50 Downloading File 90.txt from FTP Server --> 178.128.125.105/api1/txt/input/90.txt
09:10:56 Success File downloaded into api/txt/input/90.txt
09:10:56 Deleting File 90.txt from FTP Server --> 178.128.125.105/api1/txt/input/90.txt
09:10:57 Success File deleted from FTP Server --> 178.128.125.105/api1/txt/input/90.txt
09:13:28 Uploading File 89.TXT from lokal Server --> api/txt/output/89.TXT
09:13:28 Success File uploaded into FTP Server --> 178.128.125.105/api1/txt/output/89.TXT
09:13:28 Deleting File 89.TXT from local DIR --> api/txt/output/89.TXT
09:13:28 Success File deleted from local DIR --> api/txt/output/89.TXT
09:13:28 Uploading File 90.TXT from lokal Server --> api/txt/output/90.TXT
09:13:29 Success File uploaded into FTP Server --> 178.128.125.105/api1/txt/output/90.TXT
09:13:29 Deleting File 90.TXT from local DIR --> api/txt/output/90.TXT
09:13:29 Success File deleted from local DIR --> api/txt/output/90.TXT
09:13:29 Delay 1.0 detik..
09:13:30 Eksekusi Download & Upload FTP..
09:13:31 Downloading File 91.txt from FTP Server --> 178.128.125.105/api1/txt/input/91.txt
09:13:31 Success File downloaded into api/txt/input/91.txt
09:13:31 Deleting File 91.txt from FTP Server --> 178.128.125.105/api1/txt/input/91.txt
09:13:31 Success File deleted from FTP Server --> 178.128.125.105/api1/txt/input/91.txt
09:13:31 Downloading File 92.txt from FTP Server --> 178.128.125.105/api1/txt/input/92.txt
09:13:41 Success File downloaded into api/txt/input/92.txt
09:13:41 Deleting File 92.txt from FTP Server --> 178.128.125.105/api1/txt/input/92.txt
09:13:41 Success File deleted from FTP Server --> 178.128.125.105/api1/txt/input/92.txt
09:13:41 Downloading File 93.txt from FTP Server --> 178.128.125.105/api1/txt/input/93.txt
09:13:42 Success File downloaded into api/txt/input/93.txt
09:13:42 Deleting File 93.txt from FTP Server --> 178.128.125.105/api1/txt/input/93.txt
09:13:42 Success File deleted from FTP Server --> 178.128.125.105/api1/txt/input/93.txt
09:13:42 Delay 1.0 detik..
09:13:43 Eksekusi Download & Upload FTP..
09:13:48 Delay 1.0 detik..
09:13:49 Eksekusi Download & Upload FTP..
09:13:56 Delay 1.0 detik..
09:13:57 Eksekusi Download & Upload FTP..
09:13:59 Delay 1.0 detik..
09:14:00 Eksekusi Download & Upload FTP..
09:14:07 Uploading File 91.TXT from lokal Server --> api/txt/output/91.TXT
09:14:08 Success File uploaded into FTP Server --> 178.128.125.105/api1/txt/output/91.TXT
09:14:08 Deleting File 91.TXT from local DIR --> api/txt/output/91.TXT
09:14:08 Success File deleted from local DIR --> api/txt/output/91.TXT
09:14:08 Delay 1.0 detik..
09:14:09 Eksekusi Download & Upload FTP..
09:14:23 Uploading File 92.TXT from lokal Server --> api/txt/output/92.TXT
09:14:23 Success File uploaded into FTP Server --> 178.128.125.105/api1/txt/output/92.TXT
09:14:23 Deleting File 92.TXT from local DIR --> api/txt/output/92.TXT
09:14:23 Success File deleted from local DIR --> api/txt/output/92.TXT
09:14:23 Uploading File 93.TXT from lokal Server --> api/txt/output/93.TXT
09:14:34 Success File uploaded into FTP Server --> 178.128.125.105/api1/txt/output/93.TXT
09:14:34 Deleting File 93.TXT from local DIR --> api/txt/output/93.TXT
09:14:34 Success File deleted from local DIR --> api/txt/output/93.TXT
09:14:34 Delay 1.0 detik..
09:14:35 Eksekusi Download & Upload FTP..
09:14:47 Delay 1.0 detik..
09:14:48 Eksekusi Download & Upload FTP..
09:14:49 Downloading File 94.txt from FTP Server --> 178.128.125.105/api1/txt/input/94.txt
09:14:49 Success File downloaded into api/txt/input/94.txt
09:14:49 Deleting File 94.txt from FTP Server --> 178.128.125.105/api1/txt/input/94.txt
09:14:49 Success File deleted from FTP Server --> 178.128.125.105/api1/txt/input/94.txt
09:14:49 Downloading File 95.txt from FTP Server --> 178.128.125.105/api1/txt/input/95.txt
09:14:50 Success File downloaded into api/txt/input/95.txt
09:14:50 Deleting File 95.txt from FTP Server --> 178.128.125.105/api1/txt/input/95.txt
09:14:50 Success File deleted from FTP Server --> 178.128.125.105/api1/txt/input/95.txt
09:14:51 Delay 1.0 detik..
09:14:52 Eksekusi Download & Upload FTP..
09:14:59 Uploading File 94.TXT from lokal Server --> api/txt/output/94.TXT
09:15:00 Success File uploaded into FTP Server --> 178.128.125.105/api1/txt/output/94.TXT
09:15:00 Deleting File 94.TXT from local DIR --> api/txt/output/94.TXT
09:15:00 Success File deleted from local DIR --> api/txt/output/94.TXT
09:15:00 Uploading File 95.TXT from lokal Server --> api/txt/output/95.TXT
09:15:08 Success File uploaded into FTP Server --> 178.128.125.105/api1/txt/output/95.TXT
09:15:08 Deleting File 95.TXT from local DIR --> api/txt/output/95.TXT
09:15:08 Success File deleted from local DIR --> api/txt/output/95.TXT
09:15:08 Delay 1.0 detik..
09:15:09 Eksekusi Download & Upload FTP..
09:15:17 Delay 1.0 detik..
09:15:18 Eksekusi Download & Upload FTP..
09:15:20 Delay 1.0 detik..
09:15:21 Eksekusi Download & Upload FTP..
09:15:47 Delay 1.0 detik..
09:15:48 Eksekusi Download & Upload FTP..
09:16:32 Delay 1.0 detik..
09:16:33 Eksekusi Download & Upload FTP..
09:17:31 Downloading File 96.txt from FTP Server --> 178.128.125.105/api1/txt/input/96.txt
09:17:37 Success File downloaded into api/txt/input/96.txt
09:17:37 Deleting File 96.txt from FTP Server --> 178.128.125.105/api1/txt/input/96.txt
09:17:37 Success File deleted from FTP Server --> 178.128.125.105/api1/txt/input/96.txt
09:17:38 Delay 1.0 detik..
09:17:39 Eksekusi Download & Upload FTP..
09:17:58 Uploading File 96.TXT from lokal Server --> api/txt/output/96.TXT
09:17:59 Success File uploaded into FTP Server --> 178.128.125.105/api1/txt/output/96.TXT
09:17:59 Deleting File 96.TXT from local DIR --> api/txt/output/96.TXT
09:17:59 Success File deleted from local DIR --> api/txt/output/96.TXT
09:17:59 Delay 1.0 detik..
09:18:00 Eksekusi Download & Upload FTP..
09:18:02 Delay 1.0 detik..
09:18:03 Eksekusi Download & Upload FTP..
09:18:07 Delay 1.0 detik..
09:18:08 Eksekusi Download & Upload FTP..
09:19:14 Loading Configuration...
09:19:14 Loading Configuration Selesai !
09:19:16 Inisiasi aplikasi...
09:19:16 Testing koneksi ke server...
09:19:17 OK FTP Connected
OK Remote system is UNIX Type: L8
OK Current directory is /api1/txt/input

09:19:17 Aplikasi siap digunakan...
09:19:17 Testing koneksi ke server Selesai 
09:19:17 Delay 1.0 detik..
09:19:18 Eksekusi Download & Upload FTP..
09:19:19 Downloading File 97.txt from FTP Server --> 178.128.125.105/api1/txt/input/97.txt
09:19:22 Success File downloaded into api/txt/input/97.txt
09:19:22 Deleting File 97.txt from FTP Server --> 178.128.125.105/api1/txt/input/97.txt
09:19:22 Success File deleted from FTP Server --> 178.128.125.105/api1/txt/input/97.txt
09:19:23 Delay 1.0 detik..
09:19:24 Eksekusi Download & Upload FTP..
09:19:31 Downloading File 98.txt from FTP Server --> 178.128.125.105/api1/txt/input/98.txt
09:19:31 Success File downloaded into api/txt/input/98.txt
09:19:31 Deleting File 98.txt from FTP Server --> 178.128.125.105/api1/txt/input/98.txt
09:19:41 Success File deleted from FTP Server --> 178.128.125.105/api1/txt/input/98.txt
09:19:48 Uploading File 97.TXT from lokal Server --> api/txt/output/97.TXT
09:19:54 Success File uploaded into FTP Server --> 178.128.125.105/api1/txt/output/97.TXT
09:19:54 Deleting File 97.TXT from local DIR --> api/txt/output/97.TXT
09:19:54 Success File deleted from local DIR --> api/txt/output/97.TXT
09:19:54 Uploading File 98.TXT from lokal Server --> api/txt/output/98.TXT
09:19:55 Success File uploaded into FTP Server --> 178.128.125.105/api1/txt/output/98.TXT
09:19:55 Deleting File 98.TXT from local DIR --> api/txt/output/98.TXT
09:19:55 Success File deleted from local DIR --> api/txt/output/98.TXT
09:19:55 Delay 1.0 detik..
09:19:56 Eksekusi Download & Upload FTP..
09:19:56 Downloading File 99.txt from FTP Server --> 178.128.125.105/api1/txt/input/99.txt
09:19:57 Success File downloaded into api/txt/input/99.txt
09:19:57 Deleting File 99.txt from FTP Server --> 178.128.125.105/api1/txt/input/99.txt
09:19:57 Success File deleted from FTP Server --> 178.128.125.105/api1/txt/input/99.txt
09:19:58 Uploading File 99.TXT from lokal Server --> api/txt/output/99.TXT
09:20:02 Success File uploaded into FTP Server --> 178.128.125.105/api1/txt/output/99.TXT
09:20:02 Deleting File 99.TXT from local DIR --> api/txt/output/99.TXT
09:20:02 Success File deleted from local DIR --> api/txt/output/99.TXT
09:20:02 Delay 1.0 detik..
09:20:03 Eksekusi Download & Upload FTP..
09:20:13 Delay 1.0 detik..
09:20:14 Eksekusi Download & Upload FTP..
09:20:18 Delay 1.0 detik..
09:20:19 Eksekusi Download & Upload FTP..
09:20:24 Delay 1.0 detik..
09:20:25 Eksekusi Download & Upload FTP..
09:20:43 Delay 1.0 detik..
09:20:44 Eksekusi Download & Upload FTP..
09:20:51 Delay 1.0 detik..
09:20:52 Eksekusi Download & Upload FTP..
09:21:00 Delay 1.0 detik..
09:21:01 Eksekusi Download & Upload FTP..
09:21:08 Delay 1.0 detik..
09:21:09 Eksekusi Download & Upload FTP..
09:21:17 Delay 1.0 detik..
09:21:18 Eksekusi Download & Upload FTP..
09:21:31 Delay 1.0 detik..
09:21:32 Eksekusi Download & Upload FTP..
09:21:34 Delay 1.0 detik..
09:21:35 Eksekusi Download & Upload FTP..
09:21:43 Delay 1.0 detik..
09:21:44 Eksekusi Download & Upload FTP..
09:21:52 Delay 1.0 detik..
09:21:53 Eksekusi Download & Upload FTP..
09:22:00 Delay 1.0 detik..
09:22:01 Eksekusi Download & Upload FTP..
09:22:15 Delay 1.0 detik..
09:22:16 Eksekusi Download & Upload FTP..
09:22:19 Delay 1.0 detik..
09:22:20 Eksekusi Download & Upload FTP..
09:22:27 Delay 1.0 detik..
09:22:28 Eksekusi Download & Upload FTP..
09:22:30 Delay 1.0 detik..
09:22:31 Eksekusi Download & Upload FTP..
09:22:33 Delay 1.0 detik..
09:22:34 Eksekusi Download & Upload FTP..
09:23:10 Delay 1.0 detik..
09:23:11 Eksekusi Download & Upload FTP..
09:23:28 Delay 1.0 detik..
09:23:29 Eksekusi Download & Upload FTP..
09:26:10 Error File uploading File from api1/txt/output
Connection timed out: connect
09:26:10 Delay 1.0 detik..
09:26:11 Eksekusi Download & Upload FTP..
09:26:12 Delay 1.0 detik..
09:26:13 Eksekusi Download & Upload FTP..
09:26:18 Delay 1.0 detik..
09:26:19 Eksekusi Download & Upload FTP..
09:26:21 Delay 1.0 detik..
09:26:22 Eksekusi Download & Upload FTP..
09:26:29 Delay 1.0 detik..
09:26:30 Eksekusi Download & Upload FTP..
09:26:32 Delay 1.0 detik..
09:26:33 Eksekusi Download & Upload FTP..
09:26:40 Delay 1.0 detik..
09:26:41 Eksekusi Download & Upload FTP..
09:26:49 Delay 1.0 detik..
09:26:50 Eksekusi Download & Upload FTP..
09:27:03 Delay 1.0 detik..
09:27:04 Eksekusi Download & Upload FTP..
09:27:05 Delay 1.0 detik..
09:27:06 Eksekusi Download & Upload FTP..
09:27:13 Delay 1.0 detik..
09:27:14 Eksekusi Download & Upload FTP..
09:27:21 Delay 1.0 detik..
09:27:22 Eksekusi Download & Upload FTP..
09:27:30 Delay 1.0 detik..
09:27:31 Eksekusi Download & Upload FTP..
09:27:51 Delay 1.0 detik..
09:27:52 Eksekusi Download & Upload FTP..
09:28:04 Delay 1.0 detik..
09:28:05 Eksekusi Download & Upload FTP..
09:28:17 Delay 1.0 detik..
09:28:18 Eksekusi Download & Upload FTP..
09:28:26 Delay 1.0 detik..
09:28:27 Eksekusi Download & Upload FTP..
09:28:41 Delay 1.0 detik..
09:28:42 Eksekusi Download & Upload FTP..
09:28:50 Delay 1.0 detik..
09:28:51 Eksekusi Download & Upload FTP..
09:28:59 Delay 1.0 detik..
09:29:00 Eksekusi Download & Upload FTP..
09:29:07 Delay 1.0 detik..
09:29:08 Eksekusi Download & Upload FTP..
09:29:22 Delay 1.0 detik..
09:29:23 Eksekusi Download & Upload FTP..
09:29:31 Delay 1.0 detik..
09:29:32 Eksekusi Download & Upload FTP..
09:29:56 Delay 1.0 detik..
09:29:57 Eksekusi Download & Upload FTP..
09:30:05 Delay 1.0 detik..
09:30:06 Eksekusi Download & Upload FTP..
09:30:08 Delay 1.0 detik..
09:30:09 Eksekusi Download & Upload FTP..
09:30:11 Delay 1.0 detik..
09:30:12 Eksekusi Download & Upload FTP..
09:30:21 Delay 1.0 detik..
09:30:22 Eksekusi Download & Upload FTP..
09:30:41 Delay 1.0 detik..
09:30:42 Eksekusi Download & Upload FTP..
09:30:47 Delay 1.0 detik..
09:30:48 Eksekusi Download & Upload FTP..
09:30:56 Delay 1.0 detik..
09:30:57 Eksekusi Download & Upload FTP..
09:30:59 Delay 1.0 detik..
09:31:00 Eksekusi Download & Upload FTP..
09:31:02 Delay 1.0 detik..
09:31:03 Eksekusi Download & Upload FTP..
09:31:29 Delay 1.0 detik..
09:31:30 Eksekusi Download & Upload FTP..
09:31:52 Delay 1.0 detik..
09:31:53 Eksekusi Download & Upload FTP..
09:32:39 Uploading File 99.TXT from lokal Server --> api/txt/output/99.TXT
09:32:47 Success File uploaded into FTP Server --> 178.128.125.105/api1/txt/output/99.TXT
09:32:47 Deleting File 99.TXT from local DIR --> api/txt/output/99.TXT
09:32:47 Success File deleted from local DIR --> api/txt/output/99.TXT
09:32:47 Delay 1.0 detik..
09:32:48 Eksekusi Download & Upload FTP..
09:32:51 Delay 1.0 detik..
09:32:52 Eksekusi Download & Upload FTP..
09:33:05 Delay 1.0 detik..
09:33:06 Eksekusi Download & Upload FTP..
09:33:14 Delay 1.0 detik..
09:33:15 Eksekusi Download & Upload FTP..
09:33:17 Delay 1.0 detik..
09:33:18 Eksekusi Download & Upload FTP..
09:33:20 Delay 1.0 detik..
09:33:21 Eksekusi Download & Upload FTP..
09:33:24 Delay 1.0 detik..
09:33:25 Eksekusi Download & Upload FTP..
09:33:32 Delay 1.0 detik..
09:33:33 Eksekusi Download & Upload FTP..
09:33:41 Delay 1.0 detik..
09:33:42 Eksekusi Download & Upload FTP..
09:33:50 Delay 1.0 detik..
09:33:51 Eksekusi Download & Upload FTP..
09:33:59 Delay 1.0 detik..
09:34:00 Eksekusi Download & Upload FTP..
09:34:06 Downloading File 100.txt from FTP Server --> 178.128.125.105/api1/txt/input/100.txt
09:34:07 Success File downloaded into api/txt/input/100.txt
09:34:07 Deleting File 100.txt from FTP Server --> 178.128.125.105/api1/txt/input/100.txt
09:34:07 Success File deleted from FTP Server --> 178.128.125.105/api1/txt/input/100.txt
09:34:13 Uploading File 100.TXT from lokal Server --> api/txt/output/100.TXT
09:34:16 Success File uploaded into FTP Server --> 178.128.125.105/api1/txt/output/100.TXT
09:34:16 Deleting File 100.TXT from local DIR --> api/txt/output/100.TXT
09:34:16 Success File deleted from local DIR --> api/txt/output/100.TXT
09:34:16 Delay 1.0 detik..
09:34:17 Eksekusi Download & Upload FTP..
09:34:19 Delay 1.0 detik..
09:34:20 Eksekusi Download & Upload FTP..
09:34:22 Delay 1.0 detik..
09:34:23 Eksekusi Download & Upload FTP..
09:34:37 Delay 1.0 detik..
09:34:38 Eksekusi Download & Upload FTP..
09:35:14 Downloading File 101.txt from FTP Server --> 178.128.125.105/api1/txt/input/101.txt
09:35:14 Success File downloaded into api/txt/input/101.txt
09:35:14 Deleting File 101.txt from FTP Server --> 178.128.125.105/api1/txt/input/101.txt
09:35:14 Success File deleted from FTP Server --> 178.128.125.105/api1/txt/input/101.txt
09:35:15 Delay 1.0 detik..
09:35:16 Eksekusi Download & Upload FTP..
09:35:24 Delay 1.0 detik..
09:35:25 Eksekusi Download & Upload FTP..
09:35:26 Downloading File 102.txt from FTP Server --> 178.128.125.105/api1/txt/input/102.txt
09:35:26 Success File downloaded into api/txt/input/102.txt
09:35:26 Deleting File 102.txt from FTP Server --> 178.128.125.105/api1/txt/input/102.txt
09:35:26 Success File deleted from FTP Server --> 178.128.125.105/api1/txt/input/102.txt
09:35:27 Delay 1.0 detik..
09:35:28 Eksekusi Download & Upload FTP..
09:35:38 Uploading File 101.TXT from lokal Server --> api/txt/output/101.TXT
09:35:38 Success File uploaded into FTP Server --> 178.128.125.105/api1/txt/output/101.TXT
09:35:38 Deleting File 101.TXT from local DIR --> api/txt/output/101.TXT
09:35:38 Success File deleted from local DIR --> api/txt/output/101.TXT
09:35:38 Uploading File 102.TXT from lokal Server --> api/txt/output/102.TXT
09:35:39 Success File uploaded into FTP Server --> 178.128.125.105/api1/txt/output/102.TXT
09:35:39 Deleting File 102.TXT from local DIR --> api/txt/output/102.TXT
09:35:39 Success File deleted from local DIR --> api/txt/output/102.TXT
09:35:39 Delay 1.0 detik..
09:35:40 Eksekusi Download & Upload FTP..
09:35:47 Delay 1.0 detik..
09:35:48 Eksekusi Download & Upload FTP..
09:35:56 Delay 1.0 detik..
09:35:57 Eksekusi Download & Upload FTP..
09:35:59 Delay 1.0 detik..
09:36:00 Eksekusi Download & Upload FTP..
09:36:08 Delay 1.0 detik..
09:36:09 Eksekusi Download & Upload FTP..
09:36:23 Delay 1.0 detik..
09:36:24 Eksekusi Download & Upload FTP..
09:36:29 Delay 1.0 detik..
09:36:30 Eksekusi Download & Upload FTP..
09:37:00 Delay 1.0 detik..
09:37:01 Eksekusi Download & Upload FTP..
09:38:25 Delay 1.0 detik..
09:38:26 Eksekusi Download & Upload FTP..
09:39:28 Delay 1.0 detik..
09:39:29 Eksekusi Download & Upload FTP..
09:39:57 Delay 1.0 detik..
09:39:58 Eksekusi Download & Upload FTP..
09:40:12 Delay 1.0 detik..
09:40:13 Eksekusi Download & Upload FTP..
09:40:32 Delay 1.0 detik..
09:40:33 Eksekusi Download & Upload FTP..
09:40:58 Delay 1.0 detik..
09:40:59 Eksekusi Download & Upload FTP..
09:41:27 Delay 1.0 detik..
09:41:28 Eksekusi Download & Upload FTP..
09:41:39 Delay 1.0 detik..
09:41:40 Eksekusi Download & Upload FTP..
09:41:47 Delay 1.0 detik..
09:41:48 Eksekusi Download & Upload FTP..
09:42:02 Delay 1.0 detik..
09:42:04 Eksekusi Download & Upload FTP..
09:42:09 Delay 1.0 detik..
09:42:10 Eksekusi Download & Upload FTP..
09:42:12 Delay 1.0 detik..
09:42:13 Eksekusi Download & Upload FTP..
09:42:39 Delay 1.0 detik..
09:42:40 Eksekusi Download & Upload FTP..
09:42:42 Delay 1.0 detik..
09:42:43 Eksekusi Download & Upload FTP..
09:42:46 Delay 1.0 detik..
09:42:47 Eksekusi Download & Upload FTP..
09:43:05 Delay 1.0 detik..
09:43:06 Eksekusi Download & Upload FTP..
09:43:43 Delay 1.0 detik..
09:43:44 Eksekusi Download & Upload FTP..
09:44:24 Delay 1.0 detik..
09:44:25 Eksekusi Download & Upload FTP..
09:45:19 Delay 1.0 detik..
09:45:20 Eksekusi Download & Upload FTP..
09:45:23 Delay 1.0 detik..
09:45:24 Eksekusi Download & Upload FTP..
09:45:25 Delay 1.0 detik..
09:45:26 Eksekusi Download & Upload FTP..
09:45:28 Delay 1.0 detik..
09:45:29 Eksekusi Download & Upload FTP..
09:45:37 Delay 1.0 detik..
09:45:38 Eksekusi Download & Upload FTP..
09:45:52 Delay 1.0 detik..
09:45:53 Eksekusi Download & Upload FTP..
09:46:13 Delay 1.0 detik..
09:46:14 Eksekusi Download & Upload FTP..
09:46:16 Delay 1.0 detik..
09:46:17 Eksekusi Download & Upload FTP..
09:46:30 Delay 1.0 detik..
09:46:31 Eksekusi Download & Upload FTP..
09:46:42 Delay 1.0 detik..
09:46:43 Eksekusi Download & Upload FTP..
09:48:25 Delay 1.0 detik..
09:48:26 Eksekusi Download & Upload FTP..
09:48:30 Delay 1.0 detik..
09:48:31 Eksekusi Download & Upload FTP..
09:48:32 Delay 1.0 detik..
09:48:33 Eksekusi Download & Upload FTP..
09:48:36 Delay 1.0 detik..
09:48:37 Eksekusi Download & Upload FTP..
09:48:39 Delay 1.0 detik..
09:48:40 Eksekusi Download & Upload FTP..
09:48:43 Delay 1.0 detik..
09:48:44 Eksekusi Download & Upload FTP..
09:48:49 Delay 1.0 detik..
09:48:50 Eksekusi Download & Upload FTP..
09:48:53 Delay 1.0 detik..
09:48:54 Eksekusi Download & Upload FTP..
09:49:01 Delay 1.0 detik..
09:49:02 Eksekusi Download & Upload FTP..
09:49:04 Delay 1.0 detik..
09:49:05 Eksekusi Download & Upload FTP..
09:49:08 Delay 1.0 detik..
09:49:09 Eksekusi Download & Upload FTP..
09:49:11 Delay 1.0 detik..
09:49:12 Eksekusi Download & Upload FTP..
09:49:20 Delay 1.0 detik..
09:49:21 Eksekusi Download & Upload FTP..
09:49:34 Delay 1.0 detik..
09:49:35 Eksekusi Download & Upload FTP..
09:49:40 Delay 1.0 detik..
09:49:41 Eksekusi Download & Upload FTP..
09:50:48 Delay 1.0 detik..
09:50:49 Eksekusi Download & Upload FTP..
09:50:56 Delay 1.0 detik..
09:50:57 Eksekusi Download & Upload FTP..
09:50:59 Delay 1.0 detik..
09:51:00 Eksekusi Download & Upload FTP..
09:51:01 Delay 1.0 detik..
09:51:02 Eksekusi Download & Upload FTP..
09:51:04 Delay 1.0 detik..
09:51:05 Eksekusi Download & Upload FTP..
09:51:07 Delay 1.0 detik..
09:51:08 Eksekusi Download & Upload FTP..
09:51:10 Delay 1.0 detik..
09:51:11 Eksekusi Download & Upload FTP..
09:51:13 Delay 1.0 detik..
09:51:14 Eksekusi Download & Upload FTP..
09:51:15 Delay 1.0 detik..
09:51:16 Eksekusi Download & Upload FTP..
09:51:23 Delay 1.0 detik..
09:51:25 Eksekusi Download & Upload FTP..
09:51:28 Delay 1.0 detik..
09:51:29 Eksekusi Download & Upload FTP..
09:51:32 Delay 1.0 detik..
09:51:33 Eksekusi Download & Upload FTP..
09:51:36 Delay 1.0 detik..
09:51:37 Eksekusi Download & Upload FTP..
09:51:44 Delay 1.0 detik..
09:51:45 Eksekusi Download & Upload FTP..
09:51:47 Delay 1.0 detik..
09:51:48 Eksekusi Download & Upload FTP..
09:51:50 Delay 1.0 detik..
09:51:51 Eksekusi Download & Upload FTP..
09:51:52 Delay 1.0 detik..
09:51:53 Eksekusi Download & Upload FTP..
09:52:29 Delay 1.0 detik..
09:52:30 Eksekusi Download & Upload FTP..
09:52:32 Delay 1.0 detik..
09:52:33 Eksekusi Download & Upload FTP..
09:52:34 Delay 1.0 detik..
09:52:35 Eksekusi Download & Upload FTP..
09:52:37 Delay 1.0 detik..
09:52:38 Eksekusi Download & Upload FTP..
09:52:42 Delay 1.0 detik..
09:52:43 Eksekusi Download & Upload FTP..
09:52:58 Delay 1.0 detik..
09:52:59 Eksekusi Download & Upload FTP..
09:53:00 Delay 1.0 detik..
09:53:01 Eksekusi Download & Upload FTP..
09:53:19 Delay 1.0 detik..
09:53:20 Eksekusi Download & Upload FTP..
09:53:21 Delay 1.0 detik..
09:53:22 Eksekusi Download & Upload FTP..
09:53:25 Delay 1.0 detik..
09:53:26 Eksekusi Download & Upload FTP..
09:53:28 Delay 1.0 detik..
09:53:29 Eksekusi Download & Upload FTP..
09:53:36 Delay 1.0 detik..
09:53:37 Eksekusi Download & Upload FTP..
09:53:39 Delay 1.0 detik..
09:53:40 Eksekusi Download & Upload FTP..
09:53:43 Delay 1.0 detik..
09:53:44 Eksekusi Download & Upload FTP..
09:53:46 Delay 1.0 detik..
09:53:47 Eksekusi Download & Upload FTP..
09:53:49 Delay 1.0 detik..
09:53:50 Eksekusi Download & Upload FTP..
09:53:51 Delay 1.0 detik..
09:53:52 Eksekusi Download & Upload FTP..
09:53:54 Delay 1.0 detik..
09:53:55 Eksekusi Download & Upload FTP..
09:53:57 Delay 1.0 detik..
09:53:58 Eksekusi Download & Upload FTP..
09:53:59 Delay 1.0 detik..
09:54:00 Eksekusi Download & Upload FTP..
09:54:14 Delay 1.0 detik..
09:54:15 Eksekusi Download & Upload FTP..
09:54:16 Delay 1.0 detik..
09:54:17 Eksekusi Download & Upload FTP..
09:54:19 Delay 1.0 detik..
09:54:20 Eksekusi Download & Upload FTP..
09:54:21 Delay 1.0 detik..
09:54:22 Eksekusi Download & Upload FTP..
09:54:25 Delay 1.0 detik..
09:54:26 Eksekusi Download & Upload FTP..
09:54:39 Delay 1.0 detik..
09:54:40 Eksekusi Download & Upload FTP..
09:54:42 Delay 1.0 detik..
09:54:43 Eksekusi Download & Upload FTP..
09:54:44 Delay 1.0 detik..
09:54:45 Eksekusi Download & Upload FTP..
09:54:47 Delay 1.0 detik..
09:54:48 Eksekusi Download & Upload FTP..
09:54:50 Delay 1.0 detik..
09:54:51 Eksekusi Download & Upload FTP..
09:54:54 Delay 1.0 detik..
09:54:55 Eksekusi Download & Upload FTP..
09:54:56 Delay 1.0 detik..
09:54:57 Eksekusi Download & Upload FTP..
09:54:59 Delay 1.0 detik..
09:55:00 Eksekusi Download & Upload FTP..
09:55:10 Delay 1.0 detik..
09:55:11 Eksekusi Download & Upload FTP..
09:55:33 Delay 1.0 detik..
09:55:34 Eksekusi Download & Upload FTP..
09:55:41 Delay 1.0 detik..
09:55:42 Eksekusi Download & Upload FTP..
09:55:44 Delay 1.0 detik..
09:55:45 Eksekusi Download & Upload FTP..
09:55:57 Delay 1.0 detik..
09:55:58 Eksekusi Download & Upload FTP..
09:56:00 Delay 1.0 detik..
09:56:01 Eksekusi Download & Upload FTP..
09:56:03 Delay 1.0 detik..
09:56:04 Eksekusi Download & Upload FTP..
09:56:58 Delay 1.0 detik..
09:56:59 Eksekusi Download & Upload FTP..
09:57:06 Delay 1.0 detik..
09:57:07 Eksekusi Download & Upload FTP..
09:57:22 Delay 1.0 detik..
09:57:23 Eksekusi Download & Upload FTP..
09:57:45 Delay 1.0 detik..
09:57:46 Eksekusi Download & Upload FTP..
09:57:59 Downloading File 103.txt from FTP Server --> 178.128.125.105/api1/txt/input/103.txt
09:57:59 Success File downloaded into api/txt/input/103.txt
09:57:59 Deleting File 103.txt from FTP Server --> 178.128.125.105/api1/txt/input/103.txt
09:57:59 Success File deleted from FTP Server --> 178.128.125.105/api1/txt/input/103.txt
09:58:42 Uploading File 103.TXT from lokal Server --> api/txt/output/103.TXT
09:58:45 Success File uploaded into FTP Server --> 178.128.125.105/api1/txt/output/103.TXT
09:58:45 Deleting File 103.TXT from local DIR --> api/txt/output/103.TXT
09:58:45 Success File deleted from local DIR --> api/txt/output/103.TXT
09:58:45 Delay 1.0 detik..
09:58:46 Eksekusi Download & Upload FTP..
09:59:21 Downloading File 104.txt from FTP Server --> 178.128.125.105/api1/txt/input/104.txt
09:59:21 Success File downloaded into api/txt/input/104.txt
09:59:21 Deleting File 104.txt from FTP Server --> 178.128.125.105/api1/txt/input/104.txt
09:59:21 Success File deleted from FTP Server --> 178.128.125.105/api1/txt/input/104.txt
09:59:22 Delay 1.0 detik..
09:59:23 Eksekusi Download & Upload FTP..
09:59:26 Uploading File 104.TXT from lokal Server --> api/txt/output/104.TXT
09:59:36 Success File uploaded into FTP Server --> 178.128.125.105/api1/txt/output/104.TXT
09:59:36 Deleting File 104.TXT from local DIR --> api/txt/output/104.TXT
09:59:36 Success File deleted from local DIR --> api/txt/output/104.TXT
09:59:36 Delay 1.0 detik..
09:59:37 Eksekusi Download & Upload FTP..
09:59:44 Downloading File 105.txt from FTP Server --> 178.128.125.105/api1/txt/input/105.txt
09:59:45 Success File downloaded into api/txt/input/105.txt
09:59:45 Deleting File 105.txt from FTP Server --> 178.128.125.105/api1/txt/input/105.txt
09:59:45 Success File deleted from FTP Server --> 178.128.125.105/api1/txt/input/105.txt
09:59:51 Uploading File 105.TXT from lokal Server --> api/txt/output/105.TXT
09:59:52 Success File uploaded into FTP Server --> 178.128.125.105/api1/txt/output/105.TXT
09:59:52 Deleting File 105.TXT from local DIR --> api/txt/output/105.TXT
09:59:52 Success File deleted from local DIR --> api/txt/output/105.TXT
09:59:52 Delay 1.0 detik..
09:59:53 Eksekusi Download & Upload FTP..
09:59:59 Delay 1.0 detik..
10:00:00 Eksekusi Download & Upload FTP..
10:00:02 Delay 1.0 detik..
10:00:03 Eksekusi Download & Upload FTP..
10:00:18 Delay 1.0 detik..
10:00:19 Eksekusi Download & Upload FTP..
10:00:21 Downloading File 106.txt from FTP Server --> 178.128.125.105/api1/txt/input/106.txt
10:00:21 Success File downloaded into api/txt/input/106.txt
10:00:21 Deleting File 106.txt from FTP Server --> 178.128.125.105/api1/txt/input/106.txt
10:00:29 Success File deleted from FTP Server --> 178.128.125.105/api1/txt/input/106.txt
10:00:38 Uploading File 106.TXT from lokal Server --> api/txt/output/106.TXT
10:00:38 Success File uploaded into FTP Server --> 178.128.125.105/api1/txt/output/106.TXT
10:00:38 Deleting File 106.TXT from local DIR --> api/txt/output/106.TXT
10:00:38 Success File deleted from local DIR --> api/txt/output/106.TXT
10:00:50 Delay 1.0 detik..
10:00:51 Eksekusi Download & Upload FTP..
10:01:40 Downloading File 107.txt from FTP Server --> 178.128.125.105/api1/txt/input/107.txt
10:01:41 Success File downloaded into api/txt/input/107.txt
10:01:41 Deleting File 107.txt from FTP Server --> 178.128.125.105/api1/txt/input/107.txt
10:01:41 Success File deleted from FTP Server --> 178.128.125.105/api1/txt/input/107.txt
10:01:53 Uploading File 107.TXT from lokal Server --> api/txt/output/107.TXT
10:01:53 Success File uploaded into FTP Server --> 178.128.125.105/api1/txt/output/107.TXT
10:01:53 Deleting File 107.TXT from local DIR --> api/txt/output/107.TXT
10:01:54 Success File deleted from local DIR --> api/txt/output/107.TXT
10:01:54 Delay 1.0 detik..
10:01:55 Eksekusi Download & Upload FTP..
10:01:58 Downloading File 108.txt from FTP Server --> 178.128.125.105/api1/txt/input/108.txt
10:01:59 Success File downloaded into api/txt/input/108.txt
10:01:59 Deleting File 108.txt from FTP Server --> 178.128.125.105/api1/txt/input/108.txt
10:01:59 Success File deleted from FTP Server --> 178.128.125.105/api1/txt/input/108.txt
10:02:00 Delay 1.0 detik..
10:02:01 Eksekusi Download & Upload FTP..
10:02:17 Uploading File 108.TXT from lokal Server --> api/txt/output/108.TXT
10:02:18 Success File uploaded into FTP Server --> 178.128.125.105/api1/txt/output/108.TXT
10:02:18 Deleting File 108.TXT from local DIR --> api/txt/output/108.TXT
10:02:18 Success File deleted from local DIR --> api/txt/output/108.TXT
10:02:18 Delay 1.0 detik..
10:02:19 Eksekusi Download & Upload FTP..
10:02:29 Delay 1.0 detik..
10:02:30 Eksekusi Download & Upload FTP..
10:02:36 Downloading File 109.txt from FTP Server --> 178.128.125.105/api1/txt/input/109.txt
10:02:37 Success File downloaded into api/txt/input/109.txt
10:02:37 Deleting File 109.txt from FTP Server --> 178.128.125.105/api1/txt/input/109.txt
10:02:37 Success File deleted from FTP Server --> 178.128.125.105/api1/txt/input/109.txt
10:02:38 Uploading File 109.TXT from lokal Server --> api/txt/output/109.TXT
10:02:38 Success File uploaded into FTP Server --> 178.128.125.105/api1/txt/output/109.TXT
10:02:38 Deleting File 109.TXT from local DIR --> api/txt/output/109.TXT
10:02:38 Success File deleted from local DIR --> api/txt/output/109.TXT
10:02:38 Delay 1.0 detik..
10:02:39 Eksekusi Download & Upload FTP..
10:02:47 Delay 1.0 detik..
10:02:48 Eksekusi Download & Upload FTP..
10:02:51 Delay 1.0 detik..
10:02:52 Eksekusi Download & Upload FTP..
10:02:59 Delay 1.0 detik..
10:03:00 Eksekusi Download & Upload FTP..
10:03:02 Delay 1.0 detik..
10:03:03 Eksekusi Download & Upload FTP..
10:03:11 Delay 1.0 detik..
10:03:12 Eksekusi Download & Upload FTP..
10:03:19 Delay 1.0 detik..
10:03:20 Eksekusi Download & Upload FTP..
10:03:22 Delay 1.0 detik..
10:03:23 Eksekusi Download & Upload FTP..
10:03:25 Delay 1.0 detik..
10:03:26 Eksekusi Download & Upload FTP..
10:03:37 Delay 1.0 detik..
10:03:38 Eksekusi Download & Upload FTP..
10:03:50 Delay 1.0 detik..
10:03:51 Eksekusi Download & Upload FTP..
10:03:54 Delay 1.0 detik..
10:03:55 Eksekusi Download & Upload FTP..
10:04:02 Delay 1.0 detik..
10:04:03 Eksekusi Download & Upload FTP..
10:04:12 Delay 1.0 detik..
10:04:13 Eksekusi Download & Upload FTP..
10:04:21 Delay 1.0 detik..
10:04:22 Eksekusi Download & Upload FTP..
10:04:24 Delay 1.0 detik..
10:04:25 Eksekusi Download & Upload FTP..
10:04:42 Delay 1.0 detik..
10:04:43 Eksekusi Download & Upload FTP..
10:04:53 Delay 1.0 detik..
10:04:54 Eksekusi Download & Upload FTP..
10:04:56 Delay 1.0 detik..
10:04:57 Eksekusi Download & Upload FTP..
10:05:02 Delay 1.0 detik..
10:05:03 Eksekusi Download & Upload FTP..
10:05:10 Delay 1.0 detik..
10:05:11 Eksekusi Download & Upload FTP..
10:05:13 Delay 1.0 detik..
10:05:14 Eksekusi Download & Upload FTP..
10:05:16 Delay 1.0 detik..
10:05:17 Eksekusi Download & Upload FTP..
10:05:35 Delay 1.0 detik..
10:05:36 Eksekusi Download & Upload FTP..
10:05:48 Delay 1.0 detik..
10:05:49 Eksekusi Download & Upload FTP..
10:05:54 Delay 1.0 detik..
10:05:55 Eksekusi Download & Upload FTP..
10:05:56 Delay 1.0 detik..
10:05:57 Eksekusi Download & Upload FTP..
10:06:02 Delay 1.0 detik..
10:06:03 Eksekusi Download & Upload FTP..
10:06:11 Delay 1.0 detik..
10:06:12 Eksekusi Download & Upload FTP..
10:06:19 Delay 1.0 detik..
10:06:20 Eksekusi Download & Upload FTP..
10:06:26 Delay 1.0 detik..
10:06:27 Eksekusi Download & Upload FTP..
10:06:49 Delay 1.0 detik..
10:06:50 Eksekusi Download & Upload FTP..
10:06:57 Delay 1.0 detik..
10:06:58 Eksekusi Download & Upload FTP..
10:07:00 Delay 1.0 detik..
10:07:01 Eksekusi Download & Upload FTP..
10:07:08 Delay 1.0 detik..
10:07:09 Eksekusi Download & Upload FTP..
10:07:13 Delay 1.0 detik..
10:07:14 Eksekusi Download & Upload FTP..
10:07:22 Delay 1.0 detik..
10:07:23 Eksekusi Download & Upload FTP..
10:07:27 Delay 1.0 detik..
10:07:28 Eksekusi Download & Upload FTP..
10:07:39 Delay 1.0 detik..
10:07:40 Eksekusi Download & Upload FTP..
10:08:05 Delay 1.0 detik..
10:08:06 Eksekusi Download & Upload FTP..
10:08:36 Delay 1.0 detik..
10:08:37 Eksekusi Download & Upload FTP..
10:08:38 Downloading File 110.txt from FTP Server --> 178.128.125.105/api1/txt/input/110.txt
10:08:41 Success File downloaded into api/txt/input/110.txt
10:08:41 Deleting File 110.txt from FTP Server --> 178.128.125.105/api1/txt/input/110.txt
10:08:41 Success File deleted from FTP Server --> 178.128.125.105/api1/txt/input/110.txt
10:08:42 Delay 1.0 detik..
10:08:43 Eksekusi Download & Upload FTP..
10:08:52 Uploading File 110.TXT from lokal Server --> api/txt/output/110.TXT
10:09:00 Success File uploaded into FTP Server --> 178.128.125.105/api1/txt/output/110.TXT
10:09:00 Deleting File 110.TXT from local DIR --> api/txt/output/110.TXT
10:09:00 Success File deleted from local DIR --> api/txt/output/110.TXT
10:09:00 Delay 1.0 detik..
10:09:01 Eksekusi Download & Upload FTP..
10:09:03 Delay 1.0 detik..
10:09:04 Eksekusi Download & Upload FTP..
10:09:11 Downloading File 111.txt from FTP Server --> 178.128.125.105/api1/txt/input/111.txt
10:09:11 Success File downloaded into api/txt/input/111.txt
10:09:11 Deleting File 111.txt from FTP Server --> 178.128.125.105/api1/txt/input/111.txt
10:09:11 Success File deleted from FTP Server --> 178.128.125.105/api1/txt/input/111.txt
10:09:18 Uploading File 111.TXT from lokal Server --> api/txt/output/111.TXT
10:09:18 Success File uploaded into FTP Server --> 178.128.125.105/api1/txt/output/111.TXT
10:09:18 Deleting File 111.TXT from local DIR --> api/txt/output/111.TXT
10:09:18 Success File deleted from local DIR --> api/txt/output/111.TXT
10:09:18 Delay 1.0 detik..
10:09:19 Eksekusi Download & Upload FTP..
10:09:29 Delay 1.0 detik..
10:09:30 Eksekusi Download & Upload FTP..
10:09:42 Delay 1.0 detik..
10:09:43 Eksekusi Download & Upload FTP..
10:09:52 Delay 1.0 detik..
10:09:53 Eksekusi Download & Upload FTP..
10:10:01 Delay 1.0 detik..
10:10:02 Eksekusi Download & Upload FTP..
10:10:10 Delay 1.0 detik..
10:10:11 Eksekusi Download & Upload FTP..
10:10:25 Delay 1.0 detik..
10:10:26 Eksekusi Download & Upload FTP..
10:10:40 Delay 1.0 detik..
10:10:41 Eksekusi Download & Upload FTP..
10:10:50 Delay 1.0 detik..
10:10:51 Eksekusi Download & Upload FTP..
10:10:53 Delay 1.0 detik..
10:10:54 Eksekusi Download & Upload FTP..
10:10:58 Delay 1.0 detik..
10:10:59 Eksekusi Download & Upload FTP..
10:11:07 Delay 1.0 detik..
10:11:08 Eksekusi Download & Upload FTP..
10:11:19 Delay 1.0 detik..
10:11:20 Eksekusi Download & Upload FTP..
10:11:28 Delay 1.0 detik..
10:11:29 Eksekusi Download & Upload FTP..
10:11:31 Delay 1.0 detik..
10:11:32 Eksekusi Download & Upload FTP..
10:11:34 Delay 1.0 detik..
10:11:35 Eksekusi Download & Upload FTP..
10:11:47 Delay 1.0 detik..
10:11:48 Eksekusi Download & Upload FTP..
10:11:52 Delay 1.0 detik..
10:11:53 Eksekusi Download & Upload FTP..
10:11:56 Delay 1.0 detik..
10:11:57 Eksekusi Download & Upload FTP..
10:12:04 Delay 1.0 detik..
10:12:05 Eksekusi Download & Upload FTP..
10:12:19 Delay 1.0 detik..
10:12:20 Eksekusi Download & Upload FTP..
10:12:31 Delay 1.0 detik..
10:12:32 Eksekusi Download & Upload FTP..
10:12:40 Delay 1.0 detik..
10:12:41 Eksekusi Download & Upload FTP..
10:12:55 Delay 1.0 detik..
10:12:56 Eksekusi Download & Upload FTP..
10:13:03 Delay 1.0 detik..
10:13:04 Eksekusi Download & Upload FTP..
10:13:12 Delay 1.0 detik..
10:13:13 Eksekusi Download & Upload FTP..
10:13:21 Delay 1.0 detik..
10:13:22 Eksekusi Download & Upload FTP..
10:13:37 Delay 1.0 detik..
10:13:38 Eksekusi Download & Upload FTP..
10:13:43 Delay 1.0 detik..
10:13:44 Eksekusi Download & Upload FTP..
10:13:45 Delay 1.0 detik..
10:13:46 Eksekusi Download & Upload FTP..
10:13:48 Delay 1.0 detik..
10:13:49 Eksekusi Download & Upload FTP..
10:13:57 Delay 1.0 detik..
10:13:58 Eksekusi Download & Upload FTP..
10:14:06 Delay 1.0 detik..
10:14:07 Eksekusi Download & Upload FTP..
10:14:14 Delay 1.0 detik..
10:14:15 Eksekusi Download & Upload FTP..
10:14:21 Delay 1.0 detik..
10:14:22 Eksekusi Download & Upload FTP..
10:14:30 Delay 1.0 detik..
10:14:31 Eksekusi Download & Upload FTP..
10:14:45 Delay 1.0 detik..
10:14:46 Eksekusi Download & Upload FTP..
10:14:54 Delay 1.0 detik..
10:14:55 Eksekusi Download & Upload FTP..
10:15:03 Delay 1.0 detik..
10:15:04 Eksekusi Download & Upload FTP..
10:15:30 Delay 1.0 detik..
10:15:31 Eksekusi Download & Upload FTP..
10:16:49 Delay 1.0 detik..
10:16:50 Eksekusi Download & Upload FTP..
10:19:15 Delay 1.0 detik..
10:19:16 Eksekusi Download & Upload FTP..
10:19:34 Downloading File 112.txt from FTP Server --> 178.128.125.105/api1/txt/input/112.txt
10:19:34 Success File downloaded into api/txt/input/112.txt
10:19:34 Deleting File 112.txt from FTP Server --> 178.128.125.105/api1/txt/input/112.txt
10:19:35 Success File deleted from FTP Server --> 178.128.125.105/api1/txt/input/112.txt
10:19:35 Delay 1.0 detik..
10:19:36 Eksekusi Download & Upload FTP..
10:19:43 Delay 1.0 detik..
10:19:44 Eksekusi Download & Upload FTP..
10:19:51 Delay 1.0 detik..
10:19:52 Eksekusi Download & Upload FTP..
10:19:59 Delay 1.0 detik..
10:20:00 Eksekusi Download & Upload FTP..
10:20:08 Delay 1.0 detik..
10:20:09 Eksekusi Download & Upload FTP..
10:20:16 Delay 1.0 detik..
10:20:17 Eksekusi Download & Upload FTP..
10:20:24 Delay 1.0 detik..
10:20:25 Eksekusi Download & Upload FTP..
10:20:32 Delay 1.0 detik..
10:20:33 Eksekusi Download & Upload FTP..
10:20:40 Delay 1.0 detik..
10:20:41 Eksekusi Download & Upload FTP..
10:20:49 Delay 1.0 detik..
10:20:50 Eksekusi Download & Upload FTP..
10:20:57 Delay 1.0 detik..
10:20:58 Eksekusi Download & Upload FTP..
10:21:05 Delay 1.0 detik..
10:21:06 Eksekusi Download & Upload FTP..
10:21:10 Delay 1.0 detik..
10:21:11 Eksekusi Download & Upload FTP..
10:21:25 Delay 1.0 detik..
10:21:26 Eksekusi Download & Upload FTP..
10:21:33 Delay 1.0 detik..
10:21:34 Eksekusi Download & Upload FTP..
10:21:41 Delay 1.0 detik..
10:21:42 Eksekusi Download & Upload FTP..
10:22:00 Delay 1.0 detik..
10:22:01 Eksekusi Download & Upload FTP..
10:22:08 Delay 1.0 detik..
10:22:09 Eksekusi Download & Upload FTP..
10:22:11 Delay 1.0 detik..
10:22:12 Eksekusi Download & Upload FTP..
10:22:17 Delay 1.0 detik..
10:22:18 Eksekusi Download & Upload FTP..
10:22:20 Delay 1.0 detik..
10:22:21 Eksekusi Download & Upload FTP..
10:22:24 Delay 1.0 detik..
10:22:25 Eksekusi Download & Upload FTP..
10:22:27 Delay 1.0 detik..
10:22:28 Eksekusi Download & Upload FTP..
10:22:31 Delay 1.0 detik..
10:22:32 Eksekusi Download & Upload FTP..
10:22:34 Delay 1.0 detik..
10:22:35 Eksekusi Download & Upload FTP..
10:22:39 Delay 1.0 detik..
10:22:40 Eksekusi Download & Upload FTP..
10:22:46 Delay 1.0 detik..
10:22:47 Eksekusi Download & Upload FTP..
10:22:55 Delay 1.0 detik..
10:22:56 Eksekusi Download & Upload FTP..
10:23:16 Delay 1.0 detik..
10:23:17 Eksekusi Download & Upload FTP..
10:23:25 Delay 1.0 detik..
10:23:26 Eksekusi Download & Upload FTP..
10:23:33 Delay 1.0 detik..
10:23:34 Eksekusi Download & Upload FTP..
10:23:48 Delay 1.0 detik..
10:23:49 Eksekusi Download & Upload FTP..
10:24:13 Delay 1.0 detik..
10:24:14 Eksekusi Download & Upload FTP..
10:24:22 Delay 1.0 detik..
10:24:23 Eksekusi Download & Upload FTP..
10:24:31 Delay 1.0 detik..
10:24:32 Eksekusi Download & Upload FTP..
10:24:40 Delay 1.0 detik..
10:24:41 Eksekusi Download & Upload FTP..
10:24:43 Delay 1.0 detik..
10:24:44 Eksekusi Download & Upload FTP..
10:24:48 Delay 1.0 detik..
10:24:49 Eksekusi Download & Upload FTP..
10:24:59 Delay 1.0 detik..
10:25:00 Eksekusi Download & Upload FTP..
10:25:08 Delay 1.0 detik..
10:25:09 Eksekusi Download & Upload FTP..
10:25:11 Delay 1.0 detik..
10:25:12 Eksekusi Download & Upload FTP..
10:25:18 Delay 1.0 detik..
10:25:19 Eksekusi Download & Upload FTP..
10:25:24 Delay 1.0 detik..
10:25:25 Eksekusi Download & Upload FTP..
10:25:39 Delay 1.0 detik..
10:25:40 Eksekusi Download & Upload FTP..
10:25:50 Delay 1.0 detik..
10:25:51 Eksekusi Download & Upload FTP..
10:26:30 Delay 1.0 detik..
10:26:31 Eksekusi Download & Upload FTP..
10:27:20 Delay 1.0 detik..
10:27:21 Eksekusi Download & Upload FTP..
10:27:57 Delay 1.0 detik..
10:27:58 Eksekusi Download & Upload FTP..
10:28:06 Delay 1.0 detik..
10:28:07 Eksekusi Download & Upload FTP..
10:28:14 Delay 1.0 detik..
10:28:15 Eksekusi Download & Upload FTP..
10:28:29 Delay 1.0 detik..
10:28:30 Eksekusi Download & Upload FTP..
10:28:36 Delay 1.0 detik..
10:28:37 Eksekusi Download & Upload FTP..
10:28:42 Delay 1.0 detik..
10:28:43 Eksekusi Download & Upload FTP..
10:28:48 Delay 1.0 detik..
10:28:49 Eksekusi Download & Upload FTP..
10:28:59 Delay 1.0 detik..
10:29:00 Eksekusi Download & Upload FTP..
10:29:07 Delay 1.0 detik..
10:29:08 Eksekusi Download & Upload FTP..
10:29:16 Delay 1.0 detik..
10:29:17 Eksekusi Download & Upload FTP..
10:29:24 Delay 1.0 detik..
10:29:25 Eksekusi Download & Upload FTP..
10:29:39 Delay 1.0 detik..
10:29:40 Eksekusi Download & Upload FTP..
10:29:41 Delay 1.0 detik..
10:29:42 Eksekusi Download & Upload FTP..
10:29:44 Delay 1.0 detik..
10:29:45 Eksekusi Download & Upload FTP..
10:29:53 Delay 1.0 detik..
10:29:54 Eksekusi Download & Upload FTP..
10:30:08 Delay 1.0 detik..
10:30:09 Eksekusi Download & Upload FTP..
10:30:13 Delay 1.0 detik..
10:30:14 Eksekusi Download & Upload FTP..
10:30:21 Delay 1.0 detik..
10:30:22 Eksekusi Download & Upload FTP..
10:30:35 Delay 1.0 detik..
10:30:36 Eksekusi Download & Upload FTP..
10:31:30 Delay 1.0 detik..
10:31:31 Eksekusi Download & Upload FTP..
10:33:34 Delay 1.0 detik..
10:33:35 Eksekusi Download & Upload FTP..
10:33:43 Delay 1.0 detik..
10:33:44 Eksekusi Download & Upload FTP..
10:33:48 Delay 1.0 detik..
10:33:49 Eksekusi Download & Upload FTP..
10:33:51 Delay 1.0 detik..
10:33:52 Eksekusi Download & Upload FTP..
10:34:02 Delay 1.0 detik..
10:34:03 Eksekusi Download & Upload FTP..
10:34:08 Delay 1.0 detik..
10:34:09 Eksekusi Download & Upload FTP..
10:34:11 Delay 1.0 detik..
10:34:12 Eksekusi Download & Upload FTP..
10:34:17 Delay 1.0 detik..
10:34:18 Eksekusi Download & Upload FTP..
10:34:19 Delay 1.0 detik..
10:34:20 Eksekusi Download & Upload FTP..
10:34:25 Delay 1.0 detik..
10:34:26 Eksekusi Download & Upload FTP..
10:34:33 Delay 1.0 detik..
10:34:34 Eksekusi Download & Upload FTP..
10:34:42 Delay 1.0 detik..
10:34:43 Eksekusi Download & Upload FTP..
10:34:44 Delay 1.0 detik..
10:34:45 Eksekusi Download & Upload FTP..
10:34:47 Delay 1.0 detik..
10:34:48 Eksekusi Download & Upload FTP..
10:34:56 Delay 1.0 detik..
10:34:57 Eksekusi Download & Upload FTP..
10:35:10 Delay 1.0 detik..
10:35:11 Eksekusi Download & Upload FTP..
10:35:19 Delay 1.0 detik..
10:35:20 Eksekusi Download & Upload FTP..
10:35:32 Delay 1.0 detik..
10:35:33 Eksekusi Download & Upload FTP..
10:35:38 Delay 1.0 detik..
10:35:39 Eksekusi Download & Upload FTP..
10:35:44 Delay 1.0 detik..
10:35:45 Eksekusi Download & Upload FTP..
10:35:52 Delay 1.0 detik..
10:35:53 Eksekusi Download & Upload FTP..
10:40:27 Aplikasi berhenti.
10:40:28 Inisiasi aplikasi...
10:40:28 Testing koneksi ke server...
10:41:07 Loading Configuration...
10:41:07 Loading Configuration Selesai !
10:41:09 Inisiasi aplikasi...
10:41:09 Testing koneksi ke server...
10:41:15 OK FTP Connected
OK Remote system is UNIX Type: L8
OK Current directory is /api1/txt/input

10:41:15 Aplikasi siap digunakan...
10:41:15 Testing koneksi ke server Selesai 
10:41:15 Delay 1.0 detik..
10:41:16 OK FTP Connected
OK Remote system is UNIX Type: L8
OK Current directory is /api1/txt/input

10:41:16 Aplikasi siap digunakan...
10:41:16 Testing koneksi ke server Selesai 
10:41:16 Eksekusi Download & Upload FTP..
10:41:16 Delay 1.0 detik..
10:41:17 Downloading File 113.txt from FTP Server --> 178.128.125.105/api1/txt/input/113.txt
10:41:18 Success File downloaded into api/txt/input/113.txt
10:41:18 Deleting File 113.txt from FTP Server --> 178.128.125.105/api1/txt/input/113.txt
10:41:18 Success File deleted from FTP Server --> 178.128.125.105/api1/txt/input/113.txt
10:41:18 Downloading File 114.txt from FTP Server --> 178.128.125.105/api1/txt/input/114.txt
10:41:18 Success File downloaded into api/txt/input/114.txt
10:41:18 Deleting File 114.txt from FTP Server --> 178.128.125.105/api1/txt/input/114.txt
10:41:18 Success File deleted from FTP Server --> 178.128.125.105/api1/txt/input/114.txt
10:41:19 Delay 1.0 detik..
10:41:20 Eksekusi Download & Upload FTP..
10:41:23 Downloading File 115.txt from FTP Server --> 178.128.125.105/api1/txt/input/115.txt
10:41:23 Success File downloaded into api/txt/input/115.txt
10:41:23 Deleting File 115.txt from FTP Server --> 178.128.125.105/api1/txt/input/115.txt
10:41:23 Success File deleted from FTP Server --> 178.128.125.105/api1/txt/input/115.txt
10:41:31 Uploading File 113.TXT from lokal Server --> api/txt/output/113.TXT
10:41:32 Success File uploaded into FTP Server --> 178.128.125.105/api1/txt/output/113.TXT
10:41:32 Deleting File 113.TXT from local DIR --> api/txt/output/113.TXT
10:41:32 Success File deleted from local DIR --> api/txt/output/113.TXT
10:41:32 Uploading File 114.TXT from lokal Server --> api/txt/output/114.TXT
10:41:32 Success File uploaded into FTP Server --> 178.128.125.105/api1/txt/output/114.TXT
10:41:32 Deleting File 114.TXT from local DIR --> api/txt/output/114.TXT
10:41:32 Success File deleted from local DIR --> api/txt/output/114.TXT
10:41:32 Uploading File 115.TXT from lokal Server --> api/txt/output/115.TXT
10:41:32 Success File uploaded into FTP Server --> 178.128.125.105/api1/txt/output/115.TXT
10:41:32 Deleting File 115.TXT from local DIR --> api/txt/output/115.TXT
10:41:32 Success File deleted from local DIR --> api/txt/output/115.TXT
10:41:38 Delay 1.0 detik..
10:41:39 Eksekusi Download & Upload FTP..
10:42:31 Downloading File 116.txt from FTP Server --> 178.128.125.105/api1/txt/input/116.txt
10:43:00 Success File downloaded into api/txt/input/116.txt
10:43:00 Deleting File 116.txt from FTP Server --> 178.128.125.105/api1/txt/input/116.txt
10:43:00 Success File deleted from FTP Server --> 178.128.125.105/api1/txt/input/116.txt
10:43:45 Uploading File 116.TXT from lokal Server --> api/txt/output/116.TXT
10:43:46 Success File uploaded into FTP Server --> 178.128.125.105/api1/txt/output/116.TXT
10:43:46 Deleting File 116.TXT from local DIR --> api/txt/output/116.TXT
10:43:46 Success File deleted from local DIR --> api/txt/output/116.TXT
10:43:46 Delay 1.0 detik..
10:43:47 Eksekusi Download & Upload FTP..
10:43:48 Delay 1.0 detik..
10:43:49 Eksekusi Download & Upload FTP..
10:44:08 Delay 1.0 detik..
10:44:09 Eksekusi Download & Upload FTP..
10:44:20 Error File uploading File from api1/txt/output
Connection reset
10:44:20 Delay 1.0 detik..
10:44:21 Eksekusi Download & Upload FTP..
10:44:23 Delay 1.0 detik..
10:44:24 Eksekusi Download & Upload FTP..
10:44:26 Delay 1.0 detik..
10:44:27 Eksekusi Download & Upload FTP..
10:44:29 Delay 1.0 detik..
10:44:30 Eksekusi Download & Upload FTP..
10:44:30 Downloading File 117.txt from FTP Server --> 178.128.125.105/api1/txt/input/117.txt
10:44:30 Success File downloaded into api/txt/input/117.txt
10:44:30 Deleting File 117.txt from FTP Server --> 178.128.125.105/api1/txt/input/117.txt
10:44:31 Success File deleted from FTP Server --> 178.128.125.105/api1/txt/input/117.txt
10:44:31 Delay 1.0 detik..
10:44:32 Eksekusi Download & Upload FTP..
10:44:33 Uploading File 117.TXT from lokal Server --> api/txt/output/117.TXT
10:44:34 Success File uploaded into FTP Server --> 178.128.125.105/api1/txt/output/117.TXT
10:44:34 Deleting File 117.TXT from local DIR --> api/txt/output/117.TXT
10:44:34 Success File deleted from local DIR --> api/txt/output/117.TXT
10:44:34 Delay 1.0 detik..
10:44:35 Eksekusi Download & Upload FTP..
10:44:36 Delay 1.0 detik..
10:44:37 Eksekusi Download & Upload FTP..
10:44:39 Delay 1.0 detik..
10:44:40 Eksekusi Download & Upload FTP..
10:44:41 Delay 1.0 detik..
10:44:42 Eksekusi Download & Upload FTP..
10:44:44 Delay 1.0 detik..
10:44:45 Eksekusi Download & Upload FTP..
10:44:46 Delay 1.0 detik..
10:44:47 Eksekusi Download & Upload FTP..
10:44:48 Delay 1.0 detik..
10:44:49 Eksekusi Download & Upload FTP..
10:44:50 Downloading File 118.txt from FTP Server --> 178.128.125.105/api1/txt/input/118.txt
10:44:50 Success File downloaded into api/txt/input/118.txt
10:44:50 Deleting File 118.txt from FTP Server --> 178.128.125.105/api1/txt/input/118.txt
10:44:50 Success File deleted from FTP Server --> 178.128.125.105/api1/txt/input/118.txt
10:44:51 Delay 1.0 detik..
10:44:52 Eksekusi Download & Upload FTP..
10:44:54 Delay 1.0 detik..
10:44:55 Eksekusi Download & Upload FTP..
10:44:56 Delay 1.0 detik..
10:44:57 Eksekusi Download & Upload FTP..
10:44:58 Delay 1.0 detik..
10:44:59 Eksekusi Download & Upload FTP..
10:45:01 Delay 1.0 detik..
10:45:02 Eksekusi Download & Upload FTP..
10:45:03 Delay 1.0 detik..
10:45:05 Eksekusi Download & Upload FTP..
10:45:06 Delay 1.0 detik..
10:45:07 Eksekusi Download & Upload FTP..
10:45:09 Delay 1.0 detik..
10:45:10 Eksekusi Download & Upload FTP..
10:45:12 Delay 1.0 detik..
10:45:13 Eksekusi Download & Upload FTP..
10:45:15 Delay 1.0 detik..
10:45:16 Eksekusi Download & Upload FTP..
10:45:18 Delay 1.0 detik..
10:45:19 Eksekusi Download & Upload FTP..
10:45:20 Delay 1.0 detik..
10:45:21 Eksekusi Download & Upload FTP..
10:45:26 Delay 1.0 detik..
10:45:27 Eksekusi Download & Upload FTP..
10:45:29 Delay 1.0 detik..
10:45:30 Eksekusi Download & Upload FTP..
10:45:31 Delay 1.0 detik..
10:45:32 Eksekusi Download & Upload FTP..
10:45:34 Delay 1.0 detik..
10:45:35 Eksekusi Download & Upload FTP..
10:45:37 Delay 1.0 detik..
10:45:38 Eksekusi Download & Upload FTP..
10:45:40 Delay 1.0 detik..
10:45:41 Eksekusi Download & Upload FTP..
10:45:42 Delay 1.0 detik..
10:45:43 Eksekusi Download & Upload FTP..
10:45:45 Delay 1.0 detik..
10:45:46 Eksekusi Download & Upload FTP..
10:45:48 Delay 1.0 detik..
10:45:49 Eksekusi Download & Upload FTP..
10:45:51 Delay 1.0 detik..
10:45:52 Eksekusi Download & Upload FTP..
10:45:54 Delay 1.0 detik..
10:45:55 Eksekusi Download & Upload FTP..
10:45:56 Delay 1.0 detik..
10:45:57 Eksekusi Download & Upload FTP..
10:45:59 Delay 1.0 detik..
10:46:00 Eksekusi Download & Upload FTP..
10:46:02 Delay 1.0 detik..
10:46:03 Eksekusi Download & Upload FTP..
10:46:05 Delay 1.0 detik..
10:46:06 Eksekusi Download & Upload FTP..
10:46:07 Delay 1.0 detik..
10:46:08 Eksekusi Download & Upload FTP..
10:46:11 Delay 1.0 detik..
10:46:12 Eksekusi Download & Upload FTP..
10:46:14 Delay 1.0 detik..
10:46:15 Eksekusi Download & Upload FTP..
10:46:17 Delay 1.0 detik..
10:46:18 Eksekusi Download & Upload FTP..
10:46:20 Delay 1.0 detik..
10:46:21 Eksekusi Download & Upload FTP..
10:46:23 Delay 1.0 detik..
10:46:24 Eksekusi Download & Upload FTP..
10:46:28 Delay 1.0 detik..
10:46:29 Eksekusi Download & Upload FTP..
10:46:31 Delay 1.0 detik..
10:46:32 Eksekusi Download & Upload FTP..
10:46:34 Delay 1.0 detik..
10:46:35 Eksekusi Download & Upload FTP..
10:46:37 Delay 1.0 detik..
10:46:38 Eksekusi Download & Upload FTP..
10:46:39 Delay 1.0 detik..
10:46:40 Eksekusi Download & Upload FTP..
10:46:42 Delay 1.0 detik..
10:46:43 Eksekusi Download & Upload FTP..
10:46:45 Delay 1.0 detik..
10:46:46 Eksekusi Download & Upload FTP..
10:46:47 Delay 1.0 detik..
10:46:49 Eksekusi Download & Upload FTP..
10:46:50 Delay 1.0 detik..
10:46:51 Eksekusi Download & Upload FTP..
10:46:53 Delay 1.0 detik..
10:46:54 Eksekusi Download & Upload FTP..
10:46:57 Delay 1.0 detik..
10:46:58 Eksekusi Download & Upload FTP..
10:47:00 Delay 1.0 detik..
10:47:01 Eksekusi Download & Upload FTP..
10:47:03 Delay 1.0 detik..
10:47:04 Eksekusi Download & Upload FTP..
10:47:06 Delay 1.0 detik..
10:47:07 Eksekusi Download & Upload FTP..
10:47:09 Delay 1.0 detik..
10:47:10 Eksekusi Download & Upload FTP..
10:47:11 Delay 1.0 detik..
10:47:12 Eksekusi Download & Upload FTP..
10:47:14 Delay 1.0 detik..
10:47:15 Eksekusi Download & Upload FTP..
10:47:17 Delay 1.0 detik..
10:47:18 Eksekusi Download & Upload FTP..
10:47:20 Delay 1.0 detik..
10:47:21 Eksekusi Download & Upload FTP..
10:47:22 Delay 1.0 detik..
10:47:23 Eksekusi Download & Upload FTP..
10:47:26 Delay 1.0 detik..
10:47:27 Eksekusi Download & Upload FTP..
10:47:32 Delay 1.0 detik..
10:47:33 Eksekusi Download & Upload FTP..
10:47:35 Delay 1.0 detik..
10:47:36 Eksekusi Download & Upload FTP..
10:47:38 Delay 1.0 detik..
10:47:39 Eksekusi Download & Upload FTP..
10:47:40 Delay 1.0 detik..
10:47:41 Eksekusi Download & Upload FTP..
10:47:43 Delay 1.0 detik..
10:47:44 Eksekusi Download & Upload FTP..
10:47:46 Delay 1.0 detik..
10:47:47 Eksekusi Download & Upload FTP..
10:47:49 Delay 1.0 detik..
10:47:50 Eksekusi Download & Upload FTP..
10:47:52 Delay 1.0 detik..
10:47:53 Eksekusi Download & Upload FTP..
10:47:55 Delay 1.0 detik..
10:47:56 Eksekusi Download & Upload FTP..
10:47:58 Delay 1.0 detik..
10:47:59 Eksekusi Download & Upload FTP..
10:48:01 Delay 1.0 detik..
10:48:02 Eksekusi Download & Upload FTP..
10:48:03 Delay 1.0 detik..
10:48:04 Eksekusi Download & Upload FTP..
10:48:06 Delay 1.0 detik..
10:48:07 Eksekusi Download & Upload FTP..
10:48:09 Delay 1.0 detik..
10:48:10 Eksekusi Download & Upload FTP..
10:48:12 Delay 1.0 detik..
10:48:13 Eksekusi Download & Upload FTP..
10:48:15 Delay 1.0 detik..
10:48:16 Eksekusi Download & Upload FTP..
10:48:17 Delay 1.0 detik..
10:48:18 Eksekusi Download & Upload FTP..
10:48:20 Delay 1.0 detik..
10:48:21 Eksekusi Download & Upload FTP..
10:48:23 Delay 1.0 detik..
10:48:24 Eksekusi Download & Upload FTP..
10:48:26 Delay 1.0 detik..
10:48:27 Eksekusi Download & Upload FTP..
10:48:29 Delay 1.0 detik..
10:48:30 Eksekusi Download & Upload FTP..
10:48:34 Delay 1.0 detik..
10:48:35 Eksekusi Download & Upload FTP..
10:48:37 Delay 1.0 detik..
10:48:38 Eksekusi Download & Upload FTP..
10:48:40 Delay 1.0 detik..
10:48:41 Eksekusi Download & Upload FTP..
10:48:42 Delay 1.0 detik..
10:48:43 Eksekusi Download & Upload FTP..
10:48:45 Delay 1.0 detik..
10:48:46 Eksekusi Download & Upload FTP..
10:48:48 Delay 1.0 detik..
10:48:49 Eksekusi Download & Upload FTP..
10:48:51 Delay 1.0 detik..
10:48:52 Eksekusi Download & Upload FTP..
10:48:54 Delay 1.0 detik..
10:48:55 Eksekusi Download & Upload FTP..
10:48:57 Delay 1.0 detik..
10:48:58 Eksekusi Download & Upload FTP..
10:49:00 Delay 1.0 detik..
10:49:01 Eksekusi Download & Upload FTP..
10:49:02 Delay 1.0 detik..
10:49:03 Eksekusi Download & Upload FTP..
10:49:05 Delay 1.0 detik..
10:49:06 Eksekusi Download & Upload FTP..
10:49:08 Delay 1.0 detik..
10:49:09 Eksekusi Download & Upload FTP..
10:49:11 Delay 1.0 detik..
10:49:12 Eksekusi Download & Upload FTP..
10:49:21 Delay 1.0 detik..
10:49:22 Eksekusi Download & Upload FTP..
10:49:24 Delay 1.0 detik..
10:49:25 Eksekusi Download & Upload FTP..
10:49:27 Delay 1.0 detik..
10:49:28 Eksekusi Download & Upload FTP..
10:49:33 Delay 1.0 detik..
10:49:34 Eksekusi Download & Upload FTP..
10:49:36 Delay 1.0 detik..
10:49:37 Eksekusi Download & Upload FTP..
10:49:40 Delay 1.0 detik..
10:49:41 Eksekusi Download & Upload FTP..
10:49:43 Delay 1.0 detik..
10:49:44 Eksekusi Download & Upload FTP..
10:49:46 Delay 1.0 detik..
10:49:47 Eksekusi Download & Upload FTP..
10:49:49 Delay 1.0 detik..
10:49:50 Eksekusi Download & Upload FTP..
10:49:51 Delay 1.0 detik..
10:49:52 Eksekusi Download & Upload FTP..
10:49:54 Delay 1.0 detik..
10:49:55 Eksekusi Download & Upload FTP..
10:49:57 Delay 1.0 detik..
10:49:58 Eksekusi Download & Upload FTP..
10:50:00 Delay 1.0 detik..
10:50:01 Eksekusi Download & Upload FTP..
10:50:02 Delay 1.0 detik..
10:50:03 Eksekusi Download & Upload FTP..
10:50:05 Delay 1.0 detik..
10:50:06 Eksekusi Download & Upload FTP..
10:50:08 Delay 1.0 detik..
10:50:09 Eksekusi Download & Upload FTP..
10:50:12 Delay 1.0 detik..
10:50:13 Eksekusi Download & Upload FTP..
10:50:15 Delay 1.0 detik..
10:50:16 Eksekusi Download & Upload FTP..
10:50:18 Delay 1.0 detik..
10:50:19 Eksekusi Download & Upload FTP..
10:50:20 Delay 1.0 detik..
10:50:21 Eksekusi Download & Upload FTP..
10:50:23 Delay 1.0 detik..
10:50:24 Eksekusi Download & Upload FTP..
10:50:26 Delay 1.0 detik..
10:50:27 Eksekusi Download & Upload FTP..
10:50:28 Delay 1.0 detik..
10:50:29 Eksekusi Download & Upload FTP..
10:50:31 Delay 1.0 detik..
10:50:32 Eksekusi Download & Upload FTP..
10:50:36 Delay 1.0 detik..
10:50:37 Eksekusi Download & Upload FTP..
10:50:39 Delay 1.0 detik..
10:50:40 Eksekusi Download & Upload FTP..
10:50:43 Delay 1.0 detik..
10:50:44 Eksekusi Download & Upload FTP..
10:50:47 Delay 1.0 detik..
10:50:48 Eksekusi Download & Upload FTP..
10:50:52 Delay 1.0 detik..
10:50:53 Eksekusi Download & Upload FTP..
10:50:55 Delay 1.0 detik..
10:50:56 Eksekusi Download & Upload FTP..
10:50:58 Delay 1.0 detik..
10:50:59 Eksekusi Download & Upload FTP..
10:51:01 Delay 1.0 detik..
10:51:02 Eksekusi Download & Upload FTP..
10:51:04 Delay 1.0 detik..
10:51:05 Eksekusi Download & Upload FTP..
10:51:09 Delay 1.0 detik..
10:51:10 Eksekusi Download & Upload FTP..
10:51:12 Delay 1.0 detik..
10:51:13 Eksekusi Download & Upload FTP..
10:51:14 Delay 1.0 detik..
10:51:15 Eksekusi Download & Upload FTP..
10:51:17 Delay 1.0 detik..
10:51:18 Eksekusi Download & Upload FTP..
10:51:20 Delay 1.0 detik..
10:51:21 Eksekusi Download & Upload FTP..
10:51:22 Delay 1.0 detik..
10:51:23 Eksekusi Download & Upload FTP..
10:51:25 Delay 1.0 detik..
10:51:26 Eksekusi Download & Upload FTP..
10:51:27 Delay 1.0 detik..
10:51:28 Eksekusi Download & Upload FTP..
10:51:32 Delay 1.0 detik..
10:51:33 Eksekusi Download & Upload FTP..
10:51:34 Delay 1.0 detik..
10:51:35 Eksekusi Download & Upload FTP..
10:51:37 Delay 1.0 detik..
10:51:38 Eksekusi Download & Upload FTP..
10:51:40 Delay 1.0 detik..
10:51:41 Eksekusi Download & Upload FTP..
10:51:43 Delay 1.0 detik..
10:51:44 Eksekusi Download & Upload FTP..
10:51:45 Delay 1.0 detik..
10:51:46 Eksekusi Download & Upload FTP..
10:51:50 Delay 1.0 detik..
10:51:51 Eksekusi Download & Upload FTP..
10:51:52 Delay 1.0 detik..
10:51:53 Eksekusi Download & Upload FTP..
10:51:55 Delay 1.0 detik..
10:51:56 Eksekusi Download & Upload FTP..
10:51:58 Delay 1.0 detik..
10:51:59 Eksekusi Download & Upload FTP..
10:52:00 Delay 1.0 detik..
10:52:01 Eksekusi Download & Upload FTP..
10:52:04 Delay 1.0 detik..
10:52:05 Eksekusi Download & Upload FTP..
10:52:07 Delay 1.0 detik..
10:52:08 Eksekusi Download & Upload FTP..
10:52:10 Delay 1.0 detik..
10:52:11 Eksekusi Download & Upload FTP..
10:52:12 Delay 1.0 detik..
10:52:13 Eksekusi Download & Upload FTP..
10:52:15 Delay 1.0 detik..
10:52:16 Eksekusi Download & Upload FTP..
10:52:18 Delay 1.0 detik..
10:52:19 Eksekusi Download & Upload FTP..
10:52:20 Delay 1.0 detik..
10:52:22 Eksekusi Download & Upload FTP..
10:52:23 Delay 1.0 detik..
10:52:24 Eksekusi Download & Upload FTP..
10:52:26 Delay 1.0 detik..
10:52:27 Eksekusi Download & Upload FTP..
10:52:29 Delay 1.0 detik..
10:52:30 Eksekusi Download & Upload FTP..
10:52:31 Delay 1.0 detik..
10:52:32 Eksekusi Download & Upload FTP..
10:52:36 Delay 1.0 detik..
10:52:37 Eksekusi Download & Upload FTP..
10:52:38 Delay 1.0 detik..
10:52:39 Eksekusi Download & Upload FTP..
10:52:41 Delay 1.0 detik..
10:52:42 Eksekusi Download & Upload FTP..
10:52:44 Delay 1.0 detik..
10:52:45 Eksekusi Download & Upload FTP..
10:52:47 Delay 1.0 detik..
10:52:48 Eksekusi Download & Upload FTP..
10:52:49 Delay 1.0 detik..
10:52:50 Eksekusi Download & Upload FTP..
10:52:52 Delay 1.0 detik..
10:52:53 Eksekusi Download & Upload FTP..
10:52:54 Delay 1.0 detik..
10:52:55 Eksekusi Download & Upload FTP..
10:52:57 Delay 1.0 detik..
10:52:58 Eksekusi Download & Upload FTP..
10:53:00 Delay 1.0 detik..
10:53:01 Eksekusi Download & Upload FTP..
10:53:03 Delay 1.0 detik..
10:53:04 Eksekusi Download & Upload FTP..
10:53:05 Delay 1.0 detik..
10:53:06 Eksekusi Download & Upload FTP..
10:53:08 Delay 1.0 detik..
10:53:09 Eksekusi Download & Upload FTP..
10:53:10 Delay 1.0 detik..
10:53:11 Eksekusi Download & Upload FTP..
10:53:13 Delay 1.0 detik..
10:53:14 Eksekusi Download & Upload FTP..
10:53:15 Delay 1.0 detik..
10:53:16 Eksekusi Download & Upload FTP..
10:53:18 Delay 1.0 detik..
10:53:19 Eksekusi Download & Upload FTP..
10:53:20 Delay 1.0 detik..
10:53:21 Eksekusi Download & Upload FTP..
10:53:23 Delay 1.0 detik..
10:53:24 Eksekusi Download & Upload FTP..
10:53:25 Delay 1.0 detik..
10:53:26 Eksekusi Download & Upload FTP..
10:53:27 Delay 1.0 detik..
10:53:28 Eksekusi Download & Upload FTP..
10:53:30 Delay 1.0 detik..
10:53:31 Eksekusi Download & Upload FTP..
10:53:32 Delay 1.0 detik..
10:53:33 Eksekusi Download & Upload FTP..
10:53:34 Delay 1.0 detik..
10:53:35 Eksekusi Download & Upload FTP..
10:53:38 Delay 1.0 detik..
10:53:39 Eksekusi Download & Upload FTP..
10:53:40 Delay 1.0 detik..
10:53:41 Eksekusi Download & Upload FTP..
10:53:42 Delay 1.0 detik..
10:53:43 Eksekusi Download & Upload FTP..
10:53:44 Downloading File 119.txt from FTP Server --> 178.128.125.105/api1/txt/input/119.txt
10:53:44 Success File downloaded into api/txt/input/119.txt
10:53:44 Deleting File 119.txt from FTP Server --> 178.128.125.105/api1/txt/input/119.txt
10:53:44 Success File deleted from FTP Server --> 178.128.125.105/api1/txt/input/119.txt
10:53:45 Delay 1.0 detik..
10:53:46 Eksekusi Download & Upload FTP..
10:53:47 Delay 1.0 detik..
10:53:48 Eksekusi Download & Upload FTP..
10:53:49 Delay 1.0 detik..
10:53:50 Eksekusi Download & Upload FTP..
10:53:51 Uploading File 119.TXT from lokal Server --> api/txt/output/119.TXT
10:53:51 Success File uploaded into FTP Server --> 178.128.125.105/api1/txt/output/119.TXT
10:53:51 Deleting File 119.TXT from local DIR --> api/txt/output/119.TXT
10:53:51 Success File deleted from local DIR --> api/txt/output/119.TXT
10:53:51 Delay 1.0 detik..
10:53:52 Eksekusi Download & Upload FTP..
10:53:54 Delay 1.0 detik..
10:53:55 Eksekusi Download & Upload FTP..
10:53:56 Delay 1.0 detik..
10:53:57 Eksekusi Download & Upload FTP..
10:53:58 Delay 1.0 detik..
10:53:59 Eksekusi Download & Upload FTP..
10:54:00 Delay 1.0 detik..
10:54:01 Eksekusi Download & Upload FTP..
10:54:02 Delay 1.0 detik..
10:54:03 Eksekusi Download & Upload FTP..
10:54:05 Delay 1.0 detik..
10:54:06 Eksekusi Download & Upload FTP..
10:54:07 Delay 1.0 detik..
10:54:08 Eksekusi Download & Upload FTP..
10:54:09 Delay 1.0 detik..
10:54:10 Eksekusi Download & Upload FTP..
10:54:11 Delay 1.0 detik..
10:54:12 Eksekusi Download & Upload FTP..
10:54:13 Downloading File 120.txt from FTP Server --> 178.128.125.105/api1/txt/input/120.txt
10:54:13 Success File downloaded into api/txt/input/120.txt
10:54:13 Deleting File 120.txt from FTP Server --> 178.128.125.105/api1/txt/input/120.txt
10:54:13 Success File deleted from FTP Server --> 178.128.125.105/api1/txt/input/120.txt
10:54:13 Uploading File 120.TXT from lokal Server --> api/txt/output/120.TXT
10:54:14 Success File uploaded into FTP Server --> 178.128.125.105/api1/txt/output/120.TXT
10:54:14 Deleting File 120.TXT from local DIR --> api/txt/output/120.TXT
10:54:14 Success File deleted from local DIR --> api/txt/output/120.TXT
10:54:14 Delay 1.0 detik..
10:54:15 Eksekusi Download & Upload FTP..
10:54:16 Delay 1.0 detik..
10:54:17 Eksekusi Download & Upload FTP..
10:54:18 Delay 1.0 detik..
10:54:19 Eksekusi Download & Upload FTP..
10:54:20 Delay 1.0 detik..
10:54:21 Eksekusi Download & Upload FTP..
10:54:23 Delay 1.0 detik..
10:54:24 Eksekusi Download & Upload FTP..
10:54:24 Downloading File 121.txt from FTP Server --> 178.128.125.105/api1/txt/input/121.txt
10:54:25 Success File downloaded into api/txt/input/121.txt
10:54:25 Deleting File 121.txt from FTP Server --> 178.128.125.105/api1/txt/input/121.txt
10:54:25 Success File deleted from FTP Server --> 178.128.125.105/api1/txt/input/121.txt
10:54:25 Delay 1.0 detik..
10:54:26 Eksekusi Download & Upload FTP..
10:54:27 Delay 1.0 detik..
10:54:28 Eksekusi Download & Upload FTP..
10:54:30 Delay 1.0 detik..
10:54:31 Eksekusi Download & Upload FTP..
10:54:32 Delay 1.0 detik..
10:54:33 Eksekusi Download & Upload FTP..
10:54:34 Delay 1.0 detik..
10:54:35 Eksekusi Download & Upload FTP..
10:54:36 Delay 1.0 detik..
10:54:37 Eksekusi Download & Upload FTP..
10:54:38 Delay 1.0 detik..
10:54:39 Eksekusi Download & Upload FTP..
10:54:42 Delay 1.0 detik..
10:54:43 Eksekusi Download & Upload FTP..
10:54:44 Delay 1.0 detik..
10:54:45 Eksekusi Download & Upload FTP..
10:54:47 Delay 1.0 detik..
10:54:48 Eksekusi Download & Upload FTP..
10:54:49 Delay 1.0 detik..
10:54:50 Eksekusi Download & Upload FTP..
10:54:52 Delay 1.0 detik..
10:54:53 Eksekusi Download & Upload FTP..
10:54:55 Delay 1.0 detik..
10:54:56 Eksekusi Download & Upload FTP..
10:54:57 Delay 1.0 detik..
10:54:58 Eksekusi Download & Upload FTP..
10:55:00 Delay 1.0 detik..
10:55:01 Eksekusi Download & Upload FTP..
10:55:02 Delay 1.0 detik..
10:55:03 Eksekusi Download & Upload FTP..
10:55:04 Delay 1.0 detik..
10:55:05 Eksekusi Download & Upload FTP..
10:55:07 Delay 1.0 detik..
10:55:08 Eksekusi Download & Upload FTP..
10:55:09 Delay 1.0 detik..
10:55:10 Eksekusi Download & Upload FTP..
10:55:12 Delay 1.0 detik..
10:55:13 Eksekusi Download & Upload FTP..
10:55:14 Delay 1.0 detik..
10:55:15 Eksekusi Download & Upload FTP..
10:55:16 Delay 1.0 detik..
10:55:17 Eksekusi Download & Upload FTP..
10:55:19 Delay 1.0 detik..
10:55:20 Eksekusi Download & Upload FTP..
10:55:21 Delay 1.0 detik..
10:55:22 Eksekusi Download & Upload FTP..
10:55:24 Delay 1.0 detik..
10:55:25 Eksekusi Download & Upload FTP..
10:55:26 Delay 1.0 detik..
10:55:27 Eksekusi Download & Upload FTP..
10:55:28 Delay 1.0 detik..
10:55:29 Eksekusi Download & Upload FTP..
10:55:31 Delay 1.0 detik..
10:55:32 Eksekusi Download & Upload FTP..
10:55:33 Delay 1.0 detik..
10:55:34 Eksekusi Download & Upload FTP..
10:55:35 Delay 1.0 detik..
10:55:36 Eksekusi Download & Upload FTP..
10:55:38 Delay 1.0 detik..
10:55:39 Eksekusi Download & Upload FTP..
10:55:40 Delay 1.0 detik..
10:55:41 Eksekusi Download & Upload FTP..
10:55:44 Delay 1.0 detik..
10:55:45 Eksekusi Download & Upload FTP..
10:55:46 Delay 1.0 detik..
10:55:47 Eksekusi Download & Upload FTP..
10:55:50 Delay 1.0 detik..
10:55:51 Eksekusi Download & Upload FTP..
10:55:53 Delay 1.0 detik..
10:55:54 Eksekusi Download & Upload FTP..
10:55:55 Delay 1.0 detik..
10:55:56 Eksekusi Download & Upload FTP..
10:55:58 Delay 1.0 detik..
10:55:59 Eksekusi Download & Upload FTP..
10:56:00 Delay 1.0 detik..
10:56:01 Eksekusi Download & Upload FTP..
10:56:02 Delay 1.0 detik..
10:56:03 Eksekusi Download & Upload FTP..
10:56:05 Delay 1.0 detik..
10:56:06 Eksekusi Download & Upload FTP..
10:56:07 Delay 1.0 detik..
10:56:08 Eksekusi Download & Upload FTP..
10:56:09 Delay 1.0 detik..
10:56:10 Eksekusi Download & Upload FTP..
10:56:13 Delay 1.0 detik..
10:56:14 Eksekusi Download & Upload FTP..
10:56:17 Delay 1.0 detik..
10:56:18 Eksekusi Download & Upload FTP..
10:56:19 Delay 1.0 detik..
10:56:20 Eksekusi Download & Upload FTP..
10:56:22 Delay 1.0 detik..
10:56:23 Eksekusi Download & Upload FTP..
10:56:27 Delay 1.0 detik..
10:56:28 Eksekusi Download & Upload FTP..
10:56:30 Delay 1.0 detik..
10:56:31 Eksekusi Download & Upload FTP..
10:56:33 Delay 1.0 detik..
10:56:34 Eksekusi Download & Upload FTP..
10:56:35 Delay 1.0 detik..
10:56:36 Eksekusi Download & Upload FTP..
10:56:38 Delay 1.0 detik..
10:56:39 Eksekusi Download & Upload FTP..
10:56:42 Delay 1.0 detik..
10:56:43 Eksekusi Download & Upload FTP..
10:56:46 Delay 1.0 detik..
10:56:47 Eksekusi Download & Upload FTP..
10:56:48 Delay 1.0 detik..
10:56:49 Eksekusi Download & Upload FTP..
10:56:51 Delay 1.0 detik..
10:56:52 Eksekusi Download & Upload FTP..
10:56:54 Delay 1.0 detik..
10:56:55 Eksekusi Download & Upload FTP..
10:56:57 Delay 1.0 detik..
10:56:58 Eksekusi Download & Upload FTP..
10:56:59 Delay 1.0 detik..
10:57:00 Eksekusi Download & Upload FTP..
10:57:01 Delay 1.0 detik..
10:57:02 Eksekusi Download & Upload FTP..
10:57:04 Delay 1.0 detik..
10:57:05 Eksekusi Download & Upload FTP..
10:57:06 Delay 1.0 detik..
10:57:07 Eksekusi Download & Upload FTP..
10:57:09 Delay 1.0 detik..
10:57:10 Eksekusi Download & Upload FTP..
10:57:11 Delay 1.0 detik..
10:57:12 Eksekusi Download & Upload FTP..
10:57:13 Delay 1.0 detik..
10:57:14 Eksekusi Download & Upload FTP..
10:57:16 Delay 1.0 detik..
10:57:17 Eksekusi Download & Upload FTP..
10:57:18 Delay 1.0 detik..
10:57:19 Eksekusi Download & Upload FTP..
10:57:21 Delay 1.0 detik..
10:57:22 Eksekusi Download & Upload FTP..
10:57:23 Delay 1.0 detik..
10:57:24 Eksekusi Download & Upload FTP..
10:57:25 Delay 1.0 detik..
10:57:26 Eksekusi Download & Upload FTP..
10:57:28 Delay 1.0 detik..
10:57:29 Eksekusi Download & Upload FTP..
10:57:30 Delay 1.0 detik..
10:57:31 Eksekusi Download & Upload FTP..
10:57:34 Delay 1.0 detik..
10:57:35 Eksekusi Download & Upload FTP..
10:57:36 Delay 1.0 detik..
10:57:37 Eksekusi Download & Upload FTP..
10:57:38 Delay 1.0 detik..
10:57:39 Eksekusi Download & Upload FTP..
10:57:41 Delay 1.0 detik..
10:57:42 Eksekusi Download & Upload FTP..
10:57:45 Delay 1.0 detik..
10:57:46 Eksekusi Download & Upload FTP..
10:57:47 Delay 1.0 detik..
10:57:48 Eksekusi Download & Upload FTP..
10:57:51 Delay 1.0 detik..
10:57:52 Eksekusi Download & Upload FTP..
10:57:53 Delay 1.0 detik..
10:57:54 Eksekusi Download & Upload FTP..
10:57:56 Delay 1.0 detik..
10:57:57 Eksekusi Download & Upload FTP..
10:57:58 Delay 1.0 detik..
10:57:59 Eksekusi Download & Upload FTP..
10:58:01 Delay 1.0 detik..
10:58:02 Eksekusi Download & Upload FTP..
10:58:04 Delay 1.0 detik..
10:58:05 Eksekusi Download & Upload FTP..
10:58:07 Delay 1.0 detik..
10:58:08 Eksekusi Download & Upload FTP..
10:58:09 Delay 1.0 detik..
10:58:10 Eksekusi Download & Upload FTP..
10:58:12 Delay 1.0 detik..
10:58:13 Eksekusi Download & Upload FTP..
10:58:15 Delay 1.0 detik..
10:58:16 Eksekusi Download & Upload FTP..
10:58:17 Delay 1.0 detik..
10:58:18 Eksekusi Download & Upload FTP..
10:58:20 Delay 1.0 detik..
10:58:21 Eksekusi Download & Upload FTP..
10:58:22 Delay 1.0 detik..
10:58:23 Eksekusi Download & Upload FTP..
10:58:24 Delay 1.0 detik..
10:58:25 Eksekusi Download & Upload FTP..
10:58:27 Delay 1.0 detik..
10:58:28 Eksekusi Download & Upload FTP..
10:58:29 Delay 1.0 detik..
10:58:30 Eksekusi Download & Upload FTP..
10:58:31 Delay 1.0 detik..
10:58:32 Eksekusi Download & Upload FTP..
10:58:34 Delay 1.0 detik..
10:58:35 Eksekusi Download & Upload FTP..
10:58:37 Delay 1.0 detik..
10:58:38 Eksekusi Download & Upload FTP..
10:58:40 Delay 1.0 detik..
10:58:41 Eksekusi Download & Upload FTP..
10:58:42 Delay 1.0 detik..
10:58:43 Eksekusi Download & Upload FTP..
10:58:44 Delay 1.0 detik..
10:58:45 Eksekusi Download & Upload FTP..
10:58:47 Delay 1.0 detik..
10:58:48 Eksekusi Download & Upload FTP..
10:58:50 Delay 1.0 detik..
10:58:51 Eksekusi Download & Upload FTP..
10:58:53 Delay 1.0 detik..
10:58:54 Eksekusi Download & Upload FTP..
10:58:55 Delay 1.0 detik..
10:58:56 Eksekusi Download & Upload FTP..
10:58:58 Delay 1.0 detik..
10:58:59 Eksekusi Download & Upload FTP..
10:59:00 Delay 1.0 detik..
10:59:01 Eksekusi Download & Upload FTP..
10:59:03 Delay 1.0 detik..
10:59:04 Eksekusi Download & Upload FTP..
10:59:05 Delay 1.0 detik..
10:59:06 Eksekusi Download & Upload FTP..
10:59:08 Delay 1.0 detik..
10:59:09 Eksekusi Download & Upload FTP..
10:59:12 Delay 1.0 detik..
10:59:13 Eksekusi Download & Upload FTP..
10:59:14 Delay 1.0 detik..
10:59:15 Eksekusi Download & Upload FTP..
10:59:17 Delay 1.0 detik..
10:59:18 Eksekusi Download & Upload FTP..
10:59:19 Delay 1.0 detik..
10:59:20 Eksekusi Download & Upload FTP..
10:59:21 Delay 1.0 detik..
10:59:22 Eksekusi Download & Upload FTP..
10:59:24 Delay 1.0 detik..
10:59:25 Eksekusi Download & Upload FTP..
10:59:26 Delay 1.0 detik..
10:59:27 Eksekusi Download & Upload FTP..
10:59:29 Delay 1.0 detik..
10:59:30 Eksekusi Download & Upload FTP..
10:59:31 Delay 1.0 detik..
10:59:32 Eksekusi Download & Upload FTP..
10:59:34 Delay 1.0 detik..
10:59:35 Eksekusi Download & Upload FTP..
10:59:36 Delay 1.0 detik..
10:59:37 Eksekusi Download & Upload FTP..
10:59:38 Delay 1.0 detik..
10:59:39 Eksekusi Download & Upload FTP..
10:59:41 Delay 1.0 detik..
10:59:42 Eksekusi Download & Upload FTP..
10:59:43 Delay 1.0 detik..
10:59:44 Eksekusi Download & Upload FTP..
10:59:45 Delay 1.0 detik..
10:59:46 Eksekusi Download & Upload FTP..
10:59:48 Delay 1.0 detik..
10:59:49 Eksekusi Download & Upload FTP..
10:59:50 Delay 1.0 detik..
10:59:51 Eksekusi Download & Upload FTP..
10:59:53 Delay 1.0 detik..
10:59:54 Eksekusi Download & Upload FTP..
10:59:57 Delay 1.0 detik..
10:59:58 Eksekusi Download & Upload FTP..
10:59:59 Delay 1.0 detik..
11:00:00 Eksekusi Download & Upload FTP..
11:00:01 Delay 1.0 detik..
11:00:02 Eksekusi Download & Upload FTP..
11:00:04 Delay 1.0 detik..
11:00:05 Eksekusi Download & Upload FTP..
11:00:06 Delay 1.0 detik..
11:00:07 Eksekusi Download & Upload FTP..
11:00:09 Delay 1.0 detik..
11:00:10 Eksekusi Download & Upload FTP..
11:00:11 Delay 1.0 detik..
11:00:12 Eksekusi Download & Upload FTP..
11:00:13 Delay 1.0 detik..
11:00:14 Eksekusi Download & Upload FTP..
11:00:16 Delay 1.0 detik..
11:00:17 Eksekusi Download & Upload FTP..
11:00:18 Delay 1.0 detik..
11:00:19 Eksekusi Download & Upload FTP..
11:00:21 Delay 1.0 detik..
11:00:22 Eksekusi Download & Upload FTP..
11:00:23 Delay 1.0 detik..
11:00:24 Eksekusi Download & Upload FTP..
11:00:25 Delay 1.0 detik..
11:00:26 Eksekusi Download & Upload FTP..
11:00:28 Delay 1.0 detik..
11:00:29 Eksekusi Download & Upload FTP..
11:00:30 Delay 1.0 detik..
11:00:31 Eksekusi Download & Upload FTP..
11:00:32 Delay 1.0 detik..
11:00:33 Eksekusi Download & Upload FTP..
11:00:34 Delay 1.0 detik..
11:00:35 Eksekusi Download & Upload FTP..
11:00:37 Delay 1.0 detik..
11:00:38 Eksekusi Download & Upload FTP..
11:00:39 Delay 1.0 detik..
11:00:40 Eksekusi Download & Upload FTP..
11:00:42 Delay 1.0 detik..
11:00:43 Eksekusi Download & Upload FTP..
11:00:45 Delay 1.0 detik..
11:00:46 Eksekusi Download & Upload FTP..
11:00:48 Delay 1.0 detik..
11:00:49 Eksekusi Download & Upload FTP..
11:00:50 Delay 1.0 detik..
11:00:51 Eksekusi Download & Upload FTP..
11:00:53 Delay 1.0 detik..
11:00:54 Eksekusi Download & Upload FTP..
11:00:55 Delay 1.0 detik..
11:00:56 Eksekusi Download & Upload FTP..
11:00:59 Delay 1.0 detik..
11:01:00 Eksekusi Download & Upload FTP..
11:01:01 Delay 1.0 detik..
