06:18:03 Loading Configuration...
06:18:03 Loading Configuration Selesai !
06:18:17 Inisiasi aplikasi...
06:18:17 Testing koneksi ke server...
06:18:17 ERROR dwonloading from kps01/txt/input
Network is unreachable: connect

06:18:17 Testing koneksi ke server Selesai 
06:18:17 Delay 1.0 detik..
06:18:18 Eksekusi Download & Upload FTP..
06:18:18 Error dwonloading File from kps01/txt/input
Network is unreachable: connect
06:18:18 Error File uploading File from kps01/txt/output
Network is unreachable: connect
06:18:18 Delay 1.0 detik..
06:18:19 Eksekusi Download & Upload FTP..
06:18:19 Error dwonloading File from kps01/txt/input
Network is unreachable: connect
06:18:19 Error File uploading File from kps01/txt/output
Network is unreachable: connect
06:18:19 Delay 1.0 detik..
06:18:20 Eksekusi Download & Upload FTP..
06:18:20 Error dwonloading File from kps01/txt/input
Network is unreachable: connect
06:18:20 Error File uploading File from kps01/txt/output
Network is unreachable: connect
06:18:20 Delay 1.0 detik..
06:18:21 Eksekusi Download & Upload FTP..
06:18:21 Error dwonloading File from kps01/txt/input
Network is unreachable: connect
06:18:21 Error File uploading File from kps01/txt/output
Network is unreachable: connect
06:18:21 Delay 1.0 detik..
06:18:22 Eksekusi Download & Upload FTP..
06:18:22 Error dwonloading File from kps01/txt/input
Network is unreachable: connect
06:18:22 Error File uploading File from kps01/txt/output
Network is unreachable: connect
06:18:22 Delay 1.0 detik..
06:18:23 Eksekusi Download & Upload FTP..
06:18:23 Error dwonloading File from kps01/txt/input
Network is unreachable: connect
06:18:23 Error File uploading File from kps01/txt/output
Network is unreachable: connect
06:18:23 Delay 1.0 detik..
06:18:24 Eksekusi Download & Upload FTP..
06:18:24 Error dwonloading File from kps01/txt/input
Network is unreachable: connect
06:18:24 Error File uploading File from kps01/txt/output
Network is unreachable: connect
06:18:24 Delay 1.0 detik..
06:18:26 Eksekusi Download & Upload FTP..
06:18:26 Error dwonloading File from kps01/txt/input
Network is unreachable: connect
06:18:26 Error File uploading File from kps01/txt/output
Network is unreachable: connect
06:18:26 Delay 1.0 detik..
06:18:27 Eksekusi Download & Upload FTP..
06:18:27 Error dwonloading File from kps01/txt/input
Network is unreachable: connect
06:18:27 Error File uploading File from kps01/txt/output
Network is unreachable: connect
06:18:27 Delay 1.0 detik..
06:18:28 Eksekusi Download & Upload FTP..
06:18:28 Error dwonloading File from kps01/txt/input
Network is unreachable: connect
06:18:28 Error File uploading File from kps01/txt/output
Network is unreachable: connect
06:18:28 Delay 1.0 detik..
06:18:29 Eksekusi Download & Upload FTP..
06:18:29 Error dwonloading File from kps01/txt/input
Network is unreachable: connect
06:18:29 Error File uploading File from kps01/txt/output
Network is unreachable: connect
06:18:29 Delay 1.0 detik..
06:18:30 Eksekusi Download & Upload FTP..
06:18:30 Error dwonloading File from kps01/txt/input
Network is unreachable: connect
06:18:30 Error File uploading File from kps01/txt/output
Network is unreachable: connect
06:18:30 Delay 1.0 detik..
06:18:31 Eksekusi Download & Upload FTP..
06:18:31 Error dwonloading File from kps01/txt/input
Network is unreachable: connect
06:18:31 Error File uploading File from kps01/txt/output
Network is unreachable: connect
06:18:31 Delay 1.0 detik..
06:18:32 Eksekusi Download & Upload FTP..
06:18:32 Error dwonloading File from kps01/txt/input
Network is unreachable: connect
06:18:32 Error File uploading File from kps01/txt/output
Network is unreachable: connect
06:18:32 Delay 1.0 detik..
06:18:33 Eksekusi Download & Upload FTP..
06:18:33 Error dwonloading File from kps01/txt/input
Network is unreachable: connect
06:18:33 Error File uploading File from kps01/txt/output
Network is unreachable: connect
06:18:33 Delay 1.0 detik..
06:18:34 Eksekusi Download & Upload FTP..
06:18:34 Error dwonloading File from kps01/txt/input
Network is unreachable: connect
06:18:34 Error File uploading File from kps01/txt/output
Network is unreachable: connect
06:18:34 Delay 1.0 detik..
06:18:35 Eksekusi Download & Upload FTP..
06:18:35 Error dwonloading File from kps01/txt/input
Network is unreachable: connect
06:18:35 Error File uploading File from kps01/txt/output
Network is unreachable: connect
06:18:35 Delay 1.0 detik..
06:18:36 Eksekusi Download & Upload FTP..
06:18:36 Error dwonloading File from kps01/txt/input
Network is unreachable: connect
06:18:36 Error File uploading File from kps01/txt/output
Network is unreachable: connect
06:18:36 Delay 1.0 detik..
06:18:37 Eksekusi Download & Upload FTP..
06:18:37 Error dwonloading File from kps01/txt/input
Network is unreachable: connect
06:18:37 Error File uploading File from kps01/txt/output
Network is unreachable: connect
06:18:37 Delay 1.0 detik..
06:18:38 Eksekusi Download & Upload FTP..
06:18:38 Error dwonloading File from kps01/txt/input
Network is unreachable: connect
06:18:38 Error File uploading File from kps01/txt/output
Network is unreachable: connect
06:18:38 Delay 1.0 detik..
06:18:39 Eksekusi Download & Upload FTP..
06:18:39 Error dwonloading File from kps01/txt/input
Network is unreachable: connect
06:18:39 Error File uploading File from kps01/txt/output
Network is unreachable: connect
06:18:39 Delay 1.0 detik..
06:18:40 Eksekusi Download & Upload FTP..
06:18:40 Error dwonloading File from kps01/txt/input
Network is unreachable: connect
06:18:40 Error File uploading File from kps01/txt/output
Network is unreachable: connect
06:18:40 Delay 1.0 detik..
06:18:41 Eksekusi Download & Upload FTP..
06:18:41 Error dwonloading File from kps01/txt/input
Network is unreachable: connect
06:18:41 Error File uploading File from kps01/txt/output
Network is unreachable: connect
06:18:41 Delay 1.0 detik..
06:18:42 Eksekusi Download & Upload FTP..
06:18:42 Error dwonloading File from kps01/txt/input
Network is unreachable: connect
06:18:42 Error File uploading File from kps01/txt/output
Network is unreachable: connect
06:18:42 Delay 1.0 detik..
06:18:43 Eksekusi Download & Upload FTP..
06:18:43 Error dwonloading File from kps01/txt/input
Network is unreachable: connect
06:18:43 Error File uploading File from kps01/txt/output
Network is unreachable: connect
06:18:43 Delay 1.0 detik..
06:18:44 Eksekusi Download & Upload FTP..
06:18:44 Error dwonloading File from kps01/txt/input
Network is unreachable: connect
06:18:44 Error File uploading File from kps01/txt/output
Network is unreachable: connect
06:18:44 Delay 1.0 detik..
06:18:45 Eksekusi Download & Upload FTP..
06:18:46 Error dwonloading File from kps01/txt/input
Network is unreachable: connect
06:18:46 Error File uploading File from kps01/txt/output
Network is unreachable: connect
06:18:46 Delay 1.0 detik..
06:18:47 Eksekusi Download & Upload FTP..
06:18:47 Error dwonloading File from kps01/txt/input
Network is unreachable: connect
06:18:47 Error File uploading File from kps01/txt/output
Network is unreachable: connect
06:18:47 Delay 1.0 detik..
06:18:48 Eksekusi Download & Upload FTP..
06:18:48 Error dwonloading File from kps01/txt/input
Network is unreachable: connect
06:18:48 Error File uploading File from kps01/txt/output
Network is unreachable: connect
06:18:48 Delay 1.0 detik..
06:18:49 Eksekusi Download & Upload FTP..
06:18:49 Error dwonloading File from kps01/txt/input
Network is unreachable: connect
06:18:49 Error File uploading File from kps01/txt/output
Network is unreachable: connect
06:18:49 Delay 1.0 detik..
06:18:50 Eksekusi Download & Upload FTP..
06:18:50 Error dwonloading File from kps01/txt/input
Network is unreachable: connect
06:18:50 Error File uploading File from kps01/txt/output
Network is unreachable: connect
06:18:50 Delay 1.0 detik..
06:18:51 Eksekusi Download & Upload FTP..
06:18:51 Error dwonloading File from kps01/txt/input
Network is unreachable: connect
06:18:51 Error File uploading File from kps01/txt/output
Network is unreachable: connect
06:18:51 Delay 1.0 detik..
06:18:52 Aplikasi berhenti.
06:18:52 Eksekusi Download & Upload FTP..
06:19:02 Inisiasi aplikasi...
06:19:02 Testing koneksi ke server...
06:19:02 OK FTP Connected
OK Remote system is UNIX Type: L8
OK Current directory is /kps01/txt/input

06:19:02 Aplikasi siap digunakan...
06:19:02 Testing koneksi ke server Selesai 
06:19:02 Delay 1.0 detik..
06:19:07 Loading Configuration...
06:19:07 Loading Configuration Selesai !
06:19:09 Inisiasi aplikasi...
06:19:09 Testing koneksi ke server...
06:19:09 OK FTP Connected
OK Remote system is UNIX Type: L8
OK Current directory is /kps01/txt/input

06:19:09 Aplikasi siap digunakan...
06:19:09 Testing koneksi ke server Selesai 
06:19:09 Aplikasi berhenti.
06:19:14 Inisiasi aplikasi...
06:19:14 Testing koneksi ke server...
06:19:15 OK FTP Connected
OK Remote system is UNIX Type: L8
OK Current directory is /kps01/txt/input

06:19:15 Aplikasi siap digunakan...
06:19:15 Testing koneksi ke server Selesai 
06:19:15 Delay 1.0 detik..
06:19:16 Eksekusi Download & Upload FTP..
06:19:17 Delay 1.0 detik..
06:19:18 Eksekusi Download & Upload FTP..
06:19:20 Delay 1.0 detik..
06:19:21 Eksekusi Download & Upload FTP..
06:19:23 Delay 1.0 detik..
06:19:24 Eksekusi Download & Upload FTP..
06:19:25 Delay 1.0 detik..
06:19:26 Eksekusi Download & Upload FTP..
06:19:28 Delay 1.0 detik..
06:19:29 Eksekusi Download & Upload FTP..
06:19:31 Delay 1.0 detik..
06:19:32 Eksekusi Download & Upload FTP..
06:19:33 Delay 1.0 detik..
06:19:34 Eksekusi Download & Upload FTP..
06:19:36 Delay 1.0 detik..
06:19:37 Eksekusi Download & Upload FTP..
06:19:39 Delay 1.0 detik..
06:19:40 Eksekusi Download & Upload FTP..
06:19:41 Delay 1.0 detik..
06:19:42 Eksekusi Download & Upload FTP..
06:19:44 Delay 1.0 detik..
06:19:45 Eksekusi Download & Upload FTP..
06:19:46 Delay 1.0 detik..
06:19:47 Eksekusi Download & Upload FTP..
06:19:49 Delay 1.0 detik..
06:19:50 Eksekusi Download & Upload FTP..
06:19:52 Delay 1.0 detik..
06:19:53 Eksekusi Download & Upload FTP..
06:19:54 Delay 1.0 detik..
06:19:55 Eksekusi Download & Upload FTP..
06:19:57 Delay 1.0 detik..
06:19:58 Eksekusi Download & Upload FTP..
06:19:59 Delay 1.0 detik..
06:20:00 Eksekusi Download & Upload FTP..
06:20:02 Delay 1.0 detik..
06:20:03 Eksekusi Download & Upload FTP..
06:20:05 Delay 1.0 detik..
06:20:06 Eksekusi Download & Upload FTP..
06:20:06 Downloading File 1358.txt from FTP Server --> 178.128.125.105/kps01/txt/input/1358.txt
06:20:07 Success File downloaded into api/txt/input/1358.txt
06:20:07 Deleting File 1358.txt from FTP Server --> 178.128.125.105/kps01/txt/input/1358.txt
06:20:07 Success File deleted from FTP Server --> 178.128.125.105/kps01/txt/input/1358.txt
06:20:08 Uploading File 1358.TXT from lokal Server --> api/txt/output/1358.TXT
06:20:08 Success File uploaded into FTP Server --> 178.128.125.105/kps01/txt/output/1358.TXT
06:20:08 Deleting File 1358.TXT from local DIR --> api/txt/output/1358.TXT
06:20:08 Success File deleted from local DIR --> api/txt/output/1358.TXT
06:20:08 Delay 1.0 detik..
06:20:09 Eksekusi Download & Upload FTP..
06:20:11 Delay 1.0 detik..
06:20:12 Eksekusi Download & Upload FTP..
06:20:14 Delay 1.0 detik..
06:20:15 Eksekusi Download & Upload FTP..
06:20:16 Delay 1.0 detik..
06:20:17 Eksekusi Download & Upload FTP..
06:20:18 Downloading File 1359.txt from FTP Server --> 178.128.125.105/kps01/txt/input/1359.txt
06:20:19 Success File downloaded into api/txt/input/1359.txt
06:20:19 Deleting File 1359.txt from FTP Server --> 178.128.125.105/kps01/txt/input/1359.txt
06:20:19 Success File deleted from FTP Server --> 178.128.125.105/kps01/txt/input/1359.txt
06:20:19 Uploading File 1359.TXT from lokal Server --> api/txt/output/1359.TXT
06:20:20 Success File uploaded into FTP Server --> 178.128.125.105/kps01/txt/output/1359.TXT
06:20:20 Deleting File 1359.TXT from local DIR --> api/txt/output/1359.TXT
06:20:20 Success File deleted from local DIR --> api/txt/output/1359.TXT
06:20:20 Delay 1.0 detik..
06:20:21 Eksekusi Download & Upload FTP..
06:20:23 Delay 1.0 detik..
06:20:24 Eksekusi Download & Upload FTP..
06:20:25 Delay 1.0 detik..
06:20:26 Eksekusi Download & Upload FTP..
06:20:28 Delay 1.0 detik..
06:20:29 Eksekusi Download & Upload FTP..
06:20:31 Delay 1.0 detik..
06:20:32 Eksekusi Download & Upload FTP..
06:20:33 Delay 1.0 detik..
06:20:34 Eksekusi Download & Upload FTP..
06:20:36 Delay 1.0 detik..
06:20:37 Eksekusi Download & Upload FTP..
06:20:38 Delay 1.0 detik..
06:20:39 Eksekusi Download & Upload FTP..
06:20:41 Delay 1.0 detik..
06:20:42 Eksekusi Download & Upload FTP..
06:20:44 Delay 1.0 detik..
06:20:45 Eksekusi Download & Upload FTP..
06:20:46 Delay 1.0 detik..
06:20:47 Eksekusi Download & Upload FTP..
06:20:49 Delay 1.0 detik..
06:20:50 Eksekusi Download & Upload FTP..
06:20:51 Delay 1.0 detik..
06:20:52 Eksekusi Download & Upload FTP..
06:20:54 Delay 1.0 detik..
06:20:55 Eksekusi Download & Upload FTP..
06:20:57 Delay 1.0 detik..
06:20:58 Eksekusi Download & Upload FTP..
06:20:59 Delay 1.0 detik..
06:21:00 Eksekusi Download & Upload FTP..
06:21:02 Delay 1.0 detik..
06:21:03 Eksekusi Download & Upload FTP..
06:21:05 Delay 1.0 detik..
06:21:06 Eksekusi Download & Upload FTP..
06:21:07 Delay 1.0 detik..
06:21:08 Eksekusi Download & Upload FTP..
06:21:10 Delay 1.0 detik..
06:21:11 Eksekusi Download & Upload FTP..
06:21:13 Delay 1.0 detik..
06:21:14 Eksekusi Download & Upload FTP..
06:21:14 Downloading File 1360.txt from FTP Server --> 178.128.125.105/kps01/txt/input/1360.txt
06:21:15 Success File downloaded into api/txt/input/1360.txt
06:21:15 Deleting File 1360.txt from FTP Server --> 178.128.125.105/kps01/txt/input/1360.txt
06:21:15 Success File deleted from FTP Server --> 178.128.125.105/kps01/txt/input/1360.txt
06:21:16 Delay 1.0 detik..
06:21:17 Eksekusi Download & Upload FTP..
06:21:18 Delay 1.0 detik..
06:21:19 Eksekusi Download & Upload FTP..
06:21:21 Delay 1.0 detik..
06:21:22 Eksekusi Download & Upload FTP..
06:21:23 Delay 1.0 detik..
06:21:24 Eksekusi Download & Upload FTP..
06:21:26 Delay 1.0 detik..
06:21:27 Eksekusi Download & Upload FTP..
06:21:29 Delay 1.0 detik..
06:21:30 Eksekusi Download & Upload FTP..
06:21:31 Delay 1.0 detik..
06:21:32 Eksekusi Download & Upload FTP..
06:21:34 Delay 1.0 detik..
06:21:35 Eksekusi Download & Upload FTP..
06:21:36 Delay 1.0 detik..
06:21:37 Eksekusi Download & Upload FTP..
06:21:39 Delay 1.0 detik..
06:21:40 Eksekusi Download & Upload FTP..
06:21:41 Delay 1.0 detik..
06:21:42 Eksekusi Download & Upload FTP..
06:21:44 Delay 1.0 detik..
06:21:45 Eksekusi Download & Upload FTP..
06:21:47 Delay 1.0 detik..
06:21:48 Eksekusi Download & Upload FTP..
06:21:49 Delay 1.0 detik..
06:21:50 Eksekusi Download & Upload FTP..
06:21:52 Delay 1.0 detik..
06:21:53 Eksekusi Download & Upload FTP..
06:21:54 Delay 1.0 detik..
06:21:55 Eksekusi Download & Upload FTP..
06:21:57 Delay 1.0 detik..
06:21:58 Eksekusi Download & Upload FTP..
06:22:00 Delay 1.0 detik..
06:22:01 Eksekusi Download & Upload FTP..
06:22:02 Delay 1.0 detik..
06:22:03 Eksekusi Download & Upload FTP..
06:22:05 Delay 1.0 detik..
06:22:06 Eksekusi Download & Upload FTP..
06:22:08 Delay 1.0 detik..
06:22:09 Eksekusi Download & Upload FTP..
06:22:10 Delay 1.0 detik..
06:22:11 Eksekusi Download & Upload FTP..
06:22:13 Delay 1.0 detik..
06:22:14 Eksekusi Download & Upload FTP..
06:22:16 Delay 1.0 detik..
06:22:17 Eksekusi Download & Upload FTP..
06:22:19 Delay 1.0 detik..
06:22:20 Eksekusi Download & Upload FTP..
06:22:21 Delay 1.0 detik..
06:22:22 Eksekusi Download & Upload FTP..
06:22:24 Delay 1.0 detik..
06:22:25 Eksekusi Download & Upload FTP..
06:22:27 Delay 1.0 detik..
06:22:28 Eksekusi Download & Upload FTP..
06:22:29 Delay 1.0 detik..
06:22:30 Eksekusi Download & Upload FTP..
06:22:32 Delay 1.0 detik..
06:22:33 Eksekusi Download & Upload FTP..
06:22:35 Delay 1.0 detik..
06:22:36 Eksekusi Download & Upload FTP..
06:22:37 Delay 1.0 detik..
06:22:38 Eksekusi Download & Upload FTP..
06:22:40 Delay 1.0 detik..
06:22:41 Eksekusi Download & Upload FTP..
06:22:42 Delay 1.0 detik..
06:22:43 Eksekusi Download & Upload FTP..
06:22:45 Delay 1.0 detik..
06:22:46 Eksekusi Download & Upload FTP..
06:22:48 Delay 1.0 detik..
06:22:49 Eksekusi Download & Upload FTP..
06:22:50 Delay 1.0 detik..
06:22:51 Eksekusi Download & Upload FTP..
06:22:53 Delay 1.0 detik..
06:22:54 Eksekusi Download & Upload FTP..
06:22:55 Delay 1.0 detik..
06:22:57 Eksekusi Download & Upload FTP..
06:22:58 Delay 1.0 detik..
06:22:59 Eksekusi Download & Upload FTP..
06:23:01 Delay 1.0 detik..
06:23:02 Eksekusi Download & Upload FTP..
06:23:03 Delay 1.0 detik..
06:23:04 Eksekusi Download & Upload FTP..
06:23:06 Delay 1.0 detik..
06:23:07 Eksekusi Download & Upload FTP..
06:23:09 Delay 1.0 detik..
06:23:10 Eksekusi Download & Upload FTP..
06:23:11 Delay 1.0 detik..
06:23:12 Eksekusi Download & Upload FTP..
06:23:14 Delay 1.0 detik..
06:23:15 Eksekusi Download & Upload FTP..
06:23:17 Delay 1.0 detik..
06:23:18 Eksekusi Download & Upload FTP..
06:23:20 Delay 1.0 detik..
06:23:21 Eksekusi Download & Upload FTP..
06:23:22 Delay 1.0 detik..
06:23:23 Eksekusi Download & Upload FTP..
06:23:25 Delay 1.0 detik..
06:23:26 Eksekusi Download & Upload FTP..
06:23:28 Delay 1.0 detik..
06:23:29 Eksekusi Download & Upload FTP..
06:23:30 Delay 1.0 detik..
06:23:31 Eksekusi Download & Upload FTP..
06:23:33 Delay 1.0 detik..
06:23:34 Eksekusi Download & Upload FTP..
06:23:35 Delay 1.0 detik..
06:23:37 Eksekusi Download & Upload FTP..
06:23:38 Delay 1.0 detik..
06:23:39 Eksekusi Download & Upload FTP..
06:23:41 Delay 1.0 detik..
06:23:42 Eksekusi Download & Upload FTP..
06:23:44 Delay 1.0 detik..
06:23:45 Eksekusi Download & Upload FTP..
06:23:46 Delay 1.0 detik..
06:23:47 Eksekusi Download & Upload FTP..
06:23:49 Delay 1.0 detik..
06:23:50 Eksekusi Download & Upload FTP..
06:23:51 Delay 1.0 detik..
06:23:52 Eksekusi Download & Upload FTP..
06:23:54 Delay 1.0 detik..
06:23:55 Eksekusi Download & Upload FTP..
06:23:57 Delay 1.0 detik..
06:23:58 Eksekusi Download & Upload FTP..
06:23:59 Delay 1.0 detik..
06:24:00 Eksekusi Download & Upload FTP..
06:24:02 Delay 1.0 detik..
06:24:04 Eksekusi Download & Upload FTP..
06:24:05 Delay 1.0 detik..
06:24:06 Eksekusi Download & Upload FTP..
06:24:08 Delay 1.0 detik..
06:24:09 Eksekusi Download & Upload FTP..
06:24:10 Delay 1.0 detik..
06:24:11 Eksekusi Download & Upload FTP..
06:24:13 Delay 1.0 detik..
06:24:14 Eksekusi Download & Upload FTP..
06:24:15 Delay 1.0 detik..
06:24:16 Eksekusi Download & Upload FTP..
06:24:18 Delay 1.0 detik..
06:24:19 Eksekusi Download & Upload FTP..
06:24:21 Delay 1.0 detik..
06:24:22 Eksekusi Download & Upload FTP..
06:24:23 Delay 1.0 detik..
06:24:24 Eksekusi Download & Upload FTP..
06:24:26 Delay 1.0 detik..
06:24:27 Eksekusi Download & Upload FTP..
06:24:28 Delay 1.0 detik..
06:24:30 Eksekusi Download & Upload FTP..
06:24:31 Delay 1.0 detik..
06:24:32 Eksekusi Download & Upload FTP..
06:24:34 Delay 1.0 detik..
06:24:35 Eksekusi Download & Upload FTP..
06:24:36 Delay 1.0 detik..
06:24:37 Eksekusi Download & Upload FTP..
06:24:39 Delay 1.0 detik..
06:24:40 Eksekusi Download & Upload FTP..
06:24:42 Delay 1.0 detik..
06:24:43 Eksekusi Download & Upload FTP..
06:24:44 Delay 1.0 detik..
06:24:45 Eksekusi Download & Upload FTP..
06:24:47 Delay 1.0 detik..
06:24:48 Eksekusi Download & Upload FTP..
06:24:49 Delay 1.0 detik..
06:24:51 Eksekusi Download & Upload FTP..
06:24:52 Delay 1.0 detik..
06:24:53 Eksekusi Download & Upload FTP..
06:24:55 Delay 1.0 detik..
06:24:56 Eksekusi Download & Upload FTP..
06:24:57 Delay 1.0 detik..
06:24:58 Eksekusi Download & Upload FTP..
06:25:00 Delay 1.0 detik..
06:25:01 Eksekusi Download & Upload FTP..
06:25:02 Delay 1.0 detik..
06:25:03 Eksekusi Download & Upload FTP..
06:25:05 Delay 1.0 detik..
06:25:06 Eksekusi Download & Upload FTP..
06:25:08 Delay 1.0 detik..
06:25:09 Eksekusi Download & Upload FTP..
06:25:10 Delay 1.0 detik..
06:25:11 Eksekusi Download & Upload FTP..
06:25:13 Delay 1.0 detik..
06:25:14 Eksekusi Download & Upload FTP..
06:25:16 Delay 1.0 detik..
06:25:17 Eksekusi Download & Upload FTP..
06:25:18 Delay 1.0 detik..
06:25:19 Eksekusi Download & Upload FTP..
06:25:21 Delay 1.0 detik..
06:25:22 Eksekusi Download & Upload FTP..
06:25:24 Delay 1.0 detik..
06:25:25 Eksekusi Download & Upload FTP..
06:25:26 Delay 1.0 detik..
06:25:27 Eksekusi Download & Upload FTP..
06:25:29 Delay 1.0 detik..
06:25:30 Eksekusi Download & Upload FTP..
06:25:31 Delay 1.0 detik..
06:25:32 Eksekusi Download & Upload FTP..
06:25:34 Delay 1.0 detik..
06:25:35 Eksekusi Download & Upload FTP..
06:25:37 Delay 1.0 detik..
06:25:38 Eksekusi Download & Upload FTP..
06:25:39 Delay 1.0 detik..
06:25:40 Eksekusi Download & Upload FTP..
06:25:42 Delay 1.0 detik..
06:25:43 Eksekusi Download & Upload FTP..
06:25:45 Delay 1.0 detik..
06:25:46 Eksekusi Download & Upload FTP..
06:25:47 Delay 1.0 detik..
06:25:48 Eksekusi Download & Upload FTP..
06:25:50 Delay 1.0 detik..
06:25:51 Eksekusi Download & Upload FTP..
06:25:53 Delay 1.0 detik..
06:25:54 Eksekusi Download & Upload FTP..
06:25:55 Delay 1.0 detik..
06:25:56 Eksekusi Download & Upload FTP..
06:25:58 Delay 1.0 detik..
06:25:59 Eksekusi Download & Upload FTP..
06:26:01 Delay 1.0 detik..
06:26:02 Eksekusi Download & Upload FTP..
06:26:03 Delay 1.0 detik..
06:26:04 Eksekusi Download & Upload FTP..
06:26:06 Delay 1.0 detik..
06:26:07 Eksekusi Download & Upload FTP..
06:26:08 Delay 1.0 detik..
06:26:10 Eksekusi Download & Upload FTP..
06:26:11 Delay 1.0 detik..
06:26:12 Eksekusi Download & Upload FTP..
06:26:14 Delay 1.0 detik..
06:26:15 Eksekusi Download & Upload FTP..
06:26:16 Delay 1.0 detik..
06:26:17 Eksekusi Download & Upload FTP..
06:26:19 Delay 1.0 detik..
06:26:20 Eksekusi Download & Upload FTP..
06:26:21 Delay 1.0 detik..
06:26:22 Eksekusi Download & Upload FTP..
06:26:24 Delay 1.0 detik..
06:26:25 Eksekusi Download & Upload FTP..
06:26:27 Delay 1.0 detik..
06:26:28 Eksekusi Download & Upload FTP..
06:26:29 Delay 1.0 detik..
06:26:30 Eksekusi Download & Upload FTP..
06:26:32 Delay 1.0 detik..
06:26:33 Eksekusi Download & Upload FTP..
06:26:35 Delay 1.0 detik..
06:26:36 Eksekusi Download & Upload FTP..
06:26:37 Delay 1.0 detik..
06:26:38 Eksekusi Download & Upload FTP..
06:26:40 Delay 1.0 detik..
06:26:41 Eksekusi Download & Upload FTP..
06:26:43 Delay 1.0 detik..
06:26:44 Eksekusi Download & Upload FTP..
06:26:45 Delay 1.0 detik..
06:26:46 Eksekusi Download & Upload FTP..
06:26:48 Delay 1.0 detik..
06:26:49 Eksekusi Download & Upload FTP..
06:26:50 Delay 1.0 detik..
06:26:51 Eksekusi Download & Upload FTP..
06:26:53 Delay 1.0 detik..
06:26:54 Eksekusi Download & Upload FTP..
06:26:56 Delay 1.0 detik..
06:26:57 Eksekusi Download & Upload FTP..
06:26:58 Delay 1.0 detik..
06:26:59 Eksekusi Download & Upload FTP..
06:27:01 Delay 1.0 detik..
06:27:02 Eksekusi Download & Upload FTP..
06:27:04 Delay 1.0 detik..
06:27:05 Eksekusi Download & Upload FTP..
06:27:06 Delay 1.0 detik..
06:27:07 Eksekusi Download & Upload FTP..
06:27:09 Delay 1.0 detik..
06:27:10 Eksekusi Download & Upload FTP..
06:27:11 Delay 1.0 detik..
06:27:12 Eksekusi Download & Upload FTP..
06:27:14 Delay 1.0 detik..
06:27:15 Eksekusi Download & Upload FTP..
06:27:17 Delay 1.0 detik..
06:27:18 Eksekusi Download & Upload FTP..
06:27:19 Delay 1.0 detik..
06:27:20 Eksekusi Download & Upload FTP..
06:27:22 Delay 1.0 detik..
06:27:23 Eksekusi Download & Upload FTP..
06:27:25 Delay 1.0 detik..
06:27:26 Eksekusi Download & Upload FTP..
06:27:27 Delay 1.0 detik..
06:27:28 Eksekusi Download & Upload FTP..
06:27:29 Downloading File 1361.txt from FTP Server --> 178.128.125.105/kps01/txt/input/1361.txt
06:27:29 Success File downloaded into api/txt/input/1361.txt
06:27:29 Deleting File 1361.txt from FTP Server --> 178.128.125.105/kps01/txt/input/1361.txt
06:27:29 Success File deleted from FTP Server --> 178.128.125.105/kps01/txt/input/1361.txt
06:27:30 Uploading File 1361.TXT from lokal Server --> api/txt/output/1361.TXT
06:27:30 Success File uploaded into FTP Server --> 178.128.125.105/kps01/txt/output/1361.TXT
06:27:30 Deleting File 1361.TXT from local DIR --> api/txt/output/1361.TXT
06:27:30 Success File deleted from local DIR --> api/txt/output/1361.TXT
06:27:31 Delay 1.0 detik..
06:27:32 Eksekusi Download & Upload FTP..
06:27:33 Delay 1.0 detik..
06:27:34 Eksekusi Download & Upload FTP..
06:27:36 Delay 1.0 detik..
06:27:37 Eksekusi Download & Upload FTP..
06:27:38 Downloading File 1362.txt from FTP Server --> 178.128.125.105/kps01/txt/input/1362.txt
06:27:38 Success File downloaded into api/txt/input/1362.txt
06:27:38 Deleting File 1362.txt from FTP Server --> 178.128.125.105/kps01/txt/input/1362.txt
06:27:38 Success File deleted from FTP Server --> 178.128.125.105/kps01/txt/input/1362.txt
06:27:39 Delay 1.0 detik..
06:27:40 Eksekusi Download & Upload FTP..
06:27:42 Delay 1.0 detik..
06:27:43 Eksekusi Download & Upload FTP..
06:27:44 Delay 1.0 detik..
06:27:45 Eksekusi Download & Upload FTP..
06:27:47 Delay 1.0 detik..
06:27:48 Eksekusi Download & Upload FTP..
06:27:49 Delay 1.0 detik..
06:27:51 Eksekusi Download & Upload FTP..
06:27:52 Delay 1.0 detik..
06:27:53 Eksekusi Download & Upload FTP..
06:27:55 Delay 1.0 detik..
06:27:56 Eksekusi Download & Upload FTP..
06:27:57 Delay 1.0 detik..
06:27:58 Eksekusi Download & Upload FTP..
06:28:00 Delay 1.0 detik..
06:28:01 Eksekusi Download & Upload FTP..
06:28:03 Delay 1.0 detik..
06:28:04 Eksekusi Download & Upload FTP..
06:28:05 Delay 1.0 detik..
06:28:06 Eksekusi Download & Upload FTP..
06:28:08 Delay 1.0 detik..
06:28:09 Eksekusi Download & Upload FTP..
06:28:11 Delay 1.0 detik..
06:28:12 Eksekusi Download & Upload FTP..
06:28:13 Delay 1.0 detik..
06:28:14 Eksekusi Download & Upload FTP..
06:28:16 Delay 1.0 detik..
06:28:17 Eksekusi Download & Upload FTP..
06:28:18 Delay 1.0 detik..
06:28:19 Eksekusi Download & Upload FTP..
06:28:21 Delay 1.0 detik..
06:28:22 Eksekusi Download & Upload FTP..
06:28:25 Delay 1.0 detik..
06:28:26 Eksekusi Download & Upload FTP..
06:28:28 Delay 1.0 detik..
06:28:29 Eksekusi Download & Upload FTP..
06:28:31 Delay 1.0 detik..
06:28:32 Eksekusi Download & Upload FTP..
06:28:34 Delay 1.0 detik..
06:28:35 Eksekusi Download & Upload FTP..
06:28:36 Delay 1.0 detik..
06:28:37 Eksekusi Download & Upload FTP..
06:28:39 Delay 1.0 detik..
06:28:40 Eksekusi Download & Upload FTP..
06:28:42 Delay 1.0 detik..
06:28:43 Eksekusi Download & Upload FTP..
06:28:44 Delay 1.0 detik..
06:28:45 Eksekusi Download & Upload FTP..
06:28:47 Delay 1.0 detik..
06:28:48 Eksekusi Download & Upload FTP..
06:28:50 Delay 1.0 detik..
06:28:51 Eksekusi Download & Upload FTP..
06:28:52 Delay 1.0 detik..
06:28:53 Eksekusi Download & Upload FTP..
06:28:55 Delay 1.0 detik..
06:28:56 Eksekusi Download & Upload FTP..
06:28:58 Delay 1.0 detik..
06:28:59 Eksekusi Download & Upload FTP..
06:29:00 Delay 1.0 detik..
06:29:01 Eksekusi Download & Upload FTP..
06:29:03 Delay 1.0 detik..
06:29:04 Eksekusi Download & Upload FTP..
06:29:05 Delay 1.0 detik..
06:29:06 Eksekusi Download & Upload FTP..
06:29:08 Delay 1.0 detik..
06:29:09 Eksekusi Download & Upload FTP..
06:29:11 Delay 1.0 detik..
06:29:12 Eksekusi Download & Upload FTP..
06:29:13 Delay 1.0 detik..
06:29:14 Eksekusi Download & Upload FTP..
06:29:16 Delay 1.0 detik..
06:29:17 Eksekusi Download & Upload FTP..
06:29:19 Delay 1.0 detik..
06:29:20 Eksekusi Download & Upload FTP..
06:29:22 Delay 1.0 detik..
06:29:23 Eksekusi Download & Upload FTP..
06:29:25 Delay 1.0 detik..
06:29:26 Eksekusi Download & Upload FTP..
06:29:28 Delay 1.0 detik..
06:29:29 Eksekusi Download & Upload FTP..
06:29:30 Delay 1.0 detik..
06:29:31 Eksekusi Download & Upload FTP..
06:29:33 Delay 1.0 detik..
06:29:34 Eksekusi Download & Upload FTP..
06:29:36 Delay 1.0 detik..
06:29:37 Eksekusi Download & Upload FTP..
06:29:38 Delay 1.0 detik..
06:29:39 Eksekusi Download & Upload FTP..
06:29:41 Delay 1.0 detik..
06:29:42 Eksekusi Download & Upload FTP..
06:29:43 Delay 1.0 detik..
06:29:44 Eksekusi Download & Upload FTP..
06:29:46 Delay 1.0 detik..
06:29:47 Eksekusi Download & Upload FTP..
06:29:49 Delay 1.0 detik..
06:29:50 Eksekusi Download & Upload FTP..
06:29:51 Delay 1.0 detik..
06:29:52 Eksekusi Download & Upload FTP..
06:29:54 Delay 1.0 detik..
06:29:55 Eksekusi Download & Upload FTP..
06:29:57 Delay 1.0 detik..
06:29:58 Eksekusi Download & Upload FTP..
06:29:59 Delay 1.0 detik..
06:30:00 Eksekusi Download & Upload FTP..
06:30:02 Delay 1.0 detik..
06:30:03 Eksekusi Download & Upload FTP..
06:30:04 Delay 1.0 detik..
06:30:05 Eksekusi Download & Upload FTP..
06:30:07 Delay 1.0 detik..
06:30:08 Eksekusi Download & Upload FTP..
06:30:10 Delay 1.0 detik..
06:30:11 Eksekusi Download & Upload FTP..
06:30:12 Delay 1.0 detik..
06:30:13 Eksekusi Download & Upload FTP..
06:30:15 Delay 1.0 detik..
06:30:16 Eksekusi Download & Upload FTP..
06:30:17 Delay 1.0 detik..
06:30:18 Eksekusi Download & Upload FTP..
06:30:20 Delay 1.0 detik..
06:30:21 Eksekusi Download & Upload FTP..
06:30:22 Delay 1.0 detik..
06:30:23 Eksekusi Download & Upload FTP..
06:30:25 Delay 1.0 detik..
06:30:26 Eksekusi Download & Upload FTP..
06:30:28 Delay 1.0 detik..
06:30:29 Eksekusi Download & Upload FTP..
06:30:30 Delay 1.0 detik..
06:30:31 Eksekusi Download & Upload FTP..
06:30:33 Delay 1.0 detik..
06:30:34 Eksekusi Download & Upload FTP..
06:30:35 Delay 1.0 detik..
06:30:36 Eksekusi Download & Upload FTP..
06:30:38 Delay 1.0 detik..
06:30:39 Eksekusi Download & Upload FTP..
06:30:41 Delay 1.0 detik..
06:30:42 Eksekusi Download & Upload FTP..
06:30:43 Delay 1.0 detik..
06:30:44 Eksekusi Download & Upload FTP..
06:30:46 Delay 1.0 detik..
06:30:47 Eksekusi Download & Upload FTP..
06:30:48 Delay 1.0 detik..
06:30:49 Eksekusi Download & Upload FTP..
06:30:51 Delay 1.0 detik..
06:30:52 Eksekusi Download & Upload FTP..
06:30:53 Delay 1.0 detik..
06:30:54 Eksekusi Download & Upload FTP..
06:30:56 Delay 1.0 detik..
06:30:57 Eksekusi Download & Upload FTP..
06:30:59 Delay 1.0 detik..
06:31:00 Eksekusi Download & Upload FTP..
06:31:01 Delay 1.0 detik..
06:31:02 Eksekusi Download & Upload FTP..
06:31:04 Delay 1.0 detik..
06:31:05 Eksekusi Download & Upload FTP..
06:31:07 Delay 1.0 detik..
06:31:08 Eksekusi Download & Upload FTP..
06:31:09 Delay 1.0 detik..
06:31:10 Eksekusi Download & Upload FTP..
06:31:12 Delay 1.0 detik..
06:31:13 Eksekusi Download & Upload FTP..
06:31:14 Delay 1.0 detik..
06:31:15 Eksekusi Download & Upload FTP..
06:31:17 Delay 1.0 detik..
06:31:18 Eksekusi Download & Upload FTP..
06:31:19 Delay 1.0 detik..
06:31:21 Eksekusi Download & Upload FTP..
06:31:22 Delay 1.0 detik..
06:31:23 Eksekusi Download & Upload FTP..
06:31:25 Delay 1.0 detik..
06:31:26 Eksekusi Download & Upload FTP..
06:31:27 Delay 1.0 detik..
06:31:28 Eksekusi Download & Upload FTP..
06:31:30 Delay 1.0 detik..
06:31:31 Eksekusi Download & Upload FTP..
06:31:33 Delay 1.0 detik..
06:31:34 Eksekusi Download & Upload FTP..
06:31:35 Delay 1.0 detik..
06:31:36 Eksekusi Download & Upload FTP..
06:31:38 Delay 1.0 detik..
06:31:39 Eksekusi Download & Upload FTP..
06:31:40 Delay 1.0 detik..
06:31:41 Eksekusi Download & Upload FTP..
06:31:43 Delay 1.0 detik..
06:31:44 Eksekusi Download & Upload FTP..
06:31:46 Delay 1.0 detik..
06:31:47 Eksekusi Download & Upload FTP..
06:31:48 Delay 1.0 detik..
06:31:49 Eksekusi Download & Upload FTP..
06:31:51 Delay 1.0 detik..
06:31:52 Eksekusi Download & Upload FTP..
06:31:53 Delay 1.0 detik..
06:31:54 Eksekusi Download & Upload FTP..
06:31:56 Delay 1.0 detik..
06:31:57 Eksekusi Download & Upload FTP..
06:31:58 Delay 1.0 detik..
06:31:59 Eksekusi Download & Upload FTP..
06:32:01 Delay 1.0 detik..
06:32:02 Eksekusi Download & Upload FTP..
06:32:04 Delay 1.0 detik..
06:32:05 Eksekusi Download & Upload FTP..
06:32:06 Delay 1.0 detik..
06:32:08 Eksekusi Download & Upload FTP..
06:32:09 Delay 1.0 detik..
06:32:10 Eksekusi Download & Upload FTP..
06:32:12 Delay 1.0 detik..
06:32:13 Eksekusi Download & Upload FTP..
06:32:14 Delay 1.0 detik..
06:32:15 Eksekusi Download & Upload FTP..
06:32:17 Delay 1.0 detik..
06:32:18 Eksekusi Download & Upload FTP..
06:32:20 Delay 1.0 detik..
06:32:21 Eksekusi Download & Upload FTP..
06:32:22 Delay 1.0 detik..
06:32:23 Eksekusi Download & Upload FTP..
06:32:25 Delay 1.0 detik..
06:32:26 Eksekusi Download & Upload FTP..
06:32:27 Delay 1.0 detik..
06:32:28 Eksekusi Download & Upload FTP..
06:32:30 Delay 1.0 detik..
06:32:31 Eksekusi Download & Upload FTP..
06:32:32 Delay 1.0 detik..
06:32:33 Eksekusi Download & Upload FTP..
06:32:35 Delay 1.0 detik..
06:32:36 Eksekusi Download & Upload FTP..
06:32:38 Delay 1.0 detik..
06:32:39 Eksekusi Download & Upload FTP..
06:32:40 Delay 1.0 detik..
06:32:41 Eksekusi Download & Upload FTP..
06:32:43 Delay 1.0 detik..
06:32:44 Eksekusi Download & Upload FTP..
06:32:45 Delay 1.0 detik..
06:32:46 Eksekusi Download & Upload FTP..
06:32:48 Delay 1.0 detik..
06:32:49 Eksekusi Download & Upload FTP..
06:32:50 Delay 1.0 detik..
06:32:51 Eksekusi Download & Upload FTP..
06:32:53 Delay 1.0 detik..
06:32:54 Eksekusi Download & Upload FTP..
06:32:56 Delay 1.0 detik..
06:32:57 Eksekusi Download & Upload FTP..
06:32:58 Delay 1.0 detik..
06:32:59 Eksekusi Download & Upload FTP..
06:33:01 Delay 1.0 detik..
06:33:02 Eksekusi Download & Upload FTP..
06:33:04 Delay 1.0 detik..
06:33:05 Eksekusi Download & Upload FTP..
06:33:07 Delay 1.0 detik..
06:33:08 Eksekusi Download & Upload FTP..
06:33:10 Delay 1.0 detik..
06:33:11 Eksekusi Download & Upload FTP..
06:33:12 Delay 1.0 detik..
06:33:13 Eksekusi Download & Upload FTP..
06:33:15 Delay 1.0 detik..
06:33:16 Eksekusi Download & Upload FTP..
06:33:17 Delay 1.0 detik..
06:33:18 Eksekusi Download & Upload FTP..
06:33:20 Delay 1.0 detik..
06:33:21 Eksekusi Download & Upload FTP..
06:33:22 Delay 1.0 detik..
06:33:23 Eksekusi Download & Upload FTP..
06:33:25 Delay 1.0 detik..
06:33:26 Eksekusi Download & Upload FTP..
06:33:28 Delay 1.0 detik..
06:33:29 Eksekusi Download & Upload FTP..
06:33:30 Delay 1.0 detik..
06:33:31 Eksekusi Download & Upload FTP..
06:33:33 Delay 1.0 detik..
06:33:34 Eksekusi Download & Upload FTP..
06:33:36 Delay 1.0 detik..
06:33:37 Eksekusi Download & Upload FTP..
06:33:38 Delay 1.0 detik..
06:33:39 Eksekusi Download & Upload FTP..
06:33:41 Delay 1.0 detik..
06:33:42 Eksekusi Download & Upload FTP..
06:33:43 Delay 1.0 detik..
06:33:44 Eksekusi Download & Upload FTP..
06:33:46 Delay 1.0 detik..
06:33:47 Eksekusi Download & Upload FTP..
06:33:48 Delay 1.0 detik..
06:33:49 Eksekusi Download & Upload FTP..
06:33:51 Delay 1.0 detik..
06:33:52 Eksekusi Download & Upload FTP..
06:33:53 Delay 1.0 detik..
06:33:54 Eksekusi Download & Upload FTP..
06:33:56 Delay 1.0 detik..
06:33:57 Eksekusi Download & Upload FTP..
06:33:59 Delay 1.0 detik..
06:34:00 Eksekusi Download & Upload FTP..
06:34:01 Delay 1.0 detik..
06:34:02 Eksekusi Download & Upload FTP..
06:34:04 Delay 1.0 detik..
06:34:05 Eksekusi Download & Upload FTP..
06:34:07 Delay 1.0 detik..
06:34:08 Eksekusi Download & Upload FTP..
06:34:09 Delay 1.0 detik..
06:34:10 Eksekusi Download & Upload FTP..
06:34:12 Delay 1.0 detik..
06:34:13 Eksekusi Download & Upload FTP..
06:34:14 Delay 1.0 detik..
06:34:15 Eksekusi Download & Upload FTP..
06:34:17 Delay 1.0 detik..
06:34:18 Eksekusi Download & Upload FTP..
06:34:20 Delay 1.0 detik..
06:34:21 Eksekusi Download & Upload FTP..
06:34:22 Delay 1.0 detik..
06:34:23 Eksekusi Download & Upload FTP..
06:34:25 Delay 1.0 detik..
06:34:26 Eksekusi Download & Upload FTP..
06:34:27 Delay 1.0 detik..
06:34:28 Eksekusi Download & Upload FTP..
06:34:30 Delay 1.0 detik..
06:34:31 Eksekusi Download & Upload FTP..
06:34:33 Delay 1.0 detik..
06:34:34 Eksekusi Download & Upload FTP..
06:34:35 Delay 1.0 detik..
06:34:36 Eksekusi Download & Upload FTP..
06:34:38 Delay 1.0 detik..
06:34:39 Eksekusi Download & Upload FTP..
06:34:41 Delay 1.0 detik..
06:34:42 Eksekusi Download & Upload FTP..
06:34:43 Delay 1.0 detik..
06:34:44 Eksekusi Download & Upload FTP..
06:34:46 Delay 1.0 detik..
06:34:47 Eksekusi Download & Upload FTP..
06:34:48 Delay 1.0 detik..
06:34:49 Eksekusi Download & Upload FTP..
06:34:51 Delay 1.0 detik..
06:34:52 Eksekusi Download & Upload FTP..
06:34:54 Delay 1.0 detik..
06:34:55 Eksekusi Download & Upload FTP..
06:34:56 Delay 1.0 detik..
06:34:57 Eksekusi Download & Upload FTP..
06:34:59 Delay 1.0 detik..
06:35:00 Eksekusi Download & Upload FTP..
06:35:01 Delay 1.0 detik..
06:35:02 Eksekusi Download & Upload FTP..
06:35:04 Delay 1.0 detik..
06:35:05 Eksekusi Download & Upload FTP..
06:35:07 Delay 1.0 detik..
06:35:08 Eksekusi Download & Upload FTP..
06:35:09 Delay 1.0 detik..
06:35:10 Eksekusi Download & Upload FTP..
06:35:12 Delay 1.0 detik..
06:35:13 Eksekusi Download & Upload FTP..
06:35:14 Delay 1.0 detik..
06:35:15 Eksekusi Download & Upload FTP..
06:35:17 Delay 1.0 detik..
06:35:18 Eksekusi Download & Upload FTP..
06:35:20 Delay 1.0 detik..
06:35:21 Eksekusi Download & Upload FTP..
06:35:22 Delay 1.0 detik..
06:35:23 Eksekusi Download & Upload FTP..
06:35:25 Delay 1.0 detik..
06:35:26 Eksekusi Download & Upload FTP..
06:35:27 Delay 1.0 detik..
06:35:28 Eksekusi Download & Upload FTP..
06:35:30 Delay 1.0 detik..
06:35:31 Eksekusi Download & Upload FTP..
06:35:33 Delay 1.0 detik..
06:35:34 Eksekusi Download & Upload FTP..
06:35:35 Delay 1.0 detik..
06:35:36 Eksekusi Download & Upload FTP..
06:35:38 Delay 1.0 detik..
06:35:39 Eksekusi Download & Upload FTP..
06:35:40 Delay 1.0 detik..
06:35:41 Eksekusi Download & Upload FTP..
06:35:43 Delay 1.0 detik..
06:35:44 Eksekusi Download & Upload FTP..
06:35:46 Delay 1.0 detik..
06:35:47 Eksekusi Download & Upload FTP..
06:35:48 Delay 1.0 detik..
06:35:49 Eksekusi Download & Upload FTP..
06:35:51 Delay 1.0 detik..
06:35:52 Eksekusi Download & Upload FTP..
06:35:53 Delay 1.0 detik..
06:35:54 Eksekusi Download & Upload FTP..
06:35:56 Delay 1.0 detik..
06:35:57 Eksekusi Download & Upload FTP..
06:35:58 Delay 1.0 detik..
06:35:59 Eksekusi Download & Upload FTP..
06:36:01 Delay 1.0 detik..
06:36:02 Eksekusi Download & Upload FTP..
06:36:03 Delay 1.0 detik..
06:36:04 Eksekusi Download & Upload FTP..
06:36:06 Delay 1.0 detik..
06:36:07 Eksekusi Download & Upload FTP..
06:36:09 Delay 1.0 detik..
06:36:10 Eksekusi Download & Upload FTP..
06:36:11 Delay 1.0 detik..
06:36:12 Eksekusi Download & Upload FTP..
06:36:14 Delay 1.0 detik..
06:36:15 Eksekusi Download & Upload FTP..
06:36:17 Delay 1.0 detik..
06:36:18 Eksekusi Download & Upload FTP..
06:36:19 Delay 1.0 detik..
06:36:20 Eksekusi Download & Upload FTP..
06:36:22 Delay 1.0 detik..
06:36:23 Eksekusi Download & Upload FTP..
06:36:24 Delay 1.0 detik..
06:36:25 Eksekusi Download & Upload FTP..
06:36:27 Delay 1.0 detik..
06:36:28 Eksekusi Download & Upload FTP..
06:36:29 Delay 1.0 detik..
06:36:30 Eksekusi Download & Upload FTP..
06:36:32 Delay 1.0 detik..
06:36:33 Eksekusi Download & Upload FTP..
06:36:34 Delay 1.0 detik..
06:36:35 Eksekusi Download & Upload FTP..
06:36:37 Delay 1.0 detik..
06:36:38 Eksekusi Download & Upload FTP..
06:36:40 Delay 1.0 detik..
06:36:41 Eksekusi Download & Upload FTP..
06:36:42 Delay 1.0 detik..
06:36:43 Eksekusi Download & Upload FTP..
06:36:45 Delay 1.0 detik..
06:36:46 Eksekusi Download & Upload FTP..
06:36:47 Delay 1.0 detik..
06:36:48 Eksekusi Download & Upload FTP..
06:36:50 Delay 1.0 detik..
06:36:51 Eksekusi Download & Upload FTP..
06:36:52 Delay 1.0 detik..
06:36:53 Eksekusi Download & Upload FTP..
06:36:55 Delay 1.0 detik..
06:36:56 Eksekusi Download & Upload FTP..
06:36:58 Delay 1.0 detik..
06:36:59 Eksekusi Download & Upload FTP..
06:37:00 Delay 1.0 detik..
06:37:01 Eksekusi Download & Upload FTP..
06:37:03 Delay 1.0 detik..
06:37:04 Eksekusi Download & Upload FTP..
06:37:05 Delay 1.0 detik..
06:37:06 Eksekusi Download & Upload FTP..
06:37:08 Delay 1.0 detik..
06:37:09 Eksekusi Download & Upload FTP..
06:37:10 Delay 1.0 detik..
06:37:11 Eksekusi Download & Upload FTP..
06:37:13 Delay 1.0 detik..
06:37:14 Eksekusi Download & Upload FTP..
06:37:15 Delay 1.0 detik..
06:37:16 Eksekusi Download & Upload FTP..
06:37:18 Delay 1.0 detik..
06:37:19 Eksekusi Download & Upload FTP..
06:37:21 Delay 1.0 detik..
06:37:22 Eksekusi Download & Upload FTP..
06:37:23 Delay 1.0 detik..
06:37:24 Eksekusi Download & Upload FTP..
06:37:26 Delay 1.0 detik..
06:37:27 Eksekusi Download & Upload FTP..
06:37:28 Delay 1.0 detik..
06:37:29 Eksekusi Download & Upload FTP..
06:37:31 Delay 1.0 detik..
06:37:32 Eksekusi Download & Upload FTP..
06:37:33 Delay 1.0 detik..
06:37:34 Eksekusi Download & Upload FTP..
06:37:36 Delay 1.0 detik..
06:37:37 Eksekusi Download & Upload FTP..
06:37:39 Delay 1.0 detik..
06:37:40 Eksekusi Download & Upload FTP..
06:37:40 Downloading File 1363.txt from FTP Server --> 178.128.125.105/kps01/txt/input/1363.txt
06:37:41 Success File downloaded into api/txt/input/1363.txt
06:37:41 Deleting File 1363.txt from FTP Server --> 178.128.125.105/kps01/txt/input/1363.txt
06:37:41 Success File deleted from FTP Server --> 178.128.125.105/kps01/txt/input/1363.txt
06:37:42 Uploading File 1363.TXT from lokal Server --> api/txt/output/1363.TXT
06:37:42 Success File uploaded into FTP Server --> 178.128.125.105/kps01/txt/output/1363.TXT
06:37:42 Deleting File 1363.TXT from local DIR --> api/txt/output/1363.TXT
06:37:42 Success File deleted from local DIR --> api/txt/output/1363.TXT
06:37:42 Delay 1.0 detik..
06:37:43 Eksekusi Download & Upload FTP..
06:37:45 Delay 1.0 detik..
06:37:46 Eksekusi Download & Upload FTP..
06:37:48 Delay 1.0 detik..
06:37:49 Eksekusi Download & Upload FTP..
06:37:50 Delay 1.0 detik..
06:37:51 Eksekusi Download & Upload FTP..
06:37:52 Downloading File 1364.txt from FTP Server --> 178.128.125.105/kps01/txt/input/1364.txt
06:37:53 Success File downloaded into api/txt/input/1364.txt
06:37:53 Deleting File 1364.txt from FTP Server --> 178.128.125.105/kps01/txt/input/1364.txt
06:37:53 Success File deleted from FTP Server --> 178.128.125.105/kps01/txt/input/1364.txt
06:37:54 Uploading File 1364.TXT from lokal Server --> api/txt/output/1364.TXT
06:37:54 Success File uploaded into FTP Server --> 178.128.125.105/kps01/txt/output/1364.TXT
06:37:54 Deleting File 1364.TXT from local DIR --> api/txt/output/1364.TXT
06:37:54 Success File deleted from local DIR --> api/txt/output/1364.TXT
06:37:54 Delay 1.0 detik..
06:37:55 Eksekusi Download & Upload FTP..
06:37:57 Delay 1.0 detik..
06:37:58 Eksekusi Download & Upload FTP..
06:37:59 Delay 1.0 detik..
06:38:00 Eksekusi Download & Upload FTP..
06:38:02 Delay 1.0 detik..
06:38:03 Eksekusi Download & Upload FTP..
06:38:04 Downloading File 1365.txt from FTP Server --> 178.128.125.105/kps01/txt/input/1365.txt
06:38:04 Success File downloaded into api/txt/input/1365.txt
06:38:04 Deleting File 1365.txt from FTP Server --> 178.128.125.105/kps01/txt/input/1365.txt
06:38:04 Success File deleted from FTP Server --> 178.128.125.105/kps01/txt/input/1365.txt
06:38:05 Delay 1.0 detik..
06:38:06 Eksekusi Download & Upload FTP..
06:38:08 Delay 1.0 detik..
06:38:09 Eksekusi Download & Upload FTP..
06:38:10 Delay 1.0 detik..
06:38:11 Eksekusi Download & Upload FTP..
06:38:13 Delay 1.0 detik..
06:38:14 Eksekusi Download & Upload FTP..
06:38:15 Delay 1.0 detik..
06:38:16 Eksekusi Download & Upload FTP..
06:38:18 Delay 1.0 detik..
06:38:19 Eksekusi Download & Upload FTP..
06:38:21 Delay 1.0 detik..
06:38:22 Eksekusi Download & Upload FTP..
06:38:23 Delay 1.0 detik..
06:38:24 Eksekusi Download & Upload FTP..
06:38:26 Delay 1.0 detik..
06:38:27 Eksekusi Download & Upload FTP..
06:38:28 Delay 1.0 detik..
06:38:29 Eksekusi Download & Upload FTP..
06:38:31 Delay 1.0 detik..
06:38:32 Eksekusi Download & Upload FTP..
06:38:33 Delay 1.0 detik..
06:38:34 Eksekusi Download & Upload FTP..
06:38:36 Delay 1.0 detik..
06:38:37 Eksekusi Download & Upload FTP..
06:38:38 Delay 1.0 detik..
06:38:39 Eksekusi Download & Upload FTP..
06:38:41 Delay 1.0 detik..
06:38:42 Eksekusi Download & Upload FTP..
06:38:44 Delay 1.0 detik..
06:38:45 Eksekusi Download & Upload FTP..
06:38:46 Delay 1.0 detik..
06:38:47 Eksekusi Download & Upload FTP..
06:38:49 Delay 1.0 detik..
06:38:50 Eksekusi Download & Upload FTP..
06:38:51 Delay 1.0 detik..
06:38:52 Eksekusi Download & Upload FTP..
06:38:54 Delay 1.0 detik..
06:38:55 Eksekusi Download & Upload FTP..
06:38:56 Delay 1.0 detik..
06:38:57 Eksekusi Download & Upload FTP..
06:38:59 Delay 1.0 detik..
06:39:00 Eksekusi Download & Upload FTP..
06:39:02 Delay 1.0 detik..
06:39:03 Eksekusi Download & Upload FTP..
06:39:04 Delay 1.0 detik..
06:39:05 Eksekusi Download & Upload FTP..
06:39:07 Delay 1.0 detik..
06:39:08 Eksekusi Download & Upload FTP..
06:39:09 Delay 1.0 detik..
06:39:11 Eksekusi Download & Upload FTP..
06:39:12 Delay 1.0 detik..
06:39:13 Eksekusi Download & Upload FTP..
06:39:15 Delay 1.0 detik..
06:39:16 Eksekusi Download & Upload FTP..
06:39:17 Delay 1.0 detik..
06:39:18 Eksekusi Download & Upload FTP..
06:39:20 Delay 1.0 detik..
06:39:21 Eksekusi Download & Upload FTP..
06:39:23 Delay 1.0 detik..
06:39:24 Eksekusi Download & Upload FTP..
06:39:26 Delay 1.0 detik..
06:39:27 Eksekusi Download & Upload FTP..
06:39:28 Delay 1.0 detik..
06:39:29 Eksekusi Download & Upload FTP..
06:39:31 Delay 1.0 detik..
06:39:32 Eksekusi Download & Upload FTP..
06:39:34 Delay 1.0 detik..
06:39:35 Eksekusi Download & Upload FTP..
06:39:36 Delay 1.0 detik..
06:39:37 Eksekusi Download & Upload FTP..
06:39:39 Delay 1.0 detik..
06:39:40 Eksekusi Download & Upload FTP..
06:39:41 Delay 1.0 detik..
06:39:42 Eksekusi Download & Upload FTP..
06:39:44 Delay 1.0 detik..
06:39:45 Eksekusi Download & Upload FTP..
06:39:46 Delay 1.0 detik..
06:39:47 Eksekusi Download & Upload FTP..
06:39:49 Delay 1.0 detik..
06:39:50 Eksekusi Download & Upload FTP..
06:39:52 Delay 1.0 detik..
06:39:53 Eksekusi Download & Upload FTP..
06:39:54 Delay 1.0 detik..
06:39:56 Eksekusi Download & Upload FTP..
06:39:57 Delay 1.0 detik..
06:39:58 Eksekusi Download & Upload FTP..
06:40:00 Delay 1.0 detik..
06:40:01 Eksekusi Download & Upload FTP..
