10:04:04 Loading Configuration...
10:04:04 Loading Configuration Selesai !
10:04:20 Inisiasi aplikasi...
10:04:20 Testing koneksi ke server...
10:04:21 OK FTP Connected
OK Remote system is UNIX Type: L8
OK Current directory is /bgl01/txt/input

10:04:21 Aplikasi siap digunakan...
10:04:21 Testing koneksi ke server Selesai 
10:04:21 Delay 1.0 detik..
10:04:22 Eksekusi Download & Upload FTP..
10:04:24 Delay 1.0 detik..
10:04:25 Eksekusi Download & Upload FTP..
10:04:26 Delay 1.0 detik..
10:04:27 Eksekusi Download & Upload FTP..
10:04:28 Delay 1.0 detik..
10:04:29 Eksekusi Download & Upload FTP..
10:04:30 Delay 1.0 detik..
10:04:31 Eksekusi Download & Upload FTP..
10:04:32 Delay 1.0 detik..
10:04:33 Eksekusi Download & Upload FTP..
10:04:34 Delay 1.0 detik..
10:04:35 Eksekusi Download & Upload FTP..
10:04:36 Delay 1.0 detik..
10:04:37 Eksekusi Download & Upload FTP..
10:04:38 Delay 1.0 detik..
10:04:39 Eksekusi Download & Upload FTP..
10:04:40 Delay 1.0 detik..
10:04:41 Eksekusi Download & Upload FTP..
10:04:42 Delay 1.0 detik..
10:04:43 Eksekusi Download & Upload FTP..
10:04:44 Delay 1.0 detik..
10:04:45 Eksekusi Download & Upload FTP..
10:04:45 Delay 1.0 detik..
10:04:46 Eksekusi Download & Upload FTP..
10:04:48 Delay 1.0 detik..
10:04:49 Eksekusi Download & Upload FTP..
10:04:50 Delay 1.0 detik..
10:04:51 Eksekusi Download & Upload FTP..
10:04:51 Delay 1.0 detik..
10:04:52 Eksekusi Download & Upload FTP..
10:04:53 Delay 1.0 detik..
10:04:54 Eksekusi Download & Upload FTP..
10:04:55 Delay 1.0 detik..
10:04:56 Eksekusi Download & Upload FTP..
10:04:57 Delay 1.0 detik..
10:04:58 Eksekusi Download & Upload FTP..
10:04:59 Delay 1.0 detik..
10:05:00 Eksekusi Download & Upload FTP..
10:05:01 Delay 1.0 detik..
10:05:02 Eksekusi Download & Upload FTP..
10:05:03 Delay 1.0 detik..
10:05:04 Eksekusi Download & Upload FTP..
10:05:05 Delay 1.0 detik..
10:05:06 Eksekusi Download & Upload FTP..
10:05:07 Delay 1.0 detik..
10:05:08 Eksekusi Download & Upload FTP..
10:05:09 Delay 1.0 detik..
10:05:10 Eksekusi Download & Upload FTP..
10:05:11 Delay 1.0 detik..
10:05:12 Eksekusi Download & Upload FTP..
10:05:13 Delay 1.0 detik..
10:05:14 Eksekusi Download & Upload FTP..
10:05:15 Delay 1.0 detik..
10:05:16 Eksekusi Download & Upload FTP..
10:05:17 Delay 1.0 detik..
10:05:18 Eksekusi Download & Upload FTP..
10:05:20 Delay 1.0 detik..
10:05:21 Eksekusi Download & Upload FTP..
10:05:22 Delay 1.0 detik..
10:05:23 Eksekusi Download & Upload FTP..
10:05:24 Delay 1.0 detik..
10:05:25 Eksekusi Download & Upload FTP..
10:05:26 Delay 1.0 detik..
10:05:27 Eksekusi Download & Upload FTP..
10:05:29 Delay 1.0 detik..
10:05:30 Eksekusi Download & Upload FTP..
10:05:31 Delay 1.0 detik..
10:05:32 Eksekusi Download & Upload FTP..
10:05:33 Delay 1.0 detik..
10:05:34 Eksekusi Download & Upload FTP..
10:05:36 Delay 1.0 detik..
10:05:37 Eksekusi Download & Upload FTP..
10:05:38 Delay 1.0 detik..
10:05:39 Eksekusi Download & Upload FTP..
10:05:40 Delay 1.0 detik..
10:05:41 Eksekusi Download & Upload FTP..
10:05:42 Delay 1.0 detik..
10:05:43 Eksekusi Download & Upload FTP..
10:05:44 Delay 1.0 detik..
10:05:45 Eksekusi Download & Upload FTP..
10:05:46 Delay 1.0 detik..
10:05:47 Eksekusi Download & Upload FTP..
10:05:48 Delay 1.0 detik..
10:05:49 Eksekusi Download & Upload FTP..
10:05:50 Delay 1.0 detik..
10:05:51 Eksekusi Download & Upload FTP..
10:05:52 Delay 1.0 detik..
10:05:53 Eksekusi Download & Upload FTP..
10:05:54 Delay 1.0 detik..
10:05:55 Eksekusi Download & Upload FTP..
10:05:56 Delay 1.0 detik..
10:05:57 Eksekusi Download & Upload FTP..
10:05:58 Delay 1.0 detik..
10:05:59 Eksekusi Download & Upload FTP..
10:06:00 Delay 1.0 detik..
10:06:01 Eksekusi Download & Upload FTP..
10:06:02 Delay 1.0 detik..
10:06:03 Eksekusi Download & Upload FTP..
10:06:04 Delay 1.0 detik..
10:06:05 Eksekusi Download & Upload FTP..
10:06:09 Delay 1.0 detik..
10:06:10 Eksekusi Download & Upload FTP..
10:06:11 Delay 1.0 detik..
10:06:12 Eksekusi Download & Upload FTP..
10:06:13 Delay 1.0 detik..
10:06:14 Eksekusi Download & Upload FTP..
10:06:15 Delay 1.0 detik..
10:06:16 Eksekusi Download & Upload FTP..
10:06:17 Delay 1.0 detik..
10:06:18 Eksekusi Download & Upload FTP..
10:06:19 Delay 1.0 detik..
10:06:20 Eksekusi Download & Upload FTP..
10:06:21 Delay 1.0 detik..
10:06:22 Eksekusi Download & Upload FTP..
10:06:23 Delay 1.0 detik..
10:06:24 Eksekusi Download & Upload FTP..
10:06:25 Delay 1.0 detik..
10:06:26 Eksekusi Download & Upload FTP..
10:06:27 Delay 1.0 detik..
10:06:28 Eksekusi Download & Upload FTP..
10:06:30 Delay 1.0 detik..
10:06:31 Eksekusi Download & Upload FTP..
10:06:33 Delay 1.0 detik..
10:06:34 Eksekusi Download & Upload FTP..
10:06:35 Delay 1.0 detik..
10:06:36 Eksekusi Download & Upload FTP..
10:06:37 Delay 1.0 detik..
10:06:38 Eksekusi Download & Upload FTP..
10:06:40 Delay 1.0 detik..
10:06:41 Eksekusi Download & Upload FTP..
10:06:42 Delay 1.0 detik..
10:06:43 Eksekusi Download & Upload FTP..
10:06:45 Delay 1.0 detik..
10:06:46 Eksekusi Download & Upload FTP..
10:06:47 Delay 1.0 detik..
10:06:48 Eksekusi Download & Upload FTP..
10:06:49 Delay 1.0 detik..
10:06:50 Eksekusi Download & Upload FTP..
10:06:51 Delay 1.0 detik..
10:06:52 Eksekusi Download & Upload FTP..
10:06:54 Delay 1.0 detik..
10:06:55 Eksekusi Download & Upload FTP..
10:06:56 Delay 1.0 detik..
10:06:57 Eksekusi Download & Upload FTP..
10:06:59 Delay 1.0 detik..
10:07:00 Eksekusi Download & Upload FTP..
10:07:01 Delay 1.0 detik..
10:07:02 Eksekusi Download & Upload FTP..
10:07:03 Delay 1.0 detik..
10:07:04 Eksekusi Download & Upload FTP..
10:07:06 Delay 1.0 detik..
10:07:07 Eksekusi Download & Upload FTP..
10:07:08 Delay 1.0 detik..
10:07:09 Eksekusi Download & Upload FTP..
10:07:11 Delay 1.0 detik..
10:07:12 Eksekusi Download & Upload FTP..
10:07:13 Delay 1.0 detik..
10:07:14 Eksekusi Download & Upload FTP..
10:07:16 Delay 1.0 detik..
10:07:17 Eksekusi Download & Upload FTP..
10:07:19 Delay 1.0 detik..
10:07:20 Eksekusi Download & Upload FTP..
10:07:21 Delay 1.0 detik..
10:07:22 Eksekusi Download & Upload FTP..
10:07:23 Delay 1.0 detik..
10:07:24 Eksekusi Download & Upload FTP..
10:07:26 Delay 1.0 detik..
10:07:27 Eksekusi Download & Upload FTP..
10:07:28 Delay 1.0 detik..
10:07:29 Eksekusi Download & Upload FTP..
10:07:30 Delay 1.0 detik..
10:07:31 Eksekusi Download & Upload FTP..
10:07:32 Delay 1.0 detik..
10:07:33 Eksekusi Download & Upload FTP..
10:07:34 Delay 1.0 detik..
10:07:35 Eksekusi Download & Upload FTP..
10:07:36 Delay 1.0 detik..
10:07:37 Eksekusi Download & Upload FTP..
10:07:38 Delay 1.0 detik..
10:07:39 Eksekusi Download & Upload FTP..
10:07:41 Delay 1.0 detik..
10:07:42 Eksekusi Download & Upload FTP..
10:07:44 Delay 1.0 detik..
10:07:45 Eksekusi Download & Upload FTP..
10:07:46 Delay 1.0 detik..
10:07:47 Eksekusi Download & Upload FTP..
10:07:50 Delay 1.0 detik..
10:07:51 Eksekusi Download & Upload FTP..
10:07:52 Delay 1.0 detik..
10:07:53 Eksekusi Download & Upload FTP..
10:07:53 Delay 1.0 detik..
10:07:54 Eksekusi Download & Upload FTP..
10:07:56 Delay 1.0 detik..
10:07:57 Eksekusi Download & Upload FTP..
10:07:58 Delay 1.0 detik..
10:07:59 Eksekusi Download & Upload FTP..
10:08:00 Delay 1.0 detik..
10:08:01 Eksekusi Download & Upload FTP..
10:08:02 Delay 1.0 detik..
10:08:03 Eksekusi Download & Upload FTP..
10:08:04 Delay 1.0 detik..
10:08:05 Eksekusi Download & Upload FTP..
10:08:06 Delay 1.0 detik..
10:08:07 Eksekusi Download & Upload FTP..
10:08:08 Delay 1.0 detik..
10:08:09 Eksekusi Download & Upload FTP..
10:08:10 Delay 1.0 detik..
10:08:11 Eksekusi Download & Upload FTP..
10:08:12 Delay 1.0 detik..
10:08:13 Eksekusi Download & Upload FTP..
10:08:14 Delay 1.0 detik..
10:08:15 Eksekusi Download & Upload FTP..
10:08:16 Delay 1.0 detik..
10:08:17 Eksekusi Download & Upload FTP..
10:08:20 Delay 1.0 detik..
10:08:21 Eksekusi Download & Upload FTP..
10:08:22 Delay 1.0 detik..
10:08:23 Eksekusi Download & Upload FTP..
10:08:24 Delay 1.0 detik..
10:08:25 Eksekusi Download & Upload FTP..
10:08:26 Delay 1.0 detik..
10:08:27 Eksekusi Download & Upload FTP..
10:08:28 Delay 1.0 detik..
10:08:29 Eksekusi Download & Upload FTP..
10:08:30 Delay 1.0 detik..
10:08:31 Eksekusi Download & Upload FTP..
10:08:32 Delay 1.0 detik..
10:08:33 Eksekusi Download & Upload FTP..
10:08:35 Delay 1.0 detik..
10:08:36 Eksekusi Download & Upload FTP..
10:08:37 Delay 1.0 detik..
10:08:38 Eksekusi Download & Upload FTP..
10:08:39 Delay 1.0 detik..
10:08:40 Eksekusi Download & Upload FTP..
10:08:41 Delay 1.0 detik..
10:08:42 Eksekusi Download & Upload FTP..
10:08:43 Delay 1.0 detik..
10:08:44 Eksekusi Download & Upload FTP..
10:08:45 Delay 1.0 detik..
10:08:46 Eksekusi Download & Upload FTP..
10:08:47 Delay 1.0 detik..
10:08:48 Eksekusi Download & Upload FTP..
10:08:49 Delay 1.0 detik..
10:08:50 Eksekusi Download & Upload FTP..
10:08:52 Delay 1.0 detik..
10:08:53 Eksekusi Download & Upload FTP..
10:08:54 Delay 1.0 detik..
10:08:55 Eksekusi Download & Upload FTP..
10:08:57 Delay 1.0 detik..
10:08:58 Eksekusi Download & Upload FTP..
10:08:59 Delay 1.0 detik..
10:09:00 Eksekusi Download & Upload FTP..
10:09:03 Delay 1.0 detik..
10:09:04 Eksekusi Download & Upload FTP..
10:09:05 Delay 1.0 detik..
10:09:06 Eksekusi Download & Upload FTP..
10:09:07 Delay 1.0 detik..
10:09:08 Eksekusi Download & Upload FTP..
10:09:09 Delay 1.0 detik..
10:09:10 Eksekusi Download & Upload FTP..
10:09:11 Delay 1.0 detik..
10:09:12 Eksekusi Download & Upload FTP..
10:09:14 Delay 1.0 detik..
10:09:15 Eksekusi Download & Upload FTP..
10:09:16 Delay 1.0 detik..
10:09:17 Eksekusi Download & Upload FTP..
10:09:19 Delay 1.0 detik..
10:09:20 Eksekusi Download & Upload FTP..
10:09:21 Delay 1.0 detik..
10:09:22 Eksekusi Download & Upload FTP..
10:09:23 Delay 1.0 detik..
10:09:24 Eksekusi Download & Upload FTP..
10:09:25 Delay 1.0 detik..
10:09:26 Eksekusi Download & Upload FTP..
10:09:27 Delay 1.0 detik..
10:09:28 Eksekusi Download & Upload FTP..
10:09:29 Delay 1.0 detik..
10:09:30 Eksekusi Download & Upload FTP..
10:09:32 Delay 1.0 detik..
10:09:33 Eksekusi Download & Upload FTP..
10:09:34 Delay 1.0 detik..
10:09:35 Eksekusi Download & Upload FTP..
10:09:36 Delay 1.0 detik..
10:09:37 Eksekusi Download & Upload FTP..
10:09:38 Delay 1.0 detik..
10:09:39 Eksekusi Download & Upload FTP..
10:09:40 Delay 1.0 detik..
10:09:41 Eksekusi Download & Upload FTP..
10:09:44 Delay 1.0 detik..
10:09:45 Eksekusi Download & Upload FTP..
10:09:47 Delay 1.0 detik..
10:09:48 Eksekusi Download & Upload FTP..
10:09:49 Delay 1.0 detik..
10:09:50 Eksekusi Download & Upload FTP..
10:09:53 Delay 1.0 detik..
10:09:54 Eksekusi Download & Upload FTP..
10:09:55 Delay 1.0 detik..
10:09:56 Eksekusi Download & Upload FTP..
10:10:10 Delay 1.0 detik..
10:10:11 Eksekusi Download & Upload FTP..
10:10:13 Delay 1.0 detik..
10:10:14 Eksekusi Download & Upload FTP..
10:10:15 Delay 1.0 detik..
10:10:16 Eksekusi Download & Upload FTP..
10:10:42 Delay 1.0 detik..
10:10:43 Eksekusi Download & Upload FTP..
10:10:44 Delay 1.0 detik..
10:10:45 Eksekusi Download & Upload FTP..
10:10:48 Delay 1.0 detik..
10:10:49 Eksekusi Download & Upload FTP..
10:10:50 Delay 1.0 detik..
10:10:51 Eksekusi Download & Upload FTP..
10:10:52 Delay 1.0 detik..
10:10:53 Eksekusi Download & Upload FTP..
10:10:54 Delay 1.0 detik..
10:10:55 Eksekusi Download & Upload FTP..
10:10:56 Delay 1.0 detik..
10:10:57 Eksekusi Download & Upload FTP..
10:10:59 Delay 1.0 detik..
10:11:00 Eksekusi Download & Upload FTP..
10:11:01 Delay 1.0 detik..
10:11:02 Eksekusi Download & Upload FTP..
10:11:03 Delay 1.0 detik..
10:11:04 Eksekusi Download & Upload FTP..
10:11:08 Delay 1.0 detik..
10:11:09 Eksekusi Download & Upload FTP..
10:11:10 Delay 1.0 detik..
10:11:11 Eksekusi Download & Upload FTP..
10:11:12 Delay 1.0 detik..
10:11:13 Eksekusi Download & Upload FTP..
10:11:14 Delay 1.0 detik..
10:11:15 Eksekusi Download & Upload FTP..
10:11:16 Delay 1.0 detik..
10:11:17 Eksekusi Download & Upload FTP..
10:11:18 Delay 1.0 detik..
10:11:19 Eksekusi Download & Upload FTP..
10:11:20 Delay 1.0 detik..
10:11:21 Eksekusi Download & Upload FTP..
10:11:22 Delay 1.0 detik..
10:11:23 Eksekusi Download & Upload FTP..
10:11:24 Delay 1.0 detik..
10:11:25 Eksekusi Download & Upload FTP..
10:11:26 Delay 1.0 detik..
10:11:27 Eksekusi Download & Upload FTP..
10:11:28 Delay 1.0 detik..
10:11:29 Eksekusi Download & Upload FTP..
10:11:30 Delay 1.0 detik..
10:11:31 Eksekusi Download & Upload FTP..
10:11:32 Delay 1.0 detik..
10:11:33 Eksekusi Download & Upload FTP..
10:11:36 Delay 1.0 detik..
10:11:37 Eksekusi Download & Upload FTP..
10:11:38 Delay 1.0 detik..
10:11:39 Eksekusi Download & Upload FTP..
10:11:40 Delay 1.0 detik..
10:11:41 Eksekusi Download & Upload FTP..
10:11:42 Delay 1.0 detik..
10:11:43 Eksekusi Download & Upload FTP..
10:11:44 Delay 1.0 detik..
10:11:45 Eksekusi Download & Upload FTP..
10:11:46 Delay 1.0 detik..
10:11:47 Eksekusi Download & Upload FTP..
10:11:48 Delay 1.0 detik..
10:11:49 Eksekusi Download & Upload FTP..
10:11:49 Delay 1.0 detik..
10:11:50 Eksekusi Download & Upload FTP..
10:11:51 Delay 1.0 detik..
10:11:52 Eksekusi Download & Upload FTP..
10:11:53 Delay 1.0 detik..
10:11:54 Eksekusi Download & Upload FTP..
10:11:56 Delay 1.0 detik..
10:11:57 Eksekusi Download & Upload FTP..
10:11:58 Delay 1.0 detik..
10:11:59 Eksekusi Download & Upload FTP..
10:12:00 Delay 1.0 detik..
10:12:01 Eksekusi Download & Upload FTP..
10:12:02 Delay 1.0 detik..
10:12:03 Eksekusi Download & Upload FTP..
10:12:04 Delay 1.0 detik..
10:12:05 Eksekusi Download & Upload FTP..
10:12:06 Delay 1.0 detik..
10:12:07 Eksekusi Download & Upload FTP..
10:12:09 Delay 1.0 detik..
10:12:10 Eksekusi Download & Upload FTP..
10:12:11 Delay 1.0 detik..
10:12:12 Eksekusi Download & Upload FTP..
10:12:13 Delay 1.0 detik..
10:12:14 Eksekusi Download & Upload FTP..
10:12:15 Delay 1.0 detik..
10:12:16 Eksekusi Download & Upload FTP..
10:12:17 Delay 1.0 detik..
10:12:18 Eksekusi Download & Upload FTP..
10:12:19 Delay 1.0 detik..
10:12:20 Eksekusi Download & Upload FTP..
10:12:21 Delay 1.0 detik..
10:12:22 Eksekusi Download & Upload FTP..
10:12:23 Delay 1.0 detik..
10:12:24 Eksekusi Download & Upload FTP..
10:12:25 Delay 1.0 detik..
10:12:26 Eksekusi Download & Upload FTP..
10:12:27 Delay 1.0 detik..
10:12:28 Eksekusi Download & Upload FTP..
10:12:29 Delay 1.0 detik..
10:12:30 Eksekusi Download & Upload FTP..
10:12:31 Delay 1.0 detik..
10:12:32 Eksekusi Download & Upload FTP..
10:12:33 Delay 1.0 detik..
10:12:34 Eksekusi Download & Upload FTP..
10:12:35 Delay 1.0 detik..
10:12:36 Eksekusi Download & Upload FTP..
10:12:37 Delay 1.0 detik..
10:12:38 Eksekusi Download & Upload FTP..
10:12:39 Delay 1.0 detik..
10:12:40 Eksekusi Download & Upload FTP..
10:12:41 Delay 1.0 detik..
10:12:42 Eksekusi Download & Upload FTP..
10:12:45 Delay 1.0 detik..
10:12:46 Eksekusi Download & Upload FTP..
10:12:47 Delay 1.0 detik..
10:12:48 Eksekusi Download & Upload FTP..
10:12:49 Delay 1.0 detik..
10:12:50 Eksekusi Download & Upload FTP..
10:12:52 Delay 1.0 detik..
10:12:53 Eksekusi Download & Upload FTP..
10:12:55 Delay 1.0 detik..
10:12:56 Eksekusi Download & Upload FTP..
10:12:58 Delay 1.0 detik..
10:12:59 Eksekusi Download & Upload FTP..
10:13:00 Delay 1.0 detik..
10:13:01 Eksekusi Download & Upload FTP..
10:13:03 Delay 1.0 detik..
10:13:04 Eksekusi Download & Upload FTP..
10:13:05 Delay 1.0 detik..
10:13:06 Eksekusi Download & Upload FTP..
10:13:08 Delay 1.0 detik..
10:13:09 Eksekusi Download & Upload FTP..
10:13:11 Delay 1.0 detik..
10:13:12 Eksekusi Download & Upload FTP..
10:13:13 Delay 1.0 detik..
10:13:14 Eksekusi Download & Upload FTP..
10:13:16 Delay 1.0 detik..
10:13:17 Eksekusi Download & Upload FTP..
10:13:18 Delay 1.0 detik..
10:13:19 Eksekusi Download & Upload FTP..
10:13:20 Delay 1.0 detik..
10:13:21 Eksekusi Download & Upload FTP..
10:13:22 Delay 1.0 detik..
10:13:23 Eksekusi Download & Upload FTP..
10:13:24 Delay 1.0 detik..
10:13:25 Eksekusi Download & Upload FTP..
10:13:27 Delay 1.0 detik..
10:13:28 Eksekusi Download & Upload FTP..
10:13:30 Delay 1.0 detik..
10:13:31 Eksekusi Download & Upload FTP..
10:13:32 Delay 1.0 detik..
10:13:33 Eksekusi Download & Upload FTP..
10:13:34 Delay 1.0 detik..
10:13:35 Eksekusi Download & Upload FTP..
10:13:37 Delay 1.0 detik..
10:13:38 Eksekusi Download & Upload FTP..
10:13:40 Delay 1.0 detik..
10:13:41 Eksekusi Download & Upload FTP..
10:13:42 Delay 1.0 detik..
10:13:43 Eksekusi Download & Upload FTP..
10:13:45 Delay 1.0 detik..
10:13:46 Eksekusi Download & Upload FTP..
10:13:47 Delay 1.0 detik..
10:13:48 Eksekusi Download & Upload FTP..
10:13:50 Delay 1.0 detik..
10:13:51 Eksekusi Download & Upload FTP..
10:13:52 Delay 1.0 detik..
10:13:53 Eksekusi Download & Upload FTP..
10:13:54 Delay 1.0 detik..
10:13:55 Eksekusi Download & Upload FTP..
10:13:56 Delay 1.0 detik..
10:13:57 Eksekusi Download & Upload FTP..
10:14:01 Delay 1.0 detik..
10:14:02 Eksekusi Download & Upload FTP..
10:14:03 Delay 1.0 detik..
10:14:04 Eksekusi Download & Upload FTP..
10:14:06 Delay 1.0 detik..
10:14:07 Eksekusi Download & Upload FTP..
10:14:08 Delay 1.0 detik..
10:14:09 Eksekusi Download & Upload FTP..
10:14:11 Delay 1.0 detik..
10:14:12 Eksekusi Download & Upload FTP..
10:14:13 Delay 1.0 detik..
10:14:14 Eksekusi Download & Upload FTP..
10:14:17 Delay 1.0 detik..
10:14:18 Eksekusi Download & Upload FTP..
10:14:19 Delay 1.0 detik..
10:14:20 Eksekusi Download & Upload FTP..
10:14:22 Delay 1.0 detik..
10:14:23 Eksekusi Download & Upload FTP..
10:14:24 Delay 1.0 detik..
10:14:25 Eksekusi Download & Upload FTP..
10:14:27 Delay 1.0 detik..
10:14:28 Eksekusi Download & Upload FTP..
10:14:29 Delay 1.0 detik..
10:14:30 Eksekusi Download & Upload FTP..
10:14:33 Delay 1.0 detik..
10:14:34 Eksekusi Download & Upload FTP..
10:14:36 Delay 1.0 detik..
10:14:37 Eksekusi Download & Upload FTP..
10:14:40 Delay 1.0 detik..
10:14:41 Eksekusi Download & Upload FTP..
10:14:42 Delay 1.0 detik..
10:14:44 Loading Configuration...
10:14:44 Loading Configuration Selesai !
10:14:47 Inisiasi aplikasi...
10:14:47 Testing koneksi ke server...
10:14:47 OK FTP Connected
OK Remote system is UNIX Type: L8
OK Current directory is /mts01/txt/input

10:14:47 Aplikasi siap digunakan...
10:14:47 Testing koneksi ke server Selesai 
10:14:47 Delay 1.0 detik..
10:14:48 Eksekusi Download & Upload FTP..
10:14:50 Downloading File 9.txt from FTP Server --> 178.128.125.105/mts01/txt/input/9.txt
10:14:50 Success File downloaded into api/txt/input/9.txt
10:14:50 Deleting File 9.txt from FTP Server --> 178.128.125.105/mts01/txt/input/9.txt
10:14:50 Success File deleted from FTP Server --> 178.128.125.105/mts01/txt/input/9.txt
10:14:51 Delay 1.0 detik..
10:14:52 Eksekusi Download & Upload FTP..
10:14:53 Delay 1.0 detik..
10:14:54 Eksekusi Download & Upload FTP..
10:14:56 Delay 1.0 detik..
10:14:57 Eksekusi Download & Upload FTP..
10:14:58 Delay 1.0 detik..
10:14:59 Eksekusi Download & Upload FTP..
10:15:02 Delay 1.0 detik..
10:15:03 Eksekusi Download & Upload FTP..
10:15:04 Delay 1.0 detik..
10:15:05 Eksekusi Download & Upload FTP..
10:15:06 Delay 1.0 detik..
10:15:07 Eksekusi Download & Upload FTP..
10:15:08 Delay 1.0 detik..
10:15:09 Eksekusi Download & Upload FTP..
10:15:11 Delay 1.0 detik..
10:15:12 Eksekusi Download & Upload FTP..
10:15:13 Delay 1.0 detik..
10:15:14 Eksekusi Download & Upload FTP..
10:15:16 Delay 1.0 detik..
10:15:17 Eksekusi Download & Upload FTP..
10:15:18 Delay 1.0 detik..
10:15:19 Eksekusi Download & Upload FTP..
10:15:21 Delay 1.0 detik..
10:15:22 Eksekusi Download & Upload FTP..
10:15:24 Delay 1.0 detik..
10:15:25 Eksekusi Download & Upload FTP..
10:15:27 Delay 1.0 detik..
10:15:28 Eksekusi Download & Upload FTP..
10:15:29 Delay 1.0 detik..
10:15:30 Eksekusi Download & Upload FTP..
10:15:32 Delay 1.0 detik..
10:15:33 Eksekusi Download & Upload FTP..
10:15:34 Delay 1.0 detik..
10:15:35 Eksekusi Download & Upload FTP..
10:15:36 Delay 1.0 detik..
10:15:38 Eksekusi Download & Upload FTP..
10:15:39 Delay 1.0 detik..
10:15:40 Eksekusi Download & Upload FTP..
10:15:41 Delay 1.0 detik..
10:15:42 Eksekusi Download & Upload FTP..
10:15:43 Delay 1.0 detik..
10:15:44 Eksekusi Download & Upload FTP..
10:15:46 Delay 1.0 detik..
10:15:47 Eksekusi Download & Upload FTP..
10:15:48 Delay 1.0 detik..
10:15:49 Eksekusi Download & Upload FTP..
10:15:50 Delay 1.0 detik..
10:15:51 Eksekusi Download & Upload FTP..
10:15:53 Delay 1.0 detik..
10:15:54 Eksekusi Download & Upload FTP..
10:15:56 Delay 1.0 detik..
10:15:57 Eksekusi Download & Upload FTP..
10:15:58 Delay 1.0 detik..
10:15:59 Eksekusi Download & Upload FTP..
10:16:00 Delay 1.0 detik..
10:16:01 Eksekusi Download & Upload FTP..
10:16:02 Delay 1.0 detik..
10:16:03 Eksekusi Download & Upload FTP..
10:16:05 Delay 1.0 detik..
10:16:06 Eksekusi Download & Upload FTP..
10:16:07 Delay 1.0 detik..
10:16:08 Eksekusi Download & Upload FTP..
10:16:09 Delay 1.0 detik..
10:16:10 Eksekusi Download & Upload FTP..
10:16:11 Delay 1.0 detik..
10:16:12 Eksekusi Download & Upload FTP..
10:16:12 Delay 1.0 detik..
10:16:13 Eksekusi Download & Upload FTP..
10:16:14 Delay 1.0 detik..
10:16:15 Eksekusi Download & Upload FTP..
10:16:17 Delay 1.0 detik..
10:16:18 Eksekusi Download & Upload FTP..
10:16:19 Delay 1.0 detik..
10:16:20 Eksekusi Download & Upload FTP..
10:16:21 Delay 1.0 detik..
10:16:22 Eksekusi Download & Upload FTP..
10:16:24 Delay 1.0 detik..
10:16:25 Eksekusi Download & Upload FTP..
10:16:26 Delay 1.0 detik..
10:16:27 Eksekusi Download & Upload FTP..
10:16:29 Delay 1.0 detik..
10:16:30 Eksekusi Download & Upload FTP..
10:16:32 Delay 1.0 detik..
10:16:33 Eksekusi Download & Upload FTP..
10:16:34 Delay 1.0 detik..
10:16:35 Eksekusi Download & Upload FTP..
10:16:37 Delay 1.0 detik..
10:16:38 Eksekusi Download & Upload FTP..
10:16:38 Delay 1.0 detik..
10:16:39 Eksekusi Download & Upload FTP..
10:16:41 Delay 1.0 detik..
10:16:42 Eksekusi Download & Upload FTP..
10:16:43 Delay 1.0 detik..
10:16:44 Eksekusi Download & Upload FTP..
10:16:45 Delay 1.0 detik..
10:16:46 Eksekusi Download & Upload FTP..
10:16:47 Delay 1.0 detik..
10:16:48 Eksekusi Download & Upload FTP..
10:16:49 Downloading File 10.txt from FTP Server --> 178.128.125.105/mts01/txt/input/10.txt
10:16:50 Success File downloaded into api/txt/input/10.txt
10:16:50 Deleting File 10.txt from FTP Server --> 178.128.125.105/mts01/txt/input/10.txt
10:16:50 Success File deleted from FTP Server --> 178.128.125.105/mts01/txt/input/10.txt
10:16:51 Delay 1.0 detik..
10:16:52 Eksekusi Download & Upload FTP..
10:16:53 Delay 1.0 detik..
10:16:54 Eksekusi Download & Upload FTP..
10:16:55 Delay 1.0 detik..
10:16:56 Eksekusi Download & Upload FTP..
10:16:57 Delay 1.0 detik..
10:16:58 Eksekusi Download & Upload FTP..
10:16:59 Delay 1.0 detik..
10:17:00 Eksekusi Download & Upload FTP..
10:17:01 Delay 1.0 detik..
10:17:02 Eksekusi Download & Upload FTP..
10:17:03 Delay 1.0 detik..
10:17:04 Eksekusi Download & Upload FTP..
10:17:05 Delay 1.0 detik..
10:17:06 Eksekusi Download & Upload FTP..
03:17:33 Loading Configuration...
03:17:33 Loading Configuration Selesai !
03:17:35 Inisiasi aplikasi...
03:17:35 Testing koneksi ke server...
03:17:36 OK FTP Connected
OK Remote system is UNIX Type: L8
OK Current directory is /mts01/txt/input

03:17:36 Aplikasi siap digunakan...
03:17:36 Testing koneksi ke server Selesai 
03:17:36 Delay 1.0 detik..
03:17:37 Eksekusi Download & Upload FTP..
03:17:38 Uploading File 10.TXT from lokal Server --> api/txt/output/10.TXT
03:17:39 Success File uploaded into FTP Server --> 178.128.125.105/mts01/txt/output/10.TXT
03:17:39 Deleting File 10.TXT from local DIR --> api/txt/output/10.TXT
03:17:39 Success File deleted from local DIR --> api/txt/output/10.TXT
03:17:39 Delay 1.0 detik..
03:17:40 Eksekusi Download & Upload FTP..
03:17:42 Delay 1.0 detik..
03:17:43 Eksekusi Download & Upload FTP..
03:17:45 Delay 1.0 detik..
03:17:46 Eksekusi Download & Upload FTP..
03:17:48 Delay 1.0 detik..
03:17:49 Eksekusi Download & Upload FTP..
03:17:50 Delay 1.0 detik..
03:17:51 Eksekusi Download & Upload FTP..
03:17:53 Delay 1.0 detik..
03:17:54 Eksekusi Download & Upload FTP..
03:17:56 Delay 1.0 detik..
03:17:57 Eksekusi Download & Upload FTP..
03:17:59 Delay 1.0 detik..
03:18:00 Eksekusi Download & Upload FTP..
03:18:02 Delay 1.0 detik..
03:18:03 Eksekusi Download & Upload FTP..
03:18:04 Delay 1.0 detik..
03:18:05 Eksekusi Download & Upload FTP..
03:18:07 Delay 1.0 detik..
03:18:08 Eksekusi Download & Upload FTP..
03:18:10 Delay 1.0 detik..
03:18:11 Eksekusi Download & Upload FTP..
03:18:13 Delay 1.0 detik..
03:18:14 Eksekusi Download & Upload FTP..
03:18:16 Delay 1.0 detik..
03:18:17 Eksekusi Download & Upload FTP..
03:18:19 Delay 1.0 detik..
03:18:20 Eksekusi Download & Upload FTP..
03:18:22 Delay 1.0 detik..
03:18:23 Eksekusi Download & Upload FTP..
03:18:25 Delay 1.0 detik..
03:18:26 Eksekusi Download & Upload FTP..
03:18:28 Delay 1.0 detik..
03:18:29 Eksekusi Download & Upload FTP..
03:18:31 Delay 1.0 detik..
03:18:32 Eksekusi Download & Upload FTP..
03:18:33 Downloading File 14.txt from FTP Server --> 178.128.125.105/mts01/txt/input/14.txt
03:18:33 Success File downloaded into api/txt/input/14.txt
03:18:33 Deleting File 14.txt from FTP Server --> 178.128.125.105/mts01/txt/input/14.txt
03:18:33 Success File deleted from FTP Server --> 178.128.125.105/mts01/txt/input/14.txt
03:18:34 Uploading File 14.TXT from lokal Server --> api/txt/output/14.TXT
03:18:34 Success File uploaded into FTP Server --> 178.128.125.105/mts01/txt/output/14.TXT
03:18:34 Deleting File 14.TXT from local DIR --> api/txt/output/14.TXT
03:18:34 Success File deleted from local DIR --> api/txt/output/14.TXT
03:18:34 Delay 1.0 detik..
03:18:35 Eksekusi Download & Upload FTP..
03:18:37 Delay 1.0 detik..
03:18:38 Eksekusi Download & Upload FTP..
03:18:40 Delay 1.0 detik..
03:18:41 Eksekusi Download & Upload FTP..
03:18:44 Delay 1.0 detik..
03:18:45 Eksekusi Download & Upload FTP..
03:18:46 Delay 1.0 detik..
03:18:47 Eksekusi Download & Upload FTP..
03:18:50 Delay 1.0 detik..
03:18:51 Eksekusi Download & Upload FTP..
03:18:53 Delay 1.0 detik..
03:18:54 Eksekusi Download & Upload FTP..
03:18:55 Delay 1.0 detik..
03:18:56 Eksekusi Download & Upload FTP..
03:18:58 Delay 1.0 detik..
03:18:59 Eksekusi Download & Upload FTP..
03:19:01 Delay 1.0 detik..
03:19:02 Eksekusi Download & Upload FTP..
03:19:04 Delay 1.0 detik..
03:19:05 Eksekusi Download & Upload FTP..
03:19:06 Delay 1.0 detik..
03:19:07 Eksekusi Download & Upload FTP..
03:19:09 Delay 1.0 detik..
03:19:10 Eksekusi Download & Upload FTP..
03:19:12 Delay 1.0 detik..
03:19:13 Eksekusi Download & Upload FTP..
03:19:14 Delay 1.0 detik..
03:19:15 Eksekusi Download & Upload FTP..
03:19:17 Delay 1.0 detik..
03:19:18 Eksekusi Download & Upload FTP..
03:19:20 Delay 1.0 detik..
03:19:21 Eksekusi Download & Upload FTP..
03:19:22 Delay 1.0 detik..
03:19:23 Eksekusi Download & Upload FTP..
03:19:25 Delay 1.0 detik..
03:19:26 Eksekusi Download & Upload FTP..
03:19:28 Delay 1.0 detik..
03:19:29 Eksekusi Download & Upload FTP..
03:19:30 Delay 1.0 detik..
03:19:31 Eksekusi Download & Upload FTP..
03:19:33 Delay 1.0 detik..
03:19:34 Eksekusi Download & Upload FTP..
03:19:35 Delay 1.0 detik..
03:19:36 Eksekusi Download & Upload FTP..
03:19:38 Delay 1.0 detik..
03:19:39 Eksekusi Download & Upload FTP..
03:19:41 Delay 1.0 detik..
03:19:42 Eksekusi Download & Upload FTP..
03:19:43 Delay 1.0 detik..
03:19:44 Eksekusi Download & Upload FTP..
03:19:46 Delay 1.0 detik..
03:19:47 Eksekusi Download & Upload FTP..
03:19:49 Delay 1.0 detik..
03:19:50 Eksekusi Download & Upload FTP..
03:19:51 Delay 1.0 detik..
03:19:52 Eksekusi Download & Upload FTP..
03:19:54 Delay 1.0 detik..
03:19:55 Eksekusi Download & Upload FTP..
03:19:57 Delay 1.0 detik..
03:19:58 Eksekusi Download & Upload FTP..
03:20:00 Delay 1.0 detik..
03:20:01 Eksekusi Download & Upload FTP..
03:20:03 Delay 1.0 detik..
03:20:04 Eksekusi Download & Upload FTP..
03:20:05 Delay 1.0 detik..
03:20:06 Eksekusi Download & Upload FTP..
03:20:08 Delay 1.0 detik..
03:20:09 Eksekusi Download & Upload FTP..
03:20:11 Delay 1.0 detik..
03:20:12 Eksekusi Download & Upload FTP..
03:20:14 Delay 1.0 detik..
03:20:15 Eksekusi Download & Upload FTP..
03:20:17 Delay 1.0 detik..
03:20:18 Eksekusi Download & Upload FTP..
03:20:20 Delay 1.0 detik..
03:20:21 Eksekusi Download & Upload FTP..
03:20:22 Delay 1.0 detik..
03:20:23 Eksekusi Download & Upload FTP..
03:20:25 Delay 1.0 detik..
03:20:26 Eksekusi Download & Upload FTP..
03:20:28 Delay 1.0 detik..
03:20:29 Eksekusi Download & Upload FTP..
03:20:31 Delay 1.0 detik..
03:20:32 Eksekusi Download & Upload FTP..
03:20:34 Delay 1.0 detik..
03:20:35 Eksekusi Download & Upload FTP..
03:20:37 Delay 1.0 detik..
03:20:38 Eksekusi Download & Upload FTP..
03:20:40 Delay 1.0 detik..
03:20:41 Eksekusi Download & Upload FTP..
03:20:43 Delay 1.0 detik..
03:20:44 Eksekusi Download & Upload FTP..
03:20:45 Delay 1.0 detik..
03:20:46 Eksekusi Download & Upload FTP..
03:20:48 Delay 1.0 detik..
03:20:49 Eksekusi Download & Upload FTP..
03:20:51 Delay 1.0 detik..
03:20:52 Eksekusi Download & Upload FTP..
03:20:54 Delay 1.0 detik..
03:20:55 Eksekusi Download & Upload FTP..
03:20:57 Delay 1.0 detik..
03:20:58 Eksekusi Download & Upload FTP..
03:21:00 Delay 1.0 detik..
03:21:01 Eksekusi Download & Upload FTP..
03:21:02 Delay 1.0 detik..
03:21:03 Eksekusi Download & Upload FTP..
03:21:05 Delay 1.0 detik..
03:21:06 Eksekusi Download & Upload FTP..
03:21:08 Delay 1.0 detik..
03:21:09 Eksekusi Download & Upload FTP..
03:21:11 Delay 1.0 detik..
03:21:12 Eksekusi Download & Upload FTP..
03:21:14 Delay 1.0 detik..
03:21:15 Eksekusi Download & Upload FTP..
03:21:16 Delay 1.0 detik..
03:21:17 Eksekusi Download & Upload FTP..
03:21:19 Delay 1.0 detik..
03:21:20 Eksekusi Download & Upload FTP..
03:21:22 Delay 1.0 detik..
03:21:23 Eksekusi Download & Upload FTP..
03:21:25 Delay 1.0 detik..
03:21:26 Eksekusi Download & Upload FTP..
03:21:28 Delay 1.0 detik..
03:21:29 Eksekusi Download & Upload FTP..
03:21:31 Delay 1.0 detik..
03:21:32 Eksekusi Download & Upload FTP..
03:21:34 Delay 1.0 detik..
03:21:35 Eksekusi Download & Upload FTP..
03:21:37 Delay 1.0 detik..
03:21:38 Eksekusi Download & Upload FTP..
03:21:39 Delay 1.0 detik..
03:21:40 Eksekusi Download & Upload FTP..
03:21:42 Delay 1.0 detik..
03:21:43 Eksekusi Download & Upload FTP..
03:21:45 Delay 1.0 detik..
03:21:46 Eksekusi Download & Upload FTP..
03:21:49 Delay 1.0 detik..
03:21:50 Eksekusi Download & Upload FTP..
03:21:52 Delay 1.0 detik..
03:21:53 Eksekusi Download & Upload FTP..
03:21:54 Delay 1.0 detik..
03:21:55 Eksekusi Download & Upload FTP..
03:21:57 Delay 1.0 detik..
03:21:58 Eksekusi Download & Upload FTP..
03:22:00 Delay 1.0 detik..
03:22:01 Eksekusi Download & Upload FTP..
03:22:03 Delay 1.0 detik..
03:22:04 Eksekusi Download & Upload FTP..
03:22:05 Delay 1.0 detik..
03:22:06 Eksekusi Download & Upload FTP..
03:22:08 Delay 1.0 detik..
03:22:09 Eksekusi Download & Upload FTP..
03:22:11 Delay 1.0 detik..
03:22:12 Eksekusi Download & Upload FTP..
03:22:13 Delay 1.0 detik..
03:22:14 Eksekusi Download & Upload FTP..
03:22:15 Downloading File 15.txt from FTP Server --> 178.128.125.105/mts01/txt/input/15.txt
03:22:15 Success File downloaded into api/txt/input/15.txt
03:22:15 Deleting File 15.txt from FTP Server --> 178.128.125.105/mts01/txt/input/15.txt
03:22:16 Success File deleted from FTP Server --> 178.128.125.105/mts01/txt/input/15.txt
03:22:16 Uploading File 15.TXT from lokal Server --> api/txt/output/15.TXT
03:22:17 Success File uploaded into FTP Server --> 178.128.125.105/mts01/txt/output/15.TXT
03:22:17 Deleting File 15.TXT from local DIR --> api/txt/output/15.TXT
03:22:17 Success File deleted from local DIR --> api/txt/output/15.TXT
03:22:17 Delay 1.0 detik..
03:22:18 Eksekusi Download & Upload FTP..
03:22:19 Delay 1.0 detik..
03:22:20 Eksekusi Download & Upload FTP..
03:22:22 Delay 1.0 detik..
03:22:23 Eksekusi Download & Upload FTP..
03:22:25 Delay 1.0 detik..
03:22:26 Eksekusi Download & Upload FTP..
03:22:27 Delay 1.0 detik..
03:22:28 Eksekusi Download & Upload FTP..
03:22:30 Delay 1.0 detik..
03:22:31 Eksekusi Download & Upload FTP..
03:22:33 Delay 1.0 detik..
03:22:34 Eksekusi Download & Upload FTP..
03:22:36 Delay 1.0 detik..
03:22:37 Eksekusi Download & Upload FTP..
03:22:37 Downloading File 16.txt from FTP Server --> 178.128.125.105/mts01/txt/input/16.txt
03:22:38 Success File downloaded into api/txt/input/16.txt
03:22:38 Deleting File 16.txt from FTP Server --> 178.128.125.105/mts01/txt/input/16.txt
03:22:38 Success File deleted from FTP Server --> 178.128.125.105/mts01/txt/input/16.txt
03:22:39 Delay 1.0 detik..
03:22:40 Eksekusi Download & Upload FTP..
03:22:41 Delay 1.0 detik..
03:22:42 Eksekusi Download & Upload FTP..
03:22:44 Delay 1.0 detik..
03:22:45 Eksekusi Download & Upload FTP..
03:22:47 Delay 1.0 detik..
03:22:48 Eksekusi Download & Upload FTP..
03:22:50 Delay 1.0 detik..
03:22:51 Eksekusi Download & Upload FTP..
03:22:53 Delay 1.0 detik..
03:22:54 Eksekusi Download & Upload FTP..
03:22:56 Delay 1.0 detik..
03:22:57 Eksekusi Download & Upload FTP..
03:22:59 Delay 1.0 detik..
03:23:00 Eksekusi Download & Upload FTP..
03:23:02 Delay 1.0 detik..
03:23:03 Eksekusi Download & Upload FTP..
03:23:03 Downloading File 17.txt from FTP Server --> 178.128.125.105/mts01/txt/input/17.txt
03:23:04 Success File downloaded into api/txt/input/17.txt
03:23:04 Deleting File 17.txt from FTP Server --> 178.128.125.105/mts01/txt/input/17.txt
03:23:04 Success File deleted from FTP Server --> 178.128.125.105/mts01/txt/input/17.txt
03:23:05 Uploading File 17.TXT from lokal Server --> api/txt/output/17.TXT
03:23:05 Success File uploaded into FTP Server --> 178.128.125.105/mts01/txt/output/17.TXT
03:23:05 Deleting File 17.TXT from local DIR --> api/txt/output/17.TXT
03:23:05 Success File deleted from local DIR --> api/txt/output/17.TXT
03:23:05 Delay 1.0 detik..
03:23:06 Eksekusi Download & Upload FTP..
03:23:08 Delay 1.0 detik..
03:23:09 Eksekusi Download & Upload FTP..
03:23:11 Delay 1.0 detik..
03:23:12 Eksekusi Download & Upload FTP..
03:23:14 Delay 1.0 detik..
03:23:16 Eksekusi Download & Upload FTP..
03:23:18 Delay 1.0 detik..
03:23:19 Eksekusi Download & Upload FTP..
03:23:20 Delay 1.0 detik..
03:23:21 Eksekusi Download & Upload FTP..
03:23:23 Delay 1.0 detik..
03:23:24 Eksekusi Download & Upload FTP..
03:23:25 Downloading File 18.txt from FTP Server --> 178.128.125.105/mts01/txt/input/18.txt
03:23:26 Success File downloaded into api/txt/input/18.txt
03:23:26 Deleting File 18.txt from FTP Server --> 178.128.125.105/mts01/txt/input/18.txt
03:23:26 Success File deleted from FTP Server --> 178.128.125.105/mts01/txt/input/18.txt
03:23:27 Uploading File 18.TXT from lokal Server --> api/txt/output/18.TXT
03:23:27 Success File uploaded into FTP Server --> 178.128.125.105/mts01/txt/output/18.TXT
03:23:27 Deleting File 18.TXT from local DIR --> api/txt/output/18.TXT
03:23:27 Success File deleted from local DIR --> api/txt/output/18.TXT
03:23:27 Delay 1.0 detik..
03:23:28 Eksekusi Download & Upload FTP..
03:23:30 Delay 1.0 detik..
03:23:31 Eksekusi Download & Upload FTP..
03:23:33 Delay 1.0 detik..
03:23:34 Eksekusi Download & Upload FTP..
03:23:36 Delay 1.0 detik..
03:23:37 Eksekusi Download & Upload FTP..
03:23:39 Delay 1.0 detik..
03:23:40 Eksekusi Download & Upload FTP..
03:23:42 Delay 1.0 detik..
03:23:43 Eksekusi Download & Upload FTP..
03:23:45 Delay 1.0 detik..
03:23:46 Eksekusi Download & Upload FTP..
03:23:48 Delay 1.0 detik..
03:23:49 Eksekusi Download & Upload FTP..
03:23:51 Delay 1.0 detik..
03:23:52 Eksekusi Download & Upload FTP..
03:23:53 Delay 1.0 detik..
03:23:54 Eksekusi Download & Upload FTP..
03:23:56 Delay 1.0 detik..
03:23:57 Eksekusi Download & Upload FTP..
03:23:59 Delay 1.0 detik..
03:24:00 Eksekusi Download & Upload FTP..
03:24:01 Delay 1.0 detik..
03:24:02 Eksekusi Download & Upload FTP..
03:24:04 Delay 1.0 detik..
03:24:05 Eksekusi Download & Upload FTP..
03:24:07 Delay 1.0 detik..
03:24:08 Eksekusi Download & Upload FTP..
03:24:09 Downloading File 19.txt from FTP Server --> 178.128.125.105/mts01/txt/input/19.txt
03:24:10 Success File downloaded into api/txt/input/19.txt
03:24:10 Deleting File 19.txt from FTP Server --> 178.128.125.105/mts01/txt/input/19.txt
03:24:10 Success File deleted from FTP Server --> 178.128.125.105/mts01/txt/input/19.txt
03:24:11 Uploading File 19.TXT from lokal Server --> api/txt/output/19.TXT
03:24:11 Success File uploaded into FTP Server --> 178.128.125.105/mts01/txt/output/19.TXT
03:24:11 Deleting File 19.TXT from local DIR --> api/txt/output/19.TXT
03:24:11 Success File deleted from local DIR --> api/txt/output/19.TXT
03:24:11 Delay 1.0 detik..
03:24:12 Eksekusi Download & Upload FTP..
03:24:14 Delay 1.0 detik..
03:24:15 Eksekusi Download & Upload FTP..
03:24:17 Delay 1.0 detik..
03:24:18 Eksekusi Download & Upload FTP..
03:24:20 Delay 1.0 detik..
03:24:21 Eksekusi Download & Upload FTP..
03:24:22 Downloading File 20.txt from FTP Server --> 178.128.125.105/mts01/txt/input/20.txt
03:24:22 Success File downloaded into api/txt/input/20.txt
03:24:22 Deleting File 20.txt from FTP Server --> 178.128.125.105/mts01/txt/input/20.txt
03:24:22 Success File deleted from FTP Server --> 178.128.125.105/mts01/txt/input/20.txt
03:24:23 Uploading File 20.TXT from lokal Server --> api/txt/output/20.TXT
03:24:23 Success File uploaded into FTP Server --> 178.128.125.105/mts01/txt/output/20.TXT
03:24:23 Deleting File 20.TXT from local DIR --> api/txt/output/20.TXT
03:24:23 Success File deleted from local DIR --> api/txt/output/20.TXT
03:24:23 Delay 1.0 detik..
03:24:24 Eksekusi Download & Upload FTP..
03:24:26 Delay 1.0 detik..
03:24:27 Eksekusi Download & Upload FTP..
03:24:29 Delay 1.0 detik..
03:24:30 Eksekusi Download & Upload FTP..
03:24:31 Delay 1.0 detik..
03:24:32 Eksekusi Download & Upload FTP..
03:24:34 Delay 1.0 detik..
03:24:35 Eksekusi Download & Upload FTP..
03:24:37 Delay 1.0 detik..
03:24:38 Eksekusi Download & Upload FTP..
03:24:39 Delay 1.0 detik..
03:24:40 Eksekusi Download & Upload FTP..
03:24:42 Delay 1.0 detik..
03:24:43 Eksekusi Download & Upload FTP..
03:24:44 Delay 1.0 detik..
03:24:45 Eksekusi Download & Upload FTP..
03:24:47 Delay 1.0 detik..
03:24:48 Eksekusi Download & Upload FTP..
03:24:50 Delay 1.0 detik..
03:24:51 Eksekusi Download & Upload FTP..
03:24:53 Delay 1.0 detik..
03:24:54 Eksekusi Download & Upload FTP..
03:24:56 Delay 1.0 detik..
03:24:57 Eksekusi Download & Upload FTP..
03:24:59 Delay 1.0 detik..
03:25:00 Eksekusi Download & Upload FTP..
03:25:02 Delay 1.0 detik..
03:25:03 Eksekusi Download & Upload FTP..
03:25:04 Downloading File 21.txt from FTP Server --> 178.128.125.105/mts01/txt/input/21.txt
03:25:04 Success File downloaded into api/txt/input/21.txt
03:25:04 Deleting File 21.txt from FTP Server --> 178.128.125.105/mts01/txt/input/21.txt
03:25:04 Success File deleted from FTP Server --> 178.128.125.105/mts01/txt/input/21.txt
03:25:05 Uploading File 21.TXT from lokal Server --> api/txt/output/21.TXT
03:25:05 Success File uploaded into FTP Server --> 178.128.125.105/mts01/txt/output/21.TXT
03:25:05 Deleting File 21.TXT from local DIR --> api/txt/output/21.TXT
03:25:05 Success File deleted from local DIR --> api/txt/output/21.TXT
03:25:05 Delay 1.0 detik..
03:25:06 Eksekusi Download & Upload FTP..
03:25:08 Delay 1.0 detik..
03:25:09 Eksekusi Download & Upload FTP..
03:25:11 Delay 1.0 detik..
03:25:12 Eksekusi Download & Upload FTP..
03:25:13 Delay 1.0 detik..
03:25:14 Eksekusi Download & Upload FTP..
03:25:16 Delay 1.0 detik..
03:25:17 Eksekusi Download & Upload FTP..
03:25:19 Delay 1.0 detik..
03:25:20 Eksekusi Download & Upload FTP..
03:25:21 Downloading File 22.txt from FTP Server --> 178.128.125.105/mts01/txt/input/22.txt
03:25:21 Success File downloaded into api/txt/input/22.txt
03:25:21 Deleting File 22.txt from FTP Server --> 178.128.125.105/mts01/txt/input/22.txt
03:25:21 Success File deleted from FTP Server --> 178.128.125.105/mts01/txt/input/22.txt
03:25:22 Uploading File 22.TXT from lokal Server --> api/txt/output/22.TXT
03:25:22 Success File uploaded into FTP Server --> 178.128.125.105/mts01/txt/output/22.TXT
03:25:22 Deleting File 22.TXT from local DIR --> api/txt/output/22.TXT
03:25:22 Success File deleted from local DIR --> api/txt/output/22.TXT
03:25:22 Delay 1.0 detik..
03:25:23 Eksekusi Download & Upload FTP..
03:25:25 Delay 1.0 detik..
03:25:26 Eksekusi Download & Upload FTP..
03:25:28 Delay 1.0 detik..
03:25:29 Eksekusi Download & Upload FTP..
03:25:31 Delay 1.0 detik..
03:25:32 Eksekusi Download & Upload FTP..
03:25:34 Delay 1.0 detik..
03:25:35 Eksekusi Download & Upload FTP..
03:25:37 Delay 1.0 detik..
03:25:38 Eksekusi Download & Upload FTP..
03:25:39 Downloading File 23.txt from FTP Server --> 178.128.125.105/mts01/txt/input/23.txt
03:25:39 Success File downloaded into api/txt/input/23.txt
03:25:39 Deleting File 23.txt from FTP Server --> 178.128.125.105/mts01/txt/input/23.txt
03:25:39 Success File deleted from FTP Server --> 178.128.125.105/mts01/txt/input/23.txt
03:25:40 Uploading File 23.TXT from lokal Server --> api/txt/output/23.TXT
03:25:40 Success File uploaded into FTP Server --> 178.128.125.105/mts01/txt/output/23.TXT
03:25:40 Deleting File 23.TXT from local DIR --> api/txt/output/23.TXT
03:25:40 Success File deleted from local DIR --> api/txt/output/23.TXT
03:25:40 Delay 1.0 detik..
03:25:41 Eksekusi Download & Upload FTP..
03:25:43 Delay 1.0 detik..
03:25:44 Eksekusi Download & Upload FTP..
03:25:46 Delay 1.0 detik..
03:25:47 Eksekusi Download & Upload FTP..
03:25:49 Delay 1.0 detik..
03:25:50 Eksekusi Download & Upload FTP..
03:25:52 Delay 1.0 detik..
03:25:53 Eksekusi Download & Upload FTP..
03:25:55 Delay 1.0 detik..
03:25:56 Eksekusi Download & Upload FTP..
03:25:58 Delay 1.0 detik..
03:25:59 Eksekusi Download & Upload FTP..
03:26:01 Delay 1.0 detik..
03:26:02 Eksekusi Download & Upload FTP..
03:26:04 Delay 1.0 detik..
03:26:05 Eksekusi Download & Upload FTP..
03:26:06 Delay 1.0 detik..
03:26:07 Eksekusi Download & Upload FTP..
03:26:09 Delay 1.0 detik..
03:26:10 Eksekusi Download & Upload FTP..
03:26:12 Delay 1.0 detik..
03:26:13 Eksekusi Download & Upload FTP..
03:26:14 Delay 1.0 detik..
03:26:15 Eksekusi Download & Upload FTP..
03:26:17 Delay 1.0 detik..
03:26:18 Eksekusi Download & Upload FTP..
03:26:20 Delay 1.0 detik..
03:26:21 Eksekusi Download & Upload FTP..
03:26:23 Delay 1.0 detik..
03:26:24 Eksekusi Download & Upload FTP..
03:26:26 Delay 1.0 detik..
03:26:27 Eksekusi Download & Upload FTP..
03:26:29 Delay 1.0 detik..
03:26:30 Eksekusi Download & Upload FTP..
03:26:31 Delay 1.0 detik..
03:26:32 Eksekusi Download & Upload FTP..
03:26:34 Delay 1.0 detik..
03:26:35 Eksekusi Download & Upload FTP..
03:26:36 Delay 1.0 detik..
03:26:37 Eksekusi Download & Upload FTP..
03:26:39 Delay 1.0 detik..
03:26:40 Eksekusi Download & Upload FTP..
03:26:42 Delay 1.0 detik..
03:26:43 Eksekusi Download & Upload FTP..
03:26:44 Delay 1.0 detik..
03:26:45 Eksekusi Download & Upload FTP..
03:26:47 Delay 1.0 detik..
03:26:48 Eksekusi Download & Upload FTP..
03:26:50 Delay 1.0 detik..
03:26:51 Eksekusi Download & Upload FTP..
03:26:53 Delay 1.0 detik..
03:26:54 Eksekusi Download & Upload FTP..
03:26:55 Delay 1.0 detik..
03:26:56 Eksekusi Download & Upload FTP..
03:26:59 Delay 1.0 detik..
03:27:00 Eksekusi Download & Upload FTP..
03:27:01 Delay 1.0 detik..
03:27:02 Eksekusi Download & Upload FTP..
03:27:04 Delay 1.0 detik..
03:27:05 Eksekusi Download & Upload FTP..
03:27:06 Delay 1.0 detik..
03:27:07 Eksekusi Download & Upload FTP..
03:27:09 Delay 1.0 detik..
03:27:10 Eksekusi Download & Upload FTP..
03:27:11 Delay 1.0 detik..
03:27:12 Eksekusi Download & Upload FTP..
03:27:14 Delay 1.0 detik..
03:27:15 Eksekusi Download & Upload FTP..
03:27:16 Delay 1.0 detik..
03:27:18 Eksekusi Download & Upload FTP..
03:27:19 Delay 1.0 detik..
03:27:20 Eksekusi Download & Upload FTP..
03:27:22 Delay 1.0 detik..
03:27:23 Eksekusi Download & Upload FTP..
03:27:25 Delay 1.0 detik..
03:27:26 Eksekusi Download & Upload FTP..
03:27:28 Delay 1.0 detik..
03:27:29 Eksekusi Download & Upload FTP..
03:27:31 Delay 1.0 detik..
03:27:32 Eksekusi Download & Upload FTP..
03:27:34 Delay 1.0 detik..
03:27:35 Eksekusi Download & Upload FTP..
03:27:37 Delay 1.0 detik..
03:27:38 Eksekusi Download & Upload FTP..
03:27:40 Delay 1.0 detik..
03:27:41 Eksekusi Download & Upload FTP..
03:27:42 Delay 1.0 detik..
03:27:43 Eksekusi Download & Upload FTP..
03:27:45 Delay 1.0 detik..
03:27:46 Eksekusi Download & Upload FTP..
03:27:48 Delay 1.0 detik..
03:27:49 Eksekusi Download & Upload FTP..
03:27:50 Delay 1.0 detik..
03:27:51 Eksekusi Download & Upload FTP..
03:27:54 Delay 1.0 detik..
03:27:55 Eksekusi Download & Upload FTP..
03:27:56 Delay 1.0 detik..
03:27:57 Eksekusi Download & Upload FTP..
03:27:59 Delay 1.0 detik..
03:28:00 Eksekusi Download & Upload FTP..
03:28:02 Delay 1.0 detik..
03:28:03 Eksekusi Download & Upload FTP..
03:28:05 Delay 1.0 detik..
03:28:06 Eksekusi Download & Upload FTP..
03:28:08 Delay 1.0 detik..
03:28:09 Eksekusi Download & Upload FTP..
03:28:11 Delay 1.0 detik..
03:28:12 Eksekusi Download & Upload FTP..
03:28:14 Delay 1.0 detik..
03:28:15 Eksekusi Download & Upload FTP..
03:28:17 Delay 1.0 detik..
03:28:18 Eksekusi Download & Upload FTP..
03:28:20 Delay 1.0 detik..
03:28:21 Eksekusi Download & Upload FTP..
03:28:22 Delay 1.0 detik..
03:28:23 Eksekusi Download & Upload FTP..
03:28:25 Delay 1.0 detik..
03:28:26 Eksekusi Download & Upload FTP..
03:28:28 Delay 1.0 detik..
03:28:29 Eksekusi Download & Upload FTP..
03:28:31 Delay 1.0 detik..
03:28:32 Eksekusi Download & Upload FTP..
03:28:34 Delay 1.0 detik..
03:28:35 Eksekusi Download & Upload FTP..
03:28:37 Delay 1.0 detik..
03:28:38 Eksekusi Download & Upload FTP..
03:28:39 Delay 1.0 detik..
03:28:40 Eksekusi Download & Upload FTP..
03:28:43 Delay 1.0 detik..
03:28:44 Eksekusi Download & Upload FTP..
03:28:46 Delay 1.0 detik..
03:28:47 Eksekusi Download & Upload FTP..
03:28:49 Delay 1.0 detik..
03:28:50 Eksekusi Download & Upload FTP..
03:28:52 Delay 1.0 detik..
03:28:53 Eksekusi Download & Upload FTP..
03:28:55 Delay 1.0 detik..
03:28:56 Eksekusi Download & Upload FTP..
03:28:57 Delay 1.0 detik..
03:28:58 Eksekusi Download & Upload FTP..
03:29:00 Delay 1.0 detik..
03:29:01 Eksekusi Download & Upload FTP..
03:29:03 Delay 1.0 detik..
03:29:04 Eksekusi Download & Upload FTP..
03:29:06 Delay 1.0 detik..
03:29:07 Eksekusi Download & Upload FTP..
03:29:09 Delay 1.0 detik..
03:29:10 Eksekusi Download & Upload FTP..
03:29:12 Delay 1.0 detik..
03:29:13 Eksekusi Download & Upload FTP..
03:29:14 Delay 1.0 detik..
03:29:15 Eksekusi Download & Upload FTP..
03:29:17 Delay 1.0 detik..
03:29:18 Eksekusi Download & Upload FTP..
03:29:20 Delay 1.0 detik..
03:29:21 Eksekusi Download & Upload FTP..
03:29:23 Delay 1.0 detik..
03:29:24 Eksekusi Download & Upload FTP..
03:29:25 Delay 1.0 detik..
03:29:26 Eksekusi Download & Upload FTP..
03:29:28 Delay 1.0 detik..
03:29:29 Eksekusi Download & Upload FTP..
03:29:31 Delay 1.0 detik..
03:29:32 Eksekusi Download & Upload FTP..
03:29:34 Delay 1.0 detik..
03:29:35 Eksekusi Download & Upload FTP..
03:29:37 Delay 1.0 detik..
03:29:38 Eksekusi Download & Upload FTP..
03:29:40 Delay 1.0 detik..
03:29:41 Eksekusi Download & Upload FTP..
03:29:42 Delay 1.0 detik..
03:29:43 Eksekusi Download & Upload FTP..
03:29:45 Delay 1.0 detik..
03:29:46 Eksekusi Download & Upload FTP..
03:29:48 Delay 1.0 detik..
03:29:49 Eksekusi Download & Upload FTP..
03:29:51 Delay 1.0 detik..
03:29:52 Eksekusi Download & Upload FTP..
03:29:54 Delay 1.0 detik..
03:29:55 Eksekusi Download & Upload FTP..
03:29:57 Delay 1.0 detik..
03:29:58 Eksekusi Download & Upload FTP..
03:30:00 Delay 1.0 detik..
03:30:01 Eksekusi Download & Upload FTP..
03:30:02 Delay 1.0 detik..
03:30:03 Eksekusi Download & Upload FTP..
03:30:05 Delay 1.0 detik..
03:30:06 Eksekusi Download & Upload FTP..
03:30:08 Delay 1.0 detik..
03:30:09 Eksekusi Download & Upload FTP..
03:30:11 Delay 1.0 detik..
03:30:12 Eksekusi Download & Upload FTP..
03:30:14 Delay 1.0 detik..
03:30:15 Eksekusi Download & Upload FTP..
03:30:16 Delay 1.0 detik..
03:30:17 Eksekusi Download & Upload FTP..
03:30:19 Delay 1.0 detik..
03:30:20 Eksekusi Download & Upload FTP..
03:30:22 Delay 1.0 detik..
03:30:23 Eksekusi Download & Upload FTP..
03:30:25 Delay 1.0 detik..
03:30:26 Eksekusi Download & Upload FTP..
03:30:27 Delay 1.0 detik..
03:30:28 Eksekusi Download & Upload FTP..
03:30:30 Delay 1.0 detik..
03:30:31 Eksekusi Download & Upload FTP..
03:30:33 Delay 1.0 detik..
03:30:34 Eksekusi Download & Upload FTP..
03:30:36 Delay 1.0 detik..
03:30:37 Eksekusi Download & Upload FTP..
03:30:39 Delay 1.0 detik..
03:30:40 Eksekusi Download & Upload FTP..
03:30:42 Delay 1.0 detik..
03:30:43 Eksekusi Download & Upload FTP..
03:30:45 Delay 1.0 detik..
03:30:46 Eksekusi Download & Upload FTP..
03:30:48 Delay 1.0 detik..
03:30:49 Eksekusi Download & Upload FTP..
03:30:51 Delay 1.0 detik..
03:30:52 Eksekusi Download & Upload FTP..
03:30:54 Delay 1.0 detik..
03:30:55 Eksekusi Download & Upload FTP..
03:30:56 Delay 1.0 detik..
03:30:57 Eksekusi Download & Upload FTP..
03:31:00 Delay 1.0 detik..
03:31:01 Eksekusi Download & Upload FTP..
03:31:03 Delay 1.0 detik..
03:31:04 Eksekusi Download & Upload FTP..
03:31:05 Downloading File 24.txt from FTP Server --> 178.128.125.105/mts01/txt/input/24.txt
03:31:05 Success File downloaded into api/txt/input/24.txt
03:31:05 Deleting File 24.txt from FTP Server --> 178.128.125.105/mts01/txt/input/24.txt
03:31:05 Success File deleted from FTP Server --> 178.128.125.105/mts01/txt/input/24.txt
03:31:07 Uploading File 24.TXT from lokal Server --> api/txt/output/24.TXT
03:31:07 Success File uploaded into FTP Server --> 178.128.125.105/mts01/txt/output/24.TXT
03:31:07 Deleting File 24.TXT from local DIR --> api/txt/output/24.TXT
03:31:07 Success File deleted from local DIR --> api/txt/output/24.TXT
03:31:07 Delay 1.0 detik..
03:31:08 Eksekusi Download & Upload FTP..
03:31:10 Delay 1.0 detik..
03:31:11 Eksekusi Download & Upload FTP..
03:31:13 Delay 1.0 detik..
03:31:14 Eksekusi Download & Upload FTP..
03:31:15 Delay 1.0 detik..
03:31:16 Eksekusi Download & Upload FTP..
03:31:19 Delay 1.0 detik..
03:31:20 Eksekusi Download & Upload FTP..
03:31:21 Delay 1.0 detik..
03:31:22 Eksekusi Download & Upload FTP..
03:31:25 Delay 1.0 detik..
03:31:26 Eksekusi Download & Upload FTP..
03:31:28 Delay 1.0 detik..
03:31:29 Eksekusi Download & Upload FTP..
03:31:31 Delay 1.0 detik..
03:31:32 Eksekusi Download & Upload FTP..
03:31:33 Downloading File 25.txt from FTP Server --> 178.128.125.105/mts01/txt/input/25.txt
03:31:33 Success File downloaded into api/txt/input/25.txt
03:31:33 Deleting File 25.txt from FTP Server --> 178.128.125.105/mts01/txt/input/25.txt
03:31:33 Success File deleted from FTP Server --> 178.128.125.105/mts01/txt/input/25.txt
03:31:34 Uploading File 25.TXT from lokal Server --> api/txt/output/25.TXT
03:31:34 Success File uploaded into FTP Server --> 178.128.125.105/mts01/txt/output/25.TXT
03:31:34 Deleting File 25.TXT from local DIR --> api/txt/output/25.TXT
03:31:34 Success File deleted from local DIR --> api/txt/output/25.TXT
03:31:34 Delay 1.0 detik..
03:31:35 Eksekusi Download & Upload FTP..
03:31:37 Delay 1.0 detik..
03:31:38 Eksekusi Download & Upload FTP..
03:31:40 Delay 1.0 detik..
03:31:41 Eksekusi Download & Upload FTP..
03:31:43 Delay 1.0 detik..
03:31:44 Eksekusi Download & Upload FTP..
03:31:46 Delay 1.0 detik..
03:31:47 Eksekusi Download & Upload FTP..
03:31:49 Delay 1.0 detik..
03:31:50 Eksekusi Download & Upload FTP..
03:31:51 Delay 1.0 detik..
03:31:52 Eksekusi Download & Upload FTP..
03:31:54 Delay 1.0 detik..
03:31:55 Eksekusi Download & Upload FTP..
03:31:57 Delay 1.0 detik..
03:31:58 Eksekusi Download & Upload FTP..
03:32:00 Delay 1.0 detik..
03:32:01 Eksekusi Download & Upload FTP..
03:32:06 Delay 1.0 detik..
03:32:07 Eksekusi Download & Upload FTP..
03:32:09 Delay 1.0 detik..
03:32:10 Eksekusi Download & Upload FTP..
03:32:11 Delay 1.0 detik..
03:32:12 Eksekusi Download & Upload FTP..
03:32:14 Delay 1.0 detik..
03:32:15 Eksekusi Download & Upload FTP..
03:32:16 Delay 1.0 detik..
03:32:17 Eksekusi Download & Upload FTP..
03:32:19 Delay 1.0 detik..
03:32:20 Eksekusi Download & Upload FTP..
03:32:21 Delay 1.0 detik..
03:32:22 Eksekusi Download & Upload FTP..
03:32:23 Delay 1.0 detik..
03:32:24 Eksekusi Download & Upload FTP..
03:32:26 Delay 1.0 detik..
03:32:27 Eksekusi Download & Upload FTP..
03:32:28 Delay 1.0 detik..
03:32:29 Eksekusi Download & Upload FTP..
03:32:31 Delay 1.0 detik..
03:32:32 Eksekusi Download & Upload FTP..
03:32:33 Delay 1.0 detik..
03:32:34 Eksekusi Download & Upload FTP..
03:32:36 Delay 1.0 detik..
03:32:37 Eksekusi Download & Upload FTP..
03:32:38 Delay 1.0 detik..
03:32:39 Eksekusi Download & Upload FTP..
03:32:41 Delay 1.0 detik..
03:32:42 Eksekusi Download & Upload FTP..
03:32:43 Delay 1.0 detik..
03:32:44 Eksekusi Download & Upload FTP..
03:32:45 Delay 1.0 detik..
03:32:46 Eksekusi Download & Upload FTP..
03:32:48 Delay 1.0 detik..
03:32:49 Eksekusi Download & Upload FTP..
03:32:50 Delay 1.0 detik..
03:32:51 Eksekusi Download & Upload FTP..
03:32:52 Delay 1.0 detik..
03:32:53 Eksekusi Download & Upload FTP..
03:32:55 Delay 1.0 detik..
03:32:56 Eksekusi Download & Upload FTP..
03:32:57 Delay 1.0 detik..
03:32:58 Eksekusi Download & Upload FTP..
03:32:59 Delay 1.0 detik..
03:33:00 Eksekusi Download & Upload FTP..
03:33:02 Delay 1.0 detik..
03:33:03 Eksekusi Download & Upload FTP..
03:33:05 Delay 1.0 detik..
03:33:06 Eksekusi Download & Upload FTP..
03:33:07 Delay 1.0 detik..
03:33:08 Eksekusi Download & Upload FTP..
03:33:09 Delay 1.0 detik..
03:33:10 Eksekusi Download & Upload FTP..
03:33:12 Delay 1.0 detik..
03:33:13 Eksekusi Download & Upload FTP..
03:33:14 Delay 1.0 detik..
03:33:15 Eksekusi Download & Upload FTP..
03:33:17 Delay 1.0 detik..
03:33:18 Eksekusi Download & Upload FTP..
03:33:19 Delay 1.0 detik..
03:33:20 Eksekusi Download & Upload FTP..
03:33:22 Delay 1.0 detik..
03:33:23 Eksekusi Download & Upload FTP..
03:33:24 Delay 1.0 detik..
03:33:25 Eksekusi Download & Upload FTP..
03:33:27 Delay 1.0 detik..
03:33:28 Eksekusi Download & Upload FTP..
03:33:29 Delay 1.0 detik..
03:33:30 Eksekusi Download & Upload FTP..
03:33:31 Delay 1.0 detik..
03:33:32 Eksekusi Download & Upload FTP..
03:33:34 Delay 1.0 detik..
03:33:35 Eksekusi Download & Upload FTP..
03:33:36 Delay 1.0 detik..
03:33:37 Eksekusi Download & Upload FTP..
03:33:38 Delay 1.0 detik..
03:33:39 Eksekusi Download & Upload FTP..
03:33:41 Delay 1.0 detik..
03:33:42 Eksekusi Download & Upload FTP..
03:33:43 Delay 1.0 detik..
03:33:44 Eksekusi Download & Upload FTP..
03:33:45 Delay 1.0 detik..
03:33:46 Eksekusi Download & Upload FTP..
03:33:48 Delay 1.0 detik..
03:33:49 Eksekusi Download & Upload FTP..
03:33:50 Delay 1.0 detik..
03:33:51 Eksekusi Download & Upload FTP..
03:33:53 Delay 1.0 detik..
03:33:54 Eksekusi Download & Upload FTP..
03:33:55 Delay 1.0 detik..
03:33:56 Eksekusi Download & Upload FTP..
03:33:57 Delay 1.0 detik..
03:33:58 Eksekusi Download & Upload FTP..
03:34:00 Delay 1.0 detik..
03:34:01 Eksekusi Download & Upload FTP..
03:34:02 Delay 1.0 detik..
03:34:03 Eksekusi Download & Upload FTP..
03:34:04 Delay 1.0 detik..
03:34:05 Eksekusi Download & Upload FTP..
03:34:06 Delay 1.0 detik..
03:34:07 Eksekusi Download & Upload FTP..
03:34:09 Delay 1.0 detik..
03:34:10 Eksekusi Download & Upload FTP..
03:34:11 Delay 1.0 detik..
03:34:12 Eksekusi Download & Upload FTP..
03:34:13 Delay 1.0 detik..
03:34:14 Eksekusi Download & Upload FTP..
03:34:16 Delay 1.0 detik..
03:34:17 Eksekusi Download & Upload FTP..
03:34:18 Delay 1.0 detik..
03:34:19 Eksekusi Download & Upload FTP..
03:34:20 Delay 1.0 detik..
03:34:21 Eksekusi Download & Upload FTP..
03:34:22 Delay 1.0 detik..
03:34:23 Eksekusi Download & Upload FTP..
03:34:25 Delay 1.0 detik..
03:34:26 Eksekusi Download & Upload FTP..
03:34:27 Delay 1.0 detik..
03:34:28 Eksekusi Download & Upload FTP..
03:34:29 Delay 1.0 detik..
03:34:30 Eksekusi Download & Upload FTP..
03:34:32 Delay 1.0 detik..
03:34:33 Eksekusi Download & Upload FTP..
03:34:34 Delay 1.0 detik..
03:34:35 Eksekusi Download & Upload FTP..
03:34:36 Delay 1.0 detik..
03:34:37 Eksekusi Download & Upload FTP..
03:34:39 Delay 1.0 detik..
03:34:40 Eksekusi Download & Upload FTP..
03:34:41 Delay 1.0 detik..
03:34:42 Eksekusi Download & Upload FTP..
03:34:43 Delay 1.0 detik..
03:34:44 Eksekusi Download & Upload FTP..
03:34:45 Delay 1.0 detik..
03:34:46 Eksekusi Download & Upload FTP..
03:34:48 Delay 1.0 detik..
03:34:49 Eksekusi Download & Upload FTP..
03:34:50 Delay 1.0 detik..
03:34:51 Eksekusi Download & Upload FTP..
03:34:52 Delay 1.0 detik..
03:34:53 Eksekusi Download & Upload FTP..
03:34:54 Delay 1.0 detik..
03:34:55 Eksekusi Download & Upload FTP..
03:34:56 Delay 1.0 detik..
03:34:57 Eksekusi Download & Upload FTP..
03:34:59 Delay 1.0 detik..
03:35:00 Eksekusi Download & Upload FTP..
03:35:01 Delay 1.0 detik..
03:35:02 Eksekusi Download & Upload FTP..
03:35:03 Delay 1.0 detik..
03:35:04 Eksekusi Download & Upload FTP..
03:35:05 Delay 1.0 detik..
03:35:06 Eksekusi Download & Upload FTP..
03:35:07 Delay 1.0 detik..
03:35:08 Eksekusi Download & Upload FTP..
03:35:10 Delay 1.0 detik..
03:35:11 Eksekusi Download & Upload FTP..
03:35:12 Delay 1.0 detik..
03:35:13 Eksekusi Download & Upload FTP..
03:35:14 Delay 1.0 detik..
03:35:15 Eksekusi Download & Upload FTP..
03:35:17 Delay 1.0 detik..
03:35:18 Eksekusi Download & Upload FTP..
03:35:19 Delay 1.0 detik..
03:35:20 Eksekusi Download & Upload FTP..
03:35:21 Delay 1.0 detik..
03:35:22 Eksekusi Download & Upload FTP..
03:35:23 Delay 1.0 detik..
03:35:24 Eksekusi Download & Upload FTP..
03:35:25 Delay 1.0 detik..
03:35:26 Eksekusi Download & Upload FTP..
03:35:28 Delay 1.0 detik..
03:35:29 Eksekusi Download & Upload FTP..
03:35:30 Delay 1.0 detik..
03:35:31 Eksekusi Download & Upload FTP..
03:35:32 Delay 1.0 detik..
03:35:33 Eksekusi Download & Upload FTP..
03:35:35 Delay 1.0 detik..
03:35:36 Eksekusi Download & Upload FTP..
03:35:37 Delay 1.0 detik..
03:35:38 Eksekusi Download & Upload FTP..
03:35:39 Delay 1.0 detik..
03:35:40 Eksekusi Download & Upload FTP..
03:35:41 Delay 1.0 detik..
03:35:42 Eksekusi Download & Upload FTP..
03:35:44 Delay 1.0 detik..
03:35:45 Eksekusi Download & Upload FTP..
03:35:46 Delay 1.0 detik..
03:35:47 Eksekusi Download & Upload FTP..
03:35:48 Delay 1.0 detik..
03:35:49 Eksekusi Download & Upload FTP..
03:35:50 Delay 1.0 detik..
03:35:52 Eksekusi Download & Upload FTP..
03:35:53 Delay 1.0 detik..
03:35:54 Eksekusi Download & Upload FTP..
03:35:55 Delay 1.0 detik..
03:35:56 Eksekusi Download & Upload FTP..
03:35:57 Delay 1.0 detik..
03:35:58 Eksekusi Download & Upload FTP..
03:36:00 Delay 1.0 detik..
03:36:01 Eksekusi Download & Upload FTP..
03:36:02 Delay 1.0 detik..
03:36:03 Eksekusi Download & Upload FTP..
03:36:04 Delay 1.0 detik..
03:36:05 Eksekusi Download & Upload FTP..
03:36:06 Delay 1.0 detik..
03:36:07 Eksekusi Download & Upload FTP..
03:36:09 Delay 1.0 detik..
03:36:10 Eksekusi Download & Upload FTP..
03:36:11 Delay 1.0 detik..
03:36:12 Eksekusi Download & Upload FTP..
03:36:13 Delay 1.0 detik..
03:36:14 Eksekusi Download & Upload FTP..
03:36:15 Delay 1.0 detik..
03:36:16 Eksekusi Download & Upload FTP..
03:36:18 Delay 1.0 detik..
03:36:19 Eksekusi Download & Upload FTP..
03:36:20 Delay 1.0 detik..
03:36:21 Eksekusi Download & Upload FTP..
03:36:22 Delay 1.0 detik..
03:36:23 Eksekusi Download & Upload FTP..
03:36:24 Delay 1.0 detik..
03:36:25 Eksekusi Download & Upload FTP..
03:36:27 Delay 1.0 detik..
03:36:28 Eksekusi Download & Upload FTP..
03:36:29 Delay 1.0 detik..
03:36:30 Eksekusi Download & Upload FTP..
03:36:31 Delay 1.0 detik..
03:36:32 Eksekusi Download & Upload FTP..
03:36:33 Delay 1.0 detik..
03:36:34 Eksekusi Download & Upload FTP..
03:36:36 Delay 1.0 detik..
03:36:37 Eksekusi Download & Upload FTP..
03:36:38 Delay 1.0 detik..
03:36:39 Eksekusi Download & Upload FTP..
03:36:40 Delay 1.0 detik..
03:36:41 Eksekusi Download & Upload FTP..
03:36:43 Delay 1.0 detik..
03:36:44 Eksekusi Download & Upload FTP..
03:36:45 Delay 1.0 detik..
03:36:46 Eksekusi Download & Upload FTP..
03:36:47 Delay 1.0 detik..
03:36:48 Eksekusi Download & Upload FTP..
03:36:50 Delay 1.0 detik..
03:36:51 Eksekusi Download & Upload FTP..
03:36:52 Delay 1.0 detik..
03:36:53 Eksekusi Download & Upload FTP..
03:36:54 Delay 1.0 detik..
03:36:55 Eksekusi Download & Upload FTP..
03:36:56 Delay 1.0 detik..
03:36:57 Eksekusi Download & Upload FTP..
03:36:59 Delay 1.0 detik..
03:37:00 Eksekusi Download & Upload FTP..
03:37:01 Delay 1.0 detik..
03:37:02 Eksekusi Download & Upload FTP..
03:37:03 Delay 1.0 detik..
03:37:04 Eksekusi Download & Upload FTP..
03:37:06 Delay 1.0 detik..
03:37:07 Eksekusi Download & Upload FTP..
03:37:08 Delay 1.0 detik..
03:37:09 Eksekusi Download & Upload FTP..
03:37:10 Delay 1.0 detik..
03:37:11 Eksekusi Download & Upload FTP..
03:37:13 Delay 1.0 detik..
03:37:14 Eksekusi Download & Upload FTP..
03:37:15 Delay 1.0 detik..
03:37:16 Eksekusi Download & Upload FTP..
03:37:18 Delay 1.0 detik..
03:37:19 Eksekusi Download & Upload FTP..
03:37:20 Delay 1.0 detik..
03:37:21 Eksekusi Download & Upload FTP..
03:37:23 Delay 1.0 detik..
03:37:24 Eksekusi Download & Upload FTP..
03:37:25 Delay 1.0 detik..
03:37:26 Eksekusi Download & Upload FTP..
03:37:27 Delay 1.0 detik..
03:37:28 Eksekusi Download & Upload FTP..
03:37:30 Delay 1.0 detik..
03:37:31 Eksekusi Download & Upload FTP..
03:37:32 Delay 1.0 detik..
03:37:33 Eksekusi Download & Upload FTP..
03:37:35 Delay 1.0 detik..
03:37:36 Eksekusi Download & Upload FTP..
03:37:37 Delay 1.0 detik..
03:37:38 Eksekusi Download & Upload FTP..
03:37:39 Delay 1.0 detik..
03:37:40 Eksekusi Download & Upload FTP..
03:37:42 Delay 1.0 detik..
03:37:43 Eksekusi Download & Upload FTP..
03:37:44 Delay 1.0 detik..
03:37:45 Eksekusi Download & Upload FTP..
03:37:46 Delay 1.0 detik..
03:37:47 Eksekusi Download & Upload FTP..
03:37:48 Delay 1.0 detik..
03:37:49 Eksekusi Download & Upload FTP..
03:37:51 Delay 1.0 detik..
03:37:52 Eksekusi Download & Upload FTP..
03:37:53 Delay 1.0 detik..
03:37:54 Eksekusi Download & Upload FTP..
03:37:55 Delay 1.0 detik..
03:37:56 Eksekusi Download & Upload FTP..
03:37:58 Delay 1.0 detik..
03:37:59 Eksekusi Download & Upload FTP..
03:38:00 Delay 1.0 detik..
03:38:01 Eksekusi Download & Upload FTP..
03:38:02 Delay 1.0 detik..
03:38:03 Eksekusi Download & Upload FTP..
03:38:04 Delay 1.0 detik..
03:38:05 Eksekusi Download & Upload FTP..
03:38:07 Delay 1.0 detik..
03:38:08 Eksekusi Download & Upload FTP..
03:38:09 Delay 1.0 detik..
03:38:10 Eksekusi Download & Upload FTP..
03:38:11 Delay 1.0 detik..
03:38:12 Eksekusi Download & Upload FTP..
03:38:13 Delay 1.0 detik..
03:38:14 Eksekusi Download & Upload FTP..
03:38:16 Delay 1.0 detik..
03:38:17 Eksekusi Download & Upload FTP..
03:38:18 Delay 1.0 detik..
03:38:19 Eksekusi Download & Upload FTP..
03:38:20 Delay 1.0 detik..
03:38:21 Eksekusi Download & Upload FTP..
03:38:22 Delay 1.0 detik..
03:38:23 Eksekusi Download & Upload FTP..
03:38:25 Delay 1.0 detik..
03:38:26 Eksekusi Download & Upload FTP..
03:38:27 Delay 1.0 detik..
03:38:28 Eksekusi Download & Upload FTP..
03:38:30 Delay 1.0 detik..
03:38:31 Eksekusi Download & Upload FTP..
03:38:33 Delay 1.0 detik..
03:38:34 Eksekusi Download & Upload FTP..
03:38:35 Delay 1.0 detik..
03:38:36 Eksekusi Download & Upload FTP..
03:38:37 Delay 1.0 detik..
03:38:38 Eksekusi Download & Upload FTP..
03:38:40 Delay 1.0 detik..
03:38:41 Eksekusi Download & Upload FTP..
03:38:42 Delay 1.0 detik..
03:38:43 Eksekusi Download & Upload FTP..
03:38:45 Delay 1.0 detik..
03:38:46 Eksekusi Download & Upload FTP..
03:38:47 Delay 1.0 detik..
03:38:48 Eksekusi Download & Upload FTP..
03:38:49 Delay 1.0 detik..
03:38:50 Eksekusi Download & Upload FTP..
03:38:51 Delay 1.0 detik..
03:38:52 Eksekusi Download & Upload FTP..
03:38:54 Delay 1.0 detik..
03:38:55 Eksekusi Download & Upload FTP..
03:38:56 Delay 1.0 detik..
03:38:57 Eksekusi Download & Upload FTP..
03:38:58 Delay 1.0 detik..
03:38:59 Eksekusi Download & Upload FTP..
03:39:00 Delay 1.0 detik..
03:39:01 Eksekusi Download & Upload FTP..
03:39:03 Delay 1.0 detik..
03:39:04 Eksekusi Download & Upload FTP..
03:39:05 Delay 1.0 detik..
03:39:06 Eksekusi Download & Upload FTP..
03:39:07 Delay 1.0 detik..
03:39:08 Eksekusi Download & Upload FTP..
03:39:09 Delay 1.0 detik..
03:39:10 Eksekusi Download & Upload FTP..
03:39:12 Delay 1.0 detik..
03:39:13 Eksekusi Download & Upload FTP..
03:39:14 Delay 1.0 detik..
03:39:15 Eksekusi Download & Upload FTP..
03:39:16 Delay 1.0 detik..
03:39:17 Eksekusi Download & Upload FTP..
03:39:19 Delay 1.0 detik..
03:39:20 Eksekusi Download & Upload FTP..
03:39:21 Delay 1.0 detik..
03:39:22 Eksekusi Download & Upload FTP..
03:39:23 Delay 1.0 detik..
03:39:24 Eksekusi Download & Upload FTP..
03:39:25 Delay 1.0 detik..
03:39:26 Eksekusi Download & Upload FTP..
03:39:27 Delay 1.0 detik..
03:39:28 Eksekusi Download & Upload FTP..
03:39:30 Delay 1.0 detik..
03:39:31 Eksekusi Download & Upload FTP..
03:39:32 Delay 1.0 detik..
03:39:33 Eksekusi Download & Upload FTP..
03:39:34 Delay 1.0 detik..
03:39:35 Eksekusi Download & Upload FTP..
03:39:37 Delay 1.0 detik..
03:39:38 Eksekusi Download & Upload FTP..
03:39:39 Delay 1.0 detik..
03:39:40 Eksekusi Download & Upload FTP..
03:39:41 Delay 1.0 detik..
03:39:42 Eksekusi Download & Upload FTP..
03:39:44 Delay 1.0 detik..
03:39:45 Eksekusi Download & Upload FTP..
03:39:46 Delay 1.0 detik..
03:39:47 Eksekusi Download & Upload FTP..
03:39:48 Delay 1.0 detik..
03:39:49 Eksekusi Download & Upload FTP..
03:39:50 Delay 1.0 detik..
03:39:51 Eksekusi Download & Upload FTP..
03:39:53 Delay 1.0 detik..
03:39:54 Eksekusi Download & Upload FTP..
03:39:55 Delay 1.0 detik..
03:39:56 Eksekusi Download & Upload FTP..
03:39:57 Delay 1.0 detik..
03:39:58 Eksekusi Download & Upload FTP..
03:40:00 Delay 1.0 detik..
03:40:01 Eksekusi Download & Upload FTP..
03:40:02 Delay 1.0 detik..
03:40:03 Eksekusi Download & Upload FTP..
03:40:04 Delay 1.0 detik..
03:40:05 Eksekusi Download & Upload FTP..
03:40:06 Delay 1.0 detik..
03:40:07 Eksekusi Download & Upload FTP..
03:40:09 Delay 1.0 detik..
03:40:10 Eksekusi Download & Upload FTP..
03:40:11 Delay 1.0 detik..
03:40:12 Eksekusi Download & Upload FTP..
03:40:14 Delay 1.0 detik..
03:40:15 Eksekusi Download & Upload FTP..
03:40:16 Delay 1.0 detik..
03:40:17 Eksekusi Download & Upload FTP..
03:40:18 Delay 1.0 detik..
03:40:19 Eksekusi Download & Upload FTP..
03:40:20 Delay 1.0 detik..
03:40:21 Eksekusi Download & Upload FTP..
03:40:23 Delay 1.0 detik..
03:40:24 Eksekusi Download & Upload FTP..
03:40:25 Delay 1.0 detik..
03:40:26 Eksekusi Download & Upload FTP..
03:40:27 Delay 1.0 detik..
03:40:28 Eksekusi Download & Upload FTP..
03:40:29 Delay 1.0 detik..
03:40:30 Eksekusi Download & Upload FTP..
03:40:32 Delay 1.0 detik..
03:40:33 Eksekusi Download & Upload FTP..
03:40:34 Delay 1.0 detik..
03:40:35 Eksekusi Download & Upload FTP..
03:40:36 Delay 1.0 detik..
03:40:37 Eksekusi Download & Upload FTP..
03:40:38 Delay 1.0 detik..
03:40:39 Eksekusi Download & Upload FTP..
03:40:40 Delay 1.0 detik..
03:40:41 Eksekusi Download & Upload FTP..
03:40:42 Delay 1.0 detik..
03:40:43 Eksekusi Download & Upload FTP..
03:40:45 Delay 1.0 detik..
03:40:46 Eksekusi Download & Upload FTP..
03:40:47 Delay 1.0 detik..
03:40:48 Eksekusi Download & Upload FTP..
03:40:49 Delay 1.0 detik..
03:40:50 Eksekusi Download & Upload FTP..
03:40:51 Delay 1.0 detik..
03:40:52 Eksekusi Download & Upload FTP..
03:40:54 Delay 1.0 detik..
03:40:55 Eksekusi Download & Upload FTP..
03:40:56 Delay 1.0 detik..
03:40:57 Eksekusi Download & Upload FTP..
03:40:58 Delay 1.0 detik..
03:40:59 Eksekusi Download & Upload FTP..
03:41:01 Delay 1.0 detik..
03:41:02 Eksekusi Download & Upload FTP..
03:41:03 Delay 1.0 detik..
03:41:04 Eksekusi Download & Upload FTP..
03:41:07 Delay 1.0 detik..
03:41:08 Eksekusi Download & Upload FTP..
03:41:10 Delay 1.0 detik..
03:41:11 Eksekusi Download & Upload FTP..
03:41:13 Delay 1.0 detik..
03:41:14 Eksekusi Download & Upload FTP..
03:41:16 Delay 1.0 detik..
03:41:17 Eksekusi Download & Upload FTP..
03:41:18 Delay 1.0 detik..
03:41:19 Eksekusi Download & Upload FTP..
03:41:21 Delay 1.0 detik..
03:41:22 Eksekusi Download & Upload FTP..
03:41:24 Delay 1.0 detik..
03:41:25 Eksekusi Download & Upload FTP..
03:41:26 Delay 1.0 detik..
03:41:27 Eksekusi Download & Upload FTP..
03:41:29 Delay 1.0 detik..
03:41:30 Eksekusi Download & Upload FTP..
03:41:32 Delay 1.0 detik..
03:41:33 Eksekusi Download & Upload FTP..
03:41:34 Delay 1.0 detik..
03:41:35 Eksekusi Download & Upload FTP..
03:41:37 Delay 1.0 detik..
03:41:38 Eksekusi Download & Upload FTP..
03:41:40 Delay 1.0 detik..
03:41:41 Eksekusi Download & Upload FTP..
03:41:43 Delay 1.0 detik..
03:41:44 Eksekusi Download & Upload FTP..
03:41:46 Delay 1.0 detik..
03:41:47 Eksekusi Download & Upload FTP..
03:41:48 Delay 1.0 detik..
03:41:49 Eksekusi Download & Upload FTP..
03:41:51 Delay 1.0 detik..
03:41:52 Eksekusi Download & Upload FTP..
03:41:54 Delay 1.0 detik..
03:41:55 Eksekusi Download & Upload FTP..
03:41:57 Delay 1.0 detik..
03:41:58 Eksekusi Download & Upload FTP..
03:42:00 Delay 1.0 detik..
03:42:01 Eksekusi Download & Upload FTP..
03:42:03 Delay 1.0 detik..
03:42:04 Eksekusi Download & Upload FTP..
03:42:06 Delay 1.0 detik..
03:42:07 Eksekusi Download & Upload FTP..
03:42:08 Delay 1.0 detik..
03:42:09 Eksekusi Download & Upload FTP..
03:42:11 Delay 1.0 detik..
03:42:12 Eksekusi Download & Upload FTP..
03:42:14 Delay 1.0 detik..
03:42:15 Eksekusi Download & Upload FTP..
03:42:17 Delay 1.0 detik..
03:42:18 Eksekusi Download & Upload FTP..
03:42:18 Downloading File 26.txt from FTP Server --> 178.128.125.105/mts01/txt/input/26.txt
03:42:19 Success File downloaded into api/txt/input/26.txt
03:42:19 Deleting File 26.txt from FTP Server --> 178.128.125.105/mts01/txt/input/26.txt
03:42:19 Success File deleted from FTP Server --> 178.128.125.105/mts01/txt/input/26.txt
03:42:20 Delay 1.0 detik..
03:42:21 Eksekusi Download & Upload FTP..
03:42:22 Delay 1.0 detik..
03:42:23 Eksekusi Download & Upload FTP..
03:42:25 Uploading File 26.TXT from lokal Server --> api/txt/output/26.TXT
03:42:25 Success File uploaded into FTP Server --> 178.128.125.105/mts01/txt/output/26.TXT
03:42:25 Deleting File 26.TXT from local DIR --> api/txt/output/26.TXT
03:42:25 Success File deleted from local DIR --> api/txt/output/26.TXT
03:42:25 Delay 1.0 detik..
03:42:26 Eksekusi Download & Upload FTP..
03:42:28 Delay 1.0 detik..
03:42:29 Eksekusi Download & Upload FTP..
03:42:31 Delay 1.0 detik..
03:42:32 Eksekusi Download & Upload FTP..
03:42:33 Delay 1.0 detik..
03:42:34 Eksekusi Download & Upload FTP..
03:42:36 Delay 1.0 detik..
03:42:37 Eksekusi Download & Upload FTP..
03:42:38 Downloading File 27.txt from FTP Server --> 178.128.125.105/mts01/txt/input/27.txt
03:42:38 Success File downloaded into api/txt/input/27.txt
03:42:38 Deleting File 27.txt from FTP Server --> 178.128.125.105/mts01/txt/input/27.txt
03:42:38 Success File deleted from FTP Server --> 178.128.125.105/mts01/txt/input/27.txt
03:42:39 Delay 1.0 detik..
03:42:40 Eksekusi Download & Upload FTP..
03:42:42 Delay 1.0 detik..
03:42:43 Eksekusi Download & Upload FTP..
03:42:45 Delay 1.0 detik..
03:42:46 Eksekusi Download & Upload FTP..
03:42:48 Uploading File 27.TXT from lokal Server --> api/txt/output/27.TXT
03:42:48 Success File uploaded into FTP Server --> 178.128.125.105/mts01/txt/output/27.TXT
03:42:48 Deleting File 27.TXT from local DIR --> api/txt/output/27.TXT
03:42:48 Success File deleted from local DIR --> api/txt/output/27.TXT
03:42:48 Delay 1.0 detik..
03:42:49 Eksekusi Download & Upload FTP..
03:42:51 Delay 1.0 detik..
03:42:52 Eksekusi Download & Upload FTP..
03:42:53 Delay 1.0 detik..
03:42:54 Eksekusi Download & Upload FTP..
03:42:56 Delay 1.0 detik..
03:42:57 Eksekusi Download & Upload FTP..
03:42:58 Delay 1.0 detik..
03:42:59 Eksekusi Download & Upload FTP..
03:43:01 Delay 1.0 detik..
03:43:02 Eksekusi Download & Upload FTP..
03:43:05 Delay 1.0 detik..
03:43:06 Eksekusi Download & Upload FTP..
03:43:08 Delay 1.0 detik..
03:43:09 Eksekusi Download & Upload FTP..
03:43:10 Delay 1.0 detik..
03:43:11 Eksekusi Download & Upload FTP..
03:43:13 Delay 1.0 detik..
03:43:14 Eksekusi Download & Upload FTP..
03:43:16 Delay 1.0 detik..
03:43:17 Eksekusi Download & Upload FTP..
03:43:19 Delay 1.0 detik..
03:43:20 Eksekusi Download & Upload FTP..
03:43:21 Delay 1.0 detik..
03:43:22 Eksekusi Download & Upload FTP..
03:43:24 Delay 1.0 detik..
03:43:25 Eksekusi Download & Upload FTP..
03:43:27 Delay 1.0 detik..
03:43:28 Eksekusi Download & Upload FTP..
03:43:30 Delay 1.0 detik..
03:43:31 Eksekusi Download & Upload FTP..
03:43:32 Delay 1.0 detik..
03:43:33 Eksekusi Download & Upload FTP..
03:43:35 Delay 1.0 detik..
03:43:36 Eksekusi Download & Upload FTP..
03:43:38 Delay 1.0 detik..
03:43:39 Eksekusi Download & Upload FTP..
03:43:41 Delay 1.0 detik..
03:43:42 Eksekusi Download & Upload FTP..
03:43:44 Delay 1.0 detik..
03:43:45 Eksekusi Download & Upload FTP..
03:43:47 Delay 1.0 detik..
03:43:48 Eksekusi Download & Upload FTP..
03:43:49 Delay 1.0 detik..
03:43:50 Eksekusi Download & Upload FTP..
03:43:52 Delay 1.0 detik..
03:43:53 Eksekusi Download & Upload FTP..
03:43:55 Delay 1.0 detik..
03:43:56 Eksekusi Download & Upload FTP..
03:43:57 Delay 1.0 detik..
03:43:58 Eksekusi Download & Upload FTP..
03:44:00 Delay 1.0 detik..
03:44:01 Eksekusi Download & Upload FTP..
03:44:03 Delay 1.0 detik..
03:44:04 Eksekusi Download & Upload FTP..
03:44:06 Delay 1.0 detik..
03:44:07 Eksekusi Download & Upload FTP..
03:44:09 Delay 1.0 detik..
03:44:10 Eksekusi Download & Upload FTP..
03:44:12 Delay 1.0 detik..
03:44:13 Eksekusi Download & Upload FTP..
03:44:14 Delay 1.0 detik..
03:44:15 Eksekusi Download & Upload FTP..
03:44:17 Delay 1.0 detik..
03:44:18 Eksekusi Download & Upload FTP..
03:44:20 Delay 1.0 detik..
03:44:21 Eksekusi Download & Upload FTP..
03:44:23 Delay 1.0 detik..
03:44:24 Eksekusi Download & Upload FTP..
03:44:26 Delay 1.0 detik..
03:44:27 Eksekusi Download & Upload FTP..
03:44:29 Delay 1.0 detik..
03:44:30 Eksekusi Download & Upload FTP..
03:44:31 Delay 1.0 detik..
03:44:32 Eksekusi Download & Upload FTP..
03:44:34 Delay 1.0 detik..
03:44:35 Eksekusi Download & Upload FTP..
03:44:37 Delay 1.0 detik..
03:44:38 Eksekusi Download & Upload FTP..
03:44:39 Delay 1.0 detik..
03:44:40 Eksekusi Download & Upload FTP..
03:44:42 Delay 1.0 detik..
03:44:43 Eksekusi Download & Upload FTP..
03:44:44 Delay 1.0 detik..
03:44:45 Eksekusi Download & Upload FTP..
03:44:47 Delay 1.0 detik..
03:44:48 Eksekusi Download & Upload FTP..
03:44:50 Delay 1.0 detik..
03:44:51 Eksekusi Download & Upload FTP..
03:44:53 Delay 1.0 detik..
03:44:54 Eksekusi Download & Upload FTP..
03:44:55 Delay 1.0 detik..
03:44:56 Eksekusi Download & Upload FTP..
03:44:58 Delay 1.0 detik..
03:44:59 Eksekusi Download & Upload FTP..
03:45:01 Delay 1.0 detik..
03:45:02 Eksekusi Download & Upload FTP..
03:45:04 Delay 1.0 detik..
03:45:05 Eksekusi Download & Upload FTP..
03:45:06 Delay 1.0 detik..
03:45:07 Eksekusi Download & Upload FTP..
03:45:09 Delay 1.0 detik..
03:45:10 Eksekusi Download & Upload FTP..
03:45:12 Delay 1.0 detik..
03:45:13 Eksekusi Download & Upload FTP..
03:45:15 Delay 1.0 detik..
03:45:16 Eksekusi Download & Upload FTP..
03:45:17 Delay 1.0 detik..
03:45:18 Eksekusi Download & Upload FTP..
03:45:22 Delay 1.0 detik..
03:45:23 Eksekusi Download & Upload FTP..
03:45:25 Delay 1.0 detik..
03:45:26 Eksekusi Download & Upload FTP..
03:45:28 Delay 1.0 detik..
03:45:29 Eksekusi Download & Upload FTP..
03:45:30 Delay 1.0 detik..
03:45:31 Eksekusi Download & Upload FTP..
03:45:33 Delay 1.0 detik..
03:45:34 Eksekusi Download & Upload FTP..
03:45:35 Delay 1.0 detik..
03:45:36 Eksekusi Download & Upload FTP..
03:45:38 Delay 1.0 detik..
03:45:39 Eksekusi Download & Upload FTP..
03:45:41 Delay 1.0 detik..
03:45:42 Eksekusi Download & Upload FTP..
03:45:44 Delay 1.0 detik..
03:45:45 Eksekusi Download & Upload FTP..
03:45:46 Delay 1.0 detik..
03:45:47 Eksekusi Download & Upload FTP..
03:45:49 Delay 1.0 detik..
03:45:50 Eksekusi Download & Upload FTP..
03:45:51 Delay 1.0 detik..
03:45:52 Eksekusi Download & Upload FTP..
03:45:54 Delay 1.0 detik..
03:45:55 Eksekusi Download & Upload FTP..
03:45:57 Delay 1.0 detik..
03:45:58 Eksekusi Download & Upload FTP..
03:46:00 Delay 1.0 detik..
03:46:01 Eksekusi Download & Upload FTP..
03:46:02 Delay 1.0 detik..
03:46:03 Eksekusi Download & Upload FTP..
03:46:05 Delay 1.0 detik..
03:46:06 Eksekusi Download & Upload FTP..
03:46:08 Delay 1.0 detik..
03:46:09 Eksekusi Download & Upload FTP..
03:46:10 Delay 1.0 detik..
03:46:11 Eksekusi Download & Upload FTP..
03:46:13 Delay 1.0 detik..
03:46:14 Eksekusi Download & Upload FTP..
03:46:15 Delay 1.0 detik..
03:46:16 Eksekusi Download & Upload FTP..
03:46:18 Delay 1.0 detik..
03:46:19 Eksekusi Download & Upload FTP..
03:46:21 Delay 1.0 detik..
03:46:22 Eksekusi Download & Upload FTP..
03:46:23 Delay 1.0 detik..
03:46:24 Eksekusi Download & Upload FTP..
03:46:26 Delay 1.0 detik..
03:46:27 Eksekusi Download & Upload FTP..
03:46:29 Delay 1.0 detik..
03:46:30 Eksekusi Download & Upload FTP..
03:46:31 Delay 1.0 detik..
03:46:32 Eksekusi Download & Upload FTP..
03:46:34 Delay 1.0 detik..
03:46:35 Eksekusi Download & Upload FTP..
