12:39:21 Loading Configuration...
12:39:21 Loading Configuration Selesai !
12:39:24 Inisiasi aplikasi...
12:39:24 Testing koneksi ke server...
12:39:24 OK FTP Connected
OK Remote system is UNIX Type: L8
OK Current directory is /input

12:39:24 Aplikasi siap digunakan...
12:39:24 Testing koneksi ke server Selesai 
12:39:24 Delay 1.0 detik..
12:39:25 Eksekusi Download & Upload FTP..
12:39:27 Delay 1.0 detik..
12:39:28 Eksekusi Download & Upload FTP..
12:39:29 Delay 1.0 detik..
12:39:30 Eksekusi Download & Upload FTP..
12:39:31 Delay 1.0 detik..
12:39:32 Eksekusi Download & Upload FTP..
12:39:34 Delay 1.0 detik..
12:39:35 Eksekusi Download & Upload FTP..
12:39:36 Delay 1.0 detik..
12:39:37 Eksekusi Download & Upload FTP..
12:39:39 Delay 1.0 detik..
12:39:40 Eksekusi Download & Upload FTP..
12:39:42 Delay 1.0 detik..
12:39:43 Eksekusi Download & Upload FTP..
12:39:47 Delay 1.0 detik..
12:39:48 Eksekusi Download & Upload FTP..
12:39:49 Delay 1.0 detik..
12:39:50 Eksekusi Download & Upload FTP..
12:40:10 Delay 1.0 detik..
12:40:11 Eksekusi Download & Upload FTP..
12:40:22 Delay 1.0 detik..
12:40:23 Eksekusi Download & Upload FTP..
12:40:27 Delay 1.0 detik..
12:40:28 Eksekusi Download & Upload FTP..
12:40:30 Delay 1.0 detik..
12:40:31 Eksekusi Download & Upload FTP..
12:40:32 Delay 1.0 detik..
12:40:33 Eksekusi Download & Upload FTP..
12:40:34 Delay 1.0 detik..
12:40:35 Eksekusi Download & Upload FTP..
12:40:45 Delay 1.0 detik..
12:40:46 Eksekusi Download & Upload FTP..
12:40:47 Delay 1.0 detik..
12:40:48 Eksekusi Download & Upload FTP..
12:40:49 Delay 1.0 detik..
12:40:50 Eksekusi Download & Upload FTP..
12:40:52 Delay 1.0 detik..
12:40:53 Eksekusi Download & Upload FTP..
12:40:54 Delay 1.0 detik..
12:40:55 Eksekusi Download & Upload FTP..
12:41:07 Delay 1.0 detik..
12:41:08 Eksekusi Download & Upload FTP..
12:41:09 Delay 1.0 detik..
12:41:10 Eksekusi Download & Upload FTP..
12:41:12 Delay 1.0 detik..
12:41:13 Eksekusi Download & Upload FTP..
12:41:23 Delay 1.0 detik..
12:41:24 Eksekusi Download & Upload FTP..
12:41:25 Delay 1.0 detik..
12:41:26 Eksekusi Download & Upload FTP..
12:41:27 Delay 1.0 detik..
12:41:28 Eksekusi Download & Upload FTP..
12:41:29 Delay 1.0 detik..
12:41:30 Eksekusi Download & Upload FTP..
12:41:40 Delay 1.0 detik..
12:41:41 Eksekusi Download & Upload FTP..
12:41:51 Delay 1.0 detik..
12:41:52 Eksekusi Download & Upload FTP..
12:41:54 Delay 1.0 detik..
12:41:55 Eksekusi Download & Upload FTP..
12:42:05 Delay 1.0 detik..
12:42:06 Eksekusi Download & Upload FTP..
12:42:10 Delay 1.0 detik..
12:42:11 Eksekusi Download & Upload FTP..
12:42:12 Delay 1.0 detik..
12:42:13 Eksekusi Download & Upload FTP..
12:42:24 Delay 1.0 detik..
12:42:25 Eksekusi Download & Upload FTP..
12:42:26 Delay 1.0 detik..
12:42:27 Eksekusi Download & Upload FTP..
12:42:49 Error File uploading File from output
Connection timed out: connect
12:42:49 Delay 1.0 detik..
12:42:50 Eksekusi Download & Upload FTP..
12:42:51 Delay 1.0 detik..
12:42:52 Eksekusi Download & Upload FTP..
12:42:53 Delay 1.0 detik..
12:42:54 Eksekusi Download & Upload FTP..
12:43:05 Delay 1.0 detik..
12:43:06 Eksekusi Download & Upload FTP..
12:43:07 Delay 1.0 detik..
12:43:08 Eksekusi Download & Upload FTP..
12:43:18 Delay 1.0 detik..
12:43:19 Eksekusi Download & Upload FTP..
12:43:20 Delay 1.0 detik..
12:43:21 Eksekusi Download & Upload FTP..
12:43:24 Delay 1.0 detik..
12:43:25 Eksekusi Download & Upload FTP..
12:43:26 Delay 1.0 detik..
12:43:27 Eksekusi Download & Upload FTP..
12:43:28 Delay 1.0 detik..
12:43:29 Eksekusi Download & Upload FTP..
12:43:30 Delay 1.0 detik..
12:43:31 Eksekusi Download & Upload FTP..
12:43:32 Delay 1.0 detik..
12:43:33 Eksekusi Download & Upload FTP..
12:43:36 Delay 1.0 detik..
12:43:37 Eksekusi Download & Upload FTP..
12:44:05 Delay 1.0 detik..
12:44:06 Eksekusi Download & Upload FTP..
12:44:14 Delay 1.0 detik..
12:44:15 Eksekusi Download & Upload FTP..
12:44:18 Delay 1.0 detik..
12:44:19 Eksekusi Download & Upload FTP..
12:44:33 Delay 1.0 detik..
12:44:34 Eksekusi Download & Upload FTP..
12:44:54 Delay 1.0 detik..
12:44:55 Eksekusi Download & Upload FTP..
12:45:01 Delay 1.0 detik..
12:45:02 Eksekusi Download & Upload FTP..
12:45:11 Delay 1.0 detik..
12:45:12 Eksekusi Download & Upload FTP..
12:45:22 Delay 1.0 detik..
12:45:23 Eksekusi Download & Upload FTP..
12:45:44 Error dwonloading File from input
Connection timed out: connect
12:45:48 Delay 1.0 detik..
12:45:49 Eksekusi Download & Upload FTP..
12:46:02 Delay 1.0 detik..
12:46:03 Eksekusi Download & Upload FTP..
12:46:09 Delay 1.0 detik..
12:46:10 Eksekusi Download & Upload FTP..
12:46:14 Delay 1.0 detik..
12:46:15 Eksekusi Download & Upload FTP..
12:46:25 Delay 1.0 detik..
12:46:26 Eksekusi Download & Upload FTP..
12:46:27 Delay 1.0 detik..
12:46:28 Eksekusi Download & Upload FTP..
12:46:30 Delay 1.0 detik..
12:46:31 Eksekusi Download & Upload FTP..
12:46:33 Delay 1.0 detik..
12:46:34 Eksekusi Download & Upload FTP..
12:46:38 Delay 1.0 detik..
12:46:39 Eksekusi Download & Upload FTP..
12:46:48 Delay 1.0 detik..
12:46:49 Eksekusi Download & Upload FTP..
12:46:50 Delay 1.0 detik..
12:46:51 Eksekusi Download & Upload FTP..
12:46:52 Delay 1.0 detik..
12:46:53 Eksekusi Download & Upload FTP..
12:46:55 Delay 1.0 detik..
12:46:56 Eksekusi Download & Upload FTP..
12:46:57 Delay 1.0 detik..
12:46:58 Eksekusi Download & Upload FTP..
12:46:59 Delay 1.0 detik..
12:47:00 Eksekusi Download & Upload FTP..
12:47:11 Delay 1.0 detik..
12:47:12 Eksekusi Download & Upload FTP..
12:47:12 Delay 1.0 detik..
12:47:13 Eksekusi Download & Upload FTP..
12:47:15 Delay 1.0 detik..
12:47:16 Eksekusi Download & Upload FTP..
12:47:17 Delay 1.0 detik..
12:47:18 Eksekusi Download & Upload FTP..
12:47:20 Delay 1.0 detik..
12:47:21 Eksekusi Download & Upload FTP..
12:47:42 Error dwonloading File from input
Connection timed out: connect
12:47:46 Delay 1.0 detik..
12:47:47 Eksekusi Download & Upload FTP..
12:47:49 Delay 1.0 detik..
12:47:50 Eksekusi Download & Upload FTP..
12:48:00 Delay 1.0 detik..
12:48:01 Eksekusi Download & Upload FTP..
12:48:03 Delay 1.0 detik..
12:48:04 Eksekusi Download & Upload FTP..
12:48:05 Delay 1.0 detik..
12:48:06 Eksekusi Download & Upload FTP..
12:48:10 Delay 1.0 detik..
12:48:11 Eksekusi Download & Upload FTP..
12:48:12 Delay 1.0 detik..
12:48:13 Eksekusi Download & Upload FTP..
12:48:36 Error File uploading File from output
Connection timed out: connect
12:48:36 Delay 1.0 detik..
12:48:37 Eksekusi Download & Upload FTP..
12:48:38 Delay 1.0 detik..
12:48:39 Eksekusi Download & Upload FTP..
12:48:41 Delay 1.0 detik..
12:48:42 Eksekusi Download & Upload FTP..
12:48:44 Delay 1.0 detik..
12:48:45 Eksekusi Download & Upload FTP..
12:48:46 Delay 1.0 detik..
12:48:47 Eksekusi Download & Upload FTP..
12:48:49 Delay 1.0 detik..
12:48:50 Eksekusi Download & Upload FTP..
12:48:52 Delay 1.0 detik..
12:48:53 Eksekusi Download & Upload FTP..
12:48:55 Delay 1.0 detik..
12:48:56 Eksekusi Download & Upload FTP..
12:49:08 Delay 1.0 detik..
12:49:09 Eksekusi Download & Upload FTP..
12:49:19 Delay 1.0 detik..
12:49:20 Eksekusi Download & Upload FTP..
12:49:22 Delay 1.0 detik..
12:49:23 Eksekusi Download & Upload FTP..
12:49:26 Delay 1.0 detik..
12:49:27 Eksekusi Download & Upload FTP..
12:49:29 Delay 1.0 detik..
12:49:30 Eksekusi Download & Upload FTP..
12:49:33 Delay 1.0 detik..
12:49:34 Eksekusi Download & Upload FTP..
12:49:36 Delay 1.0 detik..
12:49:37 Eksekusi Download & Upload FTP..
12:49:42 Delay 1.0 detik..
12:49:43 Eksekusi Download & Upload FTP..
12:49:45 Delay 1.0 detik..
12:49:46 Eksekusi Download & Upload FTP..
12:49:47 Delay 1.0 detik..
12:49:48 Eksekusi Download & Upload FTP..
12:49:51 Delay 1.0 detik..
12:49:52 Eksekusi Download & Upload FTP..
12:49:53 Delay 1.0 detik..
12:49:54 Eksekusi Download & Upload FTP..
12:50:26 Error File uploading File from output
Connection timed out: connect
12:50:26 Delay 1.0 detik..
12:50:27 Eksekusi Download & Upload FTP..
12:50:30 Delay 1.0 detik..
12:50:31 Eksekusi Download & Upload FTP..
12:50:33 Delay 1.0 detik..
12:50:34 Eksekusi Download & Upload FTP..
12:50:35 Delay 1.0 detik..
12:50:36 Eksekusi Download & Upload FTP..
12:50:39 Delay 1.0 detik..
12:50:40 Eksekusi Download & Upload FTP..
12:50:44 Delay 1.0 detik..
12:50:45 Eksekusi Download & Upload FTP..
12:50:46 Delay 1.0 detik..
12:50:47 Eksekusi Download & Upload FTP..
12:50:57 Delay 1.0 detik..
12:50:58 Eksekusi Download & Upload FTP..
12:51:00 Delay 1.0 detik..
12:51:01 Eksekusi Download & Upload FTP..
12:51:10 Delay 1.0 detik..
12:51:11 Eksekusi Download & Upload FTP..
12:51:18 Delay 1.0 detik..
12:51:19 Eksekusi Download & Upload FTP..
12:51:23 Delay 1.0 detik..
12:51:24 Eksekusi Download & Upload FTP..
12:51:27 Delay 1.0 detik..
12:51:28 Eksekusi Download & Upload FTP..
12:51:39 Delay 1.0 detik..
12:51:40 Eksekusi Download & Upload FTP..
12:51:58 Delay 1.0 detik..
12:51:59 Eksekusi Download & Upload FTP..
12:52:05 Delay 1.0 detik..
12:52:06 Eksekusi Download & Upload FTP..
12:52:16 Delay 1.0 detik..
12:52:17 Eksekusi Download & Upload FTP..
12:52:18 Delay 1.0 detik..
12:52:19 Eksekusi Download & Upload FTP..
12:52:25 Delay 1.0 detik..
12:52:26 Eksekusi Download & Upload FTP..
12:52:31 Delay 1.0 detik..
12:52:32 Eksekusi Download & Upload FTP..
12:52:36 Delay 1.0 detik..
12:52:37 Eksekusi Download & Upload FTP..
12:52:38 Delay 1.0 detik..
12:52:39 Eksekusi Download & Upload FTP..
12:52:42 Delay 1.0 detik..
12:52:43 Eksekusi Download & Upload FTP..
12:52:52 Delay 1.0 detik..
12:52:53 Eksekusi Download & Upload FTP..
12:52:57 Delay 1.0 detik..
12:52:58 Eksekusi Download & Upload FTP..
12:53:10 Delay 1.0 detik..
12:53:11 Eksekusi Download & Upload FTP..
12:53:14 Delay 1.0 detik..
12:53:15 Eksekusi Download & Upload FTP..
12:53:28 Delay 1.0 detik..
12:53:29 Eksekusi Download & Upload FTP..
12:53:31 Delay 1.0 detik..
12:53:32 Eksekusi Download & Upload FTP..
12:53:36 Delay 1.0 detik..
12:53:37 Eksekusi Download & Upload FTP..
12:53:38 Delay 1.0 detik..
12:53:39 Eksekusi Download & Upload FTP..
12:53:42 Delay 1.0 detik..
12:53:43 Eksekusi Download & Upload FTP..
12:53:47 Delay 1.0 detik..
12:53:48 Eksekusi Download & Upload FTP..
12:53:50 Delay 1.0 detik..
12:53:51 Eksekusi Download & Upload FTP..
12:53:55 Delay 1.0 detik..
12:53:56 Eksekusi Download & Upload FTP..
12:53:58 Delay 1.0 detik..
12:53:59 Eksekusi Download & Upload FTP..
12:54:02 Delay 1.0 detik..
12:54:03 Eksekusi Download & Upload FTP..
12:54:08 Delay 1.0 detik..
12:54:10 Eksekusi Download & Upload FTP..
12:54:11 Delay 1.0 detik..
12:54:13 Eksekusi Download & Upload FTP..
12:54:15 Delay 1.0 detik..
12:54:16 Eksekusi Download & Upload FTP..
12:54:26 Delay 1.0 detik..
12:54:27 Eksekusi Download & Upload FTP..
12:54:30 Delay 1.0 detik..
12:54:31 Eksekusi Download & Upload FTP..
12:54:32 Delay 1.0 detik..
12:54:33 Eksekusi Download & Upload FTP..
12:54:54 Error dwonloading File from input
Connection timed out: connect
12:54:56 Delay 1.0 detik..
12:54:58 Eksekusi Download & Upload FTP..
12:55:00 Delay 1.0 detik..
12:55:01 Eksekusi Download & Upload FTP..
12:55:03 Delay 1.0 detik..
12:55:04 Eksekusi Download & Upload FTP..
12:55:05 Delay 1.0 detik..
12:55:06 Eksekusi Download & Upload FTP..
12:55:08 Delay 1.0 detik..
12:55:09 Eksekusi Download & Upload FTP..
12:55:11 Delay 1.0 detik..
12:55:12 Eksekusi Download & Upload FTP..
12:55:13 Delay 1.0 detik..
12:55:14 Eksekusi Download & Upload FTP..
12:55:18 Delay 1.0 detik..
12:55:19 Eksekusi Download & Upload FTP..
12:55:25 Delay 1.0 detik..
12:55:26 Eksekusi Download & Upload FTP..
12:55:28 Delay 1.0 detik..
12:55:29 Eksekusi Download & Upload FTP..
12:55:42 Delay 1.0 detik..
12:55:43 Eksekusi Download & Upload FTP..
12:55:45 Delay 1.0 detik..
12:55:46 Eksekusi Download & Upload FTP..
12:55:49 Delay 1.0 detik..
12:55:50 Eksekusi Download & Upload FTP..
12:56:02 Delay 1.0 detik..
12:56:03 Eksekusi Download & Upload FTP..
12:56:05 Delay 1.0 detik..
12:56:06 Eksekusi Download & Upload FTP..
12:56:08 Delay 1.0 detik..
12:56:09 Eksekusi Download & Upload FTP..
12:56:12 Delay 1.0 detik..
12:56:13 Eksekusi Download & Upload FTP..
12:56:35 Error File uploading File from output
Connection timed out: connect
12:56:35 Delay 1.0 detik..
12:56:36 Eksekusi Download & Upload FTP..
12:56:37 Delay 1.0 detik..
12:56:38 Eksekusi Download & Upload FTP..
12:56:39 Delay 1.0 detik..
12:56:41 Eksekusi Download & Upload FTP..
12:56:42 Delay 1.0 detik..
12:56:43 Eksekusi Download & Upload FTP..
12:56:45 Delay 1.0 detik..
12:56:46 Eksekusi Download & Upload FTP..
12:56:49 Delay 1.0 detik..
12:56:50 Eksekusi Download & Upload FTP..
12:56:52 Delay 1.0 detik..
12:56:53 Eksekusi Download & Upload FTP..
12:56:55 Delay 1.0 detik..
12:56:56 Eksekusi Download & Upload FTP..
12:56:58 Delay 1.0 detik..
12:56:59 Eksekusi Download & Upload FTP..
12:57:14 Delay 1.0 detik..
12:57:15 Eksekusi Download & Upload FTP..
12:57:33 Delay 1.0 detik..
12:57:34 Eksekusi Download & Upload FTP..
12:57:36 Delay 1.0 detik..
12:57:37 Eksekusi Download & Upload FTP..
12:57:39 Delay 1.0 detik..
12:57:40 Eksekusi Download & Upload FTP..
12:57:50 Delay 1.0 detik..
12:57:51 Eksekusi Download & Upload FTP..
12:57:55 Delay 1.0 detik..
12:57:56 Eksekusi Download & Upload FTP..
12:57:58 Delay 1.0 detik..
12:57:59 Eksekusi Download & Upload FTP..
12:58:01 Delay 1.0 detik..
12:58:02 Eksekusi Download & Upload FTP..
12:58:24 Error dwonloading File from input
Connection timed out: connect
12:58:25 Delay 1.0 detik..
12:58:26 Eksekusi Download & Upload FTP..
12:58:27 Delay 1.0 detik..
12:58:28 Eksekusi Download & Upload FTP..
12:58:30 Delay 1.0 detik..
12:58:31 Eksekusi Download & Upload FTP..
12:58:44 Delay 1.0 detik..
12:58:45 Eksekusi Download & Upload FTP..
12:58:47 Delay 1.0 detik..
12:58:48 Eksekusi Download & Upload FTP..
12:58:50 Delay 1.0 detik..
12:58:51 Eksekusi Download & Upload FTP..
12:58:55 Delay 1.0 detik..
12:58:56 Eksekusi Download & Upload FTP..
12:59:07 Delay 1.0 detik..
12:59:08 Eksekusi Download & Upload FTP..
12:59:10 Delay 1.0 detik..
12:59:12 Eksekusi Download & Upload FTP..
12:59:13 Delay 1.0 detik..
12:59:14 Eksekusi Download & Upload FTP..
12:59:17 Delay 1.0 detik..
12:59:18 Eksekusi Download & Upload FTP..
12:59:21 Delay 1.0 detik..
12:59:22 Eksekusi Download & Upload FTP..
12:59:27 Delay 1.0 detik..
12:59:28 Eksekusi Download & Upload FTP..
12:59:29 Delay 1.0 detik..
12:59:30 Eksekusi Download & Upload FTP..
12:59:51 Error dwonloading File from input
Connection timed out: connect
12:59:52 Delay 1.0 detik..
12:59:53 Eksekusi Download & Upload FTP..
12:59:59 Delay 1.0 detik..
01:00:00 Eksekusi Download & Upload FTP..
01:00:02 Delay 1.0 detik..
01:00:03 Eksekusi Download & Upload FTP..
01:00:09 Delay 1.0 detik..
01:00:10 Eksekusi Download & Upload FTP..
01:00:15 Delay 1.0 detik..
01:00:17 Eksekusi Download & Upload FTP..
01:00:20 Delay 1.0 detik..
01:00:21 Eksekusi Download & Upload FTP..
01:00:23 Delay 1.0 detik..
01:00:25 Eksekusi Download & Upload FTP..
01:00:29 Delay 1.0 detik..
01:00:30 Eksekusi Download & Upload FTP..
01:00:33 Delay 1.0 detik..
01:00:34 Eksekusi Download & Upload FTP..
01:00:38 Delay 1.0 detik..
01:00:39 Eksekusi Download & Upload FTP..
01:00:41 Delay 1.0 detik..
01:00:42 Eksekusi Download & Upload FTP..
01:00:45 Delay 1.0 detik..
01:00:46 Eksekusi Download & Upload FTP..
01:00:50 Delay 1.0 detik..
01:00:51 Eksekusi Download & Upload FTP..
01:01:15 Delay 1.0 detik..
01:01:16 Eksekusi Download & Upload FTP..
01:01:17 Delay 1.0 detik..
01:01:18 Eksekusi Download & Upload FTP..
01:01:40 Error File uploading File from output
Connection timed out: connect
01:01:40 Delay 1.0 detik..
01:01:41 Eksekusi Download & Upload FTP..
01:01:44 Delay 1.0 detik..
01:01:45 Eksekusi Download & Upload FTP..
01:01:47 Delay 1.0 detik..
01:01:48 Eksekusi Download & Upload FTP..
01:01:49 Delay 1.0 detik..
01:01:50 Eksekusi Download & Upload FTP..
01:02:01 Delay 1.0 detik..
01:02:02 Eksekusi Download & Upload FTP..
01:02:14 Delay 1.0 detik..
01:02:15 Eksekusi Download & Upload FTP..
01:02:29 Delay 1.0 detik..
01:02:30 Eksekusi Download & Upload FTP..
01:02:32 Delay 1.0 detik..
01:02:33 Eksekusi Download & Upload FTP..
01:02:34 Delay 1.0 detik..
01:02:35 Eksekusi Download & Upload FTP..
01:02:36 Delay 1.0 detik..
01:02:37 Eksekusi Download & Upload FTP..
01:02:48 Delay 1.0 detik..
01:02:49 Eksekusi Download & Upload FTP..
01:02:51 Delay 1.0 detik..
01:02:53 Eksekusi Download & Upload FTP..
01:02:54 Delay 1.0 detik..
01:02:55 Eksekusi Download & Upload FTP..
01:02:56 Delay 1.0 detik..
01:02:57 Eksekusi Download & Upload FTP..
01:02:59 Delay 1.0 detik..
01:03:00 Eksekusi Download & Upload FTP..
01:03:19 Delay 1.0 detik..
01:03:21 Eksekusi Download & Upload FTP..
01:03:34 Delay 1.0 detik..
01:03:35 Eksekusi Download & Upload FTP..
01:03:36 Delay 1.0 detik..
01:03:37 Eksekusi Download & Upload FTP..
01:03:39 Delay 1.0 detik..
01:03:40 Eksekusi Download & Upload FTP..
01:03:50 Delay 1.0 detik..
01:03:51 Eksekusi Download & Upload FTP..
01:03:53 Delay 1.0 detik..
01:03:54 Eksekusi Download & Upload FTP..
01:03:56 Delay 1.0 detik..
01:03:57 Eksekusi Download & Upload FTP..
01:04:00 Delay 1.0 detik..
01:04:01 Eksekusi Download & Upload FTP..
01:04:12 Delay 1.0 detik..
01:04:13 Eksekusi Download & Upload FTP..
01:04:14 Delay 1.0 detik..
01:04:15 Eksekusi Download & Upload FTP..
01:04:17 Delay 1.0 detik..
01:04:18 Eksekusi Download & Upload FTP..
01:04:29 Delay 1.0 detik..
01:04:30 Eksekusi Download & Upload FTP..
01:04:50 Delay 1.0 detik..
01:04:51 Eksekusi Download & Upload FTP..
01:04:53 Delay 1.0 detik..
01:04:54 Eksekusi Download & Upload FTP..
01:04:55 Delay 1.0 detik..
01:04:56 Eksekusi Download & Upload FTP..
01:04:58 Delay 1.0 detik..
01:04:59 Eksekusi Download & Upload FTP..
01:05:10 Delay 1.0 detik..
01:05:11 Eksekusi Download & Upload FTP..
01:05:32 Error dwonloading File from input
Connection timed out: connect
01:05:33 Delay 1.0 detik..
01:05:34 Eksekusi Download & Upload FTP..
01:05:45 Delay 1.0 detik..
01:05:47 Eksekusi Download & Upload FTP..
01:05:48 Delay 1.0 detik..
01:05:49 Eksekusi Download & Upload FTP..
01:05:54 Delay 1.0 detik..
01:05:55 Eksekusi Download & Upload FTP..
01:05:56 Delay 1.0 detik..
01:05:57 Eksekusi Download & Upload FTP..
01:05:59 Delay 1.0 detik..
01:06:00 Eksekusi Download & Upload FTP..
01:06:03 Delay 1.0 detik..
01:06:04 Eksekusi Download & Upload FTP..
01:06:16 Delay 1.0 detik..
01:06:17 Eksekusi Download & Upload FTP..
01:06:29 Delay 1.0 detik..
01:06:30 Eksekusi Download & Upload FTP..
01:06:32 Delay 1.0 detik..
01:06:33 Eksekusi Download & Upload FTP..
01:06:35 Delay 1.0 detik..
01:06:36 Eksekusi Download & Upload FTP..
01:06:39 Delay 1.0 detik..
01:06:40 Eksekusi Download & Upload FTP..
01:06:43 Delay 1.0 detik..
01:06:44 Eksekusi Download & Upload FTP..
01:06:45 Delay 1.0 detik..
01:06:47 Eksekusi Download & Upload FTP..
01:06:48 Delay 1.0 detik..
01:06:49 Eksekusi Download & Upload FTP..
01:07:16 Error dwonloading File from input
Connection timed out: connect
01:07:18 Delay 1.0 detik..
01:07:19 Eksekusi Download & Upload FTP..
01:07:32 Delay 1.0 detik..
01:07:33 Eksekusi Download & Upload FTP..
01:07:36 Delay 1.0 detik..
01:07:37 Eksekusi Download & Upload FTP..
01:07:39 Delay 1.0 detik..
01:07:40 Eksekusi Download & Upload FTP..
01:07:44 Delay 1.0 detik..
01:07:49 Eksekusi Download & Upload FTP..
01:07:52 Delay 1.0 detik..
01:07:53 Eksekusi Download & Upload FTP..
01:08:01 Delay 1.0 detik..
01:08:02 Eksekusi Download & Upload FTP..
01:08:05 Delay 1.0 detik..
01:08:06 Eksekusi Download & Upload FTP..
01:08:10 Delay 1.0 detik..
01:08:11 Eksekusi Download & Upload FTP..
01:08:13 Delay 1.0 detik..
01:08:14 Eksekusi Download & Upload FTP..
01:08:15 Delay 1.0 detik..
01:08:16 Eksekusi Download & Upload FTP..
01:08:24 Delay 1.0 detik..
01:08:25 Eksekusi Download & Upload FTP..
01:08:26 Delay 1.0 detik..
01:08:27 Eksekusi Download & Upload FTP..
01:08:37 Delay 1.0 detik..
01:08:38 Eksekusi Download & Upload FTP..
01:08:43 Delay 1.0 detik..
01:08:44 Eksekusi Download & Upload FTP..
01:08:45 Delay 1.0 detik..
01:08:46 Eksekusi Download & Upload FTP..
01:08:50 Delay 1.0 detik..
01:08:51 Eksekusi Download & Upload FTP..
01:09:04 Delay 1.0 detik..
01:09:05 Eksekusi Download & Upload FTP..
01:09:07 Delay 1.0 detik..
01:09:09 Eksekusi Download & Upload FTP..
01:09:12 Delay 1.0 detik..
01:09:13 Eksekusi Download & Upload FTP..
01:09:23 Delay 1.0 detik..
01:09:24 Eksekusi Download & Upload FTP..
01:09:28 Delay 1.0 detik..
01:09:29 Eksekusi Download & Upload FTP..
01:09:40 Delay 1.0 detik..
01:09:46 Eksekusi Download & Upload FTP..
01:09:47 Delay 1.0 detik..
01:09:49 Eksekusi Download & Upload FTP..
01:09:50 Delay 1.0 detik..
01:09:51 Eksekusi Download & Upload FTP..
01:10:12 Delay 1.0 detik..
01:10:13 Eksekusi Download & Upload FTP..
01:10:14 Delay 1.0 detik..
01:10:15 Eksekusi Download & Upload FTP..
01:10:20 Delay 1.0 detik..
01:10:21 Eksekusi Download & Upload FTP..
01:10:32 Delay 1.0 detik..
01:10:33 Eksekusi Download & Upload FTP..
01:10:36 Delay 1.0 detik..
01:10:37 Eksekusi Download & Upload FTP..
01:10:45 Delay 1.0 detik..
01:10:49 Eksekusi Download & Upload FTP..
01:10:52 Delay 1.0 detik..
01:10:53 Eksekusi Download & Upload FTP..
01:10:54 Delay 1.0 detik..
01:10:55 Eksekusi Download & Upload FTP..
01:11:06 Delay 1.0 detik..
01:11:07 Eksekusi Download & Upload FTP..
01:11:08 Delay 1.0 detik..
01:11:09 Eksekusi Download & Upload FTP..
01:11:15 Delay 1.0 detik..
01:11:16 Eksekusi Download & Upload FTP..
01:11:27 Delay 1.0 detik..
01:11:28 Eksekusi Download & Upload FTP..
01:11:29 Delay 1.0 detik..
01:11:30 Eksekusi Download & Upload FTP..
01:11:35 Delay 1.0 detik..
01:11:37 Eksekusi Download & Upload FTP..
01:11:39 Delay 1.0 detik..
01:11:40 Eksekusi Download & Upload FTP..
01:11:41 Delay 1.0 detik..
01:11:42 Eksekusi Download & Upload FTP..
01:11:44 Delay 1.0 detik..
01:11:52 Eksekusi Download & Upload FTP..
01:11:54 Delay 1.0 detik..
01:11:55 Eksekusi Download & Upload FTP..
01:11:57 Delay 1.0 detik..
01:11:58 Eksekusi Download & Upload FTP..
01:12:00 Delay 1.0 detik..
01:12:02 Eksekusi Download & Upload FTP..
01:12:05 Delay 1.0 detik..
01:12:06 Eksekusi Download & Upload FTP..
01:12:37 Error File uploading File from output
Connection timed out: connect
01:12:37 Delay 1.0 detik..
01:12:38 Eksekusi Download & Upload FTP..
01:12:39 Delay 1.0 detik..
01:12:40 Eksekusi Download & Upload FTP..
01:12:42 Delay 1.0 detik..
01:12:43 Eksekusi Download & Upload FTP..
01:12:44 Delay 1.0 detik..
01:12:45 Eksekusi Download & Upload FTP..
01:12:48 Delay 1.0 detik..
01:12:49 Eksekusi Download & Upload FTP..
01:13:00 Delay 1.0 detik..
01:13:01 Eksekusi Download & Upload FTP..
01:13:03 Delay 1.0 detik..
01:13:04 Eksekusi Download & Upload FTP..
01:13:07 Delay 1.0 detik..
01:13:09 Eksekusi Download & Upload FTP..
01:13:11 Delay 1.0 detik..
01:13:12 Eksekusi Download & Upload FTP..
01:13:23 Delay 1.0 detik..
01:13:24 Eksekusi Download & Upload FTP..
01:13:26 Delay 1.0 detik..
01:13:27 Eksekusi Download & Upload FTP..
01:13:37 Delay 1.0 detik..
01:13:38 Eksekusi Download & Upload FTP..
01:13:40 Delay 1.0 detik..
01:13:41 Eksekusi Download & Upload FTP..
01:13:43 Delay 1.0 detik..
01:13:44 Eksekusi Download & Upload FTP..
01:13:47 Delay 1.0 detik..
01:13:48 Eksekusi Download & Upload FTP..
01:13:49 Delay 1.0 detik..
01:13:50 Eksekusi Download & Upload FTP..
01:14:00 Delay 1.0 detik..
01:14:01 Eksekusi Download & Upload FTP..
01:14:03 Delay 1.0 detik..
01:14:04 Eksekusi Download & Upload FTP..
01:14:06 Delay 1.0 detik..
01:14:07 Eksekusi Download & Upload FTP..
01:14:08 Delay 1.0 detik..
01:14:09 Eksekusi Download & Upload FTP..
01:14:11 Delay 1.0 detik..
01:14:12 Eksekusi Download & Upload FTP..
01:14:13 Delay 1.0 detik..
01:14:14 Eksekusi Download & Upload FTP..
01:14:16 Delay 1.0 detik..
01:14:17 Eksekusi Download & Upload FTP..
01:14:18 Delay 1.0 detik..
01:14:19 Eksekusi Download & Upload FTP..
01:14:20 Delay 1.0 detik..
01:14:21 Eksekusi Download & Upload FTP..
01:14:31 Delay 1.0 detik..
01:14:32 Eksekusi Download & Upload FTP..
01:14:35 Delay 1.0 detik..
01:14:36 Eksekusi Download & Upload FTP..
01:14:57 Error dwonloading File from input
Connection timed out: connect
01:15:06 Delay 1.0 detik..
01:15:07 Eksekusi Download & Upload FTP..
01:15:28 Error dwonloading File from input
Connection timed out: connect
01:15:29 Delay 1.0 detik..
01:15:30 Eksekusi Download & Upload FTP..
01:15:31 Delay 1.0 detik..
01:15:32 Eksekusi Download & Upload FTP..
01:15:32 Delay 1.0 detik..
01:15:33 Eksekusi Download & Upload FTP..
01:15:36 Delay 1.0 detik..
01:15:37 Eksekusi Download & Upload FTP..
01:15:38 Delay 1.0 detik..
01:15:39 Eksekusi Download & Upload FTP..
01:15:41 Delay 1.0 detik..
01:15:42 Eksekusi Download & Upload FTP..
01:15:43 Delay 1.0 detik..
01:15:44 Eksekusi Download & Upload FTP..
01:15:45 Delay 1.0 detik..
01:15:46 Eksekusi Download & Upload FTP..
01:15:47 Delay 1.0 detik..
01:15:48 Eksekusi Download & Upload FTP..
01:15:58 Delay 1.0 detik..
01:15:59 Eksekusi Download & Upload FTP..
01:16:00 Delay 1.0 detik..
01:16:01 Eksekusi Download & Upload FTP..
01:16:02 Delay 1.0 detik..
01:16:03 Eksekusi Download & Upload FTP..
01:16:14 Delay 1.0 detik..
01:16:15 Eksekusi Download & Upload FTP..
01:16:16 Delay 1.0 detik..
01:16:17 Eksekusi Download & Upload FTP..
01:16:18 Delay 1.0 detik..
01:16:19 Eksekusi Download & Upload FTP..
01:16:20 Delay 1.0 detik..
01:16:21 Eksekusi Download & Upload FTP..
01:16:43 Error File uploading File from output
Connection timed out: connect
01:16:43 Delay 1.0 detik..
01:16:44 Eksekusi Download & Upload FTP..
01:16:45 Delay 1.0 detik..
01:16:46 Eksekusi Download & Upload FTP..
01:17:07 Error dwonloading File from input
Connection timed out: connect
01:17:07 Delay 1.0 detik..
01:17:08 Eksekusi Download & Upload FTP..
01:17:09 Delay 1.0 detik..
01:17:10 Eksekusi Download & Upload FTP..
01:17:11 Delay 1.0 detik..
01:17:12 Eksekusi Download & Upload FTP..
01:17:13 Delay 1.0 detik..
01:17:14 Eksekusi Download & Upload FTP..
01:17:15 Delay 1.0 detik..
01:17:16 Eksekusi Download & Upload FTP..
01:17:17 Delay 1.0 detik..
01:17:18 Eksekusi Download & Upload FTP..
01:17:28 Delay 1.0 detik..
01:17:29 Eksekusi Download & Upload FTP..
01:17:30 Delay 1.0 detik..
01:17:31 Eksekusi Download & Upload FTP..
01:17:33 Delay 1.0 detik..
01:17:34 Eksekusi Download & Upload FTP..
01:17:35 Delay 1.0 detik..
01:17:36 Eksekusi Download & Upload FTP..
01:17:46 Delay 1.0 detik..
01:17:47 Eksekusi Download & Upload FTP..
01:17:49 Delay 1.0 detik..
01:17:50 Eksekusi Download & Upload FTP..
01:17:51 Delay 1.0 detik..
01:17:52 Eksekusi Download & Upload FTP..
01:18:03 Delay 1.0 detik..
01:18:04 Eksekusi Download & Upload FTP..
01:18:06 Delay 1.0 detik..
01:18:07 Eksekusi Download & Upload FTP..
01:18:08 Delay 1.0 detik..
01:18:09 Eksekusi Download & Upload FTP..
01:18:11 Delay 1.0 detik..
01:18:12 Eksekusi Download & Upload FTP..
01:18:13 Delay 1.0 detik..
01:18:14 Eksekusi Download & Upload FTP..
01:18:26 Delay 1.0 detik..
01:18:27 Eksekusi Download & Upload FTP..
01:18:38 Delay 1.0 detik..
01:18:39 Eksekusi Download & Upload FTP..
01:19:00 Error File uploading File from output
Connection timed out: connect
01:19:00 Delay 1.0 detik..
01:19:01 Eksekusi Download & Upload FTP..
01:19:11 Delay 1.0 detik..
01:19:12 Eksekusi Download & Upload FTP..
01:19:23 Delay 1.0 detik..
01:19:24 Eksekusi Download & Upload FTP..
01:19:27 Delay 1.0 detik..
01:19:28 Eksekusi Download & Upload FTP..
01:19:42 Delay 1.0 detik..
01:19:43 Eksekusi Download & Upload FTP..
01:19:44 Delay 1.0 detik..
01:19:45 Eksekusi Download & Upload FTP..
01:19:47 Delay 1.0 detik..
01:19:48 Eksekusi Download & Upload FTP..
01:19:48 Delay 1.0 detik..
01:19:49 Eksekusi Download & Upload FTP..
01:19:50 Delay 1.0 detik..
01:19:51 Eksekusi Download & Upload FTP..
01:19:52 Delay 1.0 detik..
01:19:53 Eksekusi Download & Upload FTP..
01:19:54 Delay 1.0 detik..
01:19:55 Eksekusi Download & Upload FTP..
01:19:59 Delay 1.0 detik..
01:20:00 Eksekusi Download & Upload FTP..
01:20:01 Delay 1.0 detik..
01:20:02 Eksekusi Download & Upload FTP..
01:20:04 Delay 1.0 detik..
01:20:05 Eksekusi Download & Upload FTP..
01:20:06 Delay 1.0 detik..
01:20:07 Eksekusi Download & Upload FTP..
01:20:10 Delay 1.0 detik..
01:20:11 Eksekusi Download & Upload FTP..
01:20:12 Delay 1.0 detik..
01:20:13 Eksekusi Download & Upload FTP..
01:20:23 Delay 1.0 detik..
01:20:24 Eksekusi Download & Upload FTP..
01:20:34 Delay 1.0 detik..
01:20:35 Eksekusi Download & Upload FTP..
01:20:37 Delay 1.0 detik..
01:20:38 Eksekusi Download & Upload FTP..
01:20:42 Delay 1.0 detik..
01:20:43 Eksekusi Download & Upload FTP..
01:21:04 Error dwonloading File from input
Connection timed out: connect
01:21:13 Delay 1.0 detik..
01:21:14 Eksekusi Download & Upload FTP..
01:21:16 Delay 1.0 detik..
01:21:17 Eksekusi Download & Upload FTP..
01:21:18 Delay 1.0 detik..
01:21:19 Eksekusi Download & Upload FTP..
01:21:29 Delay 1.0 detik..
01:21:30 Eksekusi Download & Upload FTP..
01:21:31 Delay 1.0 detik..
01:21:32 Eksekusi Download & Upload FTP..
01:21:33 Delay 1.0 detik..
01:21:34 Eksekusi Download & Upload FTP..
01:21:37 Delay 1.0 detik..
01:21:38 Eksekusi Download & Upload FTP..
01:21:39 Delay 1.0 detik..
01:21:40 Eksekusi Download & Upload FTP..
01:21:41 Delay 1.0 detik..
01:21:42 Eksekusi Download & Upload FTP..
01:21:52 Delay 1.0 detik..
01:21:53 Eksekusi Download & Upload FTP..
01:21:56 Delay 1.0 detik..
01:21:57 Eksekusi Download & Upload FTP..
01:21:59 Delay 1.0 detik..
01:22:00 Eksekusi Download & Upload FTP..
01:22:02 Delay 1.0 detik..
01:22:03 Eksekusi Download & Upload FTP..
01:22:03 Delay 1.0 detik..
01:22:04 Eksekusi Download & Upload FTP..
01:22:05 Delay 1.0 detik..
01:22:06 Eksekusi Download & Upload FTP..
01:22:16 Delay 1.0 detik..
01:22:17 Eksekusi Download & Upload FTP..
01:22:28 Delay 1.0 detik..
01:22:29 Eksekusi Download & Upload FTP..
01:22:33 Delay 1.0 detik..
01:22:34 Eksekusi Download & Upload FTP..
01:22:53 Delay 1.0 detik..
01:22:54 Eksekusi Download & Upload FTP..
01:23:04 Delay 1.0 detik..
01:23:05 Eksekusi Download & Upload FTP..
01:23:05 Delay 1.0 detik..
01:23:06 Eksekusi Download & Upload FTP..
01:23:08 Delay 1.0 detik..
01:23:09 Eksekusi Download & Upload FTP..
01:23:10 Delay 1.0 detik..
01:23:11 Eksekusi Download & Upload FTP..
01:23:13 Delay 1.0 detik..
01:23:14 Eksekusi Download & Upload FTP..
01:23:15 Delay 1.0 detik..
01:23:16 Eksekusi Download & Upload FTP..
01:23:17 Delay 1.0 detik..
01:23:18 Eksekusi Download & Upload FTP..
01:23:19 Delay 1.0 detik..
01:23:20 Eksekusi Download & Upload FTP..
01:23:21 Delay 1.0 detik..
01:23:22 Eksekusi Download & Upload FTP..
01:23:33 Delay 1.0 detik..
01:23:34 Eksekusi Download & Upload FTP..
01:23:35 Delay 1.0 detik..
01:23:36 Eksekusi Download & Upload FTP..
01:23:36 Delay 1.0 detik..
01:23:37 Eksekusi Download & Upload FTP..
01:23:39 Delay 1.0 detik..
01:23:40 Eksekusi Download & Upload FTP..
01:23:41 Delay 1.0 detik..
01:23:42 Eksekusi Download & Upload FTP..
01:23:43 Delay 1.0 detik..
01:23:44 Eksekusi Download & Upload FTP..
01:23:47 Delay 1.0 detik..
01:23:48 Eksekusi Download & Upload FTP..
01:23:51 Delay 1.0 detik..
01:23:52 Eksekusi Download & Upload FTP..
01:23:54 Delay 1.0 detik..
01:23:55 Eksekusi Download & Upload FTP..
01:24:15 Delay 1.0 detik..
01:24:16 Eksekusi Download & Upload FTP..
01:24:26 Delay 1.0 detik..
01:24:27 Eksekusi Download & Upload FTP..
01:24:31 Delay 1.0 detik..
01:24:32 Eksekusi Download & Upload FTP..
01:24:32 Delay 1.0 detik..
01:24:33 Eksekusi Download & Upload FTP..
01:24:37 Delay 1.0 detik..
01:24:38 Eksekusi Download & Upload FTP..
01:24:38 Delay 1.0 detik..
01:24:39 Eksekusi Download & Upload FTP..
01:24:46 Delay 1.0 detik..
01:24:47 Eksekusi Download & Upload FTP..
01:24:47 Delay 1.0 detik..
01:24:48 Eksekusi Download & Upload FTP..
01:24:53 Delay 1.0 detik..
01:24:54 Eksekusi Download & Upload FTP..
01:25:00 Delay 1.0 detik..
01:25:01 Eksekusi Download & Upload FTP..
01:25:15 Delay 1.0 detik..
01:25:16 Eksekusi Download & Upload FTP..
01:25:42 Delay 1.0 detik..
01:25:43 Eksekusi Download & Upload FTP..
01:25:46 Delay 1.0 detik..
01:25:47 Eksekusi Download & Upload FTP..
01:25:48 Delay 1.0 detik..
01:25:49 Eksekusi Download & Upload FTP..
01:25:51 Delay 1.0 detik..
01:25:52 Eksekusi Download & Upload FTP..
01:26:04 Delay 1.0 detik..
01:26:05 Eksekusi Download & Upload FTP..
01:26:06 Delay 1.0 detik..
01:26:07 Eksekusi Download & Upload FTP..
01:26:18 Delay 1.0 detik..
01:26:19 Eksekusi Download & Upload FTP..
01:26:20 Delay 1.0 detik..
01:26:21 Eksekusi Download & Upload FTP..
01:26:22 Delay 1.0 detik..
01:26:23 Eksekusi Download & Upload FTP..
01:26:33 Delay 1.0 detik..
01:26:34 Eksekusi Download & Upload FTP..
01:26:56 Error dwonloading File from input
Connection timed out: connect
01:26:59 Delay 1.0 detik..
01:27:00 Eksekusi Download & Upload FTP..
01:27:01 Delay 1.0 detik..
01:27:02 Eksekusi Download & Upload FTP..
01:27:09 Delay 1.0 detik..
01:27:10 Eksekusi Download & Upload FTP..
01:27:11 Delay 1.0 detik..
01:27:12 Eksekusi Download & Upload FTP..
01:27:14 Delay 1.0 detik..
01:27:15 Eksekusi Download & Upload FTP..
01:27:27 Delay 1.0 detik..
01:27:28 Eksekusi Download & Upload FTP..
01:27:30 Delay 1.0 detik..
01:27:31 Eksekusi Download & Upload FTP..
01:27:32 Delay 1.0 detik..
01:27:33 Eksekusi Download & Upload FTP..
01:27:44 Delay 1.0 detik..
01:27:45 Eksekusi Download & Upload FTP..
01:27:46 Delay 1.0 detik..
01:27:47 Eksekusi Download & Upload FTP..
01:27:48 Delay 1.0 detik..
01:27:49 Eksekusi Download & Upload FTP..
01:27:59 Delay 1.0 detik..
01:28:00 Eksekusi Download & Upload FTP..
01:28:10 Delay 1.0 detik..
01:28:11 Eksekusi Download & Upload FTP..
01:28:12 Delay 1.0 detik..
01:28:13 Eksekusi Download & Upload FTP..
01:28:14 Delay 1.0 detik..
01:28:15 Eksekusi Download & Upload FTP..
01:28:16 Delay 1.0 detik..
01:28:17 Eksekusi Download & Upload FTP..
01:28:19 Delay 1.0 detik..
01:28:20 Eksekusi Download & Upload FTP..
01:28:27 Delay 1.0 detik..
01:28:28 Eksekusi Download & Upload FTP..
01:28:39 Delay 1.0 detik..
01:28:40 Eksekusi Download & Upload FTP..
01:28:41 Delay 1.0 detik..
01:28:42 Eksekusi Download & Upload FTP..
01:28:44 Delay 1.0 detik..
01:28:45 Eksekusi Download & Upload FTP..
01:28:58 Delay 1.0 detik..
01:28:59 Eksekusi Download & Upload FTP..
01:29:00 Delay 1.0 detik..
01:29:01 Eksekusi Download & Upload FTP..
01:29:03 Delay 1.0 detik..
01:29:04 Eksekusi Download & Upload FTP..
01:29:13 Delay 1.0 detik..
01:29:14 Eksekusi Download & Upload FTP..
01:29:24 Delay 1.0 detik..
01:29:25 Eksekusi Download & Upload FTP..
01:29:26 Delay 1.0 detik..
01:29:27 Eksekusi Download & Upload FTP..
01:29:28 Delay 1.0 detik..
01:29:29 Eksekusi Download & Upload FTP..
01:29:36 Delay 1.0 detik..
01:29:37 Eksekusi Download & Upload FTP..
01:29:38 Delay 1.0 detik..
01:29:39 Eksekusi Download & Upload FTP..
01:30:00 Error File uploading File from output
Connection timed out: connect
01:30:00 Delay 1.0 detik..
01:30:01 Eksekusi Download & Upload FTP..
01:30:02 Delay 1.0 detik..
01:30:03 Eksekusi Download & Upload FTP..
01:30:04 Delay 1.0 detik..
01:30:05 Eksekusi Download & Upload FTP..
01:30:06 Delay 1.0 detik..
01:30:07 Eksekusi Download & Upload FTP..
01:30:17 Delay 1.0 detik..
01:30:18 Eksekusi Download & Upload FTP..
01:30:40 Error File uploading File from output
Connection timed out: connect
01:30:40 Delay 1.0 detik..
01:30:41 Eksekusi Download & Upload FTP..
01:30:53 Delay 1.0 detik..
01:30:54 Eksekusi Download & Upload FTP..
01:30:56 Delay 1.0 detik..
01:30:57 Eksekusi Download & Upload FTP..
01:31:01 Delay 1.0 detik..
01:31:02 Eksekusi Download & Upload FTP..
01:31:03 Delay 1.0 detik..
01:31:04 Eksekusi Download & Upload FTP..
01:31:06 Delay 1.0 detik..
01:31:07 Eksekusi Download & Upload FTP..
01:31:08 Delay 1.0 detik..
01:31:09 Eksekusi Download & Upload FTP..
01:31:10 Delay 1.0 detik..
01:31:11 Eksekusi Download & Upload FTP..
01:31:11 Delay 1.0 detik..
01:31:12 Eksekusi Download & Upload FTP..
01:31:13 Delay 1.0 detik..
01:31:14 Eksekusi Download & Upload FTP..
01:31:16 Delay 1.0 detik..
01:31:17 Eksekusi Download & Upload FTP..
01:31:19 Delay 1.0 detik..
01:31:20 Eksekusi Download & Upload FTP..
01:31:29 Delay 1.0 detik..
01:31:30 Eksekusi Download & Upload FTP..
01:31:31 Delay 1.0 detik..
01:31:32 Eksekusi Download & Upload FTP..
01:31:33 Delay 1.0 detik..
01:31:34 Eksekusi Download & Upload FTP..
01:31:36 Delay 1.0 detik..
01:31:37 Eksekusi Download & Upload FTP..
01:31:47 Delay 1.0 detik..
01:31:48 Eksekusi Download & Upload FTP..
01:31:49 Delay 1.0 detik..
01:31:50 Eksekusi Download & Upload FTP..
01:31:51 Delay 1.0 detik..
01:31:52 Eksekusi Download & Upload FTP..
01:32:03 Delay 1.0 detik..
01:32:04 Eksekusi Download & Upload FTP..
01:32:08 Delay 1.0 detik..
01:32:09 Eksekusi Download & Upload FTP..
01:32:10 Delay 1.0 detik..
01:32:11 Eksekusi Download & Upload FTP..
01:32:16 Delay 1.0 detik..
01:32:17 Eksekusi Download & Upload FTP..
01:32:21 Delay 1.0 detik..
01:32:22 Eksekusi Download & Upload FTP..
01:32:24 Delay 1.0 detik..
01:32:25 Eksekusi Download & Upload FTP..
01:32:37 Delay 1.0 detik..
01:32:38 Eksekusi Download & Upload FTP..
01:32:40 Delay 1.0 detik..
01:32:41 Eksekusi Download & Upload FTP..
01:32:42 Delay 1.0 detik..
01:32:43 Eksekusi Download & Upload FTP..
01:32:44 Delay 1.0 detik..
01:32:45 Eksekusi Download & Upload FTP..
01:32:46 Delay 1.0 detik..
01:32:47 Eksekusi Download & Upload FTP..
01:32:49 Delay 1.0 detik..
01:32:50 Eksekusi Download & Upload FTP..
01:33:11 Error dwonloading File from input
Connection timed out: connect
01:33:22 Delay 1.0 detik..
01:33:23 Eksekusi Download & Upload FTP..
01:33:44 Error File uploading File from output
Connection timed out: connect
01:33:44 Delay 1.0 detik..
01:33:45 Eksekusi Download & Upload FTP..
01:33:53 Delay 1.0 detik..
01:33:54 Eksekusi Download & Upload FTP..
01:33:56 Delay 1.0 detik..
01:33:57 Eksekusi Download & Upload FTP..
01:33:59 Delay 1.0 detik..
01:34:00 Eksekusi Download & Upload FTP..
01:34:04 Delay 1.0 detik..
01:34:05 Eksekusi Download & Upload FTP..
01:34:07 Delay 1.0 detik..
01:34:08 Eksekusi Download & Upload FTP..
01:34:15 Delay 1.0 detik..
01:34:16 Eksekusi Download & Upload FTP..
01:34:26 Delay 1.0 detik..
01:34:27 Eksekusi Download & Upload FTP..
01:34:28 Delay 1.0 detik..
01:34:29 Eksekusi Download & Upload FTP..
01:34:50 Error dwonloading File from input
Connection timed out: connect
01:35:00 Delay 1.0 detik..
01:35:01 Eksekusi Download & Upload FTP..
01:35:05 Delay 1.0 detik..
01:35:06 Eksekusi Download & Upload FTP..
01:35:13 Delay 1.0 detik..
01:35:14 Eksekusi Download & Upload FTP..
01:35:35 Error dwonloading File from input
Connection timed out: connect
01:35:37 Delay 1.0 detik..
01:35:38 Eksekusi Download & Upload FTP..
01:35:41 Delay 1.0 detik..
01:35:42 Eksekusi Download & Upload FTP..
01:35:43 Delay 1.0 detik..
01:35:44 Eksekusi Download & Upload FTP..
01:35:59 Delay 1.0 detik..
01:36:00 Eksekusi Download & Upload FTP..
01:36:02 Delay 1.0 detik..
01:36:03 Eksekusi Download & Upload FTP..
01:36:05 Delay 1.0 detik..
01:36:06 Eksekusi Download & Upload FTP..
01:36:08 Delay 1.0 detik..
01:36:09 Eksekusi Download & Upload FTP..
01:36:10 Delay 1.0 detik..
01:36:11 Eksekusi Download & Upload FTP..
01:36:12 Delay 1.0 detik..
01:36:13 Eksekusi Download & Upload FTP..
01:36:14 Delay 1.0 detik..
01:36:15 Eksekusi Download & Upload FTP..
01:36:37 Error File uploading File from output
Connection timed out: connect
01:36:37 Delay 1.0 detik..
01:36:38 Eksekusi Download & Upload FTP..
01:36:39 Delay 1.0 detik..
01:36:40 Eksekusi Download & Upload FTP..
01:36:41 Delay 1.0 detik..
01:36:42 Eksekusi Download & Upload FTP..
01:36:43 Delay 1.0 detik..
01:36:44 Eksekusi Download & Upload FTP..
01:36:46 Delay 1.0 detik..
01:36:47 Eksekusi Download & Upload FTP..
01:36:57 Delay 1.0 detik..
01:36:58 Eksekusi Download & Upload FTP..
01:37:08 Delay 1.0 detik..
01:37:09 Eksekusi Download & Upload FTP..
01:37:10 Delay 1.0 detik..
01:37:11 Eksekusi Download & Upload FTP..
01:37:21 Delay 1.0 detik..
01:37:22 Eksekusi Download & Upload FTP..
01:37:32 Delay 1.0 detik..
01:37:33 Eksekusi Download & Upload FTP..
01:37:34 Delay 1.0 detik..
01:37:35 Eksekusi Download & Upload FTP..
01:37:36 Delay 1.0 detik..
01:37:37 Eksekusi Download & Upload FTP..
01:37:38 Delay 1.0 detik..
01:37:39 Eksekusi Download & Upload FTP..
01:37:40 Delay 1.0 detik..
01:37:41 Eksekusi Download & Upload FTP..
01:37:42 Delay 1.0 detik..
01:37:43 Eksekusi Download & Upload FTP..
01:37:44 Delay 1.0 detik..
01:37:45 Eksekusi Download & Upload FTP..
01:37:46 Delay 1.0 detik..
01:37:47 Eksekusi Download & Upload FTP..
01:37:48 Delay 1.0 detik..
01:37:49 Eksekusi Download & Upload FTP..
01:37:51 Delay 1.0 detik..
01:37:52 Eksekusi Download & Upload FTP..
01:37:53 Delay 1.0 detik..
01:37:54 Eksekusi Download & Upload FTP..
01:38:05 Delay 1.0 detik..
01:38:06 Eksekusi Download & Upload FTP..
01:38:07 Delay 1.0 detik..
01:38:08 Eksekusi Download & Upload FTP..
01:38:20 Delay 1.0 detik..
01:38:21 Eksekusi Download & Upload FTP..
01:38:22 Delay 1.0 detik..
01:38:23 Eksekusi Download & Upload FTP..
01:38:44 Error dwonloading File from input
Connection timed out: connect
01:38:45 Delay 1.0 detik..
01:38:46 Eksekusi Download & Upload FTP..
01:38:47 Delay 1.0 detik..
01:38:48 Eksekusi Download & Upload FTP..
01:38:49 Delay 1.0 detik..
01:38:50 Eksekusi Download & Upload FTP..
01:38:52 Delay 1.0 detik..
01:38:53 Eksekusi Download & Upload FTP..
01:38:54 Delay 1.0 detik..
01:38:55 Eksekusi Download & Upload FTP..
01:38:57 Delay 1.0 detik..
01:38:58 Eksekusi Download & Upload FTP..
01:38:59 Delay 1.0 detik..
01:39:00 Eksekusi Download & Upload FTP..
01:39:01 Delay 1.0 detik..
01:39:02 Eksekusi Download & Upload FTP..
01:39:02 Delay 1.0 detik..
01:39:03 Eksekusi Download & Upload FTP..
01:39:04 Delay 1.0 detik..
01:39:05 Eksekusi Download & Upload FTP..
01:39:07 Delay 1.0 detik..
01:39:08 Eksekusi Download & Upload FTP..
01:39:28 Error dwonloading File from input
Read timed out
01:39:29 Delay 1.0 detik..
01:39:30 Eksekusi Download & Upload FTP..
01:39:31 Delay 1.0 detik..
01:39:32 Eksekusi Download & Upload FTP..
01:39:33 Delay 1.0 detik..
01:39:34 Eksekusi Download & Upload FTP..
01:39:40 Delay 1.0 detik..
01:39:41 Eksekusi Download & Upload FTP..
01:39:50 Delay 1.0 detik..
01:39:51 Eksekusi Download & Upload FTP..
01:39:53 Delay 1.0 detik..
01:39:54 Eksekusi Download & Upload FTP..
01:39:55 Delay 1.0 detik..
01:39:56 Eksekusi Download & Upload FTP..
01:39:58 Delay 1.0 detik..
01:39:59 Eksekusi Download & Upload FTP..
01:40:01 Delay 1.0 detik..
01:40:02 Eksekusi Download & Upload FTP..
01:40:03 Delay 1.0 detik..
01:40:04 Eksekusi Download & Upload FTP..
01:40:06 Delay 1.0 detik..
01:40:07 Eksekusi Download & Upload FTP..
01:40:08 Delay 1.0 detik..
01:40:09 Eksekusi Download & Upload FTP..
01:40:10 Delay 1.0 detik..
01:40:11 Eksekusi Download & Upload FTP..
01:40:14 Delay 1.0 detik..
01:40:15 Eksekusi Download & Upload FTP..
01:40:15 Delay 1.0 detik..
01:40:16 Eksekusi Download & Upload FTP..
01:40:17 Delay 1.0 detik..
01:40:18 Eksekusi Download & Upload FTP..
01:40:21 Delay 1.0 detik..
01:40:22 Eksekusi Download & Upload FTP..
01:40:24 Delay 1.0 detik..
01:40:25 Eksekusi Download & Upload FTP..
01:40:35 Delay 1.0 detik..
01:40:36 Eksekusi Download & Upload FTP..
01:40:39 Delay 1.0 detik..
01:40:40 Eksekusi Download & Upload FTP..
01:40:42 Delay 1.0 detik..
01:40:43 Eksekusi Download & Upload FTP..
01:40:44 Delay 1.0 detik..
01:40:45 Eksekusi Download & Upload FTP..
01:40:46 Delay 1.0 detik..
01:40:47 Eksekusi Download & Upload FTP..
01:40:58 Delay 1.0 detik..
01:40:59 Eksekusi Download & Upload FTP..
01:41:00 Delay 1.0 detik..
01:41:01 Eksekusi Download & Upload FTP..
01:41:02 Delay 1.0 detik..
01:41:03 Eksekusi Download & Upload FTP..
01:41:04 Delay 1.0 detik..
01:41:05 Eksekusi Download & Upload FTP..
01:41:17 Delay 1.0 detik..
01:41:18 Eksekusi Download & Upload FTP..
01:41:19 Delay 1.0 detik..
01:41:20 Eksekusi Download & Upload FTP..
01:41:21 Delay 1.0 detik..
01:41:22 Eksekusi Download & Upload FTP..
01:41:23 Delay 1.0 detik..
01:41:24 Eksekusi Download & Upload FTP..
01:41:25 Delay 1.0 detik..
01:41:26 Eksekusi Download & Upload FTP..
01:41:37 Delay 1.0 detik..
01:41:38 Eksekusi Download & Upload FTP..
01:41:39 Delay 1.0 detik..
01:41:40 Eksekusi Download & Upload FTP..
01:41:41 Delay 1.0 detik..
01:41:42 Eksekusi Download & Upload FTP..
01:41:52 Delay 1.0 detik..
01:41:53 Eksekusi Download & Upload FTP..
01:41:54 Delay 1.0 detik..
01:41:55 Eksekusi Download & Upload FTP..
01:41:58 Delay 1.0 detik..
01:41:59 Eksekusi Download & Upload FTP..
01:41:59 Delay 1.0 detik..
01:42:00 Eksekusi Download & Upload FTP..
01:42:02 Delay 1.0 detik..
01:42:03 Eksekusi Download & Upload FTP..
01:42:06 Delay 1.0 detik..
01:42:07 Eksekusi Download & Upload FTP..
01:42:11 Delay 1.0 detik..
01:42:12 Eksekusi Download & Upload FTP..
01:42:13 Delay 1.0 detik..
01:42:14 Eksekusi Download & Upload FTP..
01:42:16 Delay 1.0 detik..
01:42:17 Eksekusi Download & Upload FTP..
01:42:18 Delay 1.0 detik..
01:42:19 Eksekusi Download & Upload FTP..
01:42:31 Delay 1.0 detik..
01:42:32 Eksekusi Download & Upload FTP..
01:42:34 Delay 1.0 detik..
01:42:35 Eksekusi Download & Upload FTP..
01:42:36 Delay 1.0 detik..
01:42:37 Eksekusi Download & Upload FTP..
01:42:39 Delay 1.0 detik..
01:42:40 Eksekusi Download & Upload FTP..
01:42:48 Delay 1.0 detik..
01:42:49 Eksekusi Download & Upload FTP..
01:43:00 Delay 1.0 detik..
01:43:01 Eksekusi Download & Upload FTP..
01:43:04 Delay 1.0 detik..
01:43:05 Eksekusi Download & Upload FTP..
01:43:06 Delay 1.0 detik..
01:43:07 Eksekusi Download & Upload FTP..
01:43:17 Delay 1.0 detik..
01:43:18 Eksekusi Download & Upload FTP..
01:43:19 Delay 1.0 detik..
01:43:20 Eksekusi Download & Upload FTP..
01:43:22 Delay 1.0 detik..
01:43:23 Eksekusi Download & Upload FTP..
01:43:23 Delay 1.0 detik..
01:43:24 Eksekusi Download & Upload FTP..
01:43:25 Delay 1.0 detik..
01:43:26 Eksekusi Download & Upload FTP..
01:43:27 Delay 1.0 detik..
01:43:28 Eksekusi Download & Upload FTP..
01:43:38 Delay 1.0 detik..
01:43:39 Eksekusi Download & Upload FTP..
01:43:41 Delay 1.0 detik..
01:43:42 Eksekusi Download & Upload FTP..
01:43:42 Delay 1.0 detik..
01:43:44 Eksekusi Download & Upload FTP..
01:43:55 Delay 1.0 detik..
01:43:56 Eksekusi Download & Upload FTP..
01:43:56 Delay 1.0 detik..
01:43:57 Eksekusi Download & Upload FTP..
01:43:59 Delay 1.0 detik..
01:44:00 Eksekusi Download & Upload FTP..
01:44:01 Delay 1.0 detik..
01:44:02 Eksekusi Download & Upload FTP..
01:44:20 Delay 1.0 detik..
01:44:21 Eksekusi Download & Upload FTP..
01:44:22 Delay 1.0 detik..
01:44:23 Eksekusi Download & Upload FTP..
01:44:24 Delay 1.0 detik..
01:44:25 Eksekusi Download & Upload FTP..
01:44:26 Delay 1.0 detik..
01:44:27 Eksekusi Download & Upload FTP..
01:44:37 Delay 1.0 detik..
01:44:38 Eksekusi Download & Upload FTP..
01:44:39 Delay 1.0 detik..
01:44:40 Eksekusi Download & Upload FTP..
01:44:42 Delay 1.0 detik..
01:44:43 Eksekusi Download & Upload FTP..
01:44:43 Delay 1.0 detik..
01:44:44 Eksekusi Download & Upload FTP..
01:44:45 Delay 1.0 detik..
01:44:46 Eksekusi Download & Upload FTP..
01:44:47 Delay 1.0 detik..
01:44:48 Eksekusi Download & Upload FTP..
01:44:50 Delay 1.0 detik..
01:44:51 Eksekusi Download & Upload FTP..
01:44:52 Delay 1.0 detik..
01:44:53 Eksekusi Download & Upload FTP..
01:44:55 Delay 1.0 detik..
01:44:56 Eksekusi Download & Upload FTP..
01:45:09 Delay 1.0 detik..
01:45:10 Eksekusi Download & Upload FTP..
01:45:21 Delay 1.0 detik..
01:45:22 Eksekusi Download & Upload FTP..
01:45:23 Delay 1.0 detik..
01:45:24 Eksekusi Download & Upload FTP..
01:45:25 Delay 1.0 detik..
01:45:26 Eksekusi Download & Upload FTP..
01:45:27 Delay 1.0 detik..
01:45:28 Eksekusi Download & Upload FTP..
01:45:41 Delay 1.0 detik..
01:45:42 Eksekusi Download & Upload FTP..
01:45:54 Delay 1.0 detik..
01:45:55 Eksekusi Download & Upload FTP..
01:45:56 Delay 1.0 detik..
01:45:57 Eksekusi Download & Upload FTP..
01:46:07 Delay 1.0 detik..
01:46:08 Eksekusi Download & Upload FTP..
01:46:09 Delay 1.0 detik..
01:46:10 Eksekusi Download & Upload FTP..
01:46:13 Delay 1.0 detik..
01:46:14 Eksekusi Download & Upload FTP..
01:46:33 Delay 1.0 detik..
01:46:34 Eksekusi Download & Upload FTP..
01:46:34 Delay 1.0 detik..
01:46:35 Eksekusi Download & Upload FTP..
01:46:36 Delay 1.0 detik..
01:46:37 Eksekusi Download & Upload FTP..
01:46:48 Delay 1.0 detik..
01:46:49 Eksekusi Download & Upload FTP..
01:46:51 Delay 1.0 detik..
01:46:52 Eksekusi Download & Upload FTP..
01:47:02 Delay 1.0 detik..
01:47:03 Eksekusi Download & Upload FTP..
01:47:04 Delay 1.0 detik..
01:47:05 Eksekusi Download & Upload FTP..
01:47:06 Delay 1.0 detik..
01:47:07 Eksekusi Download & Upload FTP..
01:47:18 Delay 1.0 detik..
01:47:19 Eksekusi Download & Upload FTP..
01:47:21 Delay 1.0 detik..
01:47:22 Eksekusi Download & Upload FTP..
01:47:32 Delay 1.0 detik..
01:47:33 Eksekusi Download & Upload FTP..
01:47:35 Delay 1.0 detik..
01:47:36 Eksekusi Download & Upload FTP..
01:47:37 Delay 1.0 detik..
01:47:38 Eksekusi Download & Upload FTP..
01:47:39 Delay 1.0 detik..
01:47:40 Eksekusi Download & Upload FTP..
01:47:52 Delay 1.0 detik..
01:47:53 Eksekusi Download & Upload FTP..
01:48:05 Delay 1.0 detik..
01:48:06 Eksekusi Download & Upload FTP..
01:48:17 Delay 1.0 detik..
01:48:18 Eksekusi Download & Upload FTP..
01:48:29 Delay 1.0 detik..
01:48:30 Eksekusi Download & Upload FTP..
01:48:31 Delay 1.0 detik..
01:48:32 Eksekusi Download & Upload FTP..
01:48:53 Error dwonloading File from input
Connection timed out: connect
01:48:53 Delay 1.0 detik..
01:48:54 Eksekusi Download & Upload FTP..
01:48:55 Delay 1.0 detik..
01:48:56 Eksekusi Download & Upload FTP..
01:48:57 Delay 1.0 detik..
01:48:58 Eksekusi Download & Upload FTP..
01:48:59 Delay 1.0 detik..
01:49:00 Eksekusi Download & Upload FTP..
01:49:02 Delay 1.0 detik..
01:49:03 Eksekusi Download & Upload FTP..
01:49:24 Error dwonloading File from input
Connection timed out: connect
01:49:24 Delay 1.0 detik..
01:49:25 Eksekusi Download & Upload FTP..
01:49:26 Delay 1.0 detik..
01:49:27 Eksekusi Download & Upload FTP..
01:49:28 Delay 1.0 detik..
01:49:29 Eksekusi Download & Upload FTP..
01:49:30 Delay 1.0 detik..
01:49:31 Eksekusi Download & Upload FTP..
01:49:33 Delay 1.0 detik..
01:49:34 Eksekusi Download & Upload FTP..
01:49:37 Delay 1.0 detik..
01:49:38 Eksekusi Download & Upload FTP..
01:49:40 Delay 1.0 detik..
01:49:41 Eksekusi Download & Upload FTP..
01:49:43 Delay 1.0 detik..
01:49:44 Eksekusi Download & Upload FTP..
01:49:47 Delay 1.0 detik..
01:49:48 Eksekusi Download & Upload FTP..
01:49:49 Delay 1.0 detik..
01:49:50 Eksekusi Download & Upload FTP..
01:50:00 Delay 1.0 detik..
01:50:02 Eksekusi Download & Upload FTP..
01:50:17 Delay 1.0 detik..
01:50:18 Eksekusi Download & Upload FTP..
01:50:20 Delay 1.0 detik..
01:50:21 Eksekusi Download & Upload FTP..
01:50:22 Delay 1.0 detik..
01:50:23 Eksekusi Download & Upload FTP..
01:50:34 Delay 1.0 detik..
01:50:35 Eksekusi Download & Upload FTP..
01:50:49 Delay 1.0 detik..
01:50:50 Eksekusi Download & Upload FTP..
01:51:02 Delay 1.0 detik..
01:51:03 Eksekusi Download & Upload FTP..
01:51:06 Delay 1.0 detik..
01:51:07 Eksekusi Download & Upload FTP..
01:51:10 Delay 1.0 detik..
01:51:11 Eksekusi Download & Upload FTP..
01:51:19 Delay 1.0 detik..
01:51:20 Eksekusi Download & Upload FTP..
01:51:24 Delay 1.0 detik..
01:51:25 Eksekusi Download & Upload FTP..
01:51:32 Delay 1.0 detik..
01:51:33 Eksekusi Download & Upload FTP..
01:51:37 Delay 1.0 detik..
01:51:38 Eksekusi Download & Upload FTP..
01:51:47 Delay 1.0 detik..
01:51:48 Eksekusi Download & Upload FTP..
01:51:49 Delay 1.0 detik..
01:51:50 Eksekusi Download & Upload FTP..
01:51:54 Delay 1.0 detik..
01:51:55 Eksekusi Download & Upload FTP..
01:51:58 Delay 1.0 detik..
01:51:59 Eksekusi Download & Upload FTP..
01:52:00 Delay 1.0 detik..
01:52:01 Eksekusi Download & Upload FTP..
01:52:04 Delay 1.0 detik..
01:52:05 Eksekusi Download & Upload FTP..
01:52:06 Delay 1.0 detik..
01:52:07 Eksekusi Download & Upload FTP..
01:52:08 Delay 1.0 detik..
01:52:09 Eksekusi Download & Upload FTP..
01:52:10 Delay 1.0 detik..
01:52:11 Eksekusi Download & Upload FTP..
01:52:12 Delay 1.0 detik..
01:52:13 Eksekusi Download & Upload FTP..
01:52:14 Delay 1.0 detik..
01:52:15 Eksekusi Download & Upload FTP..
01:52:18 Delay 1.0 detik..
01:52:19 Eksekusi Download & Upload FTP..
01:52:21 Delay 1.0 detik..
01:52:22 Eksekusi Download & Upload FTP..
01:52:41 Delay 1.0 detik..
01:52:42 Eksekusi Download & Upload FTP..
01:52:43 Delay 1.0 detik..
01:52:44 Eksekusi Download & Upload FTP..
01:52:45 Delay 1.0 detik..
01:52:46 Eksekusi Download & Upload FTP..
01:52:47 Delay 1.0 detik..
01:52:48 Eksekusi Download & Upload FTP..
01:52:49 Delay 1.0 detik..
01:52:50 Eksekusi Download & Upload FTP..
01:52:51 Delay 1.0 detik..
01:52:52 Eksekusi Download & Upload FTP..
01:53:03 Delay 1.0 detik..
01:53:04 Eksekusi Download & Upload FTP..
01:53:05 Delay 1.0 detik..
01:53:06 Eksekusi Download & Upload FTP..
01:53:07 Delay 1.0 detik..
01:53:08 Eksekusi Download & Upload FTP..
01:53:10 Delay 1.0 detik..
01:53:11 Eksekusi Download & Upload FTP..
01:53:14 Delay 1.0 detik..
01:53:15 Eksekusi Download & Upload FTP..
01:53:15 Delay 1.0 detik..
01:53:16 Eksekusi Download & Upload FTP..
01:53:18 Delay 1.0 detik..
01:53:19 Eksekusi Download & Upload FTP..
01:53:22 Delay 1.0 detik..
01:53:23 Eksekusi Download & Upload FTP..
01:53:25 Delay 1.0 detik..
01:53:26 Eksekusi Download & Upload FTP..
01:53:27 Delay 1.0 detik..
01:53:28 Eksekusi Download & Upload FTP..
01:53:29 Delay 1.0 detik..
01:53:30 Eksekusi Download & Upload FTP..
01:53:31 Delay 1.0 detik..
01:53:32 Eksekusi Download & Upload FTP..
01:53:34 Delay 1.0 detik..
01:53:35 Eksekusi Download & Upload FTP..
01:53:35 Delay 1.0 detik..
01:53:36 Eksekusi Download & Upload FTP..
01:53:46 Delay 1.0 detik..
01:53:47 Eksekusi Download & Upload FTP..
01:53:48 Delay 1.0 detik..
01:53:49 Eksekusi Download & Upload FTP..
01:53:51 Delay 1.0 detik..
01:53:52 Eksekusi Download & Upload FTP..
01:53:53 Delay 1.0 detik..
01:53:54 Eksekusi Download & Upload FTP..
01:53:56 Delay 1.0 detik..
01:53:57 Eksekusi Download & Upload FTP..
01:53:58 Delay 1.0 detik..
01:53:59 Eksekusi Download & Upload FTP..
01:54:00 Delay 1.0 detik..
01:54:01 Eksekusi Download & Upload FTP..
01:54:03 Delay 1.0 detik..
01:54:04 Eksekusi Download & Upload FTP..
01:54:04 Delay 1.0 detik..
01:54:05 Eksekusi Download & Upload FTP..
01:54:26 Error dwonloading File from input
Connection timed out: connect
01:54:27 Delay 1.0 detik..
01:54:28 Eksekusi Download & Upload FTP..
01:54:29 Delay 1.0 detik..
01:54:30 Eksekusi Download & Upload FTP..
01:54:40 Delay 1.0 detik..
01:54:41 Eksekusi Download & Upload FTP..
01:54:42 Delay 1.0 detik..
01:54:43 Eksekusi Download & Upload FTP..
01:54:45 Delay 1.0 detik..
01:54:46 Eksekusi Download & Upload FTP..
01:54:56 Delay 1.0 detik..
01:54:57 Eksekusi Download & Upload FTP..
01:55:18 Error dwonloading File from input
Connection timed out: connect
01:55:19 Delay 1.0 detik..
01:55:20 Eksekusi Download & Upload FTP..
01:55:22 Delay 1.0 detik..
01:55:23 Eksekusi Download & Upload FTP..
01:55:24 Delay 1.0 detik..
01:55:25 Eksekusi Download & Upload FTP..
01:55:35 Delay 1.0 detik..
01:55:36 Eksekusi Download & Upload FTP..
01:55:37 Delay 1.0 detik..
01:55:38 Eksekusi Download & Upload FTP..
01:55:39 Delay 1.0 detik..
01:55:40 Eksekusi Download & Upload FTP..
01:55:41 Delay 1.0 detik..
01:55:42 Eksekusi Download & Upload FTP..
01:55:43 Delay 1.0 detik..
01:55:44 Eksekusi Download & Upload FTP..
01:55:46 Delay 1.0 detik..
01:55:47 Eksekusi Download & Upload FTP..
01:55:57 Delay 1.0 detik..
01:55:58 Eksekusi Download & Upload FTP..
01:55:59 Delay 1.0 detik..
01:56:00 Eksekusi Download & Upload FTP..
01:56:10 Delay 1.0 detik..
01:56:11 Eksekusi Download & Upload FTP..
01:56:12 Delay 1.0 detik..
01:56:13 Eksekusi Download & Upload FTP..
01:56:14 Delay 1.0 detik..
01:56:15 Eksekusi Download & Upload FTP..
01:56:17 Delay 1.0 detik..
01:56:18 Eksekusi Download & Upload FTP..
01:56:28 Delay 1.0 detik..
01:56:29 Eksekusi Download & Upload FTP..
01:56:30 Delay 1.0 detik..
01:56:31 Eksekusi Download & Upload FTP..
01:56:33 Delay 1.0 detik..
01:56:34 Eksekusi Download & Upload FTP..
01:56:35 Delay 1.0 detik..
01:56:36 Eksekusi Download & Upload FTP..
01:56:37 Delay 1.0 detik..
01:56:38 Eksekusi Download & Upload FTP..
01:56:39 Delay 1.0 detik..
01:56:40 Eksekusi Download & Upload FTP..
01:56:41 Delay 1.0 detik..
01:56:42 Eksekusi Download & Upload FTP..
01:56:45 Delay 1.0 detik..
01:56:46 Eksekusi Download & Upload FTP..
01:56:47 Delay 1.0 detik..
01:56:48 Eksekusi Download & Upload FTP..
01:56:58 Delay 1.0 detik..
01:56:59 Eksekusi Download & Upload FTP..
01:57:12 Delay 1.0 detik..
01:57:13 Eksekusi Download & Upload FTP..
01:57:14 Delay 1.0 detik..
01:57:15 Eksekusi Download & Upload FTP..
01:57:16 Delay 1.0 detik..
01:57:17 Eksekusi Download & Upload FTP..
01:57:18 Delay 1.0 detik..
01:57:19 Eksekusi Download & Upload FTP..
01:57:20 Delay 1.0 detik..
01:57:21 Eksekusi Download & Upload FTP..
01:57:22 Delay 1.0 detik..
01:57:23 Eksekusi Download & Upload FTP..
01:57:25 Delay 1.0 detik..
01:57:26 Eksekusi Download & Upload FTP..
01:57:27 Delay 1.0 detik..
01:57:28 Eksekusi Download & Upload FTP..
01:57:30 Delay 1.0 detik..
01:57:31 Eksekusi Download & Upload FTP..
01:57:33 Delay 1.0 detik..
01:57:34 Eksekusi Download & Upload FTP..
01:57:35 Delay 1.0 detik..
01:57:36 Eksekusi Download & Upload FTP..
01:57:38 Delay 1.0 detik..
01:57:39 Eksekusi Download & Upload FTP..
01:57:49 Delay 1.0 detik..
01:57:50 Eksekusi Download & Upload FTP..
01:57:52 Delay 1.0 detik..
01:57:53 Eksekusi Download & Upload FTP..
01:57:54 Delay 1.0 detik..
01:57:55 Eksekusi Download & Upload FTP..
01:57:57 Delay 1.0 detik..
01:57:58 Eksekusi Download & Upload FTP..
01:58:12 Delay 1.0 detik..
01:58:13 Eksekusi Download & Upload FTP..
01:58:16 Delay 1.0 detik..
01:58:17 Eksekusi Download & Upload FTP..
01:58:19 Delay 1.0 detik..
01:58:20 Eksekusi Download & Upload FTP..
01:58:22 Delay 1.0 detik..
01:58:23 Eksekusi Download & Upload FTP..
01:58:24 Delay 1.0 detik..
01:58:25 Eksekusi Download & Upload FTP..
01:58:35 Delay 1.0 detik..
01:58:36 Eksekusi Download & Upload FTP..
01:58:39 Delay 1.0 detik..
01:58:40 Eksekusi Download & Upload FTP..
01:58:55 Delay 1.0 detik..
01:58:56 Eksekusi Download & Upload FTP..
01:59:00 Delay 1.0 detik..
01:59:01 Eksekusi Download & Upload FTP..
01:59:11 Delay 1.0 detik..
01:59:12 Eksekusi Download & Upload FTP..
01:59:17 Delay 1.0 detik..
01:59:18 Eksekusi Download & Upload FTP..
01:59:21 Delay 1.0 detik..
01:59:22 Eksekusi Download & Upload FTP..
01:59:24 Delay 1.0 detik..
01:59:25 Eksekusi Download & Upload FTP..
01:59:26 Delay 1.0 detik..
01:59:27 Eksekusi Download & Upload FTP..
01:59:29 Delay 1.0 detik..
01:59:30 Eksekusi Download & Upload FTP..
01:59:31 Delay 1.0 detik..
01:59:32 Eksekusi Download & Upload FTP..
01:59:34 Delay 1.0 detik..
01:59:35 Eksekusi Download & Upload FTP..
01:59:36 Delay 1.0 detik..
01:59:37 Eksekusi Download & Upload FTP..
01:59:38 Delay 1.0 detik..
01:59:39 Eksekusi Download & Upload FTP..
01:59:40 Delay 1.0 detik..
01:59:41 Eksekusi Download & Upload FTP..
01:59:52 Delay 1.0 detik..
01:59:53 Eksekusi Download & Upload FTP..
01:59:54 Delay 1.0 detik..
01:59:55 Eksekusi Download & Upload FTP..
01:59:56 Delay 1.0 detik..
01:59:57 Eksekusi Download & Upload FTP..
02:00:07 Delay 1.0 detik..
02:00:08 Eksekusi Download & Upload FTP..
02:00:09 Delay 1.0 detik..
02:00:10 Eksekusi Download & Upload FTP..
02:00:11 Delay 1.0 detik..
02:00:12 Eksekusi Download & Upload FTP..
02:00:13 Delay 1.0 detik..
02:00:14 Eksekusi Download & Upload FTP..
02:00:15 Delay 1.0 detik..
02:00:16 Eksekusi Download & Upload FTP..
02:00:37 Error dwonloading File from input
Connection timed out: connect
02:00:38 Delay 1.0 detik..
02:00:39 Eksekusi Download & Upload FTP..
02:00:42 Delay 1.0 detik..
02:00:43 Eksekusi Download & Upload FTP..
02:00:53 Delay 1.0 detik..
02:00:54 Eksekusi Download & Upload FTP..
02:01:04 Delay 1.0 detik..
02:01:05 Eksekusi Download & Upload FTP..
02:01:15 Delay 1.0 detik..
02:01:16 Eksekusi Download & Upload FTP..
02:01:18 Delay 1.0 detik..
02:01:19 Eksekusi Download & Upload FTP..
02:01:21 Delay 1.0 detik..
02:01:22 Eksekusi Download & Upload FTP..
02:01:23 Delay 1.0 detik..
02:01:24 Eksekusi Download & Upload FTP..
02:01:25 Delay 1.0 detik..
02:01:26 Eksekusi Download & Upload FTP..
02:01:29 Delay 1.0 detik..
02:01:30 Eksekusi Download & Upload FTP..
02:01:40 Delay 1.0 detik..
02:01:41 Eksekusi Download & Upload FTP..
02:01:51 Delay 1.0 detik..
02:01:52 Eksekusi Download & Upload FTP..
02:01:53 Delay 1.0 detik..
02:01:54 Eksekusi Download & Upload FTP..
02:02:04 Delay 1.0 detik..
02:02:05 Eksekusi Download & Upload FTP..
02:02:07 Delay 1.0 detik..
02:02:08 Eksekusi Download & Upload FTP..
02:02:10 Delay 1.0 detik..
02:02:11 Eksekusi Download & Upload FTP..
02:02:12 Delay 1.0 detik..
02:02:13 Eksekusi Download & Upload FTP..
02:02:14 Delay 1.0 detik..
02:02:15 Eksekusi Download & Upload FTP..
02:02:16 Delay 1.0 detik..
02:02:17 Eksekusi Download & Upload FTP..
02:02:18 Delay 1.0 detik..
02:02:19 Eksekusi Download & Upload FTP..
02:02:30 Delay 1.0 detik..
02:02:31 Eksekusi Download & Upload FTP..
02:02:32 Delay 1.0 detik..
02:02:33 Eksekusi Download & Upload FTP..
02:02:34 Delay 1.0 detik..
02:02:35 Eksekusi Download & Upload FTP..
02:02:36 Delay 1.0 detik..
02:02:37 Eksekusi Download & Upload FTP..
02:02:38 Delay 1.0 detik..
02:02:39 Eksekusi Download & Upload FTP..
02:02:50 Delay 1.0 detik..
02:02:51 Eksekusi Download & Upload FTP..
02:02:52 Delay 1.0 detik..
02:02:53 Eksekusi Download & Upload FTP..
02:02:54 Delay 1.0 detik..
02:02:55 Eksekusi Download & Upload FTP..
02:02:56 Delay 1.0 detik..
02:02:57 Eksekusi Download & Upload FTP..
02:02:59 Delay 1.0 detik..
02:03:00 Eksekusi Download & Upload FTP..
02:03:21 Error dwonloading File from input
Connection timed out: connect
02:03:21 Delay 1.0 detik..
02:03:22 Eksekusi Download & Upload FTP..
02:03:24 Delay 1.0 detik..
02:03:25 Eksekusi Download & Upload FTP..
02:03:27 Delay 1.0 detik..
02:03:28 Eksekusi Download & Upload FTP..
02:03:29 Delay 1.0 detik..
02:03:30 Eksekusi Download & Upload FTP..
02:03:32 Delay 1.0 detik..
02:03:33 Eksekusi Download & Upload FTP..
02:03:34 Delay 1.0 detik..
02:03:35 Eksekusi Download & Upload FTP..
02:03:36 Delay 1.0 detik..
02:03:37 Eksekusi Download & Upload FTP..
02:03:38 Delay 1.0 detik..
02:03:39 Eksekusi Download & Upload FTP..
02:03:40 Delay 1.0 detik..
02:03:41 Eksekusi Download & Upload FTP..
02:03:42 Delay 1.0 detik..
02:03:43 Eksekusi Download & Upload FTP..
02:03:53 Delay 1.0 detik..
02:03:54 Eksekusi Download & Upload FTP..
02:03:55 Delay 1.0 detik..
02:03:56 Eksekusi Download & Upload FTP..
02:04:06 Delay 1.0 detik..
02:04:07 Eksekusi Download & Upload FTP..
02:04:10 Delay 1.0 detik..
02:04:11 Eksekusi Download & Upload FTP..
02:04:12 Delay 1.0 detik..
02:04:13 Eksekusi Download & Upload FTP..
02:04:14 Delay 1.0 detik..
02:04:16 Eksekusi Download & Upload FTP..
02:04:26 Delay 1.0 detik..
02:04:27 Eksekusi Download & Upload FTP..
02:04:29 Delay 1.0 detik..
02:04:30 Eksekusi Download & Upload FTP..
02:04:40 Delay 1.0 detik..
02:04:41 Eksekusi Download & Upload FTP..
02:04:42 Delay 1.0 detik..
02:04:43 Eksekusi Download & Upload FTP..
02:04:44 Delay 1.0 detik..
02:04:45 Eksekusi Download & Upload FTP..
02:04:46 Delay 1.0 detik..
02:04:47 Eksekusi Download & Upload FTP..
